   1               		.file	"keymap.c"
   2               	__SP_H__ = 0x3e
   3               	__SP_L__ = 0x3d
   4               	__SREG__ = 0x3f
   5               	__tmp_reg__ = 0
   6               	__zero_reg__ = 1
   7               		.text
   8               	.Ltext0:
   9               		.cfi_sections	.debug_frame
  10               		.section	.text.action_get_macro,"ax",@progbits
  11               	.global	action_get_macro
  13               	action_get_macro:
  14               	.LVL0:
  15               	.LFB128:
  16               		.file 1 "layouts/community/ergodox/absenth/keymap.c"
   1:layouts/community/ergodox/absenth/keymap.c **** #include QMK_KEYBOARD_H
   2:layouts/community/ergodox/absenth/keymap.c **** #include "debug.h"
   3:layouts/community/ergodox/absenth/keymap.c **** #include "action_layer.h"
   4:layouts/community/ergodox/absenth/keymap.c **** #include "version.h"
   5:layouts/community/ergodox/absenth/keymap.c **** 
   6:layouts/community/ergodox/absenth/keymap.c **** #define BASE 0 // default layer
   7:layouts/community/ergodox/absenth/keymap.c **** #define SYMB 1 // symbols
   8:layouts/community/ergodox/absenth/keymap.c **** #define MDIA 2 // media keys
   9:layouts/community/ergodox/absenth/keymap.c **** 
  10:layouts/community/ergodox/absenth/keymap.c **** const uint16_t PROGMEM keymaps[][MATRIX_ROWS][MATRIX_COLS] = {
  11:layouts/community/ergodox/absenth/keymap.c **** /* Keymap 0: Basic layer
  12:layouts/community/ergodox/absenth/keymap.c ****  *
  13:layouts/community/ergodox/absenth/keymap.c ****  * ,--------------------------------------------------.           ,--------------------------------
  14:layouts/community/ergodox/absenth/keymap.c ****  * |   =    |   1  |   2  |   3  |   4  |   5  | LEFT |           | RIGHT|   6  |   7  |   8  |   9
  15:layouts/community/ergodox/absenth/keymap.c ****  * |--------+------+------+------+------+-------------|           |------+------+------+------+----
  16:layouts/community/ergodox/absenth/keymap.c ****  * | Del    |   Q  |   W  |   E  |   R  |   T  |  L1  |           |  L1  |   Y  |   U  |   I  |   O
  17:layouts/community/ergodox/absenth/keymap.c ****  * |--------+------+------+------+------+------|      |           |      |------+------+------+----
  18:layouts/community/ergodox/absenth/keymap.c ****  * | BkSp   | A/L2 |   S  |   D  |   F  |   G  |------|           |------|   H  |   J  |   K  |   L
  19:layouts/community/ergodox/absenth/keymap.c ****  * |--------+------+------+------+------+------| Hyper|           | Meh  |------+------+------+----
  20:layouts/community/ergodox/absenth/keymap.c ****  * | LS/PO  |Z/Ctrl|   X  |   C  |   V  |   B  |      |           |      |   N  |   M  |   ,  |   .
  21:layouts/community/ergodox/absenth/keymap.c ****  * `--------+------+------+------+------+-------------'           `-------------+------+------+----
  22:layouts/community/ergodox/absenth/keymap.c ****  *   |Grv/L1|  '"  |AltShf| Left | Right|                                       |  Up  | Down |   [
  23:layouts/community/ergodox/absenth/keymap.c ****  *   `----------------------------------'                                       `------------------
  24:layouts/community/ergodox/absenth/keymap.c ****  *                                        ,-------------.       ,-------------.
  25:layouts/community/ergodox/absenth/keymap.c ****  *                                        | App  | LGui |       | Alt  |Ctrl/Esc|
  26:layouts/community/ergodox/absenth/keymap.c ****  *                                 ,------|------|------|       |------+--------+------.
  27:layouts/community/ergodox/absenth/keymap.c ****  *                                 |      |      | Home |       | PgUp |        |      |
  28:layouts/community/ergodox/absenth/keymap.c ****  *                                 | Space|Backsp|------|       |------|  Tab   |Enter |
  29:layouts/community/ergodox/absenth/keymap.c ****  *                                 |      |ace   | End  |       | PgDn |        |      |
  30:layouts/community/ergodox/absenth/keymap.c ****  *                                 `--------------------'       `----------------------'
  31:layouts/community/ergodox/absenth/keymap.c ****  */
  32:layouts/community/ergodox/absenth/keymap.c **** // If it accepts an argument (i.e, is a function), it doesn't need KC_.
  33:layouts/community/ergodox/absenth/keymap.c **** // Otherwise, it needs KC_*
  34:layouts/community/ergodox/absenth/keymap.c **** [BASE] = LAYOUT_ergodox(  // layer 0 : default
  35:layouts/community/ergodox/absenth/keymap.c ****         // left hand
  36:layouts/community/ergodox/absenth/keymap.c ****         KC_EQL,         KC_1,         KC_2,   KC_3,   KC_4,   KC_5,   KC_LEFT,
  37:layouts/community/ergodox/absenth/keymap.c ****         KC_DELT,        KC_Q,         KC_W,   KC_E,   KC_R,   KC_T,   TG(SYMB),
  38:layouts/community/ergodox/absenth/keymap.c ****         KC_BSPC,        LT(MDIA, KC_A),         KC_S,   KC_D,   KC_F,   KC_G,
  39:layouts/community/ergodox/absenth/keymap.c ****         KC_LSPO,        CTL_T(KC_Z),  KC_X,   KC_C,   KC_V,   KC_B,   ALL_T(KC_NO),
  40:layouts/community/ergodox/absenth/keymap.c ****         LT(SYMB,KC_GRV),KC_QUOT,      LALT(KC_LSFT),  KC_LEFT,KC_RGHT,
  41:layouts/community/ergodox/absenth/keymap.c ****                                               ALT_T(KC_APP),  KC_LGUI,
  42:layouts/community/ergodox/absenth/keymap.c ****                                                               KC_HOME,
  43:layouts/community/ergodox/absenth/keymap.c ****                                                KC_SPC,KC_BSPC,KC_END,
  44:layouts/community/ergodox/absenth/keymap.c ****         // right hand
  45:layouts/community/ergodox/absenth/keymap.c ****              KC_RGHT,     KC_6,   KC_7,   KC_8,   KC_9,   KC_0,             KC_MINS,
  46:layouts/community/ergodox/absenth/keymap.c ****              TG(SYMB),    KC_Y,   KC_U,   KC_I,   KC_O,   KC_P,             KC_BSLS,
  47:layouts/community/ergodox/absenth/keymap.c ****                           KC_H,   KC_J,   KC_K,   KC_L,   LT(MDIA, KC_SCLN),GUI_T(KC_QUOT),
  48:layouts/community/ergodox/absenth/keymap.c ****              MEH_T(KC_NO),KC_N,   KC_M,   KC_COMM,KC_DOT, CTL_T(KC_SLSH),   KC_RSPC,
  49:layouts/community/ergodox/absenth/keymap.c ****                                   KC_UP,  KC_DOWN,KC_LBRC,KC_RBRC,          TT(SYMB),
  50:layouts/community/ergodox/absenth/keymap.c ****              KC_LALT,        CTL_T(KC_ESC),
  51:layouts/community/ergodox/absenth/keymap.c ****              KC_PGUP,
  52:layouts/community/ergodox/absenth/keymap.c ****              KC_PGDN,KC_TAB, KC_ENT
  53:layouts/community/ergodox/absenth/keymap.c ****     ),
  54:layouts/community/ergodox/absenth/keymap.c **** /* Keymap 1: Symbol Layer
  55:layouts/community/ergodox/absenth/keymap.c ****  *
  56:layouts/community/ergodox/absenth/keymap.c ****  * ,--------------------------------------------------.           ,--------------------------------
  57:layouts/community/ergodox/absenth/keymap.c ****  * |Version |  F1  |  F2  |  F3  |  F4  |  F5  |      |           |      |  F6  |  F7  |  F8  |  F9
  58:layouts/community/ergodox/absenth/keymap.c ****  * |--------+------+------+------+------+-------------|           |------+------+------+------+----
  59:layouts/community/ergodox/absenth/keymap.c ****  * |        |   !  |   @  |   {  |   }  |   |  |      |           |      |   Up |   7  |   8  |   9
  60:layouts/community/ergodox/absenth/keymap.c ****  * |--------+------+------+------+------+------|      |           |      |------+------+------+----
  61:layouts/community/ergodox/absenth/keymap.c ****  * |        |   #  |   $  |   (  |   )  |   `  |------|           |------| Down |   4  |   5  |   6
  62:layouts/community/ergodox/absenth/keymap.c ****  * |--------+------+------+------+------+------|      |           |      |------+------+------+----
  63:layouts/community/ergodox/absenth/keymap.c ****  * |        |   %  |   ^  |   [  |   ]  |   ~  |      |           |      |   &  |   1  |   2  |   3
  64:layouts/community/ergodox/absenth/keymap.c ****  * `--------+------+------+------+------+-------------'           `-------------+------+------+----
  65:layouts/community/ergodox/absenth/keymap.c ****  *   |      |      |      |      |      |                                       |      |    . |   0
  66:layouts/community/ergodox/absenth/keymap.c ****  *   `----------------------------------'                                       `------------------
  67:layouts/community/ergodox/absenth/keymap.c ****  *                                        ,-------------.       ,-------------.
  68:layouts/community/ergodox/absenth/keymap.c ****  *                                        |      |      |       |      |      |
  69:layouts/community/ergodox/absenth/keymap.c ****  *                                 ,------|------|------|       |------+------+------.
  70:layouts/community/ergodox/absenth/keymap.c ****  *                                 |      |      |      |       |      |      |      |
  71:layouts/community/ergodox/absenth/keymap.c ****  *                                 |      |      |------|       |------|      |      |
  72:layouts/community/ergodox/absenth/keymap.c ****  *                                 |      |      |      |       |      |      |      |
  73:layouts/community/ergodox/absenth/keymap.c ****  *                                 `--------------------'       `--------------------'
  74:layouts/community/ergodox/absenth/keymap.c ****  */
  75:layouts/community/ergodox/absenth/keymap.c **** // SYMBOLS
  76:layouts/community/ergodox/absenth/keymap.c **** [SYMB] = LAYOUT_ergodox(
  77:layouts/community/ergodox/absenth/keymap.c ****        // left hand
  78:layouts/community/ergodox/absenth/keymap.c ****        M(0),   KC_F1,  KC_F2,  KC_F3,  KC_F4,  KC_F5,  KC_TRNS,
  79:layouts/community/ergodox/absenth/keymap.c ****        KC_TRNS,KC_EXLM,KC_AT,  KC_LCBR,KC_RCBR,KC_PIPE,KC_TRNS,
  80:layouts/community/ergodox/absenth/keymap.c ****        KC_TRNS,KC_HASH,KC_DLR, KC_LPRN,KC_RPRN,KC_GRV,
  81:layouts/community/ergodox/absenth/keymap.c ****        KC_TRNS,KC_PERC,KC_CIRC,KC_LBRC,KC_RBRC,KC_TILD,KC_TRNS,
  82:layouts/community/ergodox/absenth/keymap.c ****        KC_TRNS,KC_TRNS,KC_TRNS,KC_TRNS,KC_TRNS,
  83:layouts/community/ergodox/absenth/keymap.c ****                                        KC_TRNS,KC_TRNS,
  84:layouts/community/ergodox/absenth/keymap.c ****                                                KC_TRNS,
  85:layouts/community/ergodox/absenth/keymap.c ****                                KC_TRNS,KC_TRNS,KC_TRNS,
  86:layouts/community/ergodox/absenth/keymap.c ****        // right hand
  87:layouts/community/ergodox/absenth/keymap.c ****        KC_TRNS, KC_F6,   KC_F7,  KC_F8,   KC_F9,   KC_F10,  KC_F11,
  88:layouts/community/ergodox/absenth/keymap.c ****        KC_TRNS, KC_UP,   KC_7,   KC_8,    KC_9,    KC_ASTR, KC_F12,
  89:layouts/community/ergodox/absenth/keymap.c ****                 KC_DOWN, KC_4,   KC_5,    KC_6,    KC_PLUS, KC_TRNS,
  90:layouts/community/ergodox/absenth/keymap.c ****        KC_TRNS, KC_AMPR, KC_1,   KC_2,    KC_3,    KC_BSLS, KC_TRNS,
  91:layouts/community/ergodox/absenth/keymap.c ****                          KC_TRNS,KC_DOT,  KC_0,    KC_EQL,  KC_TRNS,
  92:layouts/community/ergodox/absenth/keymap.c ****        KC_TRNS, KC_TRNS,
  93:layouts/community/ergodox/absenth/keymap.c ****        KC_TRNS,
  94:layouts/community/ergodox/absenth/keymap.c ****        KC_TRNS, KC_TRNS, KC_TRNS
  95:layouts/community/ergodox/absenth/keymap.c **** ),
  96:layouts/community/ergodox/absenth/keymap.c **** /* Keymap 2: Media and mouse keys
  97:layouts/community/ergodox/absenth/keymap.c ****  *
  98:layouts/community/ergodox/absenth/keymap.c ****  * ,--------------------------------------------------.           ,--------------------------------
  99:layouts/community/ergodox/absenth/keymap.c ****  * |        |      |      |      |      |      |      |           |      |      |      |      |    
 100:layouts/community/ergodox/absenth/keymap.c ****  * |--------+------+------+------+------+-------------|           |------+------+------+------+----
 101:layouts/community/ergodox/absenth/keymap.c ****  * |        |      |      | MsUp |      |      |      |           |      |      |      |      |    
 102:layouts/community/ergodox/absenth/keymap.c ****  * |--------+------+------+------+------+------|      |           |      |------+------+------+----
 103:layouts/community/ergodox/absenth/keymap.c ****  * |        |      |MsLeft|MsDown|MsRght|      |------|           |------| left | down |  up  | dow
 104:layouts/community/ergodox/absenth/keymap.c ****  * |--------+------+------+------+------+------|      |           |      |------+------+------+----
 105:layouts/community/ergodox/absenth/keymap.c ****  * |        |      |      |      |      |      |      |           |      |      |      | Prev | Nex
 106:layouts/community/ergodox/absenth/keymap.c ****  * `--------+------+------+------+------+-------------'           `-------------+------+------+----
 107:layouts/community/ergodox/absenth/keymap.c ****  *   |      |      |      | Lclk | Rclk |                                       |VolUp |VolDn | Mut
 108:layouts/community/ergodox/absenth/keymap.c ****  *   `----------------------------------'                                       `------------------
 109:layouts/community/ergodox/absenth/keymap.c ****  *                                        ,-------------.       ,-------------.
 110:layouts/community/ergodox/absenth/keymap.c ****  *                                        |      |      |       |      |      |
 111:layouts/community/ergodox/absenth/keymap.c ****  *                                 ,------|------|------|       |------+------+------.
 112:layouts/community/ergodox/absenth/keymap.c ****  *                                 |      |      |      |       |      |      |Brwser|
 113:layouts/community/ergodox/absenth/keymap.c ****  *                                 | Lclk | Rclk |------|       |------|      |Back  |
 114:layouts/community/ergodox/absenth/keymap.c ****  *                                 |      |      |      |       |      |      |      |
 115:layouts/community/ergodox/absenth/keymap.c ****  *                                 `--------------------'       `--------------------'
 116:layouts/community/ergodox/absenth/keymap.c ****  */
 117:layouts/community/ergodox/absenth/keymap.c **** // MEDIA AND MOUSE
 118:layouts/community/ergodox/absenth/keymap.c **** [MDIA] = LAYOUT_ergodox(
 119:layouts/community/ergodox/absenth/keymap.c ****        KC_TRNS, KC_TRNS, KC_TRNS, KC_TRNS, KC_TRNS, KC_TRNS, KC_TRNS,
 120:layouts/community/ergodox/absenth/keymap.c ****        KC_TRNS, KC_TRNS, KC_TRNS, KC_MS_U, KC_TRNS, KC_TRNS, KC_TRNS,
 121:layouts/community/ergodox/absenth/keymap.c ****        KC_TRNS, KC_TRNS, KC_MS_L, KC_MS_D, KC_MS_R, KC_TRNS,
 122:layouts/community/ergodox/absenth/keymap.c ****        KC_TRNS, KC_TRNS, KC_TRNS, KC_TRNS, KC_TRNS, KC_TRNS, KC_TRNS,
 123:layouts/community/ergodox/absenth/keymap.c ****        KC_TRNS, KC_TRNS, KC_TRNS, KC_BTN1, KC_BTN2,
 124:layouts/community/ergodox/absenth/keymap.c ****                                            KC_TRNS, KC_TRNS,
 125:layouts/community/ergodox/absenth/keymap.c ****                                                     KC_TRNS,
 126:layouts/community/ergodox/absenth/keymap.c ****                                   KC_BTN1, KC_BTN2, KC_TRNS,
 127:layouts/community/ergodox/absenth/keymap.c ****     // right hand
 128:layouts/community/ergodox/absenth/keymap.c ****        KC_TRNS,  KC_TRNS, KC_TRNS, KC_TRNS, KC_TRNS, KC_TRNS, KC_TRNS,
 129:layouts/community/ergodox/absenth/keymap.c ****        KC_TRNS,  KC_TRNS, KC_TRNS, KC_TRNS, KC_TRNS, KC_TRNS, KC_TRNS,
 130:layouts/community/ergodox/absenth/keymap.c ****                  KC_LEFT, KC_DOWN, KC_UP,   KC_RIGHT,KC_TRNS, KC_MPLY,
 131:layouts/community/ergodox/absenth/keymap.c ****        KC_TRNS,  KC_TRNS, KC_TRNS, KC_MPRV, KC_MNXT, KC_TRNS, KC_TRNS,
 132:layouts/community/ergodox/absenth/keymap.c ****                           KC_VOLU, KC_VOLD, KC_MUTE, KC_TRNS, KC_TRNS,
 133:layouts/community/ergodox/absenth/keymap.c ****        KC_TRNS, KC_TRNS,
 134:layouts/community/ergodox/absenth/keymap.c ****        KC_TRNS,
 135:layouts/community/ergodox/absenth/keymap.c ****        KC_TRNS, KC_TRNS, KC_WBAK
 136:layouts/community/ergodox/absenth/keymap.c **** ),
 137:layouts/community/ergodox/absenth/keymap.c **** };
 138:layouts/community/ergodox/absenth/keymap.c **** 
 139:layouts/community/ergodox/absenth/keymap.c **** const macro_t *action_get_macro(keyrecord_t *record, uint8_t id, uint8_t opt)
 140:layouts/community/ergodox/absenth/keymap.c **** {
  17               		.loc 1 140 1 view -0
  18               		.cfi_startproc
  19               	/* prologue: function */
  20               	/* frame size = 0 */
  21               	/* stack size = 0 */
  22               	.L__stack_usage = 0
 141:layouts/community/ergodox/absenth/keymap.c ****   // MACRODOWN only works in this function
 142:layouts/community/ergodox/absenth/keymap.c ****       switch(id) {
  23               		.loc 1 142 7 view .LVU1
  24 0000 6111      		cpse r22,__zero_reg__
  25 0002 00C0      		rjmp .L2
 143:layouts/community/ergodox/absenth/keymap.c ****         case 0:
 144:layouts/community/ergodox/absenth/keymap.c ****         if (record->event.pressed) {
  26               		.loc 1 144 9 view .LVU2
  27               		.loc 1 144 12 is_stmt 0 view .LVU3
  28 0004 FC01      		movw r30,r24
  29 0006 8281      		ldd r24,Z+2
  30               	.LVL1:
  31               		.loc 1 144 12 view .LVU4
  32 0008 8823      		tst r24
  33 000a 01F0      		breq .L2
 145:layouts/community/ergodox/absenth/keymap.c ****           SEND_STRING (QMK_KEYBOARD "/" QMK_KEYMAP " @ " QMK_VERSION);
  34               		.loc 1 145 11 is_stmt 1 view .LVU5
  35               	.LBB2:
  36               		.loc 1 145 11 view .LVU6
  37               		.loc 1 145 11 view .LVU7
  38               	.LBE2:
  39 000c 80E0      		ldi r24,lo8(__c.6055)
  40 000e 90E0      		ldi r25,hi8(__c.6055)
  41 0010 0E94 0000 		call send_string_P
  42               	.LVL2:
  43               	.L2:
 146:layouts/community/ergodox/absenth/keymap.c ****         }
 147:layouts/community/ergodox/absenth/keymap.c ****         break;
 148:layouts/community/ergodox/absenth/keymap.c ****       }
 149:layouts/community/ergodox/absenth/keymap.c ****     return MACRO_NONE;
  44               		.loc 1 149 5 view .LVU8
 150:layouts/community/ergodox/absenth/keymap.c **** };
  45               		.loc 1 150 1 is_stmt 0 view .LVU9
  46 0014 90E0      		ldi r25,0
  47 0016 80E0      		ldi r24,0
  48               	/* epilogue start */
  49 0018 0895      		ret
  50               		.cfi_endproc
  51               	.LFE128:
  53               		.section	.text.matrix_init_user,"ax",@progbits
  54               	.global	matrix_init_user
  56               	matrix_init_user:
  57               	.LFB129:
 151:layouts/community/ergodox/absenth/keymap.c **** 
 152:layouts/community/ergodox/absenth/keymap.c **** // Runs just one time when the keyboard initializes.
 153:layouts/community/ergodox/absenth/keymap.c **** void matrix_init_user(void) {
  58               		.loc 1 153 29 is_stmt 1 view -0
  59               		.cfi_startproc
  60               	/* prologue: function */
  61               	/* frame size = 0 */
  62               	/* stack size = 0 */
  63               	.L__stack_usage = 0
 154:layouts/community/ergodox/absenth/keymap.c **** 
 155:layouts/community/ergodox/absenth/keymap.c **** };
  64               		.loc 1 155 1 view .LVU11
  65               	/* epilogue start */
  66 0000 0895      		ret
  67               		.cfi_endproc
  68               	.LFE129:
  70               		.section	.text.matrix_scan_user,"ax",@progbits
  71               	.global	matrix_scan_user
  73               	matrix_scan_user:
  74               	.LFB130:
 156:layouts/community/ergodox/absenth/keymap.c **** 
 157:layouts/community/ergodox/absenth/keymap.c **** // Runs constantly in the background, in a loop.
 158:layouts/community/ergodox/absenth/keymap.c **** void matrix_scan_user(void) {
  75               		.loc 1 158 29 view -0
  76               		.cfi_startproc
  77 0000 CF93      		push r28
  78               	.LCFI0:
  79               		.cfi_def_cfa_offset 3
  80               		.cfi_offset 28, -2
  81               	/* prologue: function */
  82               	/* frame size = 0 */
  83               	/* stack size = 1 */
  84               	.L__stack_usage = 1
 159:layouts/community/ergodox/absenth/keymap.c **** 
 160:layouts/community/ergodox/absenth/keymap.c ****     uint8_t layer = biton32(layer_state);
  85               		.loc 1 160 5 view .LVU13
  86               		.loc 1 160 21 is_stmt 0 view .LVU14
  87 0002 6091 0000 		lds r22,layer_state
  88 0006 7091 0000 		lds r23,layer_state+1
  89 000a 8091 0000 		lds r24,layer_state+2
  90 000e 9091 0000 		lds r25,layer_state+3
  91 0012 0E94 0000 		call biton32
  92               	.LVL3:
  93 0016 C82F      		mov r28,r24
  94               	.LVL4:
 161:layouts/community/ergodox/absenth/keymap.c **** 
 162:layouts/community/ergodox/absenth/keymap.c ****     ergodox_board_led_off();
  95               		.loc 1 162 5 is_stmt 1 view .LVU15
  96 0018 0E94 0000 		call ergodox_board_led_off
  97               	.LVL5:
 163:layouts/community/ergodox/absenth/keymap.c ****     ergodox_right_led_1_off();
  98               		.loc 1 163 5 view .LVU16
  99 001c 0E94 0000 		call ergodox_right_led_1_off
 100               	.LVL6:
 164:layouts/community/ergodox/absenth/keymap.c ****     ergodox_right_led_2_off();
 101               		.loc 1 164 5 view .LVU17
 102 0020 0E94 0000 		call ergodox_right_led_2_off
 103               	.LVL7:
 165:layouts/community/ergodox/absenth/keymap.c ****     ergodox_right_led_3_off();
 104               		.loc 1 165 5 view .LVU18
 105 0024 0E94 0000 		call ergodox_right_led_3_off
 106               	.LVL8:
 166:layouts/community/ergodox/absenth/keymap.c ****     switch (layer) {
 107               		.loc 1 166 5 view .LVU19
 108 0028 C130      		cpi r28,lo8(1)
 109 002a 01F0      		breq .L8
 110 002c C230      		cpi r28,lo8(2)
 111 002e 01F0      		breq .L9
 112               	/* epilogue start */
 167:layouts/community/ergodox/absenth/keymap.c ****       // TODO: Make this relevant to the ErgoDox EZ.
 168:layouts/community/ergodox/absenth/keymap.c ****         case 1:
 169:layouts/community/ergodox/absenth/keymap.c ****             ergodox_right_led_1_on();
 170:layouts/community/ergodox/absenth/keymap.c ****             break;
 171:layouts/community/ergodox/absenth/keymap.c ****         case 2:
 172:layouts/community/ergodox/absenth/keymap.c ****             ergodox_right_led_2_on();
 173:layouts/community/ergodox/absenth/keymap.c ****             break;
 174:layouts/community/ergodox/absenth/keymap.c ****         default:
 175:layouts/community/ergodox/absenth/keymap.c ****             // none
 176:layouts/community/ergodox/absenth/keymap.c ****             break;
 177:layouts/community/ergodox/absenth/keymap.c ****     }
 178:layouts/community/ergodox/absenth/keymap.c **** 
 179:layouts/community/ergodox/absenth/keymap.c **** };
 113               		.loc 1 179 1 is_stmt 0 view .LVU20
 114 0030 CF91      		pop r28
 115               	.LVL9:
 116               		.loc 1 179 1 view .LVU21
 117 0032 0895      		ret
 118               	.LVL10:
 119               	.L8:
 169:layouts/community/ergodox/absenth/keymap.c ****             break;
 120               		.loc 1 169 13 is_stmt 1 view .LVU22
 121               	/* epilogue start */
 122               		.loc 1 179 1 is_stmt 0 view .LVU23
 123 0034 CF91      		pop r28
 124               	.LVL11:
 169:layouts/community/ergodox/absenth/keymap.c ****             break;
 125               		.loc 1 169 13 view .LVU24
 126 0036 0C94 0000 		jmp ergodox_right_led_1_on
 127               	.LVL12:
 128               	.L9:
 172:layouts/community/ergodox/absenth/keymap.c ****             break;
 129               		.loc 1 172 13 is_stmt 1 view .LVU25
 130               	/* epilogue start */
 131               		.loc 1 179 1 is_stmt 0 view .LVU26
 132 003a CF91      		pop r28
 133               	.LVL13:
 172:layouts/community/ergodox/absenth/keymap.c ****             break;
 134               		.loc 1 172 13 view .LVU27
 135 003c 0C94 0000 		jmp ergodox_right_led_2_on
 136               	.LVL14:
 137               		.cfi_endproc
 138               	.LFE130:
 140               		.section	.progmem.data.__c.6055,"a",@progbits
 143               	__c.6055:
 144 0000 6572 676F 		.string	"ergodox_ez/absenth @ a0258c-dirty"
 144      646F 785F 
 144      657A 2F61 
 144      6273 656E 
 144      7468 2040 
 145               	.global	keymaps
 146               		.section	.progmem.data.keymaps,"a",@progbits
 149               	keymaps:
 150 0000 2E00      		.word	46
 151 0002 4C00      		.word	76
 152 0004 2A00      		.word	42
 153 0006 D75C      		.word	23767
 154 0008 3541      		.word	16693
 155 000a 0000      		.word	0
 156 000c 1E00      		.word	30
 157 000e 1400      		.word	20
 158 0010 0442      		.word	16900
 159 0012 1D61      		.word	24861
 160 0014 3400      		.word	52
 161 0016 4D00      		.word	77
 162 0018 1F00      		.word	31
 163 001a 1A00      		.word	26
 164 001c 1600      		.word	22
 165 001e 1B00      		.word	27
 166 0020 E104      		.word	1249
 167 0022 2A00      		.word	42
 168 0024 2000      		.word	32
 169 0026 0800      		.word	8
 170 0028 0700      		.word	7
 171 002a 0600      		.word	6
 172 002c 5000      		.word	80
 173 002e 2C00      		.word	44
 174 0030 2100      		.word	33
 175 0032 1500      		.word	21
 176 0034 0900      		.word	9
 177 0036 1900      		.word	25
 178 0038 4F00      		.word	79
 179 003a 4A00      		.word	74
 180 003c 2200      		.word	34
 181 003e 1700      		.word	23
 182 0040 0A00      		.word	10
 183 0042 0500      		.word	5
 184 0044 0000      		.word	0
 185 0046 6564      		.word	25701
 186 0048 5000      		.word	80
 187 004a 0153      		.word	21249
 188 004c 0000      		.word	0
 189 004e 006F      		.word	28416
 190 0050 0000      		.word	0
 191 0052 E300      		.word	227
 192 0054 4F00      		.word	79
 193 0056 0153      		.word	21249
 194 0058 0000      		.word	0
 195 005a 0067      		.word	26368
 196 005c 0000      		.word	0
 197 005e E200      		.word	226
 198 0060 2300      		.word	35
 199 0062 1C00      		.word	28
 200 0064 0B00      		.word	11
 201 0066 1100      		.word	17
 202 0068 0000      		.word	0
 203 006a 2961      		.word	24873
 204 006c 2400      		.word	36
 205 006e 1800      		.word	24
 206 0070 0D00      		.word	13
 207 0072 1000      		.word	16
 208 0074 5200      		.word	82
 209 0076 4B00      		.word	75
 210 0078 2500      		.word	37
 211 007a 0C00      		.word	12
 212 007c 0E00      		.word	14
 213 007e 3600      		.word	54
 214 0080 5100      		.word	81
 215 0082 2800      		.word	40
 216 0084 2600      		.word	38
 217 0086 1200      		.word	18
 218 0088 0F00      		.word	15
 219 008a 3700      		.word	55
 220 008c 2F00      		.word	47
 221 008e 2B00      		.word	43
 222 0090 2700      		.word	39
 223 0092 1300      		.word	19
 224 0094 3342      		.word	16947
 225 0096 3861      		.word	24888
 226 0098 3000      		.word	48
 227 009a 4E00      		.word	78
 228 009c 2D00      		.word	45
 229 009e 3100      		.word	49
 230 00a0 3468      		.word	26676
 231 00a2 D85C      		.word	23768
 232 00a4 0158      		.word	22529
 233 00a6 0000      		.word	0
 234 00a8 0030      		.word	12288
 235 00aa 0100      		.word	1
 236 00ac 0100      		.word	1
 237 00ae 0100      		.word	1
 238 00b0 0100      		.word	1
 239 00b2 0000      		.word	0
 240 00b4 3A00      		.word	58
 241 00b6 1E02      		.word	542
 242 00b8 2002      		.word	544
 243 00ba 2202      		.word	546
 244 00bc 0100      		.word	1
 245 00be 0100      		.word	1
 246 00c0 3B00      		.word	59
 247 00c2 1F02      		.word	543
 248 00c4 2102      		.word	545
 249 00c6 2302      		.word	547
 250 00c8 0100      		.word	1
 251 00ca 0100      		.word	1
 252 00cc 3C00      		.word	60
 253 00ce 2F02      		.word	559
 254 00d0 2602      		.word	550
 255 00d2 2F00      		.word	47
 256 00d4 0100      		.word	1
 257 00d6 0100      		.word	1
 258 00d8 3D00      		.word	61
 259 00da 3002      		.word	560
 260 00dc 2702      		.word	551
 261 00de 3000      		.word	48
 262 00e0 0100      		.word	1
 263 00e2 0100      		.word	1
 264 00e4 3E00      		.word	62
 265 00e6 3102      		.word	561
 266 00e8 3500      		.word	53
 267 00ea 3502      		.word	565
 268 00ec 0000      		.word	0
 269 00ee 0100      		.word	1
 270 00f0 0100      		.word	1
 271 00f2 0100      		.word	1
 272 00f4 0000      		.word	0
 273 00f6 0100      		.word	1
 274 00f8 0000      		.word	0
 275 00fa 0100      		.word	1
 276 00fc 0100      		.word	1
 277 00fe 0100      		.word	1
 278 0100 0000      		.word	0
 279 0102 0100      		.word	1
 280 0104 0000      		.word	0
 281 0106 0100      		.word	1
 282 0108 3F00      		.word	63
 283 010a 5200      		.word	82
 284 010c 5100      		.word	81
 285 010e 2402      		.word	548
 286 0110 0000      		.word	0
 287 0112 0100      		.word	1
 288 0114 4000      		.word	64
 289 0116 2400      		.word	36
 290 0118 2100      		.word	33
 291 011a 1E00      		.word	30
 292 011c 0100      		.word	1
 293 011e 0100      		.word	1
 294 0120 4100      		.word	65
 295 0122 2500      		.word	37
 296 0124 2200      		.word	34
 297 0126 1F00      		.word	31
 298 0128 3700      		.word	55
 299 012a 0100      		.word	1
 300 012c 4200      		.word	66
 301 012e 2600      		.word	38
 302 0130 2300      		.word	35
 303 0132 2000      		.word	32
 304 0134 2700      		.word	39
 305 0136 0100      		.word	1
 306 0138 4300      		.word	67
 307 013a 2502      		.word	549
 308 013c 2E02      		.word	558
 309 013e 3100      		.word	49
 310 0140 2E00      		.word	46
 311 0142 0100      		.word	1
 312 0144 4400      		.word	68
 313 0146 4500      		.word	69
 314 0148 0100      		.word	1
 315 014a 0100      		.word	1
 316 014c 0100      		.word	1
 317 014e 0000      		.word	0
 318 0150 0100      		.word	1
 319 0152 0100      		.word	1
 320 0154 0100      		.word	1
 321 0156 0100      		.word	1
 322 0158 0100      		.word	1
 323 015a 0000      		.word	0
 324 015c 0100      		.word	1
 325 015e 0100      		.word	1
 326 0160 0100      		.word	1
 327 0162 0100      		.word	1
 328 0164 0100      		.word	1
 329 0166 0100      		.word	1
 330 0168 0100      		.word	1
 331 016a 0100      		.word	1
 332 016c F200      		.word	242
 333 016e 0100      		.word	1
 334 0170 0100      		.word	1
 335 0172 F500      		.word	245
 336 0174 0100      		.word	1
 337 0176 F000      		.word	240
 338 0178 F100      		.word	241
 339 017a 0100      		.word	1
 340 017c F400      		.word	244
 341 017e F400      		.word	244
 342 0180 0100      		.word	1
 343 0182 0100      		.word	1
 344 0184 F300      		.word	243
 345 0186 0100      		.word	1
 346 0188 F500      		.word	245
 347 018a 0100      		.word	1
 348 018c 0100      		.word	1
 349 018e 0100      		.word	1
 350 0190 0100      		.word	1
 351 0192 0100      		.word	1
 352 0194 0000      		.word	0
 353 0196 0100      		.word	1
 354 0198 0100      		.word	1
 355 019a 0100      		.word	1
 356 019c 0000      		.word	0
 357 019e 0100      		.word	1
 358 01a0 0000      		.word	0
 359 01a2 0100      		.word	1
 360 01a4 0100      		.word	1
 361 01a6 0100      		.word	1
 362 01a8 0000      		.word	0
 363 01aa 0100      		.word	1
 364 01ac 0000      		.word	0
 365 01ae 0100      		.word	1
 366 01b0 0100      		.word	1
 367 01b2 0100      		.word	1
 368 01b4 5000      		.word	80
 369 01b6 0100      		.word	1
 370 01b8 0000      		.word	0
 371 01ba 0100      		.word	1
 372 01bc 0100      		.word	1
 373 01be 0100      		.word	1
 374 01c0 5100      		.word	81
 375 01c2 0100      		.word	1
 376 01c4 A900      		.word	169
 377 01c6 0100      		.word	1
 378 01c8 0100      		.word	1
 379 01ca 0100      		.word	1
 380 01cc 5200      		.word	82
 381 01ce AC00      		.word	172
 382 01d0 AA00      		.word	170
 383 01d2 B600      		.word	182
 384 01d4 0100      		.word	1
 385 01d6 0100      		.word	1
 386 01d8 4F00      		.word	79
 387 01da AB00      		.word	171
 388 01dc A800      		.word	168
 389 01de 0100      		.word	1
 390 01e0 0100      		.word	1
 391 01e2 0100      		.word	1
 392 01e4 0100      		.word	1
 393 01e6 0100      		.word	1
 394 01e8 0100      		.word	1
 395 01ea 0100      		.word	1
 396 01ec 0100      		.word	1
 397 01ee 0100      		.word	1
 398 01f0 AE00      		.word	174
 399 01f2 0100      		.word	1
 400 01f4 0100      		.word	1
 401 01f6 0000      		.word	0
 402               		.text
 403               	.Letext0:
 404               		.file 2 "/usr/local/Cellar/avr-gcc/8.1.0/avr/include/stdint.h"
 405               		.file 3 "/usr/local/Cellar/avr-gcc/8.1.0/lib/avr-gcc/8/gcc/avr/8.1.0/include/stddef.h"
 406               		.file 4 "tmk_core/common/keyboard.h"
 407               		.file 5 "tmk_core/common/keycode.h"
 408               		.file 6 "tmk_core/common/action_code.h"
 409               		.file 7 "tmk_core/common/action_macro.h"
 410               		.file 8 "tmk_core/common/action.h"
 411               		.file 9 "lib/lufa/LUFA/Drivers/USB/Core/AVR8/../StdRequestType.h"
 412               		.file 10 "lib/lufa/LUFA/Drivers/USB/Core/AVR8/../DeviceStandardReq.h"
 413               		.file 11 "lib/lufa/LUFA/Drivers/USB/Core/USBTask.h"
 414               		.file 12 "lib/lufa/LUFA/Drivers/USB/Core/HostStandardReq.h"
 415               		.file 13 "/usr/local/Cellar/avr-gcc/8.1.0/avr/include/stdio.h"
 416               		.file 14 "tmk_core/common/report.h"
 417               		.file 15 "tmk_core/common/host.h"
 418               		.file 16 "tmk_core/common/debug.h"
 419               		.file 17 "quantum/keycode_config.h"
 420               		.file 18 "quantum/quantum_keycodes.h"
 421               		.file 19 "quantum/keymap.h"
 422               		.file 20 "quantum/rgblight_types.h"
 423               		.file 21 "quantum/rgblight.h"
 424               		.file 22 "tmk_core/common/action_layer.h"
 425               		.file 23 "tmk_core/common/timer.h"
 426               		.file 24 "tmk_core/common/action_util.h"
 427               		.file 25 "/usr/local/Cellar/avr-gcc/8.1.0/avr/include/stdlib.h"
 428               		.file 26 "quantum/process_keycode/process_unicode_common.h"
 429               		.file 27 "quantum/quantum.h"
 430               		.file 28 "drivers/avr/i2c_master.h"
 431               		.file 29 "keyboards/ergodox_ez/ergodox_ez.h"
 432               		.file 30 "tmk_core/common/util.h"
DEFINED SYMBOLS
                            *ABS*:0000000000000000 keymap.c
/var/folders/_c/44sm70yj4mq2k0mvzts6tsbc0000gn/T//ccpXlcCK.s:2      *ABS*:000000000000003e __SP_H__
/var/folders/_c/44sm70yj4mq2k0mvzts6tsbc0000gn/T//ccpXlcCK.s:3      *ABS*:000000000000003d __SP_L__
/var/folders/_c/44sm70yj4mq2k0mvzts6tsbc0000gn/T//ccpXlcCK.s:4      *ABS*:000000000000003f __SREG__
/var/folders/_c/44sm70yj4mq2k0mvzts6tsbc0000gn/T//ccpXlcCK.s:5      *ABS*:0000000000000000 __tmp_reg__
/var/folders/_c/44sm70yj4mq2k0mvzts6tsbc0000gn/T//ccpXlcCK.s:6      *ABS*:0000000000000001 __zero_reg__
/var/folders/_c/44sm70yj4mq2k0mvzts6tsbc0000gn/T//ccpXlcCK.s:13     .text.action_get_macro:0000000000000000 action_get_macro
/var/folders/_c/44sm70yj4mq2k0mvzts6tsbc0000gn/T//ccpXlcCK.s:143    .progmem.data.__c.6055:0000000000000000 __c.6055
/var/folders/_c/44sm70yj4mq2k0mvzts6tsbc0000gn/T//ccpXlcCK.s:56     .text.matrix_init_user:0000000000000000 matrix_init_user
/var/folders/_c/44sm70yj4mq2k0mvzts6tsbc0000gn/T//ccpXlcCK.s:73     .text.matrix_scan_user:0000000000000000 matrix_scan_user
/var/folders/_c/44sm70yj4mq2k0mvzts6tsbc0000gn/T//ccpXlcCK.s:149    .progmem.data.keymaps:0000000000000000 keymaps

UNDEFINED SYMBOLS
send_string_P
layer_state
biton32
ergodox_board_led_off
ergodox_right_led_1_off
ergodox_right_led_2_off
ergodox_right_led_3_off
ergodox_right_led_1_on
ergodox_right_led_2_on
