   1               		.file	"keymap.c"
   2               	__SP_H__ = 0x3e
   3               	__SP_L__ = 0x3d
   4               	__SREG__ = 0x3f
   5               	__tmp_reg__ = 0
   6               	__zero_reg__ = 1
   7               		.text
   8               	.Ltext0:
   9               		.cfi_sections	.debug_frame
  10               		.section	.text.action_get_macro,"ax",@progbits
  11               	.global	action_get_macro
  13               	action_get_macro:
  14               	.LVL0:
  15               	.LFB128:
  16               		.file 1 "layouts/community/ergodox/andrew_osx/keymap.c"
   1:layouts/community/ergodox/andrew_osx/keymap.c **** // Netable differences vs. the default firmware for the ErgoDox EZ:
   2:layouts/community/ergodox/andrew_osx/keymap.c **** // 1. The Cmd key is now on the right side, making Cmd+Space easier.
   3:layouts/community/ergodox/andrew_osx/keymap.c **** // 2. The media keys work on OSX (But not on Windows).
   4:layouts/community/ergodox/andrew_osx/keymap.c **** #include QMK_KEYBOARD_H
   5:layouts/community/ergodox/andrew_osx/keymap.c **** #include "debug.h"
   6:layouts/community/ergodox/andrew_osx/keymap.c **** #include "action_layer.h"
   7:layouts/community/ergodox/andrew_osx/keymap.c **** 
   8:layouts/community/ergodox/andrew_osx/keymap.c **** #define BASE 0 // default layer
   9:layouts/community/ergodox/andrew_osx/keymap.c **** #define SYMB 1 // symbols
  10:layouts/community/ergodox/andrew_osx/keymap.c **** #define MDIA 2 // media keys
  11:layouts/community/ergodox/andrew_osx/keymap.c **** 
  12:layouts/community/ergodox/andrew_osx/keymap.c **** const uint16_t PROGMEM keymaps[][MATRIX_ROWS][MATRIX_COLS] = {
  13:layouts/community/ergodox/andrew_osx/keymap.c **** /* Keymap 0: Basic layer
  14:layouts/community/ergodox/andrew_osx/keymap.c ****  *
  15:layouts/community/ergodox/andrew_osx/keymap.c ****  * ,--------------------------------------------------.           ,--------------------------------
  16:layouts/community/ergodox/andrew_osx/keymap.c ****  * |   =    |   1  |   2  |   3  |   4  |   5  |  '"  |           |  '"  |   6  |   7  |   8  |   9
  17:layouts/community/ergodox/andrew_osx/keymap.c ****  * |--------+------+------+------+------+-------------|           |------+------+------+------+----
  18:layouts/community/ergodox/andrew_osx/keymap.c ****  * | Tab    |   Q  |   W  |   E  |   R  |   T  | ~L1  |           | ~L1  |   Y  |   U  |   I  |   O
  19:layouts/community/ergodox/andrew_osx/keymap.c ****  * |--------+------+------+------+------+------|      |           |      |------+------+------+----
  20:layouts/community/ergodox/andrew_osx/keymap.c ****  * |Ctrl/Esc|   A  |   S  |   D  |   F  |   G  |------|           |------|   H  |   J  |   K  |   L
  21:layouts/community/ergodox/andrew_osx/keymap.c ****  * |--------+------+------+------+------+------| Hyper|           | Meh  |------+------+------+----
  22:layouts/community/ergodox/andrew_osx/keymap.c ****  * | LShift |Z/Ctrl|   X  |   C  |   V  |   B  |      |           |      |   N  |   M  |   ,  |   .
  23:layouts/community/ergodox/andrew_osx/keymap.c ****  * `--------+------+------+------+------+-------------'           `-------------+------+------+----
  24:layouts/community/ergodox/andrew_osx/keymap.c ****  *   |Grv/L1| Alt  |AltShf| Left | Right|                                       |  Up  | Down |   [
  25:layouts/community/ergodox/andrew_osx/keymap.c ****  *   `----------------------------------'                                       `------------------
  26:layouts/community/ergodox/andrew_osx/keymap.c ****  *                                        ,-------------.       ,-------------.
  27:layouts/community/ergodox/andrew_osx/keymap.c ****  *                                        | App  | LGui |       | Esc  |Ctrl/Esc|
  28:layouts/community/ergodox/andrew_osx/keymap.c ****  *                                 ,------|------|------|       |------+--------+------.
  29:layouts/community/ergodox/andrew_osx/keymap.c ****  *                                 |      |      |  (   |       |  {   |        |      |
  30:layouts/community/ergodox/andrew_osx/keymap.c ****  *                                 | Space| LGui |------|       |------| RGui   |Enter |
  31:layouts/community/ergodox/andrew_osx/keymap.c ****  *                                 |      |      |  )   |       |  }   |        |      |
  32:layouts/community/ergodox/andrew_osx/keymap.c ****  *                                 `--------------------'       `----------------------'
  33:layouts/community/ergodox/andrew_osx/keymap.c ****  */
  34:layouts/community/ergodox/andrew_osx/keymap.c **** // If it accepts an argument (i.e, is a function), it doesn't need KC_.
  35:layouts/community/ergodox/andrew_osx/keymap.c **** // Otherwise, it needs KC_*
  36:layouts/community/ergodox/andrew_osx/keymap.c **** [BASE] = LAYOUT_ergodox(  // layer 0 : default
  37:layouts/community/ergodox/andrew_osx/keymap.c ****         // left hand
  38:layouts/community/ergodox/andrew_osx/keymap.c ****         KC_EQL,         KC_1,         KC_2,   KC_3,   KC_4,   KC_5,   KC_QUOT,
  39:layouts/community/ergodox/andrew_osx/keymap.c ****         KC_TAB,         KC_Q,         KC_W,   KC_E,   KC_R,   KC_T,   TT(SYMB),
  40:layouts/community/ergodox/andrew_osx/keymap.c ****         CTL_T(KC_ESC),  KC_A,         KC_S,   KC_D,   KC_F,   KC_G,
  41:layouts/community/ergodox/andrew_osx/keymap.c ****         KC_LSFT,        CTL_T(KC_Z),  KC_X,   KC_C,   KC_V,   KC_B,   ALL_T(KC_NO),
  42:layouts/community/ergodox/andrew_osx/keymap.c ****         LT(SYMB,KC_GRV),KC_LALT,      LALT(KC_LSFT),  KC_LEFT,KC_RGHT,
  43:layouts/community/ergodox/andrew_osx/keymap.c ****                                               ALT_T(KC_APP),  KC_LGUI,
  44:layouts/community/ergodox/andrew_osx/keymap.c ****                                                               KC_LPRN,
  45:layouts/community/ergodox/andrew_osx/keymap.c ****                                                KC_SPC,KC_LGUI,KC_RPRN,
  46:layouts/community/ergodox/andrew_osx/keymap.c ****         // right hand
  47:layouts/community/ergodox/andrew_osx/keymap.c ****              KC_QUOT,     KC_6,   KC_7,   KC_8,   KC_9,   KC_0,             KC_BSPC,
  48:layouts/community/ergodox/andrew_osx/keymap.c ****              TT(SYMB),    KC_Y,   KC_U,   KC_I,   KC_O,   KC_P,             KC_MINS,
  49:layouts/community/ergodox/andrew_osx/keymap.c ****                           KC_H,   KC_J,   KC_K,   KC_L,   LT(MDIA, KC_SCLN),KC_BSLS,
  50:layouts/community/ergodox/andrew_osx/keymap.c ****              MEH_T(KC_NO),KC_N,   KC_M,   KC_COMM,KC_DOT, CTL_T(KC_SLSH),   KC_RSFT,
  51:layouts/community/ergodox/andrew_osx/keymap.c ****                                   KC_UP,  KC_DOWN,KC_LBRC,KC_RBRC,          TG(1),
  52:layouts/community/ergodox/andrew_osx/keymap.c ****              KC_ESC,        CTL_T(KC_ESC),
  53:layouts/community/ergodox/andrew_osx/keymap.c ****              KC_LCBR,
  54:layouts/community/ergodox/andrew_osx/keymap.c ****              KC_RCBR,KC_RGUI, KC_ENT
  55:layouts/community/ergodox/andrew_osx/keymap.c ****     ),
  56:layouts/community/ergodox/andrew_osx/keymap.c **** /* Keymap 1: Symbol Layer
  57:layouts/community/ergodox/andrew_osx/keymap.c ****  *
  58:layouts/community/ergodox/andrew_osx/keymap.c ****  * ,--------------------------------------------------.           ,--------------------------------
  59:layouts/community/ergodox/andrew_osx/keymap.c ****  * |        |  F1  |  F2  |  F3  |  F4  |  F5  |      |           |      |  F6  |  F7  |  F8  |  F9
  60:layouts/community/ergodox/andrew_osx/keymap.c ****  * |--------+------+------+------+------+-------------|           |------+------+------+------+----
  61:layouts/community/ergodox/andrew_osx/keymap.c ****  * |        |   !  |   @  |   {  |   }  |   |  |      |           |      |   Up |   7  |   8  |   9
  62:layouts/community/ergodox/andrew_osx/keymap.c ****  * |--------+------+------+------+------+------|      |           |      |------+------+------+----
  63:layouts/community/ergodox/andrew_osx/keymap.c ****  * |        |   #  |   $  |   (  |   )  |   `  |------|           |------| Down |   4  |   5  |   6
  64:layouts/community/ergodox/andrew_osx/keymap.c ****  * |--------+------+------+------+------+------|      |           |      |------+------+------+----
  65:layouts/community/ergodox/andrew_osx/keymap.c ****  * |        |   %  |   ^  |   [  |   ]  |   ~  |      |           |      |   &  |   1  |   2  |   3
  66:layouts/community/ergodox/andrew_osx/keymap.c ****  * `--------+------+------+------+------+-------------'           `-------------+------+------+----
  67:layouts/community/ergodox/andrew_osx/keymap.c ****  *   |      |      |      |      |      |                                       |      |    . |   0
  68:layouts/community/ergodox/andrew_osx/keymap.c ****  *   `----------------------------------'                                       `------------------
  69:layouts/community/ergodox/andrew_osx/keymap.c ****  *                                        ,-------------.       ,-------------.
  70:layouts/community/ergodox/andrew_osx/keymap.c ****  *                                        |      |      |       |      |      |
  71:layouts/community/ergodox/andrew_osx/keymap.c ****  *                                 ,------|------|------|       |------+------+------.
  72:layouts/community/ergodox/andrew_osx/keymap.c ****  *                                 |      |      |      |       |      |      |      |
  73:layouts/community/ergodox/andrew_osx/keymap.c ****  *                                 |      |      |------|       |------|      |      |
  74:layouts/community/ergodox/andrew_osx/keymap.c ****  *                                 |      |      |      |       |      |      |      |
  75:layouts/community/ergodox/andrew_osx/keymap.c ****  *                                 `--------------------'       `--------------------'
  76:layouts/community/ergodox/andrew_osx/keymap.c ****  */
  77:layouts/community/ergodox/andrew_osx/keymap.c **** // SYMBOLS
  78:layouts/community/ergodox/andrew_osx/keymap.c **** [SYMB] = LAYOUT_ergodox(
  79:layouts/community/ergodox/andrew_osx/keymap.c ****        // left hand
  80:layouts/community/ergodox/andrew_osx/keymap.c ****        KC_TRNS,KC_F1,  KC_F2,  KC_F3,  KC_F4,  KC_F5,  KC_TRNS,
  81:layouts/community/ergodox/andrew_osx/keymap.c ****        KC_TRNS,KC_EXLM,KC_AT,  KC_LCBR,KC_RCBR,KC_PIPE,KC_TRNS,
  82:layouts/community/ergodox/andrew_osx/keymap.c ****        KC_TRNS,KC_HASH,KC_DLR, KC_LPRN,KC_RPRN,KC_GRV,
  83:layouts/community/ergodox/andrew_osx/keymap.c ****        KC_TRNS,KC_PERC,KC_CIRC,KC_LBRC,KC_RBRC,KC_TILD,KC_TRNS,
  84:layouts/community/ergodox/andrew_osx/keymap.c ****        KC_TRNS,KC_TRNS,KC_TRNS,KC_TRNS,KC_TRNS,
  85:layouts/community/ergodox/andrew_osx/keymap.c ****                                        KC_TRNS,KC_TRNS,
  86:layouts/community/ergodox/andrew_osx/keymap.c ****                                                KC_TRNS,
  87:layouts/community/ergodox/andrew_osx/keymap.c ****                                KC_TRNS,KC_TRNS,KC_TRNS,
  88:layouts/community/ergodox/andrew_osx/keymap.c ****        // right hand
  89:layouts/community/ergodox/andrew_osx/keymap.c ****        KC_TRNS, KC_F6,   KC_F7,  KC_F8,   KC_F9,   KC_F10,  KC_F11,
  90:layouts/community/ergodox/andrew_osx/keymap.c ****        KC_TRNS, KC_UP,   KC_7,   KC_8,    KC_9,    KC_ASTR, KC_F12,
  91:layouts/community/ergodox/andrew_osx/keymap.c ****                 KC_DOWN, KC_4,   KC_5,    KC_6,    KC_PLUS, KC_TRNS,
  92:layouts/community/ergodox/andrew_osx/keymap.c ****        KC_TRNS, KC_AMPR, KC_1,   KC_2,    KC_3,    KC_BSLS, KC_TRNS,
  93:layouts/community/ergodox/andrew_osx/keymap.c ****                          KC_TRNS,KC_DOT,  KC_0,    KC_EQL,  KC_TRNS,
  94:layouts/community/ergodox/andrew_osx/keymap.c ****        KC_TRNS, KC_TRNS,
  95:layouts/community/ergodox/andrew_osx/keymap.c ****        KC_TRNS,
  96:layouts/community/ergodox/andrew_osx/keymap.c ****        KC_TRNS, KC_TRNS, KC_TRNS
  97:layouts/community/ergodox/andrew_osx/keymap.c **** ),
  98:layouts/community/ergodox/andrew_osx/keymap.c **** /* Keymap 2: Media and mouse keys
  99:layouts/community/ergodox/andrew_osx/keymap.c ****  *
 100:layouts/community/ergodox/andrew_osx/keymap.c ****  * ,--------------------------------------------------.           ,--------------------------------
 101:layouts/community/ergodox/andrew_osx/keymap.c ****  * |        |      |      |      |      |      |      |           |      |      |      |      |    
 102:layouts/community/ergodox/andrew_osx/keymap.c ****  * |--------+------+------+------+------+-------------|           |------+------+------+------+----
 103:layouts/community/ergodox/andrew_osx/keymap.c ****  * |        |      |      | MsUp |      |      |      |           |      |      |      |      |    
 104:layouts/community/ergodox/andrew_osx/keymap.c ****  * |--------+------+------+------+------+------|      |           |      |------+------+------+----
 105:layouts/community/ergodox/andrew_osx/keymap.c ****  * |        |      |MsLeft|MsDown|MsRght|      |------|           |------|      |      |      |    
 106:layouts/community/ergodox/andrew_osx/keymap.c ****  * |--------+------+------+------+------+------|      |           |      |------+------+------+----
 107:layouts/community/ergodox/andrew_osx/keymap.c ****  * |        |      |      |      |      |      |      |           |      |      |      | Prev | Nex
 108:layouts/community/ergodox/andrew_osx/keymap.c ****  * `--------+------+------+------+------+-------------'           `-------------+------+------+----
 109:layouts/community/ergodox/andrew_osx/keymap.c ****  *   |      |      |      | Lclk | Rclk |                                       |VolUp |VolDn | Mut
 110:layouts/community/ergodox/andrew_osx/keymap.c ****  *   `----------------------------------'                                       `------------------
 111:layouts/community/ergodox/andrew_osx/keymap.c ****  *                                        ,-------------.       ,-------------.
 112:layouts/community/ergodox/andrew_osx/keymap.c ****  *                                        |      |      |       |      |      |
 113:layouts/community/ergodox/andrew_osx/keymap.c ****  *                                 ,------|------|------|       |------+------+------.
 114:layouts/community/ergodox/andrew_osx/keymap.c ****  *                                 |      |      |      |       |      |      |Brwser|
 115:layouts/community/ergodox/andrew_osx/keymap.c ****  *                                 |      |      |------|       |------|      |Back  |
 116:layouts/community/ergodox/andrew_osx/keymap.c ****  *                                 |      |      |      |       |      |      |      |
 117:layouts/community/ergodox/andrew_osx/keymap.c ****  *                                 `--------------------'       `--------------------'
 118:layouts/community/ergodox/andrew_osx/keymap.c ****  */
 119:layouts/community/ergodox/andrew_osx/keymap.c **** // MEDIA AND MOUSE
 120:layouts/community/ergodox/andrew_osx/keymap.c **** LAYOUT_ergodox(
 121:layouts/community/ergodox/andrew_osx/keymap.c ****        KC_TRNS, KC_TRNS, KC_TRNS, KC_TRNS, KC_TRNS, KC_TRNS, KC_TRNS,
 122:layouts/community/ergodox/andrew_osx/keymap.c ****        KC_TRNS, KC_TRNS, KC_TRNS, KC_MS_U, KC_TRNS, KC_TRNS, KC_TRNS,
 123:layouts/community/ergodox/andrew_osx/keymap.c ****        KC_TRNS, KC_TRNS, KC_MS_L, KC_MS_D, KC_MS_R, KC_TRNS,
 124:layouts/community/ergodox/andrew_osx/keymap.c ****        KC_TRNS, KC_TRNS, KC_TRNS, KC_TRNS, KC_TRNS, KC_TRNS, KC_TRNS,
 125:layouts/community/ergodox/andrew_osx/keymap.c ****        KC_TRNS, KC_TRNS, KC_TRNS, KC_BTN1, KC_BTN2,
 126:layouts/community/ergodox/andrew_osx/keymap.c ****                                            KC_TRNS, KC_TRNS,
 127:layouts/community/ergodox/andrew_osx/keymap.c ****                                                     KC_TRNS,
 128:layouts/community/ergodox/andrew_osx/keymap.c ****                                   KC_TRNS, KC_TRNS, KC_TRNS,
 129:layouts/community/ergodox/andrew_osx/keymap.c ****     // right hand
 130:layouts/community/ergodox/andrew_osx/keymap.c ****        KC_TRNS,  KC_TRNS, KC_TRNS, KC_TRNS, KC_TRNS, KC_TRNS, KC_TRNS,
 131:layouts/community/ergodox/andrew_osx/keymap.c ****        KC_TRNS,  KC_TRNS, KC_TRNS, KC_TRNS, KC_TRNS, KC_TRNS, KC_TRNS,
 132:layouts/community/ergodox/andrew_osx/keymap.c ****                  KC_TRNS, KC_TRNS, KC_TRNS, KC_TRNS, KC_TRNS, KC_MPLY,
 133:layouts/community/ergodox/andrew_osx/keymap.c ****        KC_TRNS,  KC_TRNS, KC_TRNS, KC_MPRV, KC_MNXT, KC_TRNS, KC_TRNS,
 134:layouts/community/ergodox/andrew_osx/keymap.c ****                           KC_VOLU, KC_VOLD, KC_MUTE, KC_TRNS, KC_TRNS,
 135:layouts/community/ergodox/andrew_osx/keymap.c ****        KC_TRNS, KC_TRNS,
 136:layouts/community/ergodox/andrew_osx/keymap.c ****        KC_TRNS,
 137:layouts/community/ergodox/andrew_osx/keymap.c ****        KC_TRNS, KC_TRNS, KC_WBAK
 138:layouts/community/ergodox/andrew_osx/keymap.c **** ),
 139:layouts/community/ergodox/andrew_osx/keymap.c **** };
 140:layouts/community/ergodox/andrew_osx/keymap.c **** 
 141:layouts/community/ergodox/andrew_osx/keymap.c **** const macro_t *action_get_macro(keyrecord_t *record, uint8_t id, uint8_t opt)
 142:layouts/community/ergodox/andrew_osx/keymap.c **** {
  17               		.loc 1 142 1 view -0
  18               		.cfi_startproc
  19               	/* prologue: function */
  20               	/* frame size = 0 */
  21               	/* stack size = 0 */
  22               	.L__stack_usage = 0
 143:layouts/community/ergodox/andrew_osx/keymap.c ****   // MACRODOWN only works in this function
 144:layouts/community/ergodox/andrew_osx/keymap.c ****       switch(id) {
  23               		.loc 1 144 7 view .LVU1
  24 0000 6111      		cpse r22,__zero_reg__
  25 0002 00C0      		rjmp .L2
 145:layouts/community/ergodox/andrew_osx/keymap.c ****         case 0:
 146:layouts/community/ergodox/andrew_osx/keymap.c ****         if (record->event.pressed) {
  26               		.loc 1 146 9 view .LVU2
  27               		.loc 1 146 12 is_stmt 0 view .LVU3
  28 0004 FC01      		movw r30,r24
  29 0006 8281      		ldd r24,Z+2
  30               	.LVL1:
  31               		.loc 1 146 12 view .LVU4
  32 0008 8823      		tst r24
  33 000a 01F0      		breq .L3
 147:layouts/community/ergodox/andrew_osx/keymap.c ****           register_code(KC_RSFT);
  34               		.loc 1 147 11 is_stmt 1 view .LVU5
  35 000c 85EE      		ldi r24,lo8(-27)
  36 000e 0E94 0000 		call register_code
  37               	.LVL2:
  38               	.L2:
 148:layouts/community/ergodox/andrew_osx/keymap.c ****         } else {
 149:layouts/community/ergodox/andrew_osx/keymap.c ****           unregister_code(KC_RSFT);
 150:layouts/community/ergodox/andrew_osx/keymap.c ****         }
 151:layouts/community/ergodox/andrew_osx/keymap.c ****         break;
 152:layouts/community/ergodox/andrew_osx/keymap.c ****       }
 153:layouts/community/ergodox/andrew_osx/keymap.c ****     return MACRO_NONE;
  39               		.loc 1 153 5 view .LVU6
 154:layouts/community/ergodox/andrew_osx/keymap.c **** };
  40               		.loc 1 154 1 is_stmt 0 view .LVU7
  41 0012 90E0      		ldi r25,0
  42 0014 80E0      		ldi r24,0
  43               	/* epilogue start */
  44 0016 0895      		ret
  45               	.LVL3:
  46               	.L3:
 149:layouts/community/ergodox/andrew_osx/keymap.c ****         }
  47               		.loc 1 149 11 is_stmt 1 view .LVU8
  48 0018 85EE      		ldi r24,lo8(-27)
  49 001a 0E94 0000 		call unregister_code
  50               	.LVL4:
 149:layouts/community/ergodox/andrew_osx/keymap.c ****         }
  51               		.loc 1 149 11 is_stmt 0 view .LVU9
  52 001e 00C0      		rjmp .L2
  53               		.cfi_endproc
  54               	.LFE128:
  56               		.section	.text.matrix_init_user,"ax",@progbits
  57               	.global	matrix_init_user
  59               	matrix_init_user:
  60               	.LFB129:
 155:layouts/community/ergodox/andrew_osx/keymap.c **** 
 156:layouts/community/ergodox/andrew_osx/keymap.c **** // Runs just one time when the keyboard initializes.
 157:layouts/community/ergodox/andrew_osx/keymap.c **** void matrix_init_user(void) {
  61               		.loc 1 157 29 is_stmt 1 view -0
  62               		.cfi_startproc
  63               	/* prologue: function */
  64               	/* frame size = 0 */
  65               	/* stack size = 0 */
  66               	.L__stack_usage = 0
 158:layouts/community/ergodox/andrew_osx/keymap.c **** 
 159:layouts/community/ergodox/andrew_osx/keymap.c **** };
  67               		.loc 1 159 1 view .LVU11
  68               	/* epilogue start */
  69 0000 0895      		ret
  70               		.cfi_endproc
  71               	.LFE129:
  73               		.section	.text.matrix_scan_user,"ax",@progbits
  74               	.global	matrix_scan_user
  76               	matrix_scan_user:
  77               	.LFB130:
 160:layouts/community/ergodox/andrew_osx/keymap.c **** 
 161:layouts/community/ergodox/andrew_osx/keymap.c **** // Runs constantly in the background, in a loop.
 162:layouts/community/ergodox/andrew_osx/keymap.c **** void matrix_scan_user(void) {
  78               		.loc 1 162 29 view -0
  79               		.cfi_startproc
  80 0000 CF93      		push r28
  81               	.LCFI0:
  82               		.cfi_def_cfa_offset 3
  83               		.cfi_offset 28, -2
  84               	/* prologue: function */
  85               	/* frame size = 0 */
  86               	/* stack size = 1 */
  87               	.L__stack_usage = 1
 163:layouts/community/ergodox/andrew_osx/keymap.c **** 
 164:layouts/community/ergodox/andrew_osx/keymap.c ****     uint8_t layer = biton32(layer_state);
  88               		.loc 1 164 5 view .LVU13
  89               		.loc 1 164 21 is_stmt 0 view .LVU14
  90 0002 6091 0000 		lds r22,layer_state
  91 0006 7091 0000 		lds r23,layer_state+1
  92 000a 8091 0000 		lds r24,layer_state+2
  93 000e 9091 0000 		lds r25,layer_state+3
  94 0012 0E94 0000 		call biton32
  95               	.LVL5:
  96 0016 C82F      		mov r28,r24
  97               	.LVL6:
 165:layouts/community/ergodox/andrew_osx/keymap.c **** 
 166:layouts/community/ergodox/andrew_osx/keymap.c ****     ergodox_board_led_off();
  98               		.loc 1 166 5 is_stmt 1 view .LVU15
  99 0018 0E94 0000 		call ergodox_board_led_off
 100               	.LVL7:
 167:layouts/community/ergodox/andrew_osx/keymap.c ****     ergodox_right_led_1_off();
 101               		.loc 1 167 5 view .LVU16
 102 001c 0E94 0000 		call ergodox_right_led_1_off
 103               	.LVL8:
 168:layouts/community/ergodox/andrew_osx/keymap.c ****     ergodox_right_led_2_off();
 104               		.loc 1 168 5 view .LVU17
 105 0020 0E94 0000 		call ergodox_right_led_2_off
 106               	.LVL9:
 169:layouts/community/ergodox/andrew_osx/keymap.c ****     ergodox_right_led_3_off();
 107               		.loc 1 169 5 view .LVU18
 108 0024 0E94 0000 		call ergodox_right_led_3_off
 109               	.LVL10:
 170:layouts/community/ergodox/andrew_osx/keymap.c ****     switch (layer) {
 110               		.loc 1 170 5 view .LVU19
 111 0028 C130      		cpi r28,lo8(1)
 112 002a 01F0      		breq .L6
 113 002c C230      		cpi r28,lo8(2)
 114 002e 01F0      		breq .L7
 115               	/* epilogue start */
 171:layouts/community/ergodox/andrew_osx/keymap.c ****       // TODO: Make this relevant to the ErgoDox EZ.
 172:layouts/community/ergodox/andrew_osx/keymap.c ****         case 1:
 173:layouts/community/ergodox/andrew_osx/keymap.c ****             ergodox_right_led_1_on();
 174:layouts/community/ergodox/andrew_osx/keymap.c ****             break;
 175:layouts/community/ergodox/andrew_osx/keymap.c ****         case 2:
 176:layouts/community/ergodox/andrew_osx/keymap.c ****             ergodox_right_led_2_on();
 177:layouts/community/ergodox/andrew_osx/keymap.c ****             break;
 178:layouts/community/ergodox/andrew_osx/keymap.c ****         default:
 179:layouts/community/ergodox/andrew_osx/keymap.c ****             // none
 180:layouts/community/ergodox/andrew_osx/keymap.c ****             break;
 181:layouts/community/ergodox/andrew_osx/keymap.c ****     }
 182:layouts/community/ergodox/andrew_osx/keymap.c **** 
 183:layouts/community/ergodox/andrew_osx/keymap.c **** };
 116               		.loc 1 183 1 is_stmt 0 view .LVU20
 117 0030 CF91      		pop r28
 118               	.LVL11:
 119               		.loc 1 183 1 view .LVU21
 120 0032 0895      		ret
 121               	.LVL12:
 122               	.L6:
 173:layouts/community/ergodox/andrew_osx/keymap.c ****             break;
 123               		.loc 1 173 13 is_stmt 1 view .LVU22
 124               	/* epilogue start */
 125               		.loc 1 183 1 is_stmt 0 view .LVU23
 126 0034 CF91      		pop r28
 127               	.LVL13:
 173:layouts/community/ergodox/andrew_osx/keymap.c ****             break;
 128               		.loc 1 173 13 view .LVU24
 129 0036 0C94 0000 		jmp ergodox_right_led_1_on
 130               	.LVL14:
 131               	.L7:
 176:layouts/community/ergodox/andrew_osx/keymap.c ****             break;
 132               		.loc 1 176 13 is_stmt 1 view .LVU25
 133               	/* epilogue start */
 134               		.loc 1 183 1 is_stmt 0 view .LVU26
 135 003a CF91      		pop r28
 136               	.LVL15:
 176:layouts/community/ergodox/andrew_osx/keymap.c ****             break;
 137               		.loc 1 176 13 view .LVU27
 138 003c 0C94 0000 		jmp ergodox_right_led_2_on
 139               	.LVL16:
 140               		.cfi_endproc
 141               	.LFE130:
 143               	.global	keymaps
 144               		.section	.progmem.data.keymaps,"a",@progbits
 147               	keymaps:
 148 0000 2E00      		.word	46
 149 0002 2B00      		.word	43
 150 0004 2961      		.word	24873
 151 0006 E100      		.word	225
 152 0008 3541      		.word	16693
 153 000a 0000      		.word	0
 154 000c 1E00      		.word	30
 155 000e 1400      		.word	20
 156 0010 0400      		.word	4
 157 0012 1D61      		.word	24861
 158 0014 E200      		.word	226
 159 0016 2702      		.word	551
 160 0018 1F00      		.word	31
 161 001a 1A00      		.word	26
 162 001c 1600      		.word	22
 163 001e 1B00      		.word	27
 164 0020 E104      		.word	1249
 165 0022 E300      		.word	227
 166 0024 2000      		.word	32
 167 0026 0800      		.word	8
 168 0028 0700      		.word	7
 169 002a 0600      		.word	6
 170 002c 5000      		.word	80
 171 002e 2C00      		.word	44
 172 0030 2100      		.word	33
 173 0032 1500      		.word	21
 174 0034 0900      		.word	9
 175 0036 1900      		.word	25
 176 0038 4F00      		.word	79
 177 003a 2602      		.word	550
 178 003c 2200      		.word	34
 179 003e 1700      		.word	23
 180 0040 0A00      		.word	10
 181 0042 0500      		.word	5
 182 0044 0000      		.word	0
 183 0046 6564      		.word	25701
 184 0048 3400      		.word	52
 185 004a 0158      		.word	22529
 186 004c 0000      		.word	0
 187 004e 006F      		.word	28416
 188 0050 0000      		.word	0
 189 0052 E300      		.word	227
 190 0054 3400      		.word	52
 191 0056 0158      		.word	22529
 192 0058 0000      		.word	0
 193 005a 0067      		.word	26368
 194 005c 0000      		.word	0
 195 005e 2900      		.word	41
 196 0060 2300      		.word	35
 197 0062 1C00      		.word	28
 198 0064 0B00      		.word	11
 199 0066 1100      		.word	17
 200 0068 0000      		.word	0
 201 006a 2961      		.word	24873
 202 006c 2400      		.word	36
 203 006e 1800      		.word	24
 204 0070 0D00      		.word	13
 205 0072 1000      		.word	16
 206 0074 5200      		.word	82
 207 0076 2F02      		.word	559
 208 0078 2500      		.word	37
 209 007a 0C00      		.word	12
 210 007c 0E00      		.word	14
 211 007e 3600      		.word	54
 212 0080 5100      		.word	81
 213 0082 2800      		.word	40
 214 0084 2600      		.word	38
 215 0086 1200      		.word	18
 216 0088 0F00      		.word	15
 217 008a 3700      		.word	55
 218 008c 2F00      		.word	47
 219 008e E700      		.word	231
 220 0090 2700      		.word	39
 221 0092 1300      		.word	19
 222 0094 3342      		.word	16947
 223 0096 3861      		.word	24888
 224 0098 3000      		.word	48
 225 009a 3002      		.word	560
 226 009c 2A00      		.word	42
 227 009e 2D00      		.word	45
 228 00a0 3100      		.word	49
 229 00a2 E500      		.word	229
 230 00a4 0153      		.word	21249
 231 00a6 0000      		.word	0
 232 00a8 0100      		.word	1
 233 00aa 0100      		.word	1
 234 00ac 0100      		.word	1
 235 00ae 0100      		.word	1
 236 00b0 0100      		.word	1
 237 00b2 0000      		.word	0
 238 00b4 3A00      		.word	58
 239 00b6 1E02      		.word	542
 240 00b8 2002      		.word	544
 241 00ba 2202      		.word	546
 242 00bc 0100      		.word	1
 243 00be 0100      		.word	1
 244 00c0 3B00      		.word	59
 245 00c2 1F02      		.word	543
 246 00c4 2102      		.word	545
 247 00c6 2302      		.word	547
 248 00c8 0100      		.word	1
 249 00ca 0100      		.word	1
 250 00cc 3C00      		.word	60
 251 00ce 2F02      		.word	559
 252 00d0 2602      		.word	550
 253 00d2 2F00      		.word	47
 254 00d4 0100      		.word	1
 255 00d6 0100      		.word	1
 256 00d8 3D00      		.word	61
 257 00da 3002      		.word	560
 258 00dc 2702      		.word	551
 259 00de 3000      		.word	48
 260 00e0 0100      		.word	1
 261 00e2 0100      		.word	1
 262 00e4 3E00      		.word	62
 263 00e6 3102      		.word	561
 264 00e8 3500      		.word	53
 265 00ea 3502      		.word	565
 266 00ec 0000      		.word	0
 267 00ee 0100      		.word	1
 268 00f0 0100      		.word	1
 269 00f2 0100      		.word	1
 270 00f4 0000      		.word	0
 271 00f6 0100      		.word	1
 272 00f8 0000      		.word	0
 273 00fa 0100      		.word	1
 274 00fc 0100      		.word	1
 275 00fe 0100      		.word	1
 276 0100 0000      		.word	0
 277 0102 0100      		.word	1
 278 0104 0000      		.word	0
 279 0106 0100      		.word	1
 280 0108 3F00      		.word	63
 281 010a 5200      		.word	82
 282 010c 5100      		.word	81
 283 010e 2402      		.word	548
 284 0110 0000      		.word	0
 285 0112 0100      		.word	1
 286 0114 4000      		.word	64
 287 0116 2400      		.word	36
 288 0118 2100      		.word	33
 289 011a 1E00      		.word	30
 290 011c 0100      		.word	1
 291 011e 0100      		.word	1
 292 0120 4100      		.word	65
 293 0122 2500      		.word	37
 294 0124 2200      		.word	34
 295 0126 1F00      		.word	31
 296 0128 3700      		.word	55
 297 012a 0100      		.word	1
 298 012c 4200      		.word	66
 299 012e 2600      		.word	38
 300 0130 2300      		.word	35
 301 0132 2000      		.word	32
 302 0134 2700      		.word	39
 303 0136 0100      		.word	1
 304 0138 4300      		.word	67
 305 013a 2502      		.word	549
 306 013c 2E02      		.word	558
 307 013e 3100      		.word	49
 308 0140 2E00      		.word	46
 309 0142 0100      		.word	1
 310 0144 4400      		.word	68
 311 0146 4500      		.word	69
 312 0148 0100      		.word	1
 313 014a 0100      		.word	1
 314 014c 0100      		.word	1
 315 014e 0000      		.word	0
 316 0150 0100      		.word	1
 317 0152 0100      		.word	1
 318 0154 0100      		.word	1
 319 0156 0100      		.word	1
 320 0158 0100      		.word	1
 321 015a 0000      		.word	0
 322 015c 0100      		.word	1
 323 015e 0100      		.word	1
 324 0160 0100      		.word	1
 325 0162 0100      		.word	1
 326 0164 0100      		.word	1
 327 0166 0100      		.word	1
 328 0168 0100      		.word	1
 329 016a 0100      		.word	1
 330 016c F200      		.word	242
 331 016e 0100      		.word	1
 332 0170 0100      		.word	1
 333 0172 0100      		.word	1
 334 0174 0100      		.word	1
 335 0176 F000      		.word	240
 336 0178 F100      		.word	241
 337 017a 0100      		.word	1
 338 017c F400      		.word	244
 339 017e 0100      		.word	1
 340 0180 0100      		.word	1
 341 0182 0100      		.word	1
 342 0184 F300      		.word	243
 343 0186 0100      		.word	1
 344 0188 F500      		.word	245
 345 018a 0100      		.word	1
 346 018c 0100      		.word	1
 347 018e 0100      		.word	1
 348 0190 0100      		.word	1
 349 0192 0100      		.word	1
 350 0194 0000      		.word	0
 351 0196 0100      		.word	1
 352 0198 0100      		.word	1
 353 019a 0100      		.word	1
 354 019c 0000      		.word	0
 355 019e 0100      		.word	1
 356 01a0 0000      		.word	0
 357 01a2 0100      		.word	1
 358 01a4 0100      		.word	1
 359 01a6 0100      		.word	1
 360 01a8 0000      		.word	0
 361 01aa 0100      		.word	1
 362 01ac 0000      		.word	0
 363 01ae 0100      		.word	1
 364 01b0 0100      		.word	1
 365 01b2 0100      		.word	1
 366 01b4 0100      		.word	1
 367 01b6 0100      		.word	1
 368 01b8 0000      		.word	0
 369 01ba 0100      		.word	1
 370 01bc 0100      		.word	1
 371 01be 0100      		.word	1
 372 01c0 0100      		.word	1
 373 01c2 0100      		.word	1
 374 01c4 A900      		.word	169
 375 01c6 0100      		.word	1
 376 01c8 0100      		.word	1
 377 01ca 0100      		.word	1
 378 01cc 0100      		.word	1
 379 01ce AC00      		.word	172
 380 01d0 AA00      		.word	170
 381 01d2 B600      		.word	182
 382 01d4 0100      		.word	1
 383 01d6 0100      		.word	1
 384 01d8 0100      		.word	1
 385 01da AB00      		.word	171
 386 01dc A800      		.word	168
 387 01de 0100      		.word	1
 388 01e0 0100      		.word	1
 389 01e2 0100      		.word	1
 390 01e4 0100      		.word	1
 391 01e6 0100      		.word	1
 392 01e8 0100      		.word	1
 393 01ea 0100      		.word	1
 394 01ec 0100      		.word	1
 395 01ee 0100      		.word	1
 396 01f0 AE00      		.word	174
 397 01f2 0100      		.word	1
 398 01f4 0100      		.word	1
 399 01f6 0000      		.word	0
 400               		.text
 401               	.Letext0:
 402               		.file 2 "/usr/local/Cellar/avr-gcc/8.1.0/avr/include/stdint.h"
 403               		.file 3 "/usr/local/Cellar/avr-gcc/8.1.0/lib/avr-gcc/8/gcc/avr/8.1.0/include/stddef.h"
 404               		.file 4 "tmk_core/common/keyboard.h"
 405               		.file 5 "tmk_core/common/keycode.h"
 406               		.file 6 "tmk_core/common/action_code.h"
 407               		.file 7 "tmk_core/common/action_macro.h"
 408               		.file 8 "tmk_core/common/action.h"
 409               		.file 9 "lib/lufa/LUFA/Drivers/USB/Core/AVR8/../StdRequestType.h"
 410               		.file 10 "lib/lufa/LUFA/Drivers/USB/Core/AVR8/../DeviceStandardReq.h"
 411               		.file 11 "lib/lufa/LUFA/Drivers/USB/Core/USBTask.h"
 412               		.file 12 "lib/lufa/LUFA/Drivers/USB/Core/HostStandardReq.h"
 413               		.file 13 "/usr/local/Cellar/avr-gcc/8.1.0/avr/include/stdio.h"
 414               		.file 14 "tmk_core/common/report.h"
 415               		.file 15 "tmk_core/common/host.h"
 416               		.file 16 "tmk_core/common/debug.h"
 417               		.file 17 "quantum/keycode_config.h"
 418               		.file 18 "quantum/quantum_keycodes.h"
 419               		.file 19 "quantum/keymap.h"
 420               		.file 20 "quantum/rgblight_types.h"
 421               		.file 21 "quantum/rgblight.h"
 422               		.file 22 "tmk_core/common/action_layer.h"
 423               		.file 23 "tmk_core/common/timer.h"
 424               		.file 24 "tmk_core/common/action_util.h"
 425               		.file 25 "/usr/local/Cellar/avr-gcc/8.1.0/avr/include/stdlib.h"
 426               		.file 26 "quantum/process_keycode/process_unicode_common.h"
 427               		.file 27 "quantum/quantum.h"
 428               		.file 28 "drivers/avr/i2c_master.h"
 429               		.file 29 "keyboards/ergodox_ez/ergodox_ez.h"
 430               		.file 30 "tmk_core/common/util.h"
DEFINED SYMBOLS
                            *ABS*:0000000000000000 keymap.c
/var/folders/_c/44sm70yj4mq2k0mvzts6tsbc0000gn/T//ccNSqJPT.s:2      *ABS*:000000000000003e __SP_H__
/var/folders/_c/44sm70yj4mq2k0mvzts6tsbc0000gn/T//ccNSqJPT.s:3      *ABS*:000000000000003d __SP_L__
/var/folders/_c/44sm70yj4mq2k0mvzts6tsbc0000gn/T//ccNSqJPT.s:4      *ABS*:000000000000003f __SREG__
/var/folders/_c/44sm70yj4mq2k0mvzts6tsbc0000gn/T//ccNSqJPT.s:5      *ABS*:0000000000000000 __tmp_reg__
/var/folders/_c/44sm70yj4mq2k0mvzts6tsbc0000gn/T//ccNSqJPT.s:6      *ABS*:0000000000000001 __zero_reg__
/var/folders/_c/44sm70yj4mq2k0mvzts6tsbc0000gn/T//ccNSqJPT.s:13     .text.action_get_macro:0000000000000000 action_get_macro
/var/folders/_c/44sm70yj4mq2k0mvzts6tsbc0000gn/T//ccNSqJPT.s:59     .text.matrix_init_user:0000000000000000 matrix_init_user
/var/folders/_c/44sm70yj4mq2k0mvzts6tsbc0000gn/T//ccNSqJPT.s:76     .text.matrix_scan_user:0000000000000000 matrix_scan_user
/var/folders/_c/44sm70yj4mq2k0mvzts6tsbc0000gn/T//ccNSqJPT.s:147    .progmem.data.keymaps:0000000000000000 keymaps

UNDEFINED SYMBOLS
register_code
unregister_code
layer_state
biton32
ergodox_board_led_off
ergodox_right_led_1_off
ergodox_right_led_2_off
ergodox_right_led_3_off
ergodox_right_led_1_on
ergodox_right_led_2_on
