   1               		.file	"keymap_common.c"
   2               	__SP_H__ = 0x3e
   3               	__SP_L__ = 0x3d
   4               	__SREG__ = 0x3f
   5               	__tmp_reg__ = 0
   6               	__zero_reg__ = 1
   7               		.text
   8               	.Ltext0:
   9               		.cfi_sections	.debug_frame
  10               		.section	.text.action_get_macro,"ax",@progbits
  11               		.weak	action_get_macro
  13               	action_get_macro:
  14               	.LVL0:
  15               	.LFB112:
  16               		.file 1 "quantum/keymap_common.c"
   1:quantum/keymap_common.c **** /*
   2:quantum/keymap_common.c **** Copyright 2012-2017 Jun Wako <wakojun@gmail.com>
   3:quantum/keymap_common.c **** 
   4:quantum/keymap_common.c **** This program is free software: you can redistribute it and/or modify
   5:quantum/keymap_common.c **** it under the terms of the GNU General Public License as published by
   6:quantum/keymap_common.c **** the Free Software Foundation, either version 2 of the License, or
   7:quantum/keymap_common.c **** (at your option) any later version.
   8:quantum/keymap_common.c **** 
   9:quantum/keymap_common.c **** This program is distributed in the hope that it will be useful,
  10:quantum/keymap_common.c **** but WITHOUT ANY WARRANTY; without even the implied warranty of
  11:quantum/keymap_common.c **** MERCHANTABILITY or FITNESS FOR A PARTICULAR PURPOSE.  See the
  12:quantum/keymap_common.c **** GNU General Public License for more details.
  13:quantum/keymap_common.c **** 
  14:quantum/keymap_common.c **** You should have received a copy of the GNU General Public License
  15:quantum/keymap_common.c **** along with this program.  If not, see <http://www.gnu.org/licenses/>.
  16:quantum/keymap_common.c **** */
  17:quantum/keymap_common.c **** 
  18:quantum/keymap_common.c **** #include "keymap.h"
  19:quantum/keymap_common.c **** #include "report.h"
  20:quantum/keymap_common.c **** #include "keycode.h"
  21:quantum/keymap_common.c **** #include "action_layer.h"
  22:quantum/keymap_common.c **** #if defined(__AVR__)
  23:quantum/keymap_common.c **** #include <util/delay.h>
  24:quantum/keymap_common.c **** #include <stdio.h>
  25:quantum/keymap_common.c **** #endif
  26:quantum/keymap_common.c **** #include "action.h"
  27:quantum/keymap_common.c **** #include "action_macro.h"
  28:quantum/keymap_common.c **** #include "debug.h"
  29:quantum/keymap_common.c **** #include "backlight.h"
  30:quantum/keymap_common.c **** #include "quantum.h"
  31:quantum/keymap_common.c **** 
  32:quantum/keymap_common.c **** #ifdef MIDI_ENABLE
  33:quantum/keymap_common.c **** 	#include "process_midi.h"
  34:quantum/keymap_common.c **** #endif
  35:quantum/keymap_common.c **** 
  36:quantum/keymap_common.c **** extern keymap_config_t keymap_config;
  37:quantum/keymap_common.c **** 
  38:quantum/keymap_common.c **** #include <inttypes.h>
  39:quantum/keymap_common.c **** 
  40:quantum/keymap_common.c **** /* converts key to action */
  41:quantum/keymap_common.c **** action_t action_for_key(uint8_t layer, keypos_t key)
  42:quantum/keymap_common.c **** {
  43:quantum/keymap_common.c ****     // 16bit keycodes - important
  44:quantum/keymap_common.c ****     uint16_t keycode = keymap_key_to_keycode(layer, key);
  45:quantum/keymap_common.c **** 
  46:quantum/keymap_common.c ****     // keycode remapping
  47:quantum/keymap_common.c ****     keycode = keycode_config(keycode);
  48:quantum/keymap_common.c **** 
  49:quantum/keymap_common.c ****     action_t action;
  50:quantum/keymap_common.c ****     uint8_t action_layer, when, mod;
  51:quantum/keymap_common.c **** 
  52:quantum/keymap_common.c ****     switch (keycode) {
  53:quantum/keymap_common.c ****         case KC_FN0 ... KC_FN31:
  54:quantum/keymap_common.c ****             action.code = keymap_function_id_to_action(FN_INDEX(keycode));
  55:quantum/keymap_common.c ****             break;
  56:quantum/keymap_common.c ****         case KC_A ... KC_EXSEL:
  57:quantum/keymap_common.c ****         case KC_LCTRL ... KC_RGUI:
  58:quantum/keymap_common.c ****             action.code = ACTION_KEY(keycode);
  59:quantum/keymap_common.c ****             break;
  60:quantum/keymap_common.c ****         case KC_SYSTEM_POWER ... KC_SYSTEM_WAKE:
  61:quantum/keymap_common.c ****             action.code = ACTION_USAGE_SYSTEM(KEYCODE2SYSTEM(keycode));
  62:quantum/keymap_common.c ****             break;
  63:quantum/keymap_common.c ****         case KC_AUDIO_MUTE ... KC_BRIGHTNESS_DOWN:
  64:quantum/keymap_common.c ****             action.code = ACTION_USAGE_CONSUMER(KEYCODE2CONSUMER(keycode));
  65:quantum/keymap_common.c ****             break;
  66:quantum/keymap_common.c ****         case KC_MS_UP ... KC_MS_ACCEL2:
  67:quantum/keymap_common.c ****             action.code = ACTION_MOUSEKEY(keycode);
  68:quantum/keymap_common.c ****             break;
  69:quantum/keymap_common.c ****         case KC_TRNS:
  70:quantum/keymap_common.c ****             action.code = ACTION_TRANSPARENT;
  71:quantum/keymap_common.c ****             break;
  72:quantum/keymap_common.c ****         case QK_MODS ... QK_MODS_MAX: ;
  73:quantum/keymap_common.c ****             // Has a modifier
  74:quantum/keymap_common.c ****             // Split it up
  75:quantum/keymap_common.c ****             action.code = ACTION_MODS_KEY(keycode >> 8, keycode & 0xFF); // adds modifier to key
  76:quantum/keymap_common.c ****             break;
  77:quantum/keymap_common.c ****         case QK_FUNCTION ... QK_FUNCTION_MAX: ;
  78:quantum/keymap_common.c ****             // Is a shortcut for function action_layer, pull last 12bits
  79:quantum/keymap_common.c ****             // This means we have 4,096 FN macros at our disposal
  80:quantum/keymap_common.c ****             action.code = keymap_function_id_to_action( (int)keycode & 0xFFF );
  81:quantum/keymap_common.c ****             break;
  82:quantum/keymap_common.c ****         case QK_MACRO ... QK_MACRO_MAX:
  83:quantum/keymap_common.c ****             if (keycode & 0x800) // tap macros have upper bit set
  84:quantum/keymap_common.c ****                 action.code = ACTION_MACRO_TAP(keycode & 0xFF);
  85:quantum/keymap_common.c ****             else
  86:quantum/keymap_common.c ****                 action.code = ACTION_MACRO(keycode & 0xFF);
  87:quantum/keymap_common.c ****             break;
  88:quantum/keymap_common.c ****         case QK_LAYER_TAP ... QK_LAYER_TAP_MAX:
  89:quantum/keymap_common.c ****             action.code = ACTION_LAYER_TAP_KEY((keycode >> 0x8) & 0xF, keycode & 0xFF);
  90:quantum/keymap_common.c ****             break;
  91:quantum/keymap_common.c ****         case QK_TO ... QK_TO_MAX: ;
  92:quantum/keymap_common.c ****             // Layer set "GOTO"
  93:quantum/keymap_common.c ****             when = (keycode >> 0x4) & 0x3;
  94:quantum/keymap_common.c ****             action_layer = keycode & 0xF;
  95:quantum/keymap_common.c ****             action.code = ACTION_LAYER_SET(action_layer, when);
  96:quantum/keymap_common.c ****             break;
  97:quantum/keymap_common.c ****         case QK_MOMENTARY ... QK_MOMENTARY_MAX: ;
  98:quantum/keymap_common.c ****             // Momentary action_layer
  99:quantum/keymap_common.c ****             action_layer = keycode & 0xFF;
 100:quantum/keymap_common.c ****             action.code = ACTION_LAYER_MOMENTARY(action_layer);
 101:quantum/keymap_common.c ****             break;
 102:quantum/keymap_common.c ****         case QK_DEF_LAYER ... QK_DEF_LAYER_MAX: ;
 103:quantum/keymap_common.c ****             // Set default action_layer
 104:quantum/keymap_common.c ****             action_layer = keycode & 0xFF;
 105:quantum/keymap_common.c ****             action.code = ACTION_DEFAULT_LAYER_SET(action_layer);
 106:quantum/keymap_common.c ****             break;
 107:quantum/keymap_common.c ****         case QK_TOGGLE_LAYER ... QK_TOGGLE_LAYER_MAX: ;
 108:quantum/keymap_common.c ****             // Set toggle
 109:quantum/keymap_common.c ****             action_layer = keycode & 0xFF;
 110:quantum/keymap_common.c ****             action.code = ACTION_LAYER_TOGGLE(action_layer);
 111:quantum/keymap_common.c ****             break;
 112:quantum/keymap_common.c ****         case QK_ONE_SHOT_LAYER ... QK_ONE_SHOT_LAYER_MAX: ;
 113:quantum/keymap_common.c ****             // OSL(action_layer) - One-shot action_layer
 114:quantum/keymap_common.c ****             action_layer = keycode & 0xFF;
 115:quantum/keymap_common.c ****             action.code = ACTION_LAYER_ONESHOT(action_layer);
 116:quantum/keymap_common.c ****             break;
 117:quantum/keymap_common.c ****         case QK_ONE_SHOT_MOD ... QK_ONE_SHOT_MOD_MAX: ;
 118:quantum/keymap_common.c ****             // OSM(mod) - One-shot mod
 119:quantum/keymap_common.c ****             mod = mod_config(keycode & 0xFF);
 120:quantum/keymap_common.c ****             action.code = ACTION_MODS_ONESHOT(mod);
 121:quantum/keymap_common.c ****             break;
 122:quantum/keymap_common.c ****         case QK_LAYER_TAP_TOGGLE ... QK_LAYER_TAP_TOGGLE_MAX:
 123:quantum/keymap_common.c ****             action.code = ACTION_LAYER_TAP_TOGGLE(keycode & 0xFF);
 124:quantum/keymap_common.c ****             break;
 125:quantum/keymap_common.c ****         case QK_LAYER_MOD ... QK_LAYER_MOD_MAX:
 126:quantum/keymap_common.c ****             mod = mod_config(keycode & 0xF);
 127:quantum/keymap_common.c ****             action_layer = (keycode >> 4) & 0xF;
 128:quantum/keymap_common.c ****             action.code = ACTION_LAYER_MODS(action_layer, mod);
 129:quantum/keymap_common.c ****             break;
 130:quantum/keymap_common.c ****         case QK_MOD_TAP ... QK_MOD_TAP_MAX:
 131:quantum/keymap_common.c ****             mod = mod_config((keycode >> 0x8) & 0x1F);
 132:quantum/keymap_common.c ****             action.code = ACTION_MODS_TAP_KEY(mod, keycode & 0xFF);
 133:quantum/keymap_common.c ****             break;
 134:quantum/keymap_common.c ****     #ifdef BACKLIGHT_ENABLE
 135:quantum/keymap_common.c ****         case BL_ON:
 136:quantum/keymap_common.c ****             action.code = ACTION_BACKLIGHT_ON();
 137:quantum/keymap_common.c ****             break;
 138:quantum/keymap_common.c ****         case BL_OFF:
 139:quantum/keymap_common.c ****             action.code = ACTION_BACKLIGHT_OFF();
 140:quantum/keymap_common.c ****             break;
 141:quantum/keymap_common.c ****         case BL_DEC:
 142:quantum/keymap_common.c ****             action.code = ACTION_BACKLIGHT_DECREASE();
 143:quantum/keymap_common.c ****             break;
 144:quantum/keymap_common.c ****         case BL_INC:
 145:quantum/keymap_common.c ****             action.code = ACTION_BACKLIGHT_INCREASE();
 146:quantum/keymap_common.c ****             break;
 147:quantum/keymap_common.c ****         case BL_TOGG:
 148:quantum/keymap_common.c ****             action.code = ACTION_BACKLIGHT_TOGGLE();
 149:quantum/keymap_common.c ****             break;
 150:quantum/keymap_common.c ****         case BL_STEP:
 151:quantum/keymap_common.c ****             action.code = ACTION_BACKLIGHT_STEP();
 152:quantum/keymap_common.c ****             break;
 153:quantum/keymap_common.c ****     #endif
 154:quantum/keymap_common.c ****     #ifdef SWAP_HANDS_ENABLE
 155:quantum/keymap_common.c ****         case QK_SWAP_HANDS ... QK_SWAP_HANDS_MAX:
 156:quantum/keymap_common.c ****             action.code = ACTION(ACT_SWAP_HANDS, keycode & 0xff);
 157:quantum/keymap_common.c ****             break;
 158:quantum/keymap_common.c ****     #endif
 159:quantum/keymap_common.c **** 
 160:quantum/keymap_common.c ****         default:
 161:quantum/keymap_common.c ****             action.code = ACTION_NO;
 162:quantum/keymap_common.c ****             break;
 163:quantum/keymap_common.c ****     }
 164:quantum/keymap_common.c ****     return action;
 165:quantum/keymap_common.c **** }
 166:quantum/keymap_common.c **** 
 167:quantum/keymap_common.c **** __attribute__ ((weak))
 168:quantum/keymap_common.c **** const uint16_t PROGMEM fn_actions[] = {
 169:quantum/keymap_common.c **** 
 170:quantum/keymap_common.c **** };
 171:quantum/keymap_common.c **** 
 172:quantum/keymap_common.c **** /* Macro */
 173:quantum/keymap_common.c **** __attribute__ ((weak))
 174:quantum/keymap_common.c **** const macro_t *action_get_macro(keyrecord_t *record, uint8_t id, uint8_t opt)
 175:quantum/keymap_common.c **** {
  17               		.loc 1 175 1 view -0
  18               		.cfi_startproc
  19               	/* prologue: function */
  20               	/* frame size = 0 */
  21               	/* stack size = 0 */
  22               	.L__stack_usage = 0
 176:quantum/keymap_common.c ****     return MACRO_NONE;
  23               		.loc 1 176 5 view .LVU1
 177:quantum/keymap_common.c **** }
  24               		.loc 1 177 1 is_stmt 0 view .LVU2
  25 0000 90E0      		ldi r25,0
  26 0002 80E0      		ldi r24,0
  27               	.LVL1:
  28               	/* epilogue start */
  29               		.loc 1 177 1 view .LVU3
  30 0004 0895      		ret
  31               		.cfi_endproc
  32               	.LFE112:
  34               		.section	.text.action_function,"ax",@progbits
  35               		.weak	action_function
  37               	action_function:
  38               	.LVL2:
  39               	.LFB113:
 178:quantum/keymap_common.c **** 
 179:quantum/keymap_common.c **** /* Function */
 180:quantum/keymap_common.c **** __attribute__ ((weak))
 181:quantum/keymap_common.c **** void action_function(keyrecord_t *record, uint8_t id, uint8_t opt)
 182:quantum/keymap_common.c **** {
  40               		.loc 1 182 1 is_stmt 1 view -0
  41               		.cfi_startproc
  42               	/* prologue: function */
  43               	/* frame size = 0 */
  44               	/* stack size = 0 */
  45               	.L__stack_usage = 0
 183:quantum/keymap_common.c **** }
  46               		.loc 1 183 1 view .LVU5
  47               	/* epilogue start */
  48 0000 0895      		ret
  49               		.cfi_endproc
  50               	.LFE113:
  52               		.section	.text.keymap_key_to_keycode,"ax",@progbits
  53               		.weak	keymap_key_to_keycode
  55               	keymap_key_to_keycode:
  56               	.LVL3:
  57               	.LFB114:
 184:quantum/keymap_common.c **** 
 185:quantum/keymap_common.c **** // translates key to keycode
 186:quantum/keymap_common.c **** __attribute__ ((weak))
 187:quantum/keymap_common.c **** uint16_t keymap_key_to_keycode(uint8_t layer, keypos_t key)
 188:quantum/keymap_common.c **** {
  58               		.loc 1 188 1 view -0
  59               		.cfi_startproc
  60               	/* prologue: function */
  61               	/* frame size = 0 */
  62               	/* stack size = 0 */
  63               	.L__stack_usage = 0
  64               		.loc 1 188 1 is_stmt 0 view .LVU7
  65 0000 972F      		mov r25,r23
 189:quantum/keymap_common.c ****     // Read entire word (16bits)
 190:quantum/keymap_common.c ****     return pgm_read_word(&keymaps[(layer)][(key.row)][(key.col)]);
  66               		.loc 1 190 5 is_stmt 1 view .LVU8
  67               	.LBB2:
  68               		.loc 1 190 12 view .LVU9
  69 0002 70E0      		ldi r23,0
  70               		.loc 1 190 12 is_stmt 0 view .LVU10
  71 0004 26E0      		ldi r18,lo8(6)
  72 0006 929F      		mul r25,r18
  73 0008 600D      		add r22,r0
  74 000a 711D      		adc r23,r1
  75 000c 1124      		clr __zero_reg__
  76               	.LVL4:
  77               		.loc 1 190 12 view .LVU11
  78 000e FB01      		movw r30,r22
  79 0010 94E5      		ldi r25,lo8(84)
  80 0012 899F      		mul r24,r25
  81 0014 E00D      		add r30,r0
  82 0016 F11D      		adc r31,r1
  83 0018 1124      		clr __zero_reg__
  84 001a EE0F      		lsl r30
  85 001c FF1F      		rol r31
  86               	.LVL5:
  87               		.loc 1 190 12 view .LVU12
  88 001e E050      		subi r30,lo8(-(keymaps))
  89 0020 F040      		sbci r31,hi8(-(keymaps))
  90               	.LVL6:
  91               		.loc 1 190 12 is_stmt 1 view .LVU13
  92               		.loc 1 190 12 view .LVU14
  93               	/* #APP */
  94               	 ;  190 "quantum/keymap_common.c" 1
  95 0022 8591      		lpm r24, Z+
  96 0024 9491      		lpm r25, Z
  97               		
  98               	 ;  0 "" 2
  99               	.LVL7:
 100               		.loc 1 190 12 view .LVU15
 101               	/* #NOAPP */
 102               	/* epilogue start */
 103               	.LBE2:
 191:quantum/keymap_common.c **** }
 104               		.loc 1 191 1 is_stmt 0 view .LVU16
 105 0026 0895      		ret
 106               		.cfi_endproc
 107               	.LFE114:
 109               		.section	.text.keymap_function_id_to_action,"ax",@progbits
 110               		.weak	keymap_function_id_to_action
 112               	keymap_function_id_to_action:
 113               	.LVL8:
 114               	.LFB115:
 192:quantum/keymap_common.c **** 
 193:quantum/keymap_common.c **** // translates function id to action
 194:quantum/keymap_common.c **** __attribute__ ((weak))
 195:quantum/keymap_common.c **** uint16_t keymap_function_id_to_action( uint16_t function_id )
 196:quantum/keymap_common.c **** {
 115               		.loc 1 196 1 is_stmt 1 view -0
 116               		.cfi_startproc
 117               	/* prologue: function */
 118               	/* frame size = 0 */
 119               	/* stack size = 0 */
 120               	.L__stack_usage = 0
 197:quantum/keymap_common.c ****     // The compiler sees the empty (weak) fn_actions and generates a warning
 198:quantum/keymap_common.c ****     // This function should not be called in that case, so the warning is too strict
 199:quantum/keymap_common.c ****     // If this function is called however, the keymap should have overridden fn_actions, and then t
 200:quantum/keymap_common.c ****     // is comparing against the wrong array
 201:quantum/keymap_common.c ****     #pragma GCC diagnostic push
 202:quantum/keymap_common.c ****     #pragma GCC diagnostic ignored "-Warray-bounds"
 203:quantum/keymap_common.c **** 	return pgm_read_word(&fn_actions[function_id]);
 121               		.loc 1 203 2 view .LVU18
 122               	.LBB3:
 123               		.loc 1 203 9 view .LVU19
 124 0000 FC01      		movw r30,r24
 125 0002 EE0F      		lsl r30
 126 0004 FF1F      		rol r31
 127               	.LVL9:
 128               		.loc 1 203 9 is_stmt 0 view .LVU20
 129 0006 E050      		subi r30,lo8(-(fn_actions))
 130 0008 F040      		sbci r31,hi8(-(fn_actions))
 131               	.LVL10:
 132               		.loc 1 203 9 is_stmt 1 view .LVU21
 133               		.loc 1 203 9 view .LVU22
 134               	/* #APP */
 135               	 ;  203 "quantum/keymap_common.c" 1
 136 000a 8591      		lpm r24, Z+
 137 000c 9491      		lpm r25, Z
 138               		
 139               	 ;  0 "" 2
 140               	.LVL11:
 141               		.loc 1 203 9 view .LVU23
 142               	/* #NOAPP */
 143               	/* epilogue start */
 144               	.LBE3:
 204:quantum/keymap_common.c ****     #pragma GCC diagnostic pop
 205:quantum/keymap_common.c **** }
 145               		.loc 1 205 1 is_stmt 0 view .LVU24
 146 000e 0895      		ret
 147               		.cfi_endproc
 148               	.LFE115:
 150               		.section	.text.action_for_key,"ax",@progbits
 151               	.global	action_for_key
 153               	action_for_key:
 154               	.LVL12:
 155               	.LFB111:
  42:quantum/keymap_common.c ****     // 16bit keycodes - important
 156               		.loc 1 42 1 is_stmt 1 view -0
 157               		.cfi_startproc
  42:quantum/keymap_common.c ****     // 16bit keycodes - important
 158               		.loc 1 42 1 is_stmt 0 view .LVU26
 159 0000 CF93      		push r28
 160               	.LCFI0:
 161               		.cfi_def_cfa_offset 3
 162               		.cfi_offset 28, -2
 163 0002 DF93      		push r29
 164               	.LCFI1:
 165               		.cfi_def_cfa_offset 4
 166               		.cfi_offset 29, -3
 167               	/* prologue: function */
 168               	/* frame size = 0 */
 169               	/* stack size = 2 */
 170               	.L__stack_usage = 2
  44:quantum/keymap_common.c **** 
 171               		.loc 1 44 5 is_stmt 1 view .LVU27
  44:quantum/keymap_common.c **** 
 172               		.loc 1 44 24 is_stmt 0 view .LVU28
 173 0004 0E94 0000 		call keymap_key_to_keycode
 174               	.LVL13:
  47:quantum/keymap_common.c **** 
 175               		.loc 1 47 5 is_stmt 1 view .LVU29
  47:quantum/keymap_common.c **** 
 176               		.loc 1 47 15 is_stmt 0 view .LVU30
 177 0008 0E94 0000 		call keycode_config
 178               	.LVL14:
  47:quantum/keymap_common.c **** 
 179               		.loc 1 47 15 view .LVU31
 180 000c EC01      		movw r28,r24
 181               	.LVL15:
  49:quantum/keymap_common.c ****     uint8_t action_layer, when, mod;
 182               		.loc 1 49 5 is_stmt 1 view .LVU32
  50:quantum/keymap_common.c **** 
 183               		.loc 1 50 5 view .LVU33
  52:quantum/keymap_common.c ****         case KC_FN0 ... KC_FN31:
 184               		.loc 1 52 5 view .LVU34
 185 000e 8115      		cp r24,__zero_reg__
 186 0010 20E5      		ldi r18,80
 187 0012 9207      		cpc r25,r18
 188 0014 00F0      		brlo .+2
 189 0016 00C0      		rjmp .L6
 190 0018 8115      		cp r24,__zero_reg__
 191 001a 30E4      		ldi r19,64
 192 001c 9307      		cpc r25,r19
 193 001e 00F0      		brlo .+2
 194 0020 00C0      		rjmp .L7
 195 0022 883E      		cpi r24,-24
 196 0024 9105      		cpc r25,__zero_reg__
 197 0026 00F4      		brsh .L8
 198 0028 803E      		cpi r24,-32
 199 002a 9105      		cpc r25,__zero_reg__
 200 002c 00F0      		brlo .+2
 201 002e 00C0      		rjmp .L9
 202 0030 883A      		cpi r24,-88
 203 0032 9105      		cpc r25,__zero_reg__
 204 0034 00F4      		brsh .L10
 205 0036 853A      		cpi r24,-91
 206 0038 9105      		cpc r25,__zero_reg__
 207 003a 00F0      		brlo .+2
 208 003c 00C0      		rjmp .L11
 209 003e 8130      		cpi r24,1
 210 0040 9105      		cpc r25,__zero_reg__
 211 0042 01F4      		brne .+2
 212 0044 00C0      		rjmp .L9
 213 0046 0097      		sbiw r24,0
 214 0048 01F4      		brne .+2
 215 004a 00C0      		rjmp .L9
 216 004c 0497      		sbiw r24,4
 217 004e 00F0      		brlo .+2
 218 0050 00C0      		rjmp .L9
 219               	.LVL16:
 220               	.L38:
 161:quantum/keymap_common.c ****             break;
 221               		.loc 1 161 25 is_stmt 0 view .LVU35
 222 0052 D0E0      		ldi r29,0
 223 0054 C0E0      		ldi r28,0
 224 0056 00C0      		rjmp .L9
 225               	.LVL17:
 226               	.L10:
 161:quantum/keymap_common.c ****             break;
 227               		.loc 1 161 25 view .LVU36
 228 0058 8F3B      		cpi r24,-65
 229 005a 9105      		cpc r25,__zero_reg__
 230 005c 00F4      		brsh .+2
 231 005e 00C0      		rjmp .L12
  54:quantum/keymap_common.c ****             break;
 232               		.loc 1 54 27 view .LVU37
 233 0060 805C      		subi r24,-64
 234 0062 9109      		sbc r25,__zero_reg__
 235               	.LVL18:
  54:quantum/keymap_common.c ****             break;
 236               		.loc 1 54 27 view .LVU38
 237 0064 C03C      		cpi r28,-64
 238 0066 D105      		cpc r29,__zero_reg__
 239 0068 00F0      		brlo .L38
 240               	.L79:
  80:quantum/keymap_common.c ****             break;
 241               		.loc 1 80 27 view .LVU39
 242 006a 0E94 0000 		call keymap_function_id_to_action
 243               	.LVL19:
  80:quantum/keymap_common.c ****             break;
 244               		.loc 1 80 27 view .LVU40
 245 006e EC01      		movw r28,r24
 246               	.LVL20:
  81:quantum/keymap_common.c ****         case QK_MACRO ... QK_MACRO_MAX:
 247               		.loc 1 81 13 is_stmt 1 view .LVU41
 248 0070 00C0      		rjmp .L9
 249               	.LVL21:
 250               	.L8:
  81:quantum/keymap_common.c ****         case QK_MACRO ... QK_MACRO_MAX:
 251               		.loc 1 81 13 is_stmt 0 view .LVU42
 252 0072 8115      		cp r24,__zero_reg__
 253 0074 9042      		sbci r25,32
 254 0076 00F4      		brsh .L14
 255 0078 C115      		cp r28,__zero_reg__
 256 007a 81E0      		ldi r24,1
 257 007c D807      		cpc r29,r24
 258               	.LVL22:
  81:quantum/keymap_common.c ****         case QK_MACRO ... QK_MACRO_MAX:
 259               		.loc 1 81 13 view .LVU43
 260 007e 00F0      		brlo .+2
 261 0080 00C0      		rjmp .L9
 262 0082 C03F      		cpi r28,-16
 263 0084 D105      		cpc r29,__zero_reg__
 264 0086 00F0      		brlo .L38
  67:quantum/keymap_common.c ****             break;
 265               		.loc 1 67 13 is_stmt 1 view .LVU44
 266               	.LVL23:
  67:quantum/keymap_common.c ****             break;
 267               		.loc 1 67 27 is_stmt 0 view .LVU45
 268 0088 D065      		ori r29,80
 269               	.LVL24:
  68:quantum/keymap_common.c ****         case KC_TRNS:
 270               		.loc 1 68 13 is_stmt 1 view .LVU46
 271 008a 00C0      		rjmp .L9
 272               	.LVL25:
 273               	.L14:
  68:quantum/keymap_common.c ****         case KC_TRNS:
 274               		.loc 1 68 13 is_stmt 0 view .LVU47
 275 008c C115      		cp r28,__zero_reg__
 276 008e 90E3      		ldi r25,48
 277 0090 D907      		cpc r29,r25
 278 0092 00F0      		brlo .+2
 279 0094 00C0      		rjmp .L71
  77:quantum/keymap_common.c ****             // Is a shortcut for function action_layer, pull last 12bits
 280               		.loc 1 77 47 is_stmt 1 view .LVU48
  80:quantum/keymap_common.c ****             break;
 281               		.loc 1 80 13 view .LVU49
  80:quantum/keymap_common.c ****             break;
 282               		.loc 1 80 27 is_stmt 0 view .LVU50
 283 0096 CE01      		movw r24,r28
 284               	.LVL26:
  80:quantum/keymap_common.c ****             break;
 285               		.loc 1 80 27 view .LVU51
 286 0098 9F70      		andi r25,15
 287 009a 00C0      		rjmp .L79
 288               	.LVL27:
 289               	.L6:
  80:quantum/keymap_common.c ****             break;
 290               		.loc 1 80 27 view .LVU52
 291 009c 8115      		cp r24,__zero_reg__
 292 009e 25E5      		ldi r18,85
 293 00a0 9207      		cpc r25,r18
 294 00a2 00F4      		brsh .L18
 295 00a4 8115      		cp r24,__zero_reg__
 296 00a6 34E5      		ldi r19,84
 297 00a8 9307      		cpc r25,r19
 298 00aa 00F0      		brlo .+2
 299 00ac 00C0      		rjmp .L19
 300 00ae 8115      		cp r24,__zero_reg__
 301 00b0 42E5      		ldi r20,82
 302 00b2 9407      		cpc r25,r20
 303 00b4 00F4      		brsh .L20
 304 00b6 C115      		cp r28,__zero_reg__
 305 00b8 81E5      		ldi r24,81
 306 00ba D807      		cpc r29,r24
 307               	.LVL28:
  80:quantum/keymap_common.c ****             break;
 308               		.loc 1 80 27 view .LVU53
 309 00bc 00F4      		brsh .+2
 310 00be 00C0      		rjmp .L72
  97:quantum/keymap_common.c ****             // Momentary action_layer
 311               		.loc 1 97 49 is_stmt 1 view .LVU54
  99:quantum/keymap_common.c ****             action.code = ACTION_LAYER_MOMENTARY(action_layer);
 312               		.loc 1 99 13 view .LVU55
 313               	.LVL29:
 100:quantum/keymap_common.c ****             break;
 314               		.loc 1 100 13 view .LVU56
 100:quantum/keymap_common.c ****             break;
 315               		.loc 1 100 27 is_stmt 0 view .LVU57
 316 00c0 DC2F      		mov r29,r28
 317 00c2 CC27      		clr r28
 318               	.LVL30:
 100:quantum/keymap_common.c ****             break;
 319               		.loc 1 100 27 view .LVU58
 320 00c4 C16F      		ori r28,241
 321 00c6 D06A      		ori r29,160
 322               	.LVL31:
 101:quantum/keymap_common.c ****         case QK_DEF_LAYER ... QK_DEF_LAYER_MAX: ;
 323               		.loc 1 101 13 is_stmt 1 view .LVU59
 324 00c8 00C0      		rjmp .L9
 325               	.LVL32:
 326               	.L20:
 101:quantum/keymap_common.c ****         case QK_DEF_LAYER ... QK_DEF_LAYER_MAX: ;
 327               		.loc 1 101 13 is_stmt 0 view .LVU60
 328 00ca 982F      		mov r25,r24
 329 00cc 9695      		lsr r25
 330 00ce 9695      		lsr r25
 331 00d0 9E01      		movw r18,r28
 332 00d2 2370      		andi r18,3
 333 00d4 3327      		clr r19
 334 00d6 C115      		cp r28,__zero_reg__
 335 00d8 D345      		sbci r29,83
 336 00da 00F0      		brlo .+2
 337 00dc 00C0      		rjmp .L73
 102:quantum/keymap_common.c ****             // Set default action_layer
 338               		.loc 1 102 49 is_stmt 1 view .LVU61
 104:quantum/keymap_common.c ****             action.code = ACTION_DEFAULT_LAYER_SET(action_layer);
 339               		.loc 1 104 13 view .LVU62
 340               	.LVL33:
 105:quantum/keymap_common.c ****             break;
 341               		.loc 1 105 13 view .LVU63
 105:quantum/keymap_common.c ****             break;
 342               		.loc 1 105 27 is_stmt 0 view .LVU64
 343 00de C1E0      		ldi r28,lo8(1)
 344 00e0 D0E0      		ldi r29,0
 345 00e2 00C0      		rjmp 2f
 346               		1:
 347 00e4 CC0F      		lsl r28
 348 00e6 DD1F      		rol r29
 349               		2:
 350 00e8 2A95      		dec r18
 351 00ea 02F4      		brpl 1b
 352 00ec 20E2      		ldi r18,lo8(32)
 353 00ee 929F      		mul r25,r18
 354 00f0 C001      		movw r24,r0
 355 00f2 1124      		clr __zero_reg__
 356               	.LVL34:
 105:quantum/keymap_common.c ****             break;
 357               		.loc 1 105 27 view .LVU65
 358 00f4 C82B      		or r28,r24
 359 00f6 D92B      		or r29,r25
 360 00f8 00C0      		rjmp .L77
 361               	.LVL35:
 362               	.L18:
 105:quantum/keymap_common.c ****             break;
 363               		.loc 1 105 27 view .LVU66
 364 00fa C115      		cp r28,__zero_reg__
 365 00fc 8AE5      		ldi r24,90
 366 00fe D807      		cpc r29,r24
 367               	.LVL36:
 105:quantum/keymap_common.c ****             break;
 368               		.loc 1 105 27 view .LVU67
 369 0100 00F4      		brsh .L25
 370 0102 C115      		cp r28,__zero_reg__
 371 0104 99E5      		ldi r25,89
 372 0106 D907      		cpc r29,r25
 373 0108 00F0      		brlo .+2
 374 010a 00C0      		rjmp .L26
 375 010c C115      		cp r28,__zero_reg__
 376 010e 26E5      		ldi r18,86
 377 0110 D207      		cpc r29,r18
 378 0112 00F4      		brsh .+2
 379 0114 00C0      		rjmp .L27
 380 0116 C115      		cp r28,__zero_reg__
 381 0118 38E5      		ldi r19,88
 382 011a D307      		cpc r29,r19
 383 011c 00F4      		brsh .+2
 384 011e 00C0      		rjmp .L38
 123:quantum/keymap_common.c ****             break;
 385               		.loc 1 123 13 is_stmt 1 view .LVU68
 123:quantum/keymap_common.c ****             break;
 386               		.loc 1 123 27 is_stmt 0 view .LVU69
 387 0120 DC2F      		mov r29,r28
 388 0122 CC27      		clr r28
 389               	.LVL37:
 123:quantum/keymap_common.c ****             break;
 390               		.loc 1 123 27 view .LVU70
 391 0124 C06F      		ori r28,240
 392 0126 D06A      		ori r29,160
 393               	.LVL38:
 124:quantum/keymap_common.c ****         case QK_LAYER_MOD ... QK_LAYER_MOD_MAX:
 394               		.loc 1 124 13 is_stmt 1 view .LVU71
 395 0128 00C0      		rjmp .L9
 396               	.LVL39:
 397               	.L25:
 124:quantum/keymap_common.c ****         case QK_LAYER_MOD ... QK_LAYER_MOD_MAX:
 398               		.loc 1 124 13 is_stmt 0 view .LVU72
 399 012a C115      		cp r28,__zero_reg__
 400 012c 4BE5      		ldi r20,91
 401 012e D407      		cpc r29,r20
 402 0130 00F4      		brsh .+2
 403 0132 00C0      		rjmp .L38
 404 0134 C115      		cp r28,__zero_reg__
 405 0136 8CE5      		ldi r24,92
 406 0138 D807      		cpc r29,r24
 407 013a 00F4      		brsh .+2
 408 013c 00C0      		rjmp .L29
 409 013e CE01      		movw r24,r28
 410 0140 9056      		subi r25,96
 411 0142 8115      		cp r24,__zero_reg__
 412 0144 9042      		sbci r25,32
 413 0146 00F0      		brlo .+2
 414 0148 00C0      		rjmp .L38
 131:quantum/keymap_common.c ****             action.code = ACTION_MODS_TAP_KEY(mod, keycode & 0xFF);
 415               		.loc 1 131 13 is_stmt 1 view .LVU73
 131:quantum/keymap_common.c ****             action.code = ACTION_MODS_TAP_KEY(mod, keycode & 0xFF);
 416               		.loc 1 131 19 is_stmt 0 view .LVU74
 417 014a 8D2F      		mov r24,r29
 418 014c 8F71      		andi r24,lo8(31)
 419 014e 0E94 0000 		call mod_config
 420               	.LVL40:
 132:quantum/keymap_common.c ****             break;
 421               		.loc 1 132 13 is_stmt 1 view .LVU75
 132:quantum/keymap_common.c ****             break;
 422               		.loc 1 132 27 is_stmt 0 view .LVU76
 423 0152 90E0      		ldi r25,0
 424 0154 982F      		mov r25,r24
 425 0156 8827      		clr r24
 426               	.LVL41:
 132:quantum/keymap_common.c ****             break;
 427               		.loc 1 132 27 view .LVU77
 428 0158 8827      		clr r24
 429 015a 9F71      		andi r25,31
 430 015c 9C01      		movw r18,r24
 431 015e 2C2B      		or r18,r28
 432 0160 E901      		movw r28,r18
 433               	.LVL42:
 132:quantum/keymap_common.c ****             break;
 434               		.loc 1 132 27 view .LVU78
 435 0162 00C0      		rjmp .L78
 436               	.LVL43:
 437               	.L11:
  61:quantum/keymap_common.c ****             break;
 438               		.loc 1 61 13 is_stmt 1 view .LVU79
  61:quantum/keymap_common.c ****             break;
 439               		.loc 1 61 27 is_stmt 0 view .LVU80
 440 0164 853A      		cpi r24,-91
 441 0166 9105      		cpc r25,__zero_reg__
 442 0168 01F4      		brne .+2
 443 016a 00C0      		rjmp .L39
  61:quantum/keymap_common.c ****             break;
 444               		.loc 1 61 27 discriminator 1 view .LVU81
 445 016c 863A      		cpi r24,-90
 446 016e 9105      		cpc r25,__zero_reg__
 447 0170 01F0      		breq .+2
 448 0172 00C0      		rjmp .L40
 449               	.LVL44:
  61:quantum/keymap_common.c ****             break;
 450               		.loc 1 61 27 view .LVU82
 451 0174 C2E8      		ldi r28,lo8(-126)
 452 0176 D0E4      		ldi r29,lo8(64)
 453               	.LVL45:
 454               	.L9:
 164:quantum/keymap_common.c **** }
 455               		.loc 1 164 5 is_stmt 1 view .LVU83
 165:quantum/keymap_common.c **** 
 456               		.loc 1 165 1 is_stmt 0 view .LVU84
 457 0178 CE01      		movw r24,r28
 458               	/* epilogue start */
 459 017a DF91      		pop r29
 460 017c CF91      		pop r28
 461 017e 0895      		ret
 462               	.LVL46:
 463               	.L12:
  64:quantum/keymap_common.c ****             break;
 464               		.loc 1 64 13 is_stmt 1 view .LVU85
  64:quantum/keymap_common.c ****             break;
 465               		.loc 1 64 27 is_stmt 0 view .LVU86
 466 0180 883A      		cpi r24,-88
 467 0182 9105      		cpc r25,__zero_reg__
 468 0184 01F4      		brne .+2
 469 0186 00C0      		rjmp .L41
  64:quantum/keymap_common.c ****             break;
 470               		.loc 1 64 27 discriminator 1 view .LVU87
 471 0188 893A      		cpi r24,-87
 472 018a 9105      		cpc r25,__zero_reg__
 473 018c 01F4      		brne .+2
 474 018e 00C0      		rjmp .L42
  64:quantum/keymap_common.c ****             break;
 475               		.loc 1 64 27 discriminator 3 view .LVU88
 476 0190 8A3A      		cpi r24,-86
 477 0192 9105      		cpc r25,__zero_reg__
 478 0194 01F4      		brne .+2
 479 0196 00C0      		rjmp .L43
  64:quantum/keymap_common.c ****             break;
 480               		.loc 1 64 27 discriminator 5 view .LVU89
 481 0198 8B3A      		cpi r24,-85
 482 019a 9105      		cpc r25,__zero_reg__
 483 019c 01F4      		brne .+2
 484 019e 00C0      		rjmp .L44
  64:quantum/keymap_common.c ****             break;
 485               		.loc 1 64 27 discriminator 7 view .LVU90
 486 01a0 8C3A      		cpi r24,-84
 487 01a2 9105      		cpc r25,__zero_reg__
 488 01a4 01F4      		brne .+2
 489 01a6 00C0      		rjmp .L45
  64:quantum/keymap_common.c ****             break;
 490               		.loc 1 64 27 discriminator 9 view .LVU91
 491 01a8 8B3B      		cpi r24,-69
 492 01aa 9105      		cpc r25,__zero_reg__
 493 01ac 01F4      		brne .+2
 494 01ae 00C0      		rjmp .L46
  64:quantum/keymap_common.c ****             break;
 495               		.loc 1 64 27 discriminator 11 view .LVU92
 496 01b0 8C3B      		cpi r24,-68
 497 01b2 9105      		cpc r25,__zero_reg__
 498 01b4 01F4      		brne .+2
 499 01b6 00C0      		rjmp .L47
  64:quantum/keymap_common.c ****             break;
 500               		.loc 1 64 27 discriminator 13 view .LVU93
 501 01b8 8D3A      		cpi r24,-83
 502 01ba 9105      		cpc r25,__zero_reg__
 503 01bc 01F4      		brne .+2
 504 01be 00C0      		rjmp .L48
  64:quantum/keymap_common.c ****             break;
 505               		.loc 1 64 27 discriminator 15 view .LVU94
 506 01c0 803B      		cpi r24,-80
 507 01c2 9105      		cpc r25,__zero_reg__
 508 01c4 01F4      		brne .+2
 509 01c6 00C0      		rjmp .L49
  64:quantum/keymap_common.c ****             break;
 510               		.loc 1 64 27 discriminator 17 view .LVU95
 511 01c8 8E3A      		cpi r24,-82
 512 01ca 9105      		cpc r25,__zero_reg__
 513 01cc 01F4      		brne .+2
 514 01ce 00C0      		rjmp .L50
  64:quantum/keymap_common.c ****             break;
 515               		.loc 1 64 27 discriminator 19 view .LVU96
 516 01d0 8F3A      		cpi r24,-81
 517 01d2 9105      		cpc r25,__zero_reg__
 518 01d4 01F4      		brne .+2
 519 01d6 00C0      		rjmp .L51
  64:quantum/keymap_common.c ****             break;
 520               		.loc 1 64 27 discriminator 21 view .LVU97
 521 01d8 813B      		cpi r24,-79
 522 01da 9105      		cpc r25,__zero_reg__
 523 01dc 01F4      		brne .+2
 524 01de 00C0      		rjmp .L52
  64:quantum/keymap_common.c ****             break;
 525               		.loc 1 64 27 discriminator 23 view .LVU98
 526 01e0 823B      		cpi r24,-78
 527 01e2 9105      		cpc r25,__zero_reg__
 528 01e4 01F4      		brne .+2
 529 01e6 00C0      		rjmp .L53
  64:quantum/keymap_common.c ****             break;
 530               		.loc 1 64 27 discriminator 25 view .LVU99
 531 01e8 833B      		cpi r24,-77
 532 01ea 9105      		cpc r25,__zero_reg__
 533 01ec 01F4      		brne .+2
 534 01ee 00C0      		rjmp .L54
  64:quantum/keymap_common.c ****             break;
 535               		.loc 1 64 27 discriminator 27 view .LVU100
 536 01f0 843B      		cpi r24,-76
 537 01f2 9105      		cpc r25,__zero_reg__
 538 01f4 01F4      		brne .+2
 539 01f6 00C0      		rjmp .L55
  64:quantum/keymap_common.c ****             break;
 540               		.loc 1 64 27 discriminator 29 view .LVU101
 541 01f8 853B      		cpi r24,-75
 542 01fa 9105      		cpc r25,__zero_reg__
 543 01fc 01F4      		brne .+2
 544 01fe 00C0      		rjmp .L56
  64:quantum/keymap_common.c ****             break;
 545               		.loc 1 64 27 discriminator 31 view .LVU102
 546 0200 863B      		cpi r24,-74
 547 0202 9105      		cpc r25,__zero_reg__
 548 0204 01F4      		brne .+2
 549 0206 00C0      		rjmp .L57
  64:quantum/keymap_common.c ****             break;
 550               		.loc 1 64 27 discriminator 33 view .LVU103
 551 0208 873B      		cpi r24,-73
 552 020a 9105      		cpc r25,__zero_reg__
 553 020c 01F4      		brne .+2
 554 020e 00C0      		rjmp .L58
  64:quantum/keymap_common.c ****             break;
 555               		.loc 1 64 27 discriminator 35 view .LVU104
 556 0210 883B      		cpi r24,-72
 557 0212 9105      		cpc r25,__zero_reg__
 558 0214 01F4      		brne .+2
 559 0216 00C0      		rjmp .L59
  64:quantum/keymap_common.c ****             break;
 560               		.loc 1 64 27 discriminator 37 view .LVU105
 561 0218 893B      		cpi r24,-71
 562 021a 9105      		cpc r25,__zero_reg__
 563 021c 01F4      		brne .+2
 564 021e 00C0      		rjmp .L60
  64:quantum/keymap_common.c ****             break;
 565               		.loc 1 64 27 discriminator 39 view .LVU106
 566 0220 8D3B      		cpi r24,-67
 567 0222 9105      		cpc r25,__zero_reg__
 568 0224 01F4      		brne .+2
 569 0226 00C0      		rjmp .L61
  64:quantum/keymap_common.c ****             break;
 570               		.loc 1 64 27 discriminator 41 view .LVU107
 571 0228 8E3B      		cpi r24,-66
 572 022a 9105      		cpc r25,__zero_reg__
 573 022c 01F4      		brne .+2
 574 022e 00C0      		rjmp .L62
  64:quantum/keymap_common.c ****             break;
 575               		.loc 1 64 27 discriminator 43 view .LVU108
 576 0230 8A3B      		cpi r24,-70
 577 0232 9105      		cpc r25,__zero_reg__
 578 0234 01F4      		brne .+2
 579 0236 00C0      		rjmp .L63
 580               	.LVL47:
  64:quantum/keymap_common.c ****             break;
 581               		.loc 1 64 27 view .LVU109
 582 0238 C0E0      		ldi r28,0
 583 023a D4E4      		ldi r29,lo8(68)
 584 023c 00C0      		rjmp .L9
 585               	.LVL48:
 586               	.L71:
  83:quantum/keymap_common.c ****                 action.code = ACTION_MACRO_TAP(keycode & 0xFF);
 587               		.loc 1 83 13 is_stmt 1 view .LVU110
 588 023e CE01      		movw r24,r28
 589               	.LVL49:
  83:quantum/keymap_common.c ****                 action.code = ACTION_MACRO_TAP(keycode & 0xFF);
 590               		.loc 1 83 13 is_stmt 0 view .LVU111
 591 0240 9927      		clr r25
  83:quantum/keymap_common.c ****                 action.code = ACTION_MACRO_TAP(keycode & 0xFF);
 592               		.loc 1 83 16 view .LVU112
 593 0242 D3FF      		sbrs r29,3
 594 0244 00C0      		rjmp .L31
  84:quantum/keymap_common.c ****             else
 595               		.loc 1 84 17 is_stmt 1 view .LVU113
 596               	.LVL50:
  84:quantum/keymap_common.c ****             else
 597               		.loc 1 84 31 is_stmt 0 view .LVU114
 598 0246 EC01      		movw r28,r24
 599 0248 D86C      		ori r29,200
 600               	.LVL51:
  84:quantum/keymap_common.c ****             else
 601               		.loc 1 84 31 view .LVU115
 602 024a 00C0      		rjmp .L9
 603               	.LVL52:
 604               	.L31:
  86:quantum/keymap_common.c ****             break;
 605               		.loc 1 86 17 is_stmt 1 view .LVU116
  86:quantum/keymap_common.c ****             break;
 606               		.loc 1 86 31 is_stmt 0 view .LVU117
 607 024c EC01      		movw r28,r24
 608 024e D06C      		ori r29,192
 609               	.LVL53:
  86:quantum/keymap_common.c ****             break;
 610               		.loc 1 86 31 view .LVU118
 611 0250 00C0      		rjmp .L9
 612               	.LVL54:
 613               	.L7:
  89:quantum/keymap_common.c ****             break;
 614               		.loc 1 89 13 is_stmt 1 view .LVU119
  89:quantum/keymap_common.c ****             break;
 615               		.loc 1 89 27 is_stmt 0 view .LVU120
 616 0252 DF70      		andi r29,15
 617               	.LVL55:
 618               	.L76:
 128:quantum/keymap_common.c ****             break;
 619               		.loc 1 128 27 view .LVU121
 620 0254 D06A      		ori r29,160
 621               	.LVL56:
 129:quantum/keymap_common.c ****         case QK_MOD_TAP ... QK_MOD_TAP_MAX:
 622               		.loc 1 129 13 is_stmt 1 view .LVU122
 623 0256 00C0      		rjmp .L9
 624               	.LVL57:
 625               	.L72:
  91:quantum/keymap_common.c ****             // Layer set "GOTO"
 626               		.loc 1 91 35 view .LVU123
  93:quantum/keymap_common.c ****             action_layer = keycode & 0xF;
 627               		.loc 1 93 13 view .LVU124
  94:quantum/keymap_common.c ****             action.code = ACTION_LAYER_SET(action_layer, when);
 628               		.loc 1 94 13 view .LVU125
  95:quantum/keymap_common.c ****             break;
 629               		.loc 1 95 13 view .LVU126
  93:quantum/keymap_common.c ****             action_layer = keycode & 0xF;
 630               		.loc 1 93 29 is_stmt 0 view .LVU127
 631 0258 CE01      		movw r24,r28
 632 025a E4E0      		ldi r30,4
 633               		1:
 634 025c 9695      		lsr r25
 635 025e 8795      		ror r24
 636 0260 EA95      		dec r30
 637 0262 01F4      		brne 1b
  93:quantum/keymap_common.c ****             action_layer = keycode & 0xF;
 638               		.loc 1 93 18 view .LVU128
 639 0264 8370      		andi r24,lo8(3)
  95:quantum/keymap_common.c ****             break;
 640               		.loc 1 95 27 view .LVU129
 641 0266 2C2F      		mov r18,r28
 642 0268 2695      		lsr r18
 643 026a 2695      		lsr r18
 644 026c 2370      		andi r18,lo8(3)
 645 026e 40E2      		ldi r20,lo8(32)
 646 0270 249F      		mul r18,r20
 647 0272 9001      		movw r18,r0
 648 0274 1124      		clr __zero_reg__
 649 0276 382B      		or r19,r24
 650 0278 8C2F      		mov r24,r28
 651 027a 8370      		andi r24,lo8(3)
 652 027c C1E0      		ldi r28,lo8(1)
 653 027e D0E0      		ldi r29,0
 654               	.LVL58:
  95:quantum/keymap_common.c ****             break;
 655               		.loc 1 95 27 view .LVU130
 656 0280 00C0      		rjmp 2f
 657               		1:
 658 0282 CC0F      		lsl r28
 659 0284 DD1F      		rol r29
 660               		2:
 661 0286 8A95      		dec r24
 662 0288 02F4      		brpl 1b
 663 028a C22B      		or r28,r18
 664 028c D32B      		or r29,r19
 665               	.LVL59:
 666               	.L77:
 105:quantum/keymap_common.c ****             break;
 667               		.loc 1 105 27 view .LVU131
 668 028e DC68      		ori r29,140
 669               	.LVL60:
 106:quantum/keymap_common.c ****         case QK_TOGGLE_LAYER ... QK_TOGGLE_LAYER_MAX: ;
 670               		.loc 1 106 13 is_stmt 1 view .LVU132
 671 0290 00C0      		rjmp .L9
 672               	.LVL61:
 673               	.L73:
 107:quantum/keymap_common.c ****             // Set toggle
 674               		.loc 1 107 55 view .LVU133
 109:quantum/keymap_common.c ****             action.code = ACTION_LAYER_TOGGLE(action_layer);
 675               		.loc 1 109 13 view .LVU134
 110:quantum/keymap_common.c ****             break;
 676               		.loc 1 110 13 view .LVU135
 110:quantum/keymap_common.c ****             break;
 677               		.loc 1 110 27 is_stmt 0 view .LVU136
 678 0292 C1E0      		ldi r28,lo8(1)
 679 0294 D0E0      		ldi r29,0
 680 0296 00C0      		rjmp 2f
 681               		1:
 682 0298 CC0F      		lsl r28
 683 029a DD1F      		rol r29
 684               		2:
 685 029c 2A95      		dec r18
 686 029e 02F4      		brpl 1b
 687 02a0 30E2      		ldi r19,lo8(32)
 688 02a2 939F      		mul r25,r19
 689 02a4 C001      		movw r24,r0
 690 02a6 1124      		clr __zero_reg__
 691               	.LVL62:
 110:quantum/keymap_common.c ****             break;
 692               		.loc 1 110 27 view .LVU137
 693 02a8 C82B      		or r28,r24
 694 02aa D92B      		or r29,r25
 695               	.LVL63:
 110:quantum/keymap_common.c ****             break;
 696               		.loc 1 110 27 view .LVU138
 697 02ac DA68      		ori r29,138
 698               	.LVL64:
 111:quantum/keymap_common.c ****         case QK_ONE_SHOT_LAYER ... QK_ONE_SHOT_LAYER_MAX: ;
 699               		.loc 1 111 13 is_stmt 1 view .LVU139
 700 02ae 00C0      		rjmp .L9
 701               	.LVL65:
 702               	.L19:
 112:quantum/keymap_common.c ****             // OSL(action_layer) - One-shot action_layer
 703               		.loc 1 112 59 view .LVU140
 114:quantum/keymap_common.c ****             action.code = ACTION_LAYER_ONESHOT(action_layer);
 704               		.loc 1 114 13 view .LVU141
 115:quantum/keymap_common.c ****             break;
 705               		.loc 1 115 13 view .LVU142
 115:quantum/keymap_common.c ****             break;
 706               		.loc 1 115 27 is_stmt 0 view .LVU143
 707 02b0 D82F      		mov r29,r24
 708 02b2 CC27      		clr r28
 709               	.LVL66:
 115:quantum/keymap_common.c ****             break;
 710               		.loc 1 115 27 view .LVU144
 711 02b4 C46F      		ori r28,244
 712 02b6 D06A      		ori r29,160
 713               	.LVL67:
 116:quantum/keymap_common.c ****         case QK_ONE_SHOT_MOD ... QK_ONE_SHOT_MOD_MAX: ;
 714               		.loc 1 116 13 is_stmt 1 view .LVU145
 715 02b8 00C0      		rjmp .L9
 716               	.LVL68:
 717               	.L27:
 117:quantum/keymap_common.c ****             // OSM(mod) - One-shot mod
 718               		.loc 1 117 55 view .LVU146
 119:quantum/keymap_common.c ****             action.code = ACTION_MODS_ONESHOT(mod);
 719               		.loc 1 119 13 view .LVU147
 119:quantum/keymap_common.c ****             action.code = ACTION_MODS_ONESHOT(mod);
 720               		.loc 1 119 19 is_stmt 0 view .LVU148
 721 02ba 8C2F      		mov r24,r28
 722 02bc 0E94 0000 		call mod_config
 723               	.LVL69:
 120:quantum/keymap_common.c ****             break;
 724               		.loc 1 120 13 is_stmt 1 view .LVU149
 120:quantum/keymap_common.c ****             break;
 725               		.loc 1 120 27 is_stmt 0 view .LVU150
 726 02c0 C82F      		mov r28,r24
 727               	.LVL70:
 120:quantum/keymap_common.c ****             break;
 728               		.loc 1 120 27 view .LVU151
 729 02c2 D0E0      		ldi r29,0
 730 02c4 DC2F      		mov r29,r28
 731 02c6 CC27      		clr r28
 732 02c8 CC27      		clr r28
 733 02ca DF71      		andi r29,31
 734               	.LVL71:
 735               	.L78:
 132:quantum/keymap_common.c ****             break;
 736               		.loc 1 132 27 view .LVU152
 737 02cc D062      		ori r29,32
 738               	.LVL72:
 133:quantum/keymap_common.c ****     #ifdef BACKLIGHT_ENABLE
 739               		.loc 1 133 13 is_stmt 1 view .LVU153
 740 02ce 00C0      		rjmp .L9
 741               	.LVL73:
 742               	.L26:
 126:quantum/keymap_common.c ****             action_layer = (keycode >> 4) & 0xF;
 743               		.loc 1 126 13 view .LVU154
 126:quantum/keymap_common.c ****             action_layer = (keycode >> 4) & 0xF;
 744               		.loc 1 126 19 is_stmt 0 view .LVU155
 745 02d0 8C2F      		mov r24,r28
 746 02d2 8F70      		andi r24,lo8(15)
 747 02d4 0E94 0000 		call mod_config
 748               	.LVL74:
 127:quantum/keymap_common.c ****             action.code = ACTION_LAYER_MODS(action_layer, mod);
 749               		.loc 1 127 13 is_stmt 1 view .LVU156
 128:quantum/keymap_common.c ****             break;
 750               		.loc 1 128 13 view .LVU157
 127:quantum/keymap_common.c ****             action.code = ACTION_LAYER_MODS(action_layer, mod);
 751               		.loc 1 127 37 is_stmt 0 view .LVU158
 752 02d8 34E0      		ldi r19,4
 753               		1:
 754 02da D695      		lsr r29
 755 02dc C795      		ror r28
 756 02de 3A95      		dec r19
 757 02e0 01F4      		brne 1b
 758               	.LVL75:
 127:quantum/keymap_common.c ****             action.code = ACTION_LAYER_MODS(action_layer, mod);
 759               		.loc 1 127 26 view .LVU159
 760 02e2 9C2F      		mov r25,r28
 761 02e4 9F70      		andi r25,lo8(15)
 128:quantum/keymap_common.c ****             break;
 762               		.loc 1 128 27 view .LVU160
 763 02e6 C82F      		mov r28,r24
 764 02e8 CF70      		andi r28,lo8(15)
 765 02ea C06E      		ori r28,lo8(-32)
 766 02ec D92F      		mov r29,r25
 767 02ee 00C0      		rjmp .L76
 768               	.LVL76:
 769               	.L29:
 156:quantum/keymap_common.c ****             break;
 770               		.loc 1 156 13 is_stmt 1 view .LVU161
 156:quantum/keymap_common.c ****             break;
 771               		.loc 1 156 27 is_stmt 0 view .LVU162
 772 02f0 DD27      		clr r29
 773               	.LVL77:
 156:quantum/keymap_common.c ****             break;
 774               		.loc 1 156 27 view .LVU163
 775 02f2 D066      		ori r29,96
 776               	.LVL78:
 157:quantum/keymap_common.c ****     #endif
 777               		.loc 1 157 13 is_stmt 1 view .LVU164
 778 02f4 00C0      		rjmp .L9
 779               	.LVL79:
 780               	.L39:
  61:quantum/keymap_common.c ****             break;
 781               		.loc 1 61 27 is_stmt 0 view .LVU165
 782 02f6 C1E8      		ldi r28,lo8(-127)
 783 02f8 D0E4      		ldi r29,lo8(64)
 784 02fa 00C0      		rjmp .L9
 785               	.LVL80:
 786               	.L40:
  61:quantum/keymap_common.c ****             break;
 787               		.loc 1 61 27 view .LVU166
 788 02fc C3E8      		ldi r28,lo8(-125)
 789 02fe D0E4      		ldi r29,lo8(64)
 790 0300 00C0      		rjmp .L9
 791               	.LVL81:
 792               	.L41:
  64:quantum/keymap_common.c ****             break;
 793               		.loc 1 64 27 view .LVU167
 794 0302 C2EE      		ldi r28,lo8(-30)
 795 0304 D4E4      		ldi r29,lo8(68)
 796 0306 00C0      		rjmp .L9
 797               	.LVL82:
 798               	.L42:
  64:quantum/keymap_common.c ****             break;
 799               		.loc 1 64 27 view .LVU168
 800 0308 C9EE      		ldi r28,lo8(-23)
 801 030a D4E4      		ldi r29,lo8(68)
 802 030c 00C0      		rjmp .L9
 803               	.LVL83:
 804               	.L43:
  64:quantum/keymap_common.c ****             break;
 805               		.loc 1 64 27 view .LVU169
 806 030e CAEE      		ldi r28,lo8(-22)
 807 0310 D4E4      		ldi r29,lo8(68)
 808 0312 00C0      		rjmp .L9
 809               	.LVL84:
 810               	.L44:
  64:quantum/keymap_common.c ****             break;
 811               		.loc 1 64 27 view .LVU170
 812 0314 C5EB      		ldi r28,lo8(-75)
 813 0316 D4E4      		ldi r29,lo8(68)
 814 0318 00C0      		rjmp .L9
 815               	.LVL85:
 816               	.L45:
  64:quantum/keymap_common.c ****             break;
 817               		.loc 1 64 27 view .LVU171
 818 031a C6EB      		ldi r28,lo8(-74)
 819 031c D4E4      		ldi r29,lo8(68)
 820 031e 00C0      		rjmp .L9
 821               	.LVL86:
 822               	.L46:
  64:quantum/keymap_common.c ****             break;
 823               		.loc 1 64 27 view .LVU172
 824 0320 C3EB      		ldi r28,lo8(-77)
 825 0322 D4E4      		ldi r29,lo8(68)
 826 0324 00C0      		rjmp .L9
 827               	.LVL87:
 828               	.L47:
  64:quantum/keymap_common.c ****             break;
 829               		.loc 1 64 27 view .LVU173
 830 0326 C4EB      		ldi r28,lo8(-76)
 831 0328 D4E4      		ldi r29,lo8(68)
 832 032a 00C0      		rjmp .L9
 833               	.LVL88:
 834               	.L48:
  64:quantum/keymap_common.c ****             break;
 835               		.loc 1 64 27 view .LVU174
 836 032c C7EB      		ldi r28,lo8(-73)
 837 032e D4E4      		ldi r29,lo8(68)
 838 0330 00C0      		rjmp .L9
 839               	.LVL89:
 840               	.L49:
  64:quantum/keymap_common.c ****             break;
 841               		.loc 1 64 27 view .LVU175
 842 0332 CCEC      		ldi r28,lo8(-52)
 843 0334 D4E4      		ldi r29,lo8(68)
 844 0336 00C0      		rjmp .L9
 845               	.LVL90:
 846               	.L50:
  64:quantum/keymap_common.c ****             break;
 847               		.loc 1 64 27 view .LVU176
 848 0338 CDEC      		ldi r28,lo8(-51)
 849 033a D4E4      		ldi r29,lo8(68)
 850 033c 00C0      		rjmp .L9
 851               	.LVL91:
 852               	.L51:
  64:quantum/keymap_common.c ****             break;
 853               		.loc 1 64 27 view .LVU177
 854 033e C3E8      		ldi r28,lo8(-125)
 855 0340 D5E4      		ldi r29,lo8(69)
 856 0342 00C0      		rjmp .L9
 857               	.LVL92:
 858               	.L52:
  64:quantum/keymap_common.c ****             break;
 859               		.loc 1 64 27 view .LVU178
 860 0344 CAE8      		ldi r28,lo8(-118)
 861 0346 D5E4      		ldi r29,lo8(69)
 862 0348 00C0      		rjmp .L9
 863               	.LVL93:
 864               	.L53:
  64:quantum/keymap_common.c ****             break;
 865               		.loc 1 64 27 view .LVU179
 866 034a C2E9      		ldi r28,lo8(-110)
 867 034c D5E4      		ldi r29,lo8(69)
 868 034e 00C0      		rjmp .L9
 869               	.LVL94:
 870               	.L54:
  64:quantum/keymap_common.c ****             break;
 871               		.loc 1 64 27 view .LVU180
 872 0350 C4E9      		ldi r28,lo8(-108)
 873 0352 D5E4      		ldi r29,lo8(69)
 874 0354 00C0      		rjmp .L9
 875               	.LVL95:
 876               	.L55:
  64:quantum/keymap_common.c ****             break;
 877               		.loc 1 64 27 view .LVU181
 878 0356 C1E2      		ldi r28,lo8(33)
 879 0358 D6E4      		ldi r29,lo8(70)
 880 035a 00C0      		rjmp .L9
 881               	.LVL96:
 882               	.L56:
  64:quantum/keymap_common.c ****             break;
 883               		.loc 1 64 27 view .LVU182
 884 035c C3E2      		ldi r28,lo8(35)
 885 035e D6E4      		ldi r29,lo8(70)
 886 0360 00C0      		rjmp .L9
 887               	.LVL97:
 888               	.L57:
  64:quantum/keymap_common.c ****             break;
 889               		.loc 1 64 27 view .LVU183
 890 0362 C4E2      		ldi r28,lo8(36)
 891 0364 D6E4      		ldi r29,lo8(70)
 892 0366 00C0      		rjmp .L9
 893               	.LVL98:
 894               	.L58:
  64:quantum/keymap_common.c ****             break;
 895               		.loc 1 64 27 view .LVU184
 896 0368 C5E2      		ldi r28,lo8(37)
 897 036a D6E4      		ldi r29,lo8(70)
 898 036c 00C0      		rjmp .L9
 899               	.LVL99:
 900               	.L59:
  64:quantum/keymap_common.c ****             break;
 901               		.loc 1 64 27 view .LVU185
 902 036e C6E2      		ldi r28,lo8(38)
 903 0370 D6E4      		ldi r29,lo8(70)
 904 0372 00C0      		rjmp .L9
 905               	.LVL100:
 906               	.L60:
  64:quantum/keymap_common.c ****             break;
 907               		.loc 1 64 27 view .LVU186
 908 0374 C7E2      		ldi r28,lo8(39)
 909 0376 D6E4      		ldi r29,lo8(70)
 910 0378 00C0      		rjmp .L9
 911               	.LVL101:
 912               	.L61:
  64:quantum/keymap_common.c ****             break;
 913               		.loc 1 64 27 view .LVU187
 914 037a CFE6      		ldi r28,lo8(111)
 915 037c D4E4      		ldi r29,lo8(68)
 916 037e 00C0      		rjmp .L9
 917               	.LVL102:
 918               	.L62:
  64:quantum/keymap_common.c ****             break;
 919               		.loc 1 64 27 view .LVU188
 920 0380 C0E7      		ldi r28,lo8(112)
 921 0382 D4E4      		ldi r29,lo8(68)
 922 0384 00C0      		rjmp .L9
 923               	.LVL103:
 924               	.L63:
  64:quantum/keymap_common.c ****             break;
 925               		.loc 1 64 27 view .LVU189
 926 0386 CAE2      		ldi r28,lo8(42)
 927 0388 D6E4      		ldi r29,lo8(70)
 928 038a 00C0      		rjmp .L9
 929               		.cfi_endproc
 930               	.LFE111:
 932               		.weak	fn_actions
 933               		.section	.progmem.data.fn_actions,"a",@progbits
 936               	fn_actions:
 937               		.text
 938               	.Letext0:
 939               		.file 2 "/usr/local/Cellar/avr-gcc/8.1.0/avr/include/stdint.h"
 940               		.file 3 "tmk_core/common/keyboard.h"
 941               		.file 4 "tmk_core/common/keycode.h"
 942               		.file 5 "tmk_core/common/action_code.h"
 943               		.file 6 "/usr/local/Cellar/avr-gcc/8.1.0/lib/avr-gcc/8/gcc/avr/8.1.0/include/stddef.h"
 944               		.file 7 "tmk_core/common/action_macro.h"
 945               		.file 8 "tmk_core/common/action.h"
 946               		.file 9 "lib/lufa/LUFA/Drivers/USB/Core/AVR8/../StdRequestType.h"
 947               		.file 10 "lib/lufa/LUFA/Drivers/USB/Core/AVR8/../DeviceStandardReq.h"
 948               		.file 11 "lib/lufa/LUFA/Drivers/USB/Core/USBTask.h"
 949               		.file 12 "lib/lufa/LUFA/Drivers/USB/Core/HostStandardReq.h"
 950               		.file 13 "/usr/local/Cellar/avr-gcc/8.1.0/avr/include/stdio.h"
 951               		.file 14 "tmk_core/common/report.h"
 952               		.file 15 "tmk_core/common/host.h"
 953               		.file 16 "tmk_core/common/debug.h"
 954               		.file 17 "quantum/keycode_config.h"
 955               		.file 18 "quantum/quantum_keycodes.h"
 956               		.file 19 "quantum/keymap.h"
 957               		.file 20 "tmk_core/common/action_layer.h"
 958               		.file 21 "quantum/rgblight_types.h"
 959               		.file 22 "quantum/rgblight.h"
 960               		.file 23 "tmk_core/common/timer.h"
 961               		.file 24 "tmk_core/common/action_util.h"
 962               		.file 25 "/usr/local/Cellar/avr-gcc/8.1.0/avr/include/stdlib.h"
 963               		.file 26 "quantum/process_keycode/process_unicode_common.h"
 964               		.file 27 "quantum/quantum.h"
DEFINED SYMBOLS
                            *ABS*:0000000000000000 keymap_common.c
/var/folders/_c/44sm70yj4mq2k0mvzts6tsbc0000gn/T//ccfHV0LP.s:2      *ABS*:000000000000003e __SP_H__
/var/folders/_c/44sm70yj4mq2k0mvzts6tsbc0000gn/T//ccfHV0LP.s:3      *ABS*:000000000000003d __SP_L__
/var/folders/_c/44sm70yj4mq2k0mvzts6tsbc0000gn/T//ccfHV0LP.s:4      *ABS*:000000000000003f __SREG__
/var/folders/_c/44sm70yj4mq2k0mvzts6tsbc0000gn/T//ccfHV0LP.s:5      *ABS*:0000000000000000 __tmp_reg__
/var/folders/_c/44sm70yj4mq2k0mvzts6tsbc0000gn/T//ccfHV0LP.s:6      *ABS*:0000000000000001 __zero_reg__
/var/folders/_c/44sm70yj4mq2k0mvzts6tsbc0000gn/T//ccfHV0LP.s:13     .text.action_get_macro:0000000000000000 action_get_macro
/var/folders/_c/44sm70yj4mq2k0mvzts6tsbc0000gn/T//ccfHV0LP.s:37     .text.action_function:0000000000000000 action_function
/var/folders/_c/44sm70yj4mq2k0mvzts6tsbc0000gn/T//ccfHV0LP.s:55     .text.keymap_key_to_keycode:0000000000000000 keymap_key_to_keycode
/var/folders/_c/44sm70yj4mq2k0mvzts6tsbc0000gn/T//ccfHV0LP.s:112    .text.keymap_function_id_to_action:0000000000000000 keymap_function_id_to_action
/var/folders/_c/44sm70yj4mq2k0mvzts6tsbc0000gn/T//ccfHV0LP.s:936    .progmem.data.fn_actions:0000000000000000 fn_actions
/var/folders/_c/44sm70yj4mq2k0mvzts6tsbc0000gn/T//ccfHV0LP.s:153    .text.action_for_key:0000000000000000 action_for_key

UNDEFINED SYMBOLS
keymaps
keycode_config
mod_config
