   1               		.file	"keymap.c"
   2               	__SP_H__ = 0x3e
   3               	__SP_L__ = 0x3d
   4               	__SREG__ = 0x3f
   5               	__tmp_reg__ = 0
   6               	__zero_reg__ = 1
   7               		.text
   8               	.Ltext0:
   9               		.cfi_sections	.debug_frame
  10               		.section	.text.send_chord,"ax",@progbits
  11               	.global	send_chord
  13               	send_chord:
  14               	.LFB124:
  15               		.file 1 "keyboards/ergodox/ez/keymaps/steno/keymap.c"
   1:keyboards/ergodox/ez/keymaps/steno/keymap.c **** #include "ergodox.h"
   2:keyboards/ergodox/ez/keymaps/steno/keymap.c **** #include "debug.h"
   3:keyboards/ergodox/ez/keymaps/steno/keymap.c **** #include "action_layer.h"
   4:keyboards/ergodox/ez/keymaps/steno/keymap.c **** #include "sendchar.h"
   5:keyboards/ergodox/ez/keymaps/steno/keymap.c **** #include "virtser.h"
   6:keyboards/ergodox/ez/keymaps/steno/keymap.c **** 
   7:keyboards/ergodox/ez/keymaps/steno/keymap.c **** #define BASE 0 // default layer
   8:keyboards/ergodox/ez/keymaps/steno/keymap.c **** #define SYMB 1 // symbols
   9:keyboards/ergodox/ez/keymaps/steno/keymap.c **** #define MDIA 2 // media keys
  10:keyboards/ergodox/ez/keymaps/steno/keymap.c **** #define TXBOLT 3 // TxBolt Steno Virtual Serial
  11:keyboards/ergodox/ez/keymaps/steno/keymap.c **** #define TXBOLT2 4 // TxBolt Steno Virtual Serial Alternative Layout
  12:keyboards/ergodox/ez/keymaps/steno/keymap.c **** 
  13:keyboards/ergodox/ez/keymaps/steno/keymap.c **** const uint16_t PROGMEM keymaps[][MATRIX_ROWS][MATRIX_COLS] = {
  14:keyboards/ergodox/ez/keymaps/steno/keymap.c **** /* Keymap 0: Basic layer
  15:keyboards/ergodox/ez/keymaps/steno/keymap.c ****  *
  16:keyboards/ergodox/ez/keymaps/steno/keymap.c ****  * ,--------------------------------------------------.           ,--------------------------------
  17:keyboards/ergodox/ez/keymaps/steno/keymap.c ****  * |   =    |   1  |   2  |   3  |   4  |   5  | LEFT |           | RIGHT|   6  |   7  |   8  |   9
  18:keyboards/ergodox/ez/keymaps/steno/keymap.c ****  * |--------+------+------+------+------+-------------|           |------+------+------+------+----
  19:keyboards/ergodox/ez/keymaps/steno/keymap.c ****  * | Del    |   Q  |   W  |   E  |   R  |   T  |  L1  |           |  TX  |   Y  |   U  |   I  |   O
  20:keyboards/ergodox/ez/keymaps/steno/keymap.c ****  * |--------+------+------+------+------+------|      |           | BOLT |------+------+------+----
  21:keyboards/ergodox/ez/keymaps/steno/keymap.c ****  * | BkSp   |   A  |   S  |   D  |   F  |   G  |------|           |------|   H  |   J  |   K  |   L
  22:keyboards/ergodox/ez/keymaps/steno/keymap.c ****  * |--------+------+------+------+------+------| Hyper|           | Meh  |------+------+------+----
  23:keyboards/ergodox/ez/keymaps/steno/keymap.c ****  * | LShift |Z/Ctrl|   X  |   C  |   V  |   B  |      |           |      |   N  |   M  |   ,  |   .
  24:keyboards/ergodox/ez/keymaps/steno/keymap.c ****  * `--------+------+------+------+------+-------------'           `-------------+------+------+----
  25:keyboards/ergodox/ez/keymaps/steno/keymap.c ****  *   |Grv/L1|  '"  |AltShf| Left | Right|                                       |  Up  | Down |   [
  26:keyboards/ergodox/ez/keymaps/steno/keymap.c ****  *   `----------------------------------'                                       `------------------
  27:keyboards/ergodox/ez/keymaps/steno/keymap.c ****  *                                        ,-------------.       ,-------------.
  28:keyboards/ergodox/ez/keymaps/steno/keymap.c ****  *                                        | App  | LGui |       | Alt  |Ctrl/Esc|
  29:keyboards/ergodox/ez/keymaps/steno/keymap.c ****  *                                 ,------|------|------|       |------+--------+------.
  30:keyboards/ergodox/ez/keymaps/steno/keymap.c ****  *                                 |      |      | Home |       | PgUp |        |      |
  31:keyboards/ergodox/ez/keymaps/steno/keymap.c ****  *                                 | Space|Backsp|------|       |------|  Tab   |Enter |
  32:keyboards/ergodox/ez/keymaps/steno/keymap.c ****  *                                 |      |ace   | End  |       | PgDn |        |      |
  33:keyboards/ergodox/ez/keymaps/steno/keymap.c ****  *                                 `--------------------'       `----------------------'
  34:keyboards/ergodox/ez/keymaps/steno/keymap.c ****  */
  35:keyboards/ergodox/ez/keymaps/steno/keymap.c **** // If it accepts an argument (i.e, is a function), it doesn't need KC_.
  36:keyboards/ergodox/ez/keymaps/steno/keymap.c **** // Otherwise, it needs KC_*
  37:keyboards/ergodox/ez/keymaps/steno/keymap.c **** [BASE] = KEYMAP(  // layer 0 : default
  38:keyboards/ergodox/ez/keymaps/steno/keymap.c ****         // left hand
  39:keyboards/ergodox/ez/keymaps/steno/keymap.c ****         KC_EQL,         KC_1,         KC_2,   KC_3,   KC_4,   KC_5,   KC_LEFT,
  40:keyboards/ergodox/ez/keymaps/steno/keymap.c ****         KC_DELT,        KC_Q,         KC_W,   KC_E,   KC_R,   KC_T,   TG(SYMB),
  41:keyboards/ergodox/ez/keymaps/steno/keymap.c ****         KC_BSPC,        KC_A,         KC_S,   KC_D,   KC_F,   KC_G,
  42:keyboards/ergodox/ez/keymaps/steno/keymap.c ****         KC_LSFT,        CTL_T(KC_Z),  KC_X,   KC_C,   KC_V,   KC_B,   ALL_T(KC_NO),
  43:keyboards/ergodox/ez/keymaps/steno/keymap.c ****         LT(SYMB,KC_GRV),KC_QUOT,      LALT(KC_LSFT),  KC_LEFT,KC_RGHT,
  44:keyboards/ergodox/ez/keymaps/steno/keymap.c ****                                               ALT_T(KC_APP),  KC_LGUI,
  45:keyboards/ergodox/ez/keymaps/steno/keymap.c ****                                                               KC_HOME,
  46:keyboards/ergodox/ez/keymaps/steno/keymap.c ****                                                KC_SPC,KC_BSPC,KC_END,
  47:keyboards/ergodox/ez/keymaps/steno/keymap.c ****         // right hand
  48:keyboards/ergodox/ez/keymaps/steno/keymap.c ****              KC_RGHT,     KC_6,   KC_7,   KC_8,   KC_9,   KC_0,             KC_MINS,
  49:keyboards/ergodox/ez/keymaps/steno/keymap.c ****              TG(TXBOLT),  KC_Y,   KC_U,   KC_I,   KC_O,   KC_P,             KC_BSLS,
  50:keyboards/ergodox/ez/keymaps/steno/keymap.c ****                           KC_H,   KC_J,   KC_K,   KC_L,   LT(MDIA, KC_SCLN),GUI_T(KC_QUOT),
  51:keyboards/ergodox/ez/keymaps/steno/keymap.c ****              MEH_T(KC_NO),KC_N,   KC_M,   KC_COMM,KC_DOT, CTL_T(KC_SLSH),   KC_RSFT,
  52:keyboards/ergodox/ez/keymaps/steno/keymap.c ****                                   KC_UP,  KC_DOWN,KC_LBRC,KC_RBRC,          KC_FN1,
  53:keyboards/ergodox/ez/keymaps/steno/keymap.c ****              KC_LALT,        CTL_T(KC_ESC),
  54:keyboards/ergodox/ez/keymaps/steno/keymap.c ****              KC_PGUP,
  55:keyboards/ergodox/ez/keymaps/steno/keymap.c ****              KC_PGDN,KC_TAB, KC_ENT
  56:keyboards/ergodox/ez/keymaps/steno/keymap.c ****     ),
  57:keyboards/ergodox/ez/keymaps/steno/keymap.c **** /* Keymap 1: Symbol Layer
  58:keyboards/ergodox/ez/keymaps/steno/keymap.c ****  *
  59:keyboards/ergodox/ez/keymaps/steno/keymap.c ****  * ,--------------------------------------------------.           ,--------------------------------
  60:keyboards/ergodox/ez/keymaps/steno/keymap.c ****  * |Version |  F1  |  F2  |  F3  |  F4  |  F5  |      |           |      |  F6  |  F7  |  F8  |  F9
  61:keyboards/ergodox/ez/keymaps/steno/keymap.c ****  * |--------+------+------+------+------+-------------|           |------+------+------+------+----
  62:keyboards/ergodox/ez/keymaps/steno/keymap.c ****  * |        |   !  |   @  |   {  |   }  |   |  |      |           |      |   Up |   7  |   8  |   9
  63:keyboards/ergodox/ez/keymaps/steno/keymap.c ****  * |--------+------+------+------+------+------|      |           |      |------+------+------+----
  64:keyboards/ergodox/ez/keymaps/steno/keymap.c ****  * |        |   #  |   $  |   (  |   )  |   `  |------|           |------| Down |   4  |   5  |   6
  65:keyboards/ergodox/ez/keymaps/steno/keymap.c ****  * |--------+------+------+------+------+------|      |           |      |------+------+------+----
  66:keyboards/ergodox/ez/keymaps/steno/keymap.c ****  * |        |   %  |   ^  |   [  |   ]  |   ~  |      |           |      |   &  |   1  |   2  |   3
  67:keyboards/ergodox/ez/keymaps/steno/keymap.c ****  * `--------+------+------+------+------+-------------'           `-------------+------+------+----
  68:keyboards/ergodox/ez/keymaps/steno/keymap.c ****  *   |      |      |      |      |      |                                       |      |    . |   0
  69:keyboards/ergodox/ez/keymaps/steno/keymap.c ****  *   `----------------------------------'                                       `------------------
  70:keyboards/ergodox/ez/keymaps/steno/keymap.c ****  *                                        ,-------------.       ,-------------.
  71:keyboards/ergodox/ez/keymaps/steno/keymap.c ****  *                                        |      |      |       |      |      |
  72:keyboards/ergodox/ez/keymaps/steno/keymap.c ****  *                                 ,------|------|------|       |------+------+------.
  73:keyboards/ergodox/ez/keymaps/steno/keymap.c ****  *                                 |      |      |      |       |      |      |      |
  74:keyboards/ergodox/ez/keymaps/steno/keymap.c ****  *                                 |      |      |------|       |------|      |      |
  75:keyboards/ergodox/ez/keymaps/steno/keymap.c ****  *                                 |      |      |      |       |      |      |      |
  76:keyboards/ergodox/ez/keymaps/steno/keymap.c ****  *                                 `--------------------'       `--------------------'
  77:keyboards/ergodox/ez/keymaps/steno/keymap.c ****  */
  78:keyboards/ergodox/ez/keymaps/steno/keymap.c **** // SYMBOLS
  79:keyboards/ergodox/ez/keymaps/steno/keymap.c **** [SYMB] = KEYMAP(
  80:keyboards/ergodox/ez/keymaps/steno/keymap.c ****        // left hand
  81:keyboards/ergodox/ez/keymaps/steno/keymap.c ****        M(0),   KC_F1,  KC_F2,  KC_F3,  KC_F4,  KC_F5,  KC_TRNS,
  82:keyboards/ergodox/ez/keymaps/steno/keymap.c ****        KC_TRNS,KC_EXLM,KC_AT,  KC_LCBR,KC_RCBR,KC_PIPE,KC_TRNS,
  83:keyboards/ergodox/ez/keymaps/steno/keymap.c ****        KC_TRNS,KC_HASH,KC_DLR, KC_LPRN,KC_RPRN,KC_GRV,
  84:keyboards/ergodox/ez/keymaps/steno/keymap.c ****        KC_TRNS,KC_PERC,KC_CIRC,KC_LBRC,KC_RBRC,KC_TILD,KC_TRNS,
  85:keyboards/ergodox/ez/keymaps/steno/keymap.c ****        KC_TRNS,KC_TRNS,KC_TRNS,KC_TRNS,KC_TRNS,
  86:keyboards/ergodox/ez/keymaps/steno/keymap.c ****                                        KC_TRNS,KC_TRNS,
  87:keyboards/ergodox/ez/keymaps/steno/keymap.c ****                                                KC_TRNS,
  88:keyboards/ergodox/ez/keymaps/steno/keymap.c ****                                KC_TRNS,KC_TRNS,KC_TRNS,
  89:keyboards/ergodox/ez/keymaps/steno/keymap.c ****        // right hand
  90:keyboards/ergodox/ez/keymaps/steno/keymap.c ****        KC_TRNS, KC_F6,   KC_F7,  KC_F8,   KC_F9,   KC_F10,  KC_F11,
  91:keyboards/ergodox/ez/keymaps/steno/keymap.c ****        KC_TRNS, KC_UP,   KC_7,   KC_8,    KC_9,    KC_ASTR, KC_F12,
  92:keyboards/ergodox/ez/keymaps/steno/keymap.c ****                 KC_DOWN, KC_4,   KC_5,    KC_6,    KC_PLUS, KC_TRNS,
  93:keyboards/ergodox/ez/keymaps/steno/keymap.c ****        KC_TRNS, KC_AMPR, KC_1,   KC_2,    KC_3,    KC_BSLS, KC_TRNS,
  94:keyboards/ergodox/ez/keymaps/steno/keymap.c ****                          KC_TRNS,KC_DOT,  KC_0,    KC_EQL,  KC_TRNS,
  95:keyboards/ergodox/ez/keymaps/steno/keymap.c ****        KC_TRNS, KC_TRNS,
  96:keyboards/ergodox/ez/keymaps/steno/keymap.c ****        KC_TRNS,
  97:keyboards/ergodox/ez/keymaps/steno/keymap.c ****        KC_TRNS, KC_TRNS, KC_TRNS
  98:keyboards/ergodox/ez/keymaps/steno/keymap.c **** ),
  99:keyboards/ergodox/ez/keymaps/steno/keymap.c **** /* Keymap 2: Media and mouse keys
 100:keyboards/ergodox/ez/keymaps/steno/keymap.c ****  *
 101:keyboards/ergodox/ez/keymaps/steno/keymap.c ****  * ,--------------------------------------------------.           ,--------------------------------
 102:keyboards/ergodox/ez/keymaps/steno/keymap.c ****  * | RESET  |      |      |      |      |      |      |           |      |      |      |      |    
 103:keyboards/ergodox/ez/keymaps/steno/keymap.c ****  * |--------+------+------+------+------+-------------|           |------+------+------+------+----
 104:keyboards/ergodox/ez/keymaps/steno/keymap.c ****  * |        |      |      | MsUp |      |      |      |           |      |      |      |      |    
 105:keyboards/ergodox/ez/keymaps/steno/keymap.c ****  * |--------+------+------+------+------+------|      |           |      |------+------+------+----
 106:keyboards/ergodox/ez/keymaps/steno/keymap.c ****  * |        |      |MsLeft|MsDown|MsRght|      |------|           |------|      |      |      |    
 107:keyboards/ergodox/ez/keymaps/steno/keymap.c ****  * |--------+------+------+------+------+------|      |           |      |------+------+------+----
 108:keyboards/ergodox/ez/keymaps/steno/keymap.c ****  * |        |      |      |      |      |      |      |           |      |      |      | Prev | Nex
 109:keyboards/ergodox/ez/keymaps/steno/keymap.c ****  * `--------+------+------+------+------+-------------'           `-------------+------+------+----
 110:keyboards/ergodox/ez/keymaps/steno/keymap.c ****  *   |      |      |      | Lclk | Rclk |                                       |VolUp |VolDn | Mut
 111:keyboards/ergodox/ez/keymaps/steno/keymap.c ****  *   `----------------------------------'                                       `------------------
 112:keyboards/ergodox/ez/keymaps/steno/keymap.c ****  *                                        ,-------------.       ,-------------.
 113:keyboards/ergodox/ez/keymaps/steno/keymap.c ****  *                                        |      |      |       |      |      |
 114:keyboards/ergodox/ez/keymaps/steno/keymap.c ****  *                                 ,------|------|------|       |------+------+------.
 115:keyboards/ergodox/ez/keymaps/steno/keymap.c ****  *                                 |      |      |      |       |      |      |Brwser|
 116:keyboards/ergodox/ez/keymaps/steno/keymap.c ****  *                                 |      |      |------|       |------|      |Back  |
 117:keyboards/ergodox/ez/keymaps/steno/keymap.c ****  *                                 |      |      |      |       |      |      |      |
 118:keyboards/ergodox/ez/keymaps/steno/keymap.c ****  *                                 `--------------------'       `--------------------'
 119:keyboards/ergodox/ez/keymaps/steno/keymap.c ****  */
 120:keyboards/ergodox/ez/keymaps/steno/keymap.c **** // MEDIA AND MOUSE
 121:keyboards/ergodox/ez/keymaps/steno/keymap.c **** [MDIA] = KEYMAP(
 122:keyboards/ergodox/ez/keymaps/steno/keymap.c ****        RESET,   KC_TRNS, KC_TRNS, KC_TRNS, KC_TRNS, KC_TRNS, KC_TRNS,
 123:keyboards/ergodox/ez/keymaps/steno/keymap.c ****        KC_TRNS, KC_TRNS, KC_TRNS, KC_MS_U, KC_TRNS, KC_TRNS, KC_TRNS,
 124:keyboards/ergodox/ez/keymaps/steno/keymap.c ****        KC_TRNS, KC_TRNS, KC_MS_L, KC_MS_D, KC_MS_R, KC_TRNS,
 125:keyboards/ergodox/ez/keymaps/steno/keymap.c ****        KC_TRNS, KC_TRNS, KC_TRNS, KC_TRNS, KC_TRNS, KC_TRNS, KC_TRNS,
 126:keyboards/ergodox/ez/keymaps/steno/keymap.c ****        KC_TRNS, KC_TRNS, KC_TRNS, KC_BTN1, KC_BTN2,
 127:keyboards/ergodox/ez/keymaps/steno/keymap.c ****                                            KC_TRNS, KC_TRNS,
 128:keyboards/ergodox/ez/keymaps/steno/keymap.c ****                                                     KC_TRNS,
 129:keyboards/ergodox/ez/keymaps/steno/keymap.c ****                                   KC_TRNS, KC_TRNS, KC_TRNS,
 130:keyboards/ergodox/ez/keymaps/steno/keymap.c ****     // right hand
 131:keyboards/ergodox/ez/keymaps/steno/keymap.c ****        KC_TRNS,  KC_TRNS, KC_TRNS, KC_TRNS, KC_TRNS, KC_TRNS, KC_TRNS,
 132:keyboards/ergodox/ez/keymaps/steno/keymap.c ****        KC_TRNS,  KC_TRNS, KC_TRNS, KC_TRNS, KC_TRNS, KC_TRNS, KC_TRNS,
 133:keyboards/ergodox/ez/keymaps/steno/keymap.c ****                  KC_TRNS, KC_TRNS, KC_TRNS, KC_TRNS, KC_TRNS, KC_MPLY,
 134:keyboards/ergodox/ez/keymaps/steno/keymap.c ****        KC_TRNS,  KC_TRNS, KC_TRNS, KC_MPRV, KC_MNXT, KC_TRNS, KC_TRNS,
 135:keyboards/ergodox/ez/keymaps/steno/keymap.c ****                           KC_VOLU, KC_VOLD, KC_MUTE, KC_TRNS, KC_TRNS,
 136:keyboards/ergodox/ez/keymaps/steno/keymap.c ****        KC_TRNS, KC_TRNS,
 137:keyboards/ergodox/ez/keymaps/steno/keymap.c ****        KC_TRNS,
 138:keyboards/ergodox/ez/keymaps/steno/keymap.c ****        KC_TRNS, KC_TRNS, KC_WBAK
 139:keyboards/ergodox/ez/keymaps/steno/keymap.c **** ),
 140:keyboards/ergodox/ez/keymaps/steno/keymap.c **** // TxBolt Codes
 141:keyboards/ergodox/ez/keymaps/steno/keymap.c **** #define Sl 0b00000001
 142:keyboards/ergodox/ez/keymaps/steno/keymap.c **** #define Tl 0b00000010
 143:keyboards/ergodox/ez/keymaps/steno/keymap.c **** #define Kl 0b00000100
 144:keyboards/ergodox/ez/keymaps/steno/keymap.c **** #define Pl 0b00001000
 145:keyboards/ergodox/ez/keymaps/steno/keymap.c **** #define Wl 0b00010000
 146:keyboards/ergodox/ez/keymaps/steno/keymap.c **** #define Hl 0b00100000
 147:keyboards/ergodox/ez/keymaps/steno/keymap.c **** #define Rl 0b01000001
 148:keyboards/ergodox/ez/keymaps/steno/keymap.c **** #define Al 0b01000010
 149:keyboards/ergodox/ez/keymaps/steno/keymap.c **** #define Ol 0b01000100
 150:keyboards/ergodox/ez/keymaps/steno/keymap.c **** #define X  0b01001000
 151:keyboards/ergodox/ez/keymaps/steno/keymap.c **** #define Er 0b01010000
 152:keyboards/ergodox/ez/keymaps/steno/keymap.c **** #define Ur 0b01100000
 153:keyboards/ergodox/ez/keymaps/steno/keymap.c **** #define Fr 0b10000001
 154:keyboards/ergodox/ez/keymaps/steno/keymap.c **** #define Rr 0b10000010
 155:keyboards/ergodox/ez/keymaps/steno/keymap.c **** #define Pr 0b10000100
 156:keyboards/ergodox/ez/keymaps/steno/keymap.c **** #define Br 0b10001000
 157:keyboards/ergodox/ez/keymaps/steno/keymap.c **** #define Lr 0b10010000
 158:keyboards/ergodox/ez/keymaps/steno/keymap.c **** #define Gr 0b10100000
 159:keyboards/ergodox/ez/keymaps/steno/keymap.c **** #define Tr 0b11000001
 160:keyboards/ergodox/ez/keymaps/steno/keymap.c **** #define Sr 0b11000010
 161:keyboards/ergodox/ez/keymaps/steno/keymap.c **** #define Dr 0b11000100
 162:keyboards/ergodox/ez/keymaps/steno/keymap.c **** #define Zr 0b11001000
 163:keyboards/ergodox/ez/keymaps/steno/keymap.c **** #define NM 0b11010000
 164:keyboards/ergodox/ez/keymaps/steno/keymap.c **** #define GRPMASK 0b11000000
 165:keyboards/ergodox/ez/keymaps/steno/keymap.c **** #define GRP0 0b00000000
 166:keyboards/ergodox/ez/keymaps/steno/keymap.c **** #define GRP1 0b01000000
 167:keyboards/ergodox/ez/keymaps/steno/keymap.c **** #define GRP2 0b10000000
 168:keyboards/ergodox/ez/keymaps/steno/keymap.c **** #define GRP3 0b11000000
 169:keyboards/ergodox/ez/keymaps/steno/keymap.c **** /* Keymap 3: TxBolt (Serial)
 170:keyboards/ergodox/ez/keymaps/steno/keymap.c ****  *
 171:keyboards/ergodox/ez/keymaps/steno/keymap.c ****  * ,--------------------------------------------------.           ,--------------------------------
 172:keyboards/ergodox/ez/keymaps/steno/keymap.c ****  * | BKSPC  |      |      |      |      |      |      |           |      |      |      |      |    
 173:keyboards/ergodox/ez/keymaps/steno/keymap.c ****  * |--------+------+------+------+------+-------------|           |------+------+------+------+----
 174:keyboards/ergodox/ez/keymaps/steno/keymap.c ****  * |        |   #  |   #  |   #  |   #  |   #  |      |           |      |   #  |   #  |   #  |   #
 175:keyboards/ergodox/ez/keymaps/steno/keymap.c ****  * |--------+------+------+------+------+------|      |           |      |------+------+------+----
 176:keyboards/ergodox/ez/keymaps/steno/keymap.c ****  * |        |   S  |   T  |   P  |   H  |   *  |------|           |------|   *  |   F  |   P  |   L
 177:keyboards/ergodox/ez/keymaps/steno/keymap.c ****  * |--------+------+------+------+------+------|      |           |      |------+------+------+----
 178:keyboards/ergodox/ez/keymaps/steno/keymap.c ****  * |        |   S  |   K  |   W  |   R  |   *  |      |           |      |   *  |   R  |   B  |   G
 179:keyboards/ergodox/ez/keymaps/steno/keymap.c ****  * `--------+------+------+------+------+-------------'           `-------------+------+------+----
 180:keyboards/ergodox/ez/keymaps/steno/keymap.c ****  *   |      |      |      |      |      |                                       |      |      |    
 181:keyboards/ergodox/ez/keymaps/steno/keymap.c ****  *   `----------------------------------'                                       `------------------
 182:keyboards/ergodox/ez/keymaps/steno/keymap.c ****  *                                        ,-------------.       ,-------------.
 183:keyboards/ergodox/ez/keymaps/steno/keymap.c ****  *                                        |      |      |       |      |      |
 184:keyboards/ergodox/ez/keymaps/steno/keymap.c ****  *                                 ,------|------|------|       |------+------+------.
 185:keyboards/ergodox/ez/keymaps/steno/keymap.c ****  *                                 |      |      |      |       |      |      |      |
 186:keyboards/ergodox/ez/keymaps/steno/keymap.c ****  *                                 |   A  |   O  |------|       |------|   E  |   U  |
 187:keyboards/ergodox/ez/keymaps/steno/keymap.c ****  *                                 |      |      |      |       |      |      |      |
 188:keyboards/ergodox/ez/keymaps/steno/keymap.c ****  *                                 `--------------------'       `--------------------'
 189:keyboards/ergodox/ez/keymaps/steno/keymap.c ****  */
 190:keyboards/ergodox/ez/keymaps/steno/keymap.c **** // TxBolt over Serial
 191:keyboards/ergodox/ez/keymaps/steno/keymap.c **** [TXBOLT] = KEYMAP(
 192:keyboards/ergodox/ez/keymaps/steno/keymap.c ****        KC_BSPC, KC_NO,   KC_NO,   KC_NO,   KC_NO,   KC_NO,   KC_NO,  
 193:keyboards/ergodox/ez/keymaps/steno/keymap.c ****        KC_NO,   M(NM),   M(NM),   M(NM),   M(NM),   M(NM),  KC_NO,  
 194:keyboards/ergodox/ez/keymaps/steno/keymap.c ****        KC_NO,   M(Sl),   M(Tl),   M(Pl),   M(Hl),   M(X),
 195:keyboards/ergodox/ez/keymaps/steno/keymap.c ****        KC_NO,   M(Sl),   M(Kl),   M(Wl),   M(Rl),   M(X),   KC_NO,
 196:keyboards/ergodox/ez/keymaps/steno/keymap.c ****        KC_NO,   KC_NO,   KC_NO,   KC_NO,   KC_NO,
 197:keyboards/ergodox/ez/keymaps/steno/keymap.c ****                                            KC_NO,   KC_NO,  
 198:keyboards/ergodox/ez/keymaps/steno/keymap.c ****                                                     KC_NO,  
 199:keyboards/ergodox/ez/keymaps/steno/keymap.c ****                                   M(Al),   M(Ol),   KC_NO,  
 200:keyboards/ergodox/ez/keymaps/steno/keymap.c ****     // right hand
 201:keyboards/ergodox/ez/keymaps/steno/keymap.c ****        KC_NO,    KC_NO,   KC_NO,   KC_NO,   KC_NO,   KC_NO,   KC_NO,  
 202:keyboards/ergodox/ez/keymaps/steno/keymap.c ****        KC_TRNS,  M(NM),   M(NM),   M(NM),   M(NM),   M(NM),   M(NM),
 203:keyboards/ergodox/ez/keymaps/steno/keymap.c ****                  M(X),    M(Fr),   M(Pr),   M(Lr),   M(Tr),   M(Dr),
 204:keyboards/ergodox/ez/keymaps/steno/keymap.c ****        KC_NO,    M(X),    M(Rr),   M(Br),   M(Gr),   M(Sr),   M(Zr),
 205:keyboards/ergodox/ez/keymaps/steno/keymap.c ****                           KC_NO,   KC_NO,   KC_NO,   KC_NO,   KC_NO,  
 206:keyboards/ergodox/ez/keymaps/steno/keymap.c ****        KC_NO,   KC_NO,  
 207:keyboards/ergodox/ez/keymaps/steno/keymap.c ****        KC_NO,  
 208:keyboards/ergodox/ez/keymaps/steno/keymap.c ****        KC_NO,   M(Er),   M(Ur)
 209:keyboards/ergodox/ez/keymaps/steno/keymap.c **** ),
 210:keyboards/ergodox/ez/keymaps/steno/keymap.c **** /* Keymap 4: TxBolt (Serial) Alternative
 211:keyboards/ergodox/ez/keymaps/steno/keymap.c ****  *
 212:keyboards/ergodox/ez/keymaps/steno/keymap.c ****  * ,--------------------------------------------------.           ,--------------------------------
 213:keyboards/ergodox/ez/keymaps/steno/keymap.c ****  * |        |   #  |   #  |   #  |   #  |   #  |      |           |      |   #  |   #  |   #  |   #
 214:keyboards/ergodox/ez/keymaps/steno/keymap.c ****  * |--------+------+------+------+------+-------------|           |------+------+------+------+----
 215:keyboards/ergodox/ez/keymaps/steno/keymap.c ****  * |        |   S  |   T  |   P  |   H  |   *  |      |           |      |   *  |   F  |   P  |   L
 216:keyboards/ergodox/ez/keymaps/steno/keymap.c ****  * |--------+------+------+------+------+------|      |           |      |------+------+------+----
 217:keyboards/ergodox/ez/keymaps/steno/keymap.c ****  * |        |   S  |   K  |   W  |   R  |   *  |------|           |------|   *  |   R  |   B  |   G
 218:keyboards/ergodox/ez/keymaps/steno/keymap.c ****  * |--------+------+------+------+------+------|      |           |      |------+------+------+----
 219:keyboards/ergodox/ez/keymaps/steno/keymap.c ****  * |        |      |      |      |      |      |      |           |      |      |      |      |    
 220:keyboards/ergodox/ez/keymaps/steno/keymap.c ****  * `--------+------+------+------+------+-------------'           `-------------+------+------+----
 221:keyboards/ergodox/ez/keymaps/steno/keymap.c ****  *   |      |      |      |   A  |   O  |                                       |   E  |   U  |    
 222:keyboards/ergodox/ez/keymaps/steno/keymap.c ****  *   `----------------------------------'                                       `------------------
 223:keyboards/ergodox/ez/keymaps/steno/keymap.c ****  *                                        ,-------------.       ,-------------.
 224:keyboards/ergodox/ez/keymaps/steno/keymap.c ****  *                                        |      |      |       |      |      |
 225:keyboards/ergodox/ez/keymaps/steno/keymap.c ****  *                                 ,------|------|------|       |------+------+------.
 226:keyboards/ergodox/ez/keymaps/steno/keymap.c ****  *                                 |      |      |      |       |      |      |      |
 227:keyboards/ergodox/ez/keymaps/steno/keymap.c ****  *                                 |      |      |------|       |------|      |      |
 228:keyboards/ergodox/ez/keymaps/steno/keymap.c ****  *                                 |      |      |      |       |      |      |      |
 229:keyboards/ergodox/ez/keymaps/steno/keymap.c ****  *                                 `--------------------'       `--------------------'
 230:keyboards/ergodox/ez/keymaps/steno/keymap.c ****  */
 231:keyboards/ergodox/ez/keymaps/steno/keymap.c **** // TxBolt over Serial
 232:keyboards/ergodox/ez/keymaps/steno/keymap.c **** [TXBOLT2] = KEYMAP(
 233:keyboards/ergodox/ez/keymaps/steno/keymap.c ****        KC_NO,   M(NM),   M(NM),   M(NM),   M(NM),   M(NM),  KC_NO,  
 234:keyboards/ergodox/ez/keymaps/steno/keymap.c ****        KC_NO,   M(Sl),   M(Tl),   M(Pl),   M(Hl),   M(X),   KC_NO,  
 235:keyboards/ergodox/ez/keymaps/steno/keymap.c ****        KC_NO,   M(Sl),   M(Kl),   M(Wl),   M(Rl),   M(X),
 236:keyboards/ergodox/ez/keymaps/steno/keymap.c ****        KC_NO,   KC_NO,   KC_NO,   KC_NO,   KC_NO,   KC_NO,   KC_NO,  
 237:keyboards/ergodox/ez/keymaps/steno/keymap.c ****        KC_NO,   KC_NO,   KC_NO,   M(Al),   M(Ol),
 238:keyboards/ergodox/ez/keymaps/steno/keymap.c ****                                            KC_NO,   KC_NO,  
 239:keyboards/ergodox/ez/keymaps/steno/keymap.c ****                                                     KC_NO,  
 240:keyboards/ergodox/ez/keymaps/steno/keymap.c ****                                   KC_NO,   KC_NO,   KC_NO,  
 241:keyboards/ergodox/ez/keymaps/steno/keymap.c ****     // right hand
 242:keyboards/ergodox/ez/keymaps/steno/keymap.c ****        KC_NO,    M(NM),   M(NM),   M(NM),   M(NM),   M(NM),   M(NM),
 243:keyboards/ergodox/ez/keymaps/steno/keymap.c ****        KC_TRNS,  M(X),    M(Fr),   M(Pr),   M(Lr),   M(Tr),   M(Dr),
 244:keyboards/ergodox/ez/keymaps/steno/keymap.c ****                  M(X),    M(Rr),   M(Br),   M(Gr),   M(Sr),   M(Zr),
 245:keyboards/ergodox/ez/keymaps/steno/keymap.c ****        KC_NO,    KC_NO,   KC_NO,   KC_NO,   KC_NO,   KC_NO,   KC_NO,  
 246:keyboards/ergodox/ez/keymaps/steno/keymap.c ****                           M(Er),   M(Ur),   KC_NO,   KC_NO,   KC_NO,  
 247:keyboards/ergodox/ez/keymaps/steno/keymap.c ****        KC_NO,   KC_NO,  
 248:keyboards/ergodox/ez/keymaps/steno/keymap.c ****        KC_NO,  
 249:keyboards/ergodox/ez/keymaps/steno/keymap.c ****        KC_NO,   KC_NO,   KC_NO
 250:keyboards/ergodox/ez/keymaps/steno/keymap.c **** ),
 251:keyboards/ergodox/ez/keymaps/steno/keymap.c **** };
 252:keyboards/ergodox/ez/keymaps/steno/keymap.c **** 
 253:keyboards/ergodox/ez/keymaps/steno/keymap.c **** const uint16_t PROGMEM fn_actions[] = {
 254:keyboards/ergodox/ez/keymaps/steno/keymap.c ****     [1] = ACTION_LAYER_TAP_TOGGLE(SYMB)                // FN1 - Momentary Layer 1 (Symbols)
 255:keyboards/ergodox/ez/keymaps/steno/keymap.c **** };
 256:keyboards/ergodox/ez/keymaps/steno/keymap.c **** 
 257:keyboards/ergodox/ez/keymaps/steno/keymap.c **** uint8_t chord[4] = {0,0,0,0};
 258:keyboards/ergodox/ez/keymaps/steno/keymap.c **** uint8_t pressed_count = 0;
 259:keyboards/ergodox/ez/keymaps/steno/keymap.c **** 
 260:keyboards/ergodox/ez/keymaps/steno/keymap.c **** void send_chord(void)
 261:keyboards/ergodox/ez/keymaps/steno/keymap.c **** {
  16               		.loc 1 261 0
  17               		.cfi_startproc
  18 0000 CF93      		push r28
  19               	.LCFI0:
  20               		.cfi_def_cfa_offset 3
  21               		.cfi_offset 28, -2
  22 0002 DF93      		push r29
  23               	.LCFI1:
  24               		.cfi_def_cfa_offset 4
  25               		.cfi_offset 29, -3
  26               	/* prologue: function */
  27               	/* frame size = 0 */
  28               	/* stack size = 2 */
  29               	.L__stack_usage = 2
  30               	.LVL0:
  31 0004 C0E0      		ldi r28,lo8(chord)
  32 0006 D0E0      		ldi r29,hi8(chord)
  33               	.LVL1:
  34               	.L3:
  35               	.LBB14:
 262:keyboards/ergodox/ez/keymaps/steno/keymap.c ****   for(uint8_t i = 0; i < 4; i++)
 263:keyboards/ergodox/ez/keymaps/steno/keymap.c ****   {
 264:keyboards/ergodox/ez/keymaps/steno/keymap.c ****     if(chord[i])
  36               		.loc 1 264 0
  37 0008 8991      		ld r24,Y+
  38               	.LVL2:
  39 000a 8111      		cpse r24,__zero_reg__
 265:keyboards/ergodox/ez/keymaps/steno/keymap.c ****       virtser_send(chord[i]);
  40               		.loc 1 265 0
  41 000c 0E94 0000 		call virtser_send
  42               	.LVL3:
  43               	.L2:
 262:keyboards/ergodox/ez/keymaps/steno/keymap.c ****   for(uint8_t i = 0; i < 4; i++)
  44               		.loc 1 262 0 discriminator 2
  45 0010 80E0      		ldi r24,hi8(chord+4)
  46 0012 C030      		cpi r28,lo8(chord+4)
  47 0014 D807      		cpc r29,r24
  48 0016 01F4      		brne .L3
  49               	.LBE14:
 266:keyboards/ergodox/ez/keymaps/steno/keymap.c ****   }
 267:keyboards/ergodox/ez/keymaps/steno/keymap.c ****   virtser_send(0);
  50               		.loc 1 267 0
  51 0018 80E0      		ldi r24,0
  52               	/* epilogue start */
 268:keyboards/ergodox/ez/keymaps/steno/keymap.c **** }
  53               		.loc 1 268 0
  54 001a DF91      		pop r29
  55 001c CF91      		pop r28
  56               	.LVL4:
 267:keyboards/ergodox/ez/keymaps/steno/keymap.c **** }
  57               		.loc 1 267 0
  58 001e 0C94 0000 		jmp virtser_send
  59               	.LVL5:
  60               		.cfi_endproc
  61               	.LFE124:
  63               		.section	.text.process_record_user,"ax",@progbits
  64               	.global	process_record_user
  66               	process_record_user:
  67               	.LFB125:
 269:keyboards/ergodox/ez/keymaps/steno/keymap.c **** 
 270:keyboards/ergodox/ez/keymaps/steno/keymap.c **** bool process_record_user(uint16_t keycode, keyrecord_t *record)
 271:keyboards/ergodox/ez/keymaps/steno/keymap.c **** {
  68               		.loc 1 271 0
  69               		.cfi_startproc
  70               	.LVL6:
  71               	/* prologue: function */
  72               	/* frame size = 0 */
  73               	/* stack size = 0 */
  74               	.L__stack_usage = 0
 272:keyboards/ergodox/ez/keymaps/steno/keymap.c ****   // We need to track keypresses in all modes, in case the user
 273:keyboards/ergodox/ez/keymaps/steno/keymap.c ****   // changes mode whilst pressing other keys.
 274:keyboards/ergodox/ez/keymaps/steno/keymap.c ****   if (record->event.pressed)
  75               		.loc 1 274 0
  76 0000 FB01      		movw r30,r22
  77 0002 9281      		ldd r25,Z+2
  78 0004 8091 0000 		lds r24,pressed_count
  79               	.LVL7:
  80 0008 9923      		tst r25
  81 000a 01F0      		breq .L10
 275:keyboards/ergodox/ez/keymaps/steno/keymap.c ****     pressed_count++;
  82               		.loc 1 275 0
  83 000c 8F5F      		subi r24,lo8(-(1))
  84 000e 00C0      		rjmp .L12
  85               	.L10:
 276:keyboards/ergodox/ez/keymaps/steno/keymap.c ****   else
 277:keyboards/ergodox/ez/keymaps/steno/keymap.c ****     pressed_count--;
  86               		.loc 1 277 0
  87 0010 8150      		subi r24,lo8(-(-1))
  88               	.L12:
  89 0012 8093 0000 		sts pressed_count,r24
 278:keyboards/ergodox/ez/keymaps/steno/keymap.c ****   return true;
 279:keyboards/ergodox/ez/keymaps/steno/keymap.c **** }
  90               		.loc 1 279 0
  91 0016 81E0      		ldi r24,lo8(1)
  92 0018 0895      		ret
  93               		.cfi_endproc
  94               	.LFE125:
  96               		.section	.text.action_get_macro,"ax",@progbits
  97               	.global	action_get_macro
  99               	action_get_macro:
 100               	.LFB126:
 280:keyboards/ergodox/ez/keymaps/steno/keymap.c **** 
 281:keyboards/ergodox/ez/keymaps/steno/keymap.c **** const macro_t *action_get_macro(keyrecord_t *record, uint8_t id, uint8_t opt)
 282:keyboards/ergodox/ez/keymaps/steno/keymap.c **** {
 101               		.loc 1 282 0
 102               		.cfi_startproc
 103               	.LVL8:
 104               	/* prologue: function */
 105               	/* frame size = 0 */
 106               	/* stack size = 0 */
 107               	.L__stack_usage = 0
 283:keyboards/ergodox/ez/keymaps/steno/keymap.c ****   // MACRODOWN only works in this function
 284:keyboards/ergodox/ez/keymaps/steno/keymap.c **** 
 285:keyboards/ergodox/ez/keymaps/steno/keymap.c ****   if (record->event.pressed) {
 108               		.loc 1 285 0
 109 0000 FC01      		movw r30,r24
 110 0002 8281      		ldd r24,Z+2
 111               	.LVL9:
 112 0004 8823      		tst r24
 113 0006 01F0      		breq .L14
 114               	.LVL10:
 115               	.LBB15:
 286:keyboards/ergodox/ez/keymaps/steno/keymap.c ****     uint8_t grp = (id & GRPMASK) >> 6;
 287:keyboards/ergodox/ez/keymaps/steno/keymap.c ****     chord[grp] |= id;
 116               		.loc 1 287 0
 117 0008 E62F      		mov r30,r22
 118               	.LVL11:
 119 000a E295      		swap r30
 120 000c E695      		lsr r30
 121 000e E695      		lsr r30
 122 0010 E370      		andi r30,lo8(3)
 123 0012 F0E0      		ldi r31,0
 124 0014 E050      		subi r30,lo8(-(chord))
 125 0016 F040      		sbci r31,hi8(-(chord))
 126 0018 8081      		ld r24,Z
 127 001a 682B      		or r22,r24
 128               	.LVL12:
 129 001c 6083      		st Z,r22
 130               	.LBE15:
 131 001e 00C0      		rjmp .L15
 132               	.LVL13:
 133               	.L14:
 288:keyboards/ergodox/ez/keymaps/steno/keymap.c ****   }
 289:keyboards/ergodox/ez/keymaps/steno/keymap.c ****   else {
 290:keyboards/ergodox/ez/keymaps/steno/keymap.c ****     if (pressed_count == 0) {
 134               		.loc 1 290 0
 135 0020 8091 0000 		lds r24,pressed_count
 136 0024 8111      		cpse r24,__zero_reg__
 137 0026 00C0      		rjmp .L15
 291:keyboards/ergodox/ez/keymaps/steno/keymap.c ****       send_chord();
 138               		.loc 1 291 0
 139 0028 0E94 0000 		call send_chord
 140               	.LVL14:
 292:keyboards/ergodox/ez/keymaps/steno/keymap.c ****       chord[0] = chord[1] = chord[2] = chord[3] = 0;
 141               		.loc 1 292 0
 142 002c 1092 0000 		sts chord+3,__zero_reg__
 143 0030 1092 0000 		sts chord+2,__zero_reg__
 144 0034 1092 0000 		sts chord+1,__zero_reg__
 145 0038 1092 0000 		sts chord,__zero_reg__
 146               	.L15:
 293:keyboards/ergodox/ez/keymaps/steno/keymap.c ****     }
 294:keyboards/ergodox/ez/keymaps/steno/keymap.c ****   }
 295:keyboards/ergodox/ez/keymaps/steno/keymap.c ****   return MACRO_NONE;
 296:keyboards/ergodox/ez/keymaps/steno/keymap.c **** };
 147               		.loc 1 296 0
 148 003c 80E0      		ldi r24,0
 149 003e 90E0      		ldi r25,0
 150 0040 0895      		ret
 151               		.cfi_endproc
 152               	.LFE126:
 154               		.section	.text.matrix_init_user,"ax",@progbits
 155               	.global	matrix_init_user
 157               	matrix_init_user:
 158               	.LFB127:
 297:keyboards/ergodox/ez/keymaps/steno/keymap.c **** 
 298:keyboards/ergodox/ez/keymaps/steno/keymap.c **** // Runs just one time when the keyboard initializes.
 299:keyboards/ergodox/ez/keymaps/steno/keymap.c **** void matrix_init_user(void) {
 159               		.loc 1 299 0
 160               		.cfi_startproc
 161               	/* prologue: function */
 162               	/* frame size = 0 */
 163               	/* stack size = 0 */
 164               	.L__stack_usage = 0
 165 0000 0895      		ret
 166               		.cfi_endproc
 167               	.LFE127:
 169               		.section	.text.matrix_scan_user,"ax",@progbits
 170               	.global	matrix_scan_user
 172               	matrix_scan_user:
 173               	.LFB128:
 300:keyboards/ergodox/ez/keymaps/steno/keymap.c **** };
 301:keyboards/ergodox/ez/keymaps/steno/keymap.c **** 
 302:keyboards/ergodox/ez/keymaps/steno/keymap.c **** // Runs constantly in the background, in a loop.
 303:keyboards/ergodox/ez/keymaps/steno/keymap.c **** void matrix_scan_user(void) {
 174               		.loc 1 303 0
 175               		.cfi_startproc
 176               	/* prologue: function */
 177               	/* frame size = 0 */
 178               	/* stack size = 0 */
 179               	.L__stack_usage = 0
 304:keyboards/ergodox/ez/keymaps/steno/keymap.c **** 
 305:keyboards/ergodox/ez/keymaps/steno/keymap.c ****     uint8_t layer = biton32(layer_state);
 180               		.loc 1 305 0
 181 0000 6091 0000 		lds r22,layer_state
 182 0004 7091 0000 		lds r23,layer_state+1
 183 0008 8091 0000 		lds r24,layer_state+2
 184 000c 9091 0000 		lds r25,layer_state+3
 185 0010 0E94 0000 		call biton32
 186               	.LVL15:
 187               	.LBB16:
 188               	.LBB17:
 189               		.file 2 "keyboards/ergodox/ez/ez.h"
   1:keyboards/ergodox/ez/ez.h **** #ifndef ERGODOX_EZ_H
   2:keyboards/ergodox/ez/ez.h **** #define ERGODOX_EZ_H
   3:keyboards/ergodox/ez/ez.h **** 
   4:keyboards/ergodox/ez/ez.h **** #include "quantum.h"
   5:keyboards/ergodox/ez/ez.h **** #include <stdint.h>
   6:keyboards/ergodox/ez/ez.h **** #include <stdbool.h>
   7:keyboards/ergodox/ez/ez.h **** #include "i2cmaster.h"
   8:keyboards/ergodox/ez/ez.h **** #include <util/delay.h>
   9:keyboards/ergodox/ez/ez.h **** 
  10:keyboards/ergodox/ez/ez.h **** #define CPU_PRESCALE(n) (CLKPR = 0x80, CLKPR = (n))
  11:keyboards/ergodox/ez/ez.h **** #define CPU_16MHz       0x00
  12:keyboards/ergodox/ez/ez.h **** 
  13:keyboards/ergodox/ez/ez.h **** // I2C aliases and register addresses (see "mcp23018.md")
  14:keyboards/ergodox/ez/ez.h **** #define I2C_ADDR        0b0100000
  15:keyboards/ergodox/ez/ez.h **** #define I2C_ADDR_WRITE  ( (I2C_ADDR<<1) | I2C_WRITE )
  16:keyboards/ergodox/ez/ez.h **** #define I2C_ADDR_READ   ( (I2C_ADDR<<1) | I2C_READ  )
  17:keyboards/ergodox/ez/ez.h **** #define IODIRA          0x00            // i/o direction register
  18:keyboards/ergodox/ez/ez.h **** #define IODIRB          0x01
  19:keyboards/ergodox/ez/ez.h **** #define GPPUA           0x0C            // GPIO pull-up resistor register
  20:keyboards/ergodox/ez/ez.h **** #define GPPUB           0x0D
  21:keyboards/ergodox/ez/ez.h **** #define GPIOA           0x12            // general purpose i/o port register (write modifies OLAT)
  22:keyboards/ergodox/ez/ez.h **** #define GPIOB           0x13
  23:keyboards/ergodox/ez/ez.h **** #define OLATA           0x14            // output latch register
  24:keyboards/ergodox/ez/ez.h **** #define OLATB           0x15
  25:keyboards/ergodox/ez/ez.h **** 
  26:keyboards/ergodox/ez/ez.h **** extern uint8_t mcp23018_status;
  27:keyboards/ergodox/ez/ez.h **** 
  28:keyboards/ergodox/ez/ez.h **** void init_ergodox(void);
  29:keyboards/ergodox/ez/ez.h **** void ergodox_blink_all_leds(void);
  30:keyboards/ergodox/ez/ez.h **** uint8_t init_mcp23018(void);
  31:keyboards/ergodox/ez/ez.h **** uint8_t ergodox_left_leds_update(void);
  32:keyboards/ergodox/ez/ez.h **** 
  33:keyboards/ergodox/ez/ez.h **** #define LED_BRIGHTNESS_LO       15
  34:keyboards/ergodox/ez/ez.h **** #define LED_BRIGHTNESS_HI       255
  35:keyboards/ergodox/ez/ez.h **** 
  36:keyboards/ergodox/ez/ez.h **** 
  37:keyboards/ergodox/ez/ez.h **** inline void ergodox_board_led_on(void)      { DDRD |=  (1<<6); PORTD |=  (1<<6); }
  38:keyboards/ergodox/ez/ez.h **** inline void ergodox_right_led_1_on(void)    { DDRB |=  (1<<5); PORTB |=  (1<<5); }
  39:keyboards/ergodox/ez/ez.h **** inline void ergodox_right_led_2_on(void)    { DDRB |=  (1<<6); PORTB |=  (1<<6); }
  40:keyboards/ergodox/ez/ez.h **** inline void ergodox_right_led_3_on(void)    { DDRB |=  (1<<7); PORTB |=  (1<<7); }
  41:keyboards/ergodox/ez/ez.h **** inline void ergodox_right_led_on(uint8_t led) { DDRB |= (1<<(led+4)); PORTB |= (1<<(led+4)); }
  42:keyboards/ergodox/ez/ez.h **** 
  43:keyboards/ergodox/ez/ez.h **** inline void ergodox_board_led_off(void)     { DDRD &= ~(1<<6); PORTD &= ~(1<<6); }
 190               		.loc 2 43 0
 191 0014 5698      		cbi 0xa,6
 192 0016 5E98      		cbi 0xb,6
 193               	.LBE17:
 194               	.LBE16:
 195               	.LBB18:
 196               	.LBB19:
  44:keyboards/ergodox/ez/ez.h **** inline void ergodox_right_led_1_off(void)   { DDRB &= ~(1<<5); PORTB &= ~(1<<5); }
 197               		.loc 2 44 0
 198 0018 2598      		cbi 0x4,5
 199 001a 2D98      		cbi 0x5,5
 200               	.LBE19:
 201               	.LBE18:
 202               	.LBB20:
 203               	.LBB21:
  45:keyboards/ergodox/ez/ez.h **** inline void ergodox_right_led_2_off(void)   { DDRB &= ~(1<<6); PORTB &= ~(1<<6); }
 204               		.loc 2 45 0
 205 001c 2698      		cbi 0x4,6
 206 001e 2E98      		cbi 0x5,6
 207               	.LBE21:
 208               	.LBE20:
 209               	.LBB22:
 210               	.LBB23:
  46:keyboards/ergodox/ez/ez.h **** inline void ergodox_right_led_3_off(void)   { DDRB &= ~(1<<7); PORTB &= ~(1<<7); }
 211               		.loc 2 46 0
 212 0020 2798      		cbi 0x4,7
 213 0022 2F98      		cbi 0x5,7
 214               	.LBE23:
 215               	.LBE22:
 306:keyboards/ergodox/ez/keymaps/steno/keymap.c **** 
 307:keyboards/ergodox/ez/keymaps/steno/keymap.c ****     ergodox_board_led_off();
 308:keyboards/ergodox/ez/keymaps/steno/keymap.c ****     ergodox_right_led_1_off();
 309:keyboards/ergodox/ez/keymaps/steno/keymap.c ****     ergodox_right_led_2_off();
 310:keyboards/ergodox/ez/keymaps/steno/keymap.c ****     ergodox_right_led_3_off();
 311:keyboards/ergodox/ez/keymaps/steno/keymap.c ****     switch (layer) {
 216               		.loc 1 311 0
 217 0024 8130      		cpi r24,lo8(1)
 218 0026 01F0      		breq .L19
 219 0028 8230      		cpi r24,lo8(2)
 220 002a 01F0      		breq .L20
 221 002c 0895      		ret
 222               	.L19:
 223               	.LBB24:
 224               	.LBB25:
  38:keyboards/ergodox/ez/ez.h **** inline void ergodox_right_led_2_on(void)    { DDRB |=  (1<<6); PORTB |=  (1<<6); }
 225               		.loc 2 38 0
 226 002e 259A      		sbi 0x4,5
 227 0030 2D9A      		sbi 0x5,5
 228 0032 0895      		ret
 229               	.L20:
 230               	.LBE25:
 231               	.LBE24:
 232               	.LBB26:
 233               	.LBB27:
  39:keyboards/ergodox/ez/ez.h **** inline void ergodox_right_led_3_on(void)    { DDRB |=  (1<<7); PORTB |=  (1<<7); }
 234               		.loc 2 39 0
 235 0034 269A      		sbi 0x4,6
 236 0036 2E9A      		sbi 0x5,6
 237 0038 0895      		ret
 238               	.LBE27:
 239               	.LBE26:
 240               		.cfi_endproc
 241               	.LFE128:
 243               	.global	pressed_count
 244               		.section	.bss.pressed_count,"aw",@nobits
 247               	pressed_count:
 248 0000 00        		.zero	1
 249               	.global	chord
 250               		.section	.bss.chord,"aw",@nobits
 253               	chord:
 254 0000 0000 0000 		.zero	4
 255               	.global	fn_actions
 256               		.section	.progmem.data.fn_actions,"a",@progbits
 259               	fn_actions:
 260 0000 0000      		.zero	2
 261 0002 F0A1      		.word	-24080
 262               	.global	keymaps
 263               		.section	.progmem.data.keymaps,"a",@progbits
 266               	keymaps:
 267 0000 2E00      		.word	46
 268 0002 4C00      		.word	76
 269 0004 2A00      		.word	42
 270 0006 E100      		.word	225
 271 0008 3541      		.word	16693
 272 000a 0000      		.word	0
 273 000c 1E00      		.word	30
 274 000e 1400      		.word	20
 275 0010 0400      		.word	4
 276 0012 1D61      		.word	24861
 277 0014 3400      		.word	52
 278 0016 4D00      		.word	77
 279 0018 1F00      		.word	31
 280 001a 1A00      		.word	26
 281 001c 1600      		.word	22
 282 001e 1B00      		.word	27
 283 0020 E104      		.word	1249
 284 0022 2A00      		.word	42
 285 0024 2000      		.word	32
 286 0026 0800      		.word	8
 287 0028 0700      		.word	7
 288 002a 0600      		.word	6
 289 002c 5000      		.word	80
 290 002e 2C00      		.word	44
 291 0030 2100      		.word	33
 292 0032 1500      		.word	21
 293 0034 0900      		.word	9
 294 0036 1900      		.word	25
 295 0038 4F00      		.word	79
 296 003a 4A00      		.word	74
 297 003c 2200      		.word	34
 298 003e 1700      		.word	23
 299 0040 0A00      		.word	10
 300 0042 0500      		.word	5
 301 0044 0000      		.word	0
 302 0046 6564      		.word	25701
 303 0048 5000      		.word	80
 304 004a 0153      		.word	21249
 305 004c 0000      		.word	0
 306 004e 006F      		.word	28416
 307 0050 0000      		.word	0
 308 0052 E300      		.word	227
 309 0054 4F00      		.word	79
 310 0056 0353      		.word	21251
 311 0058 0000      		.word	0
 312 005a 0067      		.word	26368
 313 005c 0000      		.word	0
 314 005e E200      		.word	226
 315 0060 2300      		.word	35
 316 0062 1C00      		.word	28
 317 0064 0B00      		.word	11
 318 0066 1100      		.word	17
 319 0068 0000      		.word	0
 320 006a 2961      		.word	24873
 321 006c 2400      		.word	36
 322 006e 1800      		.word	24
 323 0070 0D00      		.word	13
 324 0072 1000      		.word	16
 325 0074 5200      		.word	82
 326 0076 4B00      		.word	75
 327 0078 2500      		.word	37
 328 007a 0C00      		.word	12
 329 007c 0E00      		.word	14
 330 007e 3600      		.word	54
 331 0080 5100      		.word	81
 332 0082 2800      		.word	40
 333 0084 2600      		.word	38
 334 0086 1200      		.word	18
 335 0088 0F00      		.word	15
 336 008a 3700      		.word	55
 337 008c 2F00      		.word	47
 338 008e 2B00      		.word	43
 339 0090 2700      		.word	39
 340 0092 1300      		.word	19
 341 0094 3342      		.word	16947
 342 0096 3861      		.word	24888
 343 0098 3000      		.word	48
 344 009a 4E00      		.word	78
 345 009c 2D00      		.word	45
 346 009e 3100      		.word	49
 347 00a0 3468      		.word	26676
 348 00a2 E500      		.word	229
 349 00a4 C100      		.word	193
 350 00a6 0000      		.word	0
 351 00a8 0030      		.word	12288
 352 00aa 0100      		.word	1
 353 00ac 0100      		.word	1
 354 00ae 0100      		.word	1
 355 00b0 0100      		.word	1
 356 00b2 0000      		.word	0
 357 00b4 3A00      		.word	58
 358 00b6 1E02      		.word	542
 359 00b8 2002      		.word	544
 360 00ba 2202      		.word	546
 361 00bc 0100      		.word	1
 362 00be 0100      		.word	1
 363 00c0 3B00      		.word	59
 364 00c2 1F02      		.word	543
 365 00c4 2102      		.word	545
 366 00c6 2302      		.word	547
 367 00c8 0100      		.word	1
 368 00ca 0100      		.word	1
 369 00cc 3C00      		.word	60
 370 00ce 2F02      		.word	559
 371 00d0 2602      		.word	550
 372 00d2 2F00      		.word	47
 373 00d4 0100      		.word	1
 374 00d6 0100      		.word	1
 375 00d8 3D00      		.word	61
 376 00da 3002      		.word	560
 377 00dc 2702      		.word	551
 378 00de 3000      		.word	48
 379 00e0 0100      		.word	1
 380 00e2 0100      		.word	1
 381 00e4 3E00      		.word	62
 382 00e6 3102      		.word	561
 383 00e8 3500      		.word	53
 384 00ea 3502      		.word	565
 385 00ec 0000      		.word	0
 386 00ee 0100      		.word	1
 387 00f0 0100      		.word	1
 388 00f2 0100      		.word	1
 389 00f4 0000      		.word	0
 390 00f6 0100      		.word	1
 391 00f8 0000      		.word	0
 392 00fa 0100      		.word	1
 393 00fc 0100      		.word	1
 394 00fe 0100      		.word	1
 395 0100 0000      		.word	0
 396 0102 0100      		.word	1
 397 0104 0000      		.word	0
 398 0106 0100      		.word	1
 399 0108 3F00      		.word	63
 400 010a 5200      		.word	82
 401 010c 5100      		.word	81
 402 010e 2402      		.word	548
 403 0110 0000      		.word	0
 404 0112 0100      		.word	1
 405 0114 4000      		.word	64
 406 0116 2400      		.word	36
 407 0118 2100      		.word	33
 408 011a 1E00      		.word	30
 409 011c 0100      		.word	1
 410 011e 0100      		.word	1
 411 0120 4100      		.word	65
 412 0122 2500      		.word	37
 413 0124 2200      		.word	34
 414 0126 1F00      		.word	31
 415 0128 3700      		.word	55
 416 012a 0100      		.word	1
 417 012c 4200      		.word	66
 418 012e 2600      		.word	38
 419 0130 2300      		.word	35
 420 0132 2000      		.word	32
 421 0134 2700      		.word	39
 422 0136 0100      		.word	1
 423 0138 4300      		.word	67
 424 013a 2502      		.word	549
 425 013c 2E02      		.word	558
 426 013e 3100      		.word	49
 427 0140 2E00      		.word	46
 428 0142 0100      		.word	1
 429 0144 4400      		.word	68
 430 0146 4500      		.word	69
 431 0148 0100      		.word	1
 432 014a 0100      		.word	1
 433 014c 0100      		.word	1
 434 014e 0000      		.word	0
 435 0150 0070      		.word	28672
 436 0152 0100      		.word	1
 437 0154 0100      		.word	1
 438 0156 0100      		.word	1
 439 0158 0100      		.word	1
 440 015a 0000      		.word	0
 441 015c 0100      		.word	1
 442 015e 0100      		.word	1
 443 0160 0100      		.word	1
 444 0162 0100      		.word	1
 445 0164 0100      		.word	1
 446 0166 0100      		.word	1
 447 0168 0100      		.word	1
 448 016a 0100      		.word	1
 449 016c F200      		.word	242
 450 016e 0100      		.word	1
 451 0170 0100      		.word	1
 452 0172 0100      		.word	1
 453 0174 0100      		.word	1
 454 0176 F000      		.word	240
 455 0178 F100      		.word	241
 456 017a 0100      		.word	1
 457 017c F400      		.word	244
 458 017e 0100      		.word	1
 459 0180 0100      		.word	1
 460 0182 0100      		.word	1
 461 0184 F300      		.word	243
 462 0186 0100      		.word	1
 463 0188 F500      		.word	245
 464 018a 0100      		.word	1
 465 018c 0100      		.word	1
 466 018e 0100      		.word	1
 467 0190 0100      		.word	1
 468 0192 0100      		.word	1
 469 0194 0000      		.word	0
 470 0196 0100      		.word	1
 471 0198 0100      		.word	1
 472 019a 0100      		.word	1
 473 019c 0000      		.word	0
 474 019e 0100      		.word	1
 475 01a0 0000      		.word	0
 476 01a2 0100      		.word	1
 477 01a4 0100      		.word	1
 478 01a6 0100      		.word	1
 479 01a8 0000      		.word	0
 480 01aa 0100      		.word	1
 481 01ac 0000      		.word	0
 482 01ae 0100      		.word	1
 483 01b0 0100      		.word	1
 484 01b2 0100      		.word	1
 485 01b4 0100      		.word	1
 486 01b6 0100      		.word	1
 487 01b8 0000      		.word	0
 488 01ba 0100      		.word	1
 489 01bc 0100      		.word	1
 490 01be 0100      		.word	1
 491 01c0 0100      		.word	1
 492 01c2 0100      		.word	1
 493 01c4 A900      		.word	169
 494 01c6 0100      		.word	1
 495 01c8 0100      		.word	1
 496 01ca 0100      		.word	1
 497 01cc 0100      		.word	1
 498 01ce AC00      		.word	172
 499 01d0 AA00      		.word	170
 500 01d2 B600      		.word	182
 501 01d4 0100      		.word	1
 502 01d6 0100      		.word	1
 503 01d8 0100      		.word	1
 504 01da AB00      		.word	171
 505 01dc A800      		.word	168
 506 01de 0100      		.word	1
 507 01e0 0100      		.word	1
 508 01e2 0100      		.word	1
 509 01e4 0100      		.word	1
 510 01e6 0100      		.word	1
 511 01e8 0100      		.word	1
 512 01ea 0100      		.word	1
 513 01ec 0100      		.word	1
 514 01ee 0100      		.word	1
 515 01f0 AE00      		.word	174
 516 01f2 0100      		.word	1
 517 01f4 0100      		.word	1
 518 01f6 0000      		.word	0
 519 01f8 2A00      		.word	42
 520 01fa 0000      		.word	0
 521 01fc 0000      		.word	0
 522 01fe 0000      		.word	0
 523 0200 0000      		.word	0
 524 0202 0000      		.word	0
 525 0204 0000      		.word	0
 526 0206 D030      		.word	12496
 527 0208 0130      		.word	12289
 528 020a 0130      		.word	12289
 529 020c 0000      		.word	0
 530 020e 0000      		.word	0
 531 0210 0000      		.word	0
 532 0212 D030      		.word	12496
 533 0214 0230      		.word	12290
 534 0216 0430      		.word	12292
 535 0218 0000      		.word	0
 536 021a 4430      		.word	12356
 537 021c 0000      		.word	0
 538 021e D030      		.word	12496
 539 0220 0830      		.word	12296
 540 0222 1030      		.word	12304
 541 0224 0000      		.word	0
 542 0226 4230      		.word	12354
 543 0228 0000      		.word	0
 544 022a D030      		.word	12496
 545 022c 2030      		.word	12320
 546 022e 4130      		.word	12353
 547 0230 0000      		.word	0
 548 0232 0000      		.word	0
 549 0234 0000      		.word	0
 550 0236 D030      		.word	12496
 551 0238 4830      		.word	12360
 552 023a 4830      		.word	12360
 553 023c 0000      		.word	0
 554 023e 0000      		.word	0
 555 0240 0000      		.word	0
 556 0242 0000      		.word	0
 557 0244 0000      		.word	0
 558 0246 0000      		.word	0
 559 0248 0000      		.word	0
 560 024a 0000      		.word	0
 561 024c 0000      		.word	0
 562 024e 0100      		.word	1
 563 0250 0000      		.word	0
 564 0252 0000      		.word	0
 565 0254 0000      		.word	0
 566 0256 0000      		.word	0
 567 0258 0000      		.word	0
 568 025a D030      		.word	12496
 569 025c 4830      		.word	12360
 570 025e 4830      		.word	12360
 571 0260 0000      		.word	0
 572 0262 0000      		.word	0
 573 0264 0000      		.word	0
 574 0266 D030      		.word	12496
 575 0268 8130      		.word	12417
 576 026a 8230      		.word	12418
 577 026c 0000      		.word	0
 578 026e 0000      		.word	0
 579 0270 0000      		.word	0
 580 0272 D030      		.word	12496
 581 0274 8430      		.word	12420
 582 0276 8830      		.word	12424
 583 0278 0000      		.word	0
 584 027a 6030      		.word	12384
 585 027c 0000      		.word	0
 586 027e D030      		.word	12496
 587 0280 9030      		.word	12432
 588 0282 A030      		.word	12448
 589 0284 0000      		.word	0
 590 0286 5030      		.word	12368
 591 0288 0000      		.word	0
 592 028a D030      		.word	12496
 593 028c C130      		.word	12481
 594 028e C230      		.word	12482
 595 0290 0000      		.word	0
 596 0292 0000      		.word	0
 597 0294 0000      		.word	0
 598 0296 D030      		.word	12496
 599 0298 C430      		.word	12484
 600 029a C830      		.word	12488
 601 029c 0000      		.word	0
 602 029e 0000      		.word	0
 603 02a0 0000      		.word	0
 604 02a2 0000      		.word	0
 605 02a4 0000      		.word	0
 606 02a6 0000      		.word	0
 607 02a8 0000      		.word	0
 608 02aa 0000      		.word	0
 609 02ac D030      		.word	12496
 610 02ae 0130      		.word	12289
 611 02b0 0130      		.word	12289
 612 02b2 0000      		.word	0
 613 02b4 0000      		.word	0
 614 02b6 0000      		.word	0
 615 02b8 D030      		.word	12496
 616 02ba 0230      		.word	12290
 617 02bc 0430      		.word	12292
 618 02be 0000      		.word	0
 619 02c0 0000      		.word	0
 620 02c2 0000      		.word	0
 621 02c4 D030      		.word	12496
 622 02c6 0830      		.word	12296
 623 02c8 1030      		.word	12304
 624 02ca 0000      		.word	0
 625 02cc 4230      		.word	12354
 626 02ce 0000      		.word	0
 627 02d0 D030      		.word	12496
 628 02d2 2030      		.word	12320
 629 02d4 4130      		.word	12353
 630 02d6 0000      		.word	0
 631 02d8 4430      		.word	12356
 632 02da 0000      		.word	0
 633 02dc D030      		.word	12496
 634 02de 4830      		.word	12360
 635 02e0 4830      		.word	12360
 636 02e2 0000      		.word	0
 637 02e4 0000      		.word	0
 638 02e6 0000      		.word	0
 639 02e8 0000      		.word	0
 640 02ea 0000      		.word	0
 641 02ec 0000      		.word	0
 642 02ee 0000      		.word	0
 643 02f0 0000      		.word	0
 644 02f2 0000      		.word	0
 645 02f4 0000      		.word	0
 646 02f6 0100      		.word	1
 647 02f8 0000      		.word	0
 648 02fa 0000      		.word	0
 649 02fc 0000      		.word	0
 650 02fe 0000      		.word	0
 651 0300 D030      		.word	12496
 652 0302 4830      		.word	12360
 653 0304 4830      		.word	12360
 654 0306 0000      		.word	0
 655 0308 0000      		.word	0
 656 030a 0000      		.word	0
 657 030c D030      		.word	12496
 658 030e 8130      		.word	12417
 659 0310 8230      		.word	12418
 660 0312 0000      		.word	0
 661 0314 5030      		.word	12368
 662 0316 0000      		.word	0
 663 0318 D030      		.word	12496
 664 031a 8430      		.word	12420
 665 031c 8830      		.word	12424
 666 031e 0000      		.word	0
 667 0320 6030      		.word	12384
 668 0322 0000      		.word	0
 669 0324 D030      		.word	12496
 670 0326 9030      		.word	12432
 671 0328 A030      		.word	12448
 672 032a 0000      		.word	0
 673 032c 0000      		.word	0
 674 032e 0000      		.word	0
 675 0330 D030      		.word	12496
 676 0332 C130      		.word	12481
 677 0334 C230      		.word	12482
 678 0336 0000      		.word	0
 679 0338 0000      		.word	0
 680 033a 0000      		.word	0
 681 033c D030      		.word	12496
 682 033e C430      		.word	12484
 683 0340 C830      		.word	12488
 684 0342 0000      		.word	0
 685 0344 0000      		.word	0
 686 0346 0000      		.word	0
 687               		.text
 688               	.Letext0:
 689               		.file 3 "/usr/lib/avr/include/stdint.h"
 690               		.file 4 "./tmk_core/common/keyboard.h"
 691               		.file 5 "./tmk_core/common/keycode.h"
 692               		.file 6 "./tmk_core/common/action_code.h"
 693               		.file 7 "./tmk_core/common/action_macro.h"
 694               		.file 8 "./tmk_core/common/action.h"
 695               		.file 9 "./quantum/keymap.h"
 696               		.file 10 "./tmk_core/protocol/lufa/LUFA-git/LUFA/Drivers/USB/Core/USBTask.h"
 697               		.file 11 "./quantum/quantum.h"
 698               		.file 12 "./tmk_core/common/virtser.h"
 699               		.file 13 "./tmk_core/common/util.h"
DEFINED SYMBOLS
                            *ABS*:0000000000000000 keymap.c
     /tmp/ccDq2ovk.s:2      *ABS*:000000000000003e __SP_H__
     /tmp/ccDq2ovk.s:3      *ABS*:000000000000003d __SP_L__
     /tmp/ccDq2ovk.s:4      *ABS*:000000000000003f __SREG__
     /tmp/ccDq2ovk.s:5      *ABS*:0000000000000000 __tmp_reg__
     /tmp/ccDq2ovk.s:6      *ABS*:0000000000000001 __zero_reg__
     /tmp/ccDq2ovk.s:13     .text.send_chord:0000000000000000 send_chord
     /tmp/ccDq2ovk.s:253    .bss.chord:0000000000000000 chord
     /tmp/ccDq2ovk.s:66     .text.process_record_user:0000000000000000 process_record_user
     /tmp/ccDq2ovk.s:247    .bss.pressed_count:0000000000000000 pressed_count
     /tmp/ccDq2ovk.s:99     .text.action_get_macro:0000000000000000 action_get_macro
     /tmp/ccDq2ovk.s:157    .text.matrix_init_user:0000000000000000 matrix_init_user
     /tmp/ccDq2ovk.s:172    .text.matrix_scan_user:0000000000000000 matrix_scan_user
     /tmp/ccDq2ovk.s:259    .progmem.data.fn_actions:0000000000000000 fn_actions
     /tmp/ccDq2ovk.s:266    .progmem.data.keymaps:0000000000000000 keymaps

UNDEFINED SYMBOLS
virtser_send
layer_state
biton32
__do_clear_bss
