   1               		.file	"process_leader.c"
   2               	__SP_H__ = 0x3e
   3               	__SP_L__ = 0x3d
   4               	__SREG__ = 0x3f
   5               	__tmp_reg__ = 0
   6               	__zero_reg__ = 1
   7               		.text
   8               	.Ltext0:
   9               		.cfi_sections	.debug_frame
  10               		.section	.text.leader_start,"ax",@progbits
  11               		.weak	leader_start
  13               	leader_start:
  14               	.LFB111:
  15               		.cfi_startproc
  16               	/* prologue: function */
  17               	/* frame size = 0 */
  18               	/* stack size = 0 */
  19               	.L__stack_usage = 0
  20 0000 0895      		ret
  21               		.cfi_endproc
  22               	.LFE111:
  24               		.section	.text.leader_end,"ax",@progbits
  25               		.weak	leader_end
  27               	leader_end:
  28               	.LFB108:
  29               		.file 1 "quantum/process_keycode/process_leader.c"
   1:quantum/process_keycode/process_leader.c **** #include "process_leader.h"
   2:quantum/process_keycode/process_leader.c **** 
   3:quantum/process_keycode/process_leader.c **** __attribute__ ((weak))
   4:quantum/process_keycode/process_leader.c **** void leader_start(void) {}
   5:quantum/process_keycode/process_leader.c **** 
   6:quantum/process_keycode/process_leader.c **** __attribute__ ((weak))
   7:quantum/process_keycode/process_leader.c **** void leader_end(void) {}
  30               		.loc 1 7 0
  31               		.cfi_startproc
  32               	/* prologue: function */
  33               	/* frame size = 0 */
  34               	/* stack size = 0 */
  35               	.L__stack_usage = 0
  36 0000 0895      		ret
  37               		.cfi_endproc
  38               	.LFE108:
  40               		.section	.text.process_leader,"ax",@progbits
  41               	.global	process_leader
  43               	process_leader:
  44               	.LFB109:
   8:quantum/process_keycode/process_leader.c **** 
   9:quantum/process_keycode/process_leader.c **** // Leader key stuff
  10:quantum/process_keycode/process_leader.c **** bool leading = false;
  11:quantum/process_keycode/process_leader.c **** uint16_t leader_time = 0;
  12:quantum/process_keycode/process_leader.c **** 
  13:quantum/process_keycode/process_leader.c **** uint16_t leader_sequence[5] = {0, 0, 0, 0, 0};
  14:quantum/process_keycode/process_leader.c **** uint8_t leader_sequence_size = 0;
  15:quantum/process_keycode/process_leader.c **** 
  16:quantum/process_keycode/process_leader.c **** bool process_leader(uint16_t keycode, keyrecord_t *record) {
  45               		.loc 1 16 0
  46               		.cfi_startproc
  47               	.LVL0:
  48               		.loc 1 16 0
  49 0000 0F93      		push r16
  50               	.LCFI0:
  51               		.cfi_def_cfa_offset 3
  52               		.cfi_offset 16, -2
  53 0002 1F93      		push r17
  54               	.LCFI1:
  55               		.cfi_def_cfa_offset 4
  56               		.cfi_offset 17, -3
  57 0004 CF93      		push r28
  58               	.LCFI2:
  59               		.cfi_def_cfa_offset 5
  60               		.cfi_offset 28, -4
  61               	/* prologue: function */
  62               	/* frame size = 0 */
  63               	/* stack size = 3 */
  64               	.L__stack_usage = 3
  17:quantum/process_keycode/process_leader.c ****   // Leader key set-up
  18:quantum/process_keycode/process_leader.c ****   if (record->event.pressed) {
  65               		.loc 1 18 0
  66 0006 FB01      		movw r30,r22
  67 0008 2281      		ldd r18,Z+2
  68 000a 2111      		cpse r18,__zero_reg__
  69 000c 00C0      		rjmp .L4
  70               	.LVL1:
  71               	.L7:
  19:quantum/process_keycode/process_leader.c ****     if (!leading && keycode == KC_LEAD) {
  20:quantum/process_keycode/process_leader.c ****       leader_start();
  21:quantum/process_keycode/process_leader.c ****       leading = true;
  22:quantum/process_keycode/process_leader.c ****       leader_time = timer_read();
  23:quantum/process_keycode/process_leader.c ****       leader_sequence_size = 0;
  24:quantum/process_keycode/process_leader.c ****       leader_sequence[0] = 0;
  25:quantum/process_keycode/process_leader.c ****       leader_sequence[1] = 0;
  26:quantum/process_keycode/process_leader.c ****       leader_sequence[2] = 0;
  27:quantum/process_keycode/process_leader.c ****       leader_sequence[3] = 0;
  28:quantum/process_keycode/process_leader.c ****       leader_sequence[4] = 0;
  29:quantum/process_keycode/process_leader.c ****       return false;
  30:quantum/process_keycode/process_leader.c ****     }
  31:quantum/process_keycode/process_leader.c ****     if (leading && timer_elapsed(leader_time) < LEADER_TIMEOUT) {
  32:quantum/process_keycode/process_leader.c ****       leader_sequence[leader_sequence_size] = keycode;
  33:quantum/process_keycode/process_leader.c ****       leader_sequence_size++;
  34:quantum/process_keycode/process_leader.c ****       return false;
  35:quantum/process_keycode/process_leader.c ****     }
  36:quantum/process_keycode/process_leader.c ****   }
  37:quantum/process_keycode/process_leader.c ****   return true;
  72               		.loc 1 37 0
  73 000e C1E0      		ldi r28,lo8(1)
  74 0010 00C0      		rjmp .L5
  75               	.LVL2:
  76               	.L4:
  77 0012 8C01      		movw r16,r24
  19:quantum/process_keycode/process_leader.c ****     if (!leading && keycode == KC_LEAD) {
  78               		.loc 1 19 0
  79 0014 C091 0000 		lds r28,leading
  80 0018 C111      		cpse r28,__zero_reg__
  81 001a 00C0      		rjmp .L6
  82               	.LVL3:
  19:quantum/process_keycode/process_leader.c ****     if (!leading && keycode == KC_LEAD) {
  83               		.loc 1 19 0 is_stmt 0 discriminator 1
  84 001c 8531      		cpi r24,21
  85 001e 9047      		sbci r25,112
  86 0020 01F4      		brne .L7
  20:quantum/process_keycode/process_leader.c ****       leading = true;
  87               		.loc 1 20 0 is_stmt 1
  88 0022 0E94 0000 		call leader_start
  89               	.LVL4:
  21:quantum/process_keycode/process_leader.c ****       leader_time = timer_read();
  90               		.loc 1 21 0
  91 0026 81E0      		ldi r24,lo8(1)
  92 0028 8093 0000 		sts leading,r24
  22:quantum/process_keycode/process_leader.c ****       leader_sequence_size = 0;
  93               		.loc 1 22 0
  94 002c 0E94 0000 		call timer_read
  95               	.LVL5:
  96 0030 9093 0000 		sts leader_time+1,r25
  97 0034 8093 0000 		sts leader_time,r24
  23:quantum/process_keycode/process_leader.c ****       leader_sequence[0] = 0;
  98               		.loc 1 23 0
  99 0038 1092 0000 		sts leader_sequence_size,__zero_reg__
  24:quantum/process_keycode/process_leader.c ****       leader_sequence[1] = 0;
 100               		.loc 1 24 0
 101 003c 1092 0000 		sts leader_sequence+1,__zero_reg__
 102 0040 1092 0000 		sts leader_sequence,__zero_reg__
  25:quantum/process_keycode/process_leader.c ****       leader_sequence[2] = 0;
 103               		.loc 1 25 0
 104 0044 1092 0000 		sts leader_sequence+2+1,__zero_reg__
 105 0048 1092 0000 		sts leader_sequence+2,__zero_reg__
  26:quantum/process_keycode/process_leader.c ****       leader_sequence[3] = 0;
 106               		.loc 1 26 0
 107 004c 1092 0000 		sts leader_sequence+4+1,__zero_reg__
 108 0050 1092 0000 		sts leader_sequence+4,__zero_reg__
  27:quantum/process_keycode/process_leader.c ****       leader_sequence[4] = 0;
 109               		.loc 1 27 0
 110 0054 1092 0000 		sts leader_sequence+6+1,__zero_reg__
 111 0058 1092 0000 		sts leader_sequence+6,__zero_reg__
  28:quantum/process_keycode/process_leader.c ****       return false;
 112               		.loc 1 28 0
 113 005c 1092 0000 		sts leader_sequence+8+1,__zero_reg__
 114 0060 1092 0000 		sts leader_sequence+8,__zero_reg__
  29:quantum/process_keycode/process_leader.c ****     }
 115               		.loc 1 29 0
 116 0064 00C0      		rjmp .L5
 117               	.LVL6:
 118               	.L6:
  31:quantum/process_keycode/process_leader.c ****       leader_sequence[leader_sequence_size] = keycode;
 119               		.loc 1 31 0 discriminator 1
 120 0066 8091 0000 		lds r24,leader_time
 121 006a 9091 0000 		lds r25,leader_time+1
 122 006e 0E94 0000 		call timer_elapsed
 123               	.LVL7:
 124 0072 883C      		cpi r24,-56
 125 0074 9105      		cpc r25,__zero_reg__
 126 0076 00F4      		brsh .L7
  32:quantum/process_keycode/process_leader.c ****       leader_sequence_size++;
 127               		.loc 1 32 0
 128 0078 9091 0000 		lds r25,leader_sequence_size
 129 007c E92F      		mov r30,r25
 130 007e F0E0      		ldi r31,0
 131 0080 EE0F      		lsl r30
 132 0082 FF1F      		rol r31
 133 0084 E050      		subi r30,lo8(-(leader_sequence))
 134 0086 F040      		sbci r31,hi8(-(leader_sequence))
 135 0088 1183      		std Z+1,r17
 136 008a 0083      		st Z,r16
  33:quantum/process_keycode/process_leader.c ****       return false;
 137               		.loc 1 33 0
 138 008c 9F5F      		subi r25,lo8(-(1))
 139 008e 9093 0000 		sts leader_sequence_size,r25
  34:quantum/process_keycode/process_leader.c ****     }
 140               		.loc 1 34 0
 141 0092 C0E0      		ldi r28,0
 142               	.LVL8:
 143               	.L5:
  38:quantum/process_keycode/process_leader.c **** }...
 144               		.loc 1 38 0
 145 0094 8C2F      		mov r24,r28
 146               	/* epilogue start */
 147 0096 CF91      		pop r28
 148 0098 1F91      		pop r17
 149 009a 0F91      		pop r16
 150 009c 0895      		ret
 151               		.cfi_endproc
 152               	.LFE109:
 154               	.global	leader_sequence_size
 155               		.section	.bss.leader_sequence_size,"aw",@nobits
 158               	leader_sequence_size:
 159 0000 00        		.zero	1
 160               	.global	leader_sequence
 161               		.section	.bss.leader_sequence,"aw",@nobits
 164               	leader_sequence:
 165 0000 0000 0000 		.zero	10
 165      0000 0000 
 165      0000 
 166               	.global	leader_time
 167               		.section	.bss.leader_time,"aw",@nobits
 170               	leader_time:
 171 0000 0000      		.zero	2
 172               	.global	leading
 173               		.section	.bss.leading,"aw",@nobits
 176               	leading:
 177 0000 00        		.zero	1
 178               		.text
 179               	.Letext0:
 180               		.file 2 "/usr/lib/avr/include/stdint.h"
 181               		.file 3 "./tmk_core/common/keyboard.h"
 182               		.file 4 "./tmk_core/common/action.h"
 183               		.file 5 "./tmk_core/protocol/lufa/LUFA-git/LUFA/Drivers/USB/Core/USBTask.h"
 184               		.file 6 "./tmk_core/common/timer.h"
 185               		.file 7 "./quantum/keymap.h"
DEFINED SYMBOLS
                            *ABS*:0000000000000000 process_leader.c
     /tmp/ccaPQKZk.s:2      *ABS*:000000000000003e __SP_H__
     /tmp/ccaPQKZk.s:3      *ABS*:000000000000003d __SP_L__
     /tmp/ccaPQKZk.s:4      *ABS*:000000000000003f __SREG__
     /tmp/ccaPQKZk.s:5      *ABS*:0000000000000000 __tmp_reg__
     /tmp/ccaPQKZk.s:6      *ABS*:0000000000000001 __zero_reg__
     /tmp/ccaPQKZk.s:13     .text.leader_start:0000000000000000 leader_start
     /tmp/ccaPQKZk.s:27     .text.leader_end:0000000000000000 leader_end
     /tmp/ccaPQKZk.s:43     .text.process_leader:0000000000000000 process_leader
     /tmp/ccaPQKZk.s:176    .bss.leading:0000000000000000 leading
     /tmp/ccaPQKZk.s:170    .bss.leader_time:0000000000000000 leader_time
     /tmp/ccaPQKZk.s:158    .bss.leader_sequence_size:0000000000000000 leader_sequence_size
     /tmp/ccaPQKZk.s:164    .bss.leader_sequence:0000000000000000 leader_sequence

UNDEFINED SYMBOLS
timer_read
timer_elapsed
__do_clear_bss
