   1               		.file	"process_tap_dance.c"
   2               	__SP_H__ = 0x3e
   3               	__SP_L__ = 0x3d
   4               	__SREG__ = 0x3f
   5               	__tmp_reg__ = 0
   6               	__zero_reg__ = 1
   7               		.text
   8               	.Ltext0:
   9               		.cfi_sections	.debug_frame
  10               		.section	.text.process_tap_dance_action_on_dance_finished,"ax",@progbits
  12               	process_tap_dance_action_on_dance_finished:
  13               	.LVL0:
  14               	.LFB111:
  15               		.file 1 "quantum/process_keycode/process_tap_dance.c"
   1:quantum/process_keycode/process_tap_dance.c **** #include "quantum.h"
   2:quantum/process_keycode/process_tap_dance.c **** #include "action_tapping.h"
   3:quantum/process_keycode/process_tap_dance.c **** 
   4:quantum/process_keycode/process_tap_dance.c **** static uint16_t last_td;
   5:quantum/process_keycode/process_tap_dance.c **** static int8_t highest_td = -1;
   6:quantum/process_keycode/process_tap_dance.c **** 
   7:quantum/process_keycode/process_tap_dance.c **** void qk_tap_dance_pair_finished (qk_tap_dance_state_t *state, void *user_data) {
   8:quantum/process_keycode/process_tap_dance.c ****   qk_tap_dance_pair_t *pair = (qk_tap_dance_pair_t *)user_data;
   9:quantum/process_keycode/process_tap_dance.c **** 
  10:quantum/process_keycode/process_tap_dance.c ****   if (state->count == 1) {
  11:quantum/process_keycode/process_tap_dance.c ****     register_code16 (pair->kc1);
  12:quantum/process_keycode/process_tap_dance.c ****   } else if (state->count == 2) {
  13:quantum/process_keycode/process_tap_dance.c ****     register_code16 (pair->kc2);
  14:quantum/process_keycode/process_tap_dance.c ****   }
  15:quantum/process_keycode/process_tap_dance.c **** }
  16:quantum/process_keycode/process_tap_dance.c **** 
  17:quantum/process_keycode/process_tap_dance.c **** void qk_tap_dance_pair_reset (qk_tap_dance_state_t *state, void *user_data) {
  18:quantum/process_keycode/process_tap_dance.c ****   qk_tap_dance_pair_t *pair = (qk_tap_dance_pair_t *)user_data;
  19:quantum/process_keycode/process_tap_dance.c **** 
  20:quantum/process_keycode/process_tap_dance.c ****   if (state->count == 1) {
  21:quantum/process_keycode/process_tap_dance.c ****     unregister_code16 (pair->kc1);
  22:quantum/process_keycode/process_tap_dance.c ****   } else if (state->count == 2) {
  23:quantum/process_keycode/process_tap_dance.c ****     unregister_code16 (pair->kc2);
  24:quantum/process_keycode/process_tap_dance.c ****   }
  25:quantum/process_keycode/process_tap_dance.c **** }
  26:quantum/process_keycode/process_tap_dance.c **** 
  27:quantum/process_keycode/process_tap_dance.c **** static inline void _process_tap_dance_action_fn (qk_tap_dance_state_t *state,
  28:quantum/process_keycode/process_tap_dance.c ****                                                  void *user_data,
  29:quantum/process_keycode/process_tap_dance.c ****                                                  qk_tap_dance_user_fn_t fn)
  30:quantum/process_keycode/process_tap_dance.c **** {
  31:quantum/process_keycode/process_tap_dance.c ****   if (fn) {
  32:quantum/process_keycode/process_tap_dance.c ****     fn(state, user_data);
  33:quantum/process_keycode/process_tap_dance.c ****   }
  34:quantum/process_keycode/process_tap_dance.c **** }
  35:quantum/process_keycode/process_tap_dance.c **** 
  36:quantum/process_keycode/process_tap_dance.c **** static inline void process_tap_dance_action_on_each_tap (qk_tap_dance_action_t *action)
  37:quantum/process_keycode/process_tap_dance.c **** {
  38:quantum/process_keycode/process_tap_dance.c ****   _process_tap_dance_action_fn (&action->state, action->user_data, action->fn.on_each_tap);
  39:quantum/process_keycode/process_tap_dance.c **** }
  40:quantum/process_keycode/process_tap_dance.c **** 
  41:quantum/process_keycode/process_tap_dance.c **** static inline void process_tap_dance_action_on_dance_finished (qk_tap_dance_action_t *action)
  42:quantum/process_keycode/process_tap_dance.c **** {
  16               		.loc 1 42 1 view -0
  17               		.cfi_startproc
  18               	/* prologue: function */
  19               	/* frame size = 0 */
  20               	/* stack size = 0 */
  21               	.L__stack_usage = 0
  22               		.loc 1 42 1 is_stmt 0 view .LVU1
  23 0000 DC01      		movw r26,r24
  43:quantum/process_keycode/process_tap_dance.c ****   if (action->state.finished)
  24               		.loc 1 43 3 is_stmt 1 view .LVU2
  25               		.loc 1 43 6 is_stmt 0 view .LVU3
  26 0002 1D96      		adiw r26,13
  27 0004 8C91      		ld r24,X
  28 0006 1D97      		sbiw r26,13
  29               	.LVL1:
  30               		.loc 1 43 6 view .LVU4
  31 0008 8111      		cpse r24,__zero_reg__
  32 000a 00C0      		rjmp .L1
  33               	.LVL2:
  34               	.LBB6:
  35               	.LBB7:
  44:quantum/process_keycode/process_tap_dance.c ****     return;
  45:quantum/process_keycode/process_tap_dance.c ****   action->state.finished = true;
  36               		.loc 1 45 3 is_stmt 1 view .LVU5
  37               		.loc 1 45 26 is_stmt 0 view .LVU6
  38 000c 81E0      		ldi r24,lo8(1)
  39 000e 1D96      		adiw r26,13
  40 0010 8C93      		st X,r24
  41 0012 1D97      		sbiw r26,13
  46:quantum/process_keycode/process_tap_dance.c ****   _process_tap_dance_action_fn (&action->state, action->user_data, action->fn.on_dance_finished);
  42               		.loc 1 46 3 is_stmt 1 view .LVU7
  43 0014 1296      		adiw r26,2
  44 0016 ED91      		ld r30,X+
  45 0018 FC91      		ld r31,X
  46 001a 1397      		sbiw r26,2+1
  47               	.LVL3:
  48               	.LBB8:
  49               	.LBI8:
  27:quantum/process_keycode/process_tap_dance.c ****                                                  void *user_data,
  50               		.loc 1 27 20 view .LVU8
  51               	.LBB9:
  31:quantum/process_keycode/process_tap_dance.c ****     fn(state, user_data);
  52               		.loc 1 31 3 view .LVU9
  31:quantum/process_keycode/process_tap_dance.c ****     fn(state, user_data);
  53               		.loc 1 31 6 is_stmt 0 view .LVU10
  54 001c 3097      		sbiw r30,0
  55 001e 01F0      		breq .L1
  32:quantum/process_keycode/process_tap_dance.c ****   }
  56               		.loc 1 32 5 is_stmt 1 view .LVU11
  57 0020 1E96      		adiw r26,14
  58 0022 6D91      		ld r22,X+
  59 0024 7C91      		ld r23,X
  60 0026 1F97      		sbiw r26,14+1
  61 0028 CD01      		movw r24,r26
  62 002a 0696      		adiw r24,6
  63               	.LVL4:
  32:quantum/process_keycode/process_tap_dance.c ****   }
  64               		.loc 1 32 5 is_stmt 0 view .LVU12
  65 002c 0994      		ijmp
  66               	.LVL5:
  67               	.L1:
  68               	/* epilogue start */
  32:quantum/process_keycode/process_tap_dance.c ****   }
  69               		.loc 1 32 5 view .LVU13
  70               	.LBE9:
  71               	.LBE8:
  72               	.LBE7:
  73               	.LBE6:
  47:quantum/process_keycode/process_tap_dance.c **** }
  74               		.loc 1 47 1 view .LVU14
  75 002e 0895      		ret
  76               		.cfi_endproc
  77               	.LFE111:
  79               		.section	.text.qk_tap_dance_pair_finished,"ax",@progbits
  80               	.global	qk_tap_dance_pair_finished
  82               	qk_tap_dance_pair_finished:
  83               	.LVL6:
  84               	.LFB107:
   7:quantum/process_keycode/process_tap_dance.c ****   qk_tap_dance_pair_t *pair = (qk_tap_dance_pair_t *)user_data;
  85               		.loc 1 7 80 is_stmt 1 view -0
  86               		.cfi_startproc
  87               	/* prologue: function */
  88               	/* frame size = 0 */
  89               	/* stack size = 0 */
  90               	.L__stack_usage = 0
   8:quantum/process_keycode/process_tap_dance.c **** 
  91               		.loc 1 8 3 view .LVU16
  10:quantum/process_keycode/process_tap_dance.c ****     register_code16 (pair->kc1);
  92               		.loc 1 10 3 view .LVU17
  10:quantum/process_keycode/process_tap_dance.c ****     register_code16 (pair->kc1);
  93               		.loc 1 10 12 is_stmt 0 view .LVU18
  94 0000 FC01      		movw r30,r24
  95 0002 8081      		ld r24,Z
  96               	.LVL7:
  10:quantum/process_keycode/process_tap_dance.c ****     register_code16 (pair->kc1);
  97               		.loc 1 10 6 view .LVU19
  98 0004 8130      		cpi r24,lo8(1)
  99 0006 01F4      		brne .L9
  11:quantum/process_keycode/process_tap_dance.c ****   } else if (state->count == 2) {
 100               		.loc 1 11 5 is_stmt 1 view .LVU20
 101 0008 FB01      		movw r30,r22
 102               	.LVL8:
  11:quantum/process_keycode/process_tap_dance.c ****   } else if (state->count == 2) {
 103               		.loc 1 11 5 is_stmt 0 view .LVU21
 104 000a 8081      		ld r24,Z
 105 000c 9181      		ldd r25,Z+1
 106               	.L11:
  13:quantum/process_keycode/process_tap_dance.c ****   }
 107               		.loc 1 13 5 view .LVU22
 108 000e 0C94 0000 		jmp register_code16
 109               	.LVL9:
 110               	.L9:
  12:quantum/process_keycode/process_tap_dance.c ****     register_code16 (pair->kc2);
 111               		.loc 1 12 10 is_stmt 1 view .LVU23
  12:quantum/process_keycode/process_tap_dance.c ****     register_code16 (pair->kc2);
 112               		.loc 1 12 13 is_stmt 0 view .LVU24
 113 0012 8230      		cpi r24,lo8(2)
 114 0014 01F4      		brne .L8
  13:quantum/process_keycode/process_tap_dance.c ****   }
 115               		.loc 1 13 5 is_stmt 1 view .LVU25
 116 0016 FB01      		movw r30,r22
 117               	.LVL10:
  13:quantum/process_keycode/process_tap_dance.c ****   }
 118               		.loc 1 13 5 is_stmt 0 view .LVU26
 119 0018 8281      		ldd r24,Z+2
 120 001a 9381      		ldd r25,Z+3
 121 001c 00C0      		rjmp .L11
 122               	.LVL11:
 123               	.L8:
 124               	/* epilogue start */
  15:quantum/process_keycode/process_tap_dance.c **** 
 125               		.loc 1 15 1 view .LVU27
 126 001e 0895      		ret
 127               		.cfi_endproc
 128               	.LFE107:
 130               		.section	.text.qk_tap_dance_pair_reset,"ax",@progbits
 131               	.global	qk_tap_dance_pair_reset
 133               	qk_tap_dance_pair_reset:
 134               	.LVL12:
 135               	.LFB108:
  17:quantum/process_keycode/process_tap_dance.c ****   qk_tap_dance_pair_t *pair = (qk_tap_dance_pair_t *)user_data;
 136               		.loc 1 17 77 is_stmt 1 view -0
 137               		.cfi_startproc
 138               	/* prologue: function */
 139               	/* frame size = 0 */
 140               	/* stack size = 0 */
 141               	.L__stack_usage = 0
  18:quantum/process_keycode/process_tap_dance.c **** 
 142               		.loc 1 18 3 view .LVU29
  20:quantum/process_keycode/process_tap_dance.c ****     unregister_code16 (pair->kc1);
 143               		.loc 1 20 3 view .LVU30
  20:quantum/process_keycode/process_tap_dance.c ****     unregister_code16 (pair->kc1);
 144               		.loc 1 20 12 is_stmt 0 view .LVU31
 145 0000 FC01      		movw r30,r24
 146 0002 8081      		ld r24,Z
 147               	.LVL13:
  20:quantum/process_keycode/process_tap_dance.c ****     unregister_code16 (pair->kc1);
 148               		.loc 1 20 6 view .LVU32
 149 0004 8130      		cpi r24,lo8(1)
 150 0006 01F4      		brne .L13
  21:quantum/process_keycode/process_tap_dance.c ****   } else if (state->count == 2) {
 151               		.loc 1 21 5 is_stmt 1 view .LVU33
 152 0008 FB01      		movw r30,r22
 153               	.LVL14:
  21:quantum/process_keycode/process_tap_dance.c ****   } else if (state->count == 2) {
 154               		.loc 1 21 5 is_stmt 0 view .LVU34
 155 000a 8081      		ld r24,Z
 156 000c 9181      		ldd r25,Z+1
 157               	.L15:
  23:quantum/process_keycode/process_tap_dance.c ****   }
 158               		.loc 1 23 5 view .LVU35
 159 000e 0C94 0000 		jmp unregister_code16
 160               	.LVL15:
 161               	.L13:
  22:quantum/process_keycode/process_tap_dance.c ****     unregister_code16 (pair->kc2);
 162               		.loc 1 22 10 is_stmt 1 view .LVU36
  22:quantum/process_keycode/process_tap_dance.c ****     unregister_code16 (pair->kc2);
 163               		.loc 1 22 13 is_stmt 0 view .LVU37
 164 0012 8230      		cpi r24,lo8(2)
 165 0014 01F4      		brne .L12
  23:quantum/process_keycode/process_tap_dance.c ****   }
 166               		.loc 1 23 5 is_stmt 1 view .LVU38
 167 0016 FB01      		movw r30,r22
 168               	.LVL16:
  23:quantum/process_keycode/process_tap_dance.c ****   }
 169               		.loc 1 23 5 is_stmt 0 view .LVU39
 170 0018 8281      		ldd r24,Z+2
 171 001a 9381      		ldd r25,Z+3
 172 001c 00C0      		rjmp .L15
 173               	.LVL17:
 174               	.L12:
 175               	/* epilogue start */
  25:quantum/process_keycode/process_tap_dance.c **** 
 176               		.loc 1 25 1 view .LVU40
 177 001e 0895      		ret
 178               		.cfi_endproc
 179               	.LFE108:
 181               		.section	.text.reset_tap_dance,"ax",@progbits
 182               	.global	reset_tap_dance
 184               	reset_tap_dance:
 185               	.LVL18:
 186               	.LFB115:
  48:quantum/process_keycode/process_tap_dance.c **** 
  49:quantum/process_keycode/process_tap_dance.c **** static inline void process_tap_dance_action_on_reset (qk_tap_dance_action_t *action)
  50:quantum/process_keycode/process_tap_dance.c **** {
  51:quantum/process_keycode/process_tap_dance.c ****   _process_tap_dance_action_fn (&action->state, action->user_data, action->fn.on_reset);
  52:quantum/process_keycode/process_tap_dance.c **** }
  53:quantum/process_keycode/process_tap_dance.c **** 
  54:quantum/process_keycode/process_tap_dance.c **** bool process_tap_dance(uint16_t keycode, keyrecord_t *record) {
  55:quantum/process_keycode/process_tap_dance.c ****   uint16_t idx = keycode - QK_TAP_DANCE;
  56:quantum/process_keycode/process_tap_dance.c ****   qk_tap_dance_action_t *action;
  57:quantum/process_keycode/process_tap_dance.c **** 
  58:quantum/process_keycode/process_tap_dance.c ****   if (last_td && last_td != keycode) {
  59:quantum/process_keycode/process_tap_dance.c ****     (&tap_dance_actions[last_td - QK_TAP_DANCE])->state.interrupted = true;
  60:quantum/process_keycode/process_tap_dance.c ****   }
  61:quantum/process_keycode/process_tap_dance.c **** 
  62:quantum/process_keycode/process_tap_dance.c ****   switch(keycode) {
  63:quantum/process_keycode/process_tap_dance.c ****   case QK_TAP_DANCE ... QK_TAP_DANCE_MAX:
  64:quantum/process_keycode/process_tap_dance.c ****     if ((int16_t)idx > highest_td)
  65:quantum/process_keycode/process_tap_dance.c ****       highest_td = idx;
  66:quantum/process_keycode/process_tap_dance.c ****     action = &tap_dance_actions[idx];
  67:quantum/process_keycode/process_tap_dance.c **** 
  68:quantum/process_keycode/process_tap_dance.c ****     action->state.pressed = record->event.pressed;
  69:quantum/process_keycode/process_tap_dance.c ****     if (record->event.pressed) {
  70:quantum/process_keycode/process_tap_dance.c ****       action->state.keycode = keycode;
  71:quantum/process_keycode/process_tap_dance.c ****       action->state.count++;
  72:quantum/process_keycode/process_tap_dance.c ****       action->state.timer = timer_read();
  73:quantum/process_keycode/process_tap_dance.c ****       process_tap_dance_action_on_each_tap (action);
  74:quantum/process_keycode/process_tap_dance.c **** 
  75:quantum/process_keycode/process_tap_dance.c ****       if (last_td && last_td != keycode) {
  76:quantum/process_keycode/process_tap_dance.c ****         qk_tap_dance_action_t *paction = &tap_dance_actions[last_td - QK_TAP_DANCE];
  77:quantum/process_keycode/process_tap_dance.c ****         paction->state.interrupted = true;
  78:quantum/process_keycode/process_tap_dance.c ****         process_tap_dance_action_on_dance_finished (paction);
  79:quantum/process_keycode/process_tap_dance.c ****         reset_tap_dance (&paction->state);
  80:quantum/process_keycode/process_tap_dance.c ****       }
  81:quantum/process_keycode/process_tap_dance.c **** 
  82:quantum/process_keycode/process_tap_dance.c ****       last_td = keycode;
  83:quantum/process_keycode/process_tap_dance.c ****     }
  84:quantum/process_keycode/process_tap_dance.c **** 
  85:quantum/process_keycode/process_tap_dance.c ****     break;
  86:quantum/process_keycode/process_tap_dance.c **** 
  87:quantum/process_keycode/process_tap_dance.c ****   default:
  88:quantum/process_keycode/process_tap_dance.c ****     if (!record->event.pressed)
  89:quantum/process_keycode/process_tap_dance.c ****       return true;
  90:quantum/process_keycode/process_tap_dance.c **** 
  91:quantum/process_keycode/process_tap_dance.c ****     if (highest_td == -1)
  92:quantum/process_keycode/process_tap_dance.c ****       return true;
  93:quantum/process_keycode/process_tap_dance.c **** 
  94:quantum/process_keycode/process_tap_dance.c ****     for (int i = 0; i <= highest_td; i++) {
  95:quantum/process_keycode/process_tap_dance.c ****       action = &tap_dance_actions[i];
  96:quantum/process_keycode/process_tap_dance.c ****       if (action->state.count == 0)
  97:quantum/process_keycode/process_tap_dance.c ****         continue;
  98:quantum/process_keycode/process_tap_dance.c ****       action->state.interrupted = true;
  99:quantum/process_keycode/process_tap_dance.c ****       process_tap_dance_action_on_dance_finished (action);
 100:quantum/process_keycode/process_tap_dance.c ****       reset_tap_dance (&action->state);
 101:quantum/process_keycode/process_tap_dance.c ****     }
 102:quantum/process_keycode/process_tap_dance.c ****     break;
 103:quantum/process_keycode/process_tap_dance.c ****   }
 104:quantum/process_keycode/process_tap_dance.c **** 
 105:quantum/process_keycode/process_tap_dance.c ****   return true;
 106:quantum/process_keycode/process_tap_dance.c **** }
 107:quantum/process_keycode/process_tap_dance.c **** 
 108:quantum/process_keycode/process_tap_dance.c **** void matrix_scan_tap_dance () {
 109:quantum/process_keycode/process_tap_dance.c ****   if (highest_td == -1)
 110:quantum/process_keycode/process_tap_dance.c ****     return;
 111:quantum/process_keycode/process_tap_dance.c **** 
 112:quantum/process_keycode/process_tap_dance.c ****   for (int i = 0; i <= highest_td; i++) {
 113:quantum/process_keycode/process_tap_dance.c ****     qk_tap_dance_action_t *action = &tap_dance_actions[i];
 114:quantum/process_keycode/process_tap_dance.c **** 
 115:quantum/process_keycode/process_tap_dance.c ****     if (action->state.count && timer_elapsed (action->state.timer) > TAPPING_TERM) {
 116:quantum/process_keycode/process_tap_dance.c ****       process_tap_dance_action_on_dance_finished (action);
 117:quantum/process_keycode/process_tap_dance.c ****       reset_tap_dance (&action->state);
 118:quantum/process_keycode/process_tap_dance.c ****     }
 119:quantum/process_keycode/process_tap_dance.c ****   }
 120:quantum/process_keycode/process_tap_dance.c **** }
 121:quantum/process_keycode/process_tap_dance.c **** 
 122:quantum/process_keycode/process_tap_dance.c **** void reset_tap_dance (qk_tap_dance_state_t *state) {
 187               		.loc 1 122 52 is_stmt 1 view -0
 188               		.cfi_startproc
 189               		.loc 1 122 52 is_stmt 0 view .LVU42
 190 0000 CF93      		push r28
 191               	.LCFI0:
 192               		.cfi_def_cfa_offset 3
 193               		.cfi_offset 28, -2
 194 0002 DF93      		push r29
 195               	.LCFI1:
 196               		.cfi_def_cfa_offset 4
 197               		.cfi_offset 29, -3
 198               	/* prologue: function */
 199               	/* frame size = 0 */
 200               	/* stack size = 2 */
 201               	.L__stack_usage = 2
 202 0004 EC01      		movw r28,r24
 123:quantum/process_keycode/process_tap_dance.c ****   qk_tap_dance_action_t *action;
 203               		.loc 1 123 3 is_stmt 1 view .LVU43
 124:quantum/process_keycode/process_tap_dance.c **** 
 125:quantum/process_keycode/process_tap_dance.c ****   if (state->pressed)
 204               		.loc 1 125 3 view .LVU44
 205               		.loc 1 125 6 is_stmt 0 view .LVU45
 206 0006 8E81      		ldd r24,Y+6
 207               	.LVL19:
 208               		.loc 1 125 6 view .LVU46
 209 0008 8111      		cpse r24,__zero_reg__
 210 000a 00C0      		rjmp .L16
 126:quantum/process_keycode/process_tap_dance.c ****     return;
 127:quantum/process_keycode/process_tap_dance.c **** 
 128:quantum/process_keycode/process_tap_dance.c ****   action = &tap_dance_actions[state->keycode - QK_TAP_DANCE];
 211               		.loc 1 128 3 is_stmt 1 view .LVU47
 212               		.loc 1 128 46 is_stmt 0 view .LVU48
 213 000c 8981      		ldd r24,Y+1
 214 000e 9A81      		ldd r25,Y+2
 215 0010 9157      		subi r25,113
 216               	.LVL20:
 129:quantum/process_keycode/process_tap_dance.c **** 
 130:quantum/process_keycode/process_tap_dance.c ****   process_tap_dance_action_on_reset (action);
 217               		.loc 1 130 3 is_stmt 1 view .LVU49
 218               	.LBB14:
 219               	.LBI14:
  49:quantum/process_keycode/process_tap_dance.c **** {
 220               		.loc 1 49 20 view .LVU50
 221               	.LBB15:
  51:quantum/process_keycode/process_tap_dance.c **** }
 222               		.loc 1 51 3 view .LVU51
 223 0012 24E0      		ldi r18,4
 224               		1:
 225 0014 880F      		lsl r24
 226 0016 991F      		rol r25
 227 0018 2A95      		dec r18
 228 001a 01F4      		brne 1b
 229               	.LVL21:
  51:quantum/process_keycode/process_tap_dance.c **** }
 230               		.loc 1 51 3 is_stmt 0 view .LVU52
 231 001c DC01      		movw r26,r24
 232 001e A050      		subi r26,lo8(-(tap_dance_actions))
 233 0020 B040      		sbci r27,hi8(-(tap_dance_actions))
 234               	.LVL22:
  51:quantum/process_keycode/process_tap_dance.c **** }
 235               		.loc 1 51 3 view .LVU53
 236 0022 1496      		adiw r26,4
 237 0024 ED91      		ld r30,X+
 238 0026 FC91      		ld r31,X
 239 0028 1597      		sbiw r26,4+1
 240               	.LVL23:
 241               	.LBB16:
 242               	.LBI16:
  27:quantum/process_keycode/process_tap_dance.c ****                                                  void *user_data,
 243               		.loc 1 27 20 is_stmt 1 view .LVU54
 244               	.LBB17:
  31:quantum/process_keycode/process_tap_dance.c ****     fn(state, user_data);
 245               		.loc 1 31 3 view .LVU55
  31:quantum/process_keycode/process_tap_dance.c ****     fn(state, user_data);
 246               		.loc 1 31 6 is_stmt 0 view .LVU56
 247 002a 3097      		sbiw r30,0
 248 002c 01F0      		breq .L18
  32:quantum/process_keycode/process_tap_dance.c ****   }
 249               		.loc 1 32 5 is_stmt 1 view .LVU57
 250 002e 1E96      		adiw r26,14
 251 0030 6D91      		ld r22,X+
 252 0032 7C91      		ld r23,X
 253 0034 8050      		subi r24,lo8(-(tap_dance_actions+6))
 254 0036 9040      		sbci r25,hi8(-(tap_dance_actions+6))
 255 0038 0995      		icall
 256               	.LVL24:
 257               	.L18:
  32:quantum/process_keycode/process_tap_dance.c ****   }
 258               		.loc 1 32 5 is_stmt 0 view .LVU58
 259               	.LBE17:
 260               	.LBE16:
 261               	.LBE15:
 262               	.LBE14:
 131:quantum/process_keycode/process_tap_dance.c **** 
 132:quantum/process_keycode/process_tap_dance.c ****   state->count = 0;
 263               		.loc 1 132 3 is_stmt 1 view .LVU59
 264               		.loc 1 132 16 is_stmt 0 view .LVU60
 265 003a 1882      		st Y,__zero_reg__
 133:quantum/process_keycode/process_tap_dance.c ****   state->interrupted = false;
 266               		.loc 1 133 3 is_stmt 1 view .LVU61
 267               		.loc 1 133 22 is_stmt 0 view .LVU62
 268 003c 1D82      		std Y+5,__zero_reg__
 134:quantum/process_keycode/process_tap_dance.c ****   state->finished = false;
 269               		.loc 1 134 3 is_stmt 1 view .LVU63
 270               		.loc 1 134 19 is_stmt 0 view .LVU64
 271 003e 1F82      		std Y+7,__zero_reg__
 135:quantum/process_keycode/process_tap_dance.c ****   last_td = 0;
 272               		.loc 1 135 3 is_stmt 1 view .LVU65
 273               		.loc 1 135 11 is_stmt 0 view .LVU66
 274 0040 1092 0000 		sts last_td+1,__zero_reg__
 275 0044 1092 0000 		sts last_td,__zero_reg__
 276               	.L16:
 277               	/* epilogue start */
 136:quantum/process_keycode/process_tap_dance.c **** }
 278               		.loc 1 136 1 view .LVU67
 279 0048 DF91      		pop r29
 280 004a CF91      		pop r28
 281               	.LVL25:
 282               		.loc 1 136 1 view .LVU68
 283 004c 0895      		ret
 284               		.cfi_endproc
 285               	.LFE115:
 287               		.section	.text.process_tap_dance,"ax",@progbits
 288               	.global	process_tap_dance
 290               	process_tap_dance:
 291               	.LVL26:
 292               	.LFB113:
  54:quantum/process_keycode/process_tap_dance.c ****   uint16_t idx = keycode - QK_TAP_DANCE;
 293               		.loc 1 54 63 is_stmt 1 view -0
 294               		.cfi_startproc
  54:quantum/process_keycode/process_tap_dance.c ****   uint16_t idx = keycode - QK_TAP_DANCE;
 295               		.loc 1 54 63 is_stmt 0 view .LVU70
 296 0000 EF92      		push r14
 297               	.LCFI2:
 298               		.cfi_def_cfa_offset 3
 299               		.cfi_offset 14, -2
 300 0002 FF92      		push r15
 301               	.LCFI3:
 302               		.cfi_def_cfa_offset 4
 303               		.cfi_offset 15, -3
 304 0004 0F93      		push r16
 305               	.LCFI4:
 306               		.cfi_def_cfa_offset 5
 307               		.cfi_offset 16, -4
 308 0006 1F93      		push r17
 309               	.LCFI5:
 310               		.cfi_def_cfa_offset 6
 311               		.cfi_offset 17, -5
 312 0008 CF93      		push r28
 313               	.LCFI6:
 314               		.cfi_def_cfa_offset 7
 315               		.cfi_offset 28, -6
 316 000a DF93      		push r29
 317               	.LCFI7:
 318               		.cfi_def_cfa_offset 8
 319               		.cfi_offset 29, -7
 320               	/* prologue: function */
 321               	/* frame size = 0 */
 322               	/* stack size = 6 */
 323               	.L__stack_usage = 6
 324 000c 8C01      		movw r16,r24
  55:quantum/process_keycode/process_tap_dance.c ****   qk_tap_dance_action_t *action;
 325               		.loc 1 55 3 is_stmt 1 view .LVU71
  55:quantum/process_keycode/process_tap_dance.c ****   qk_tap_dance_action_t *action;
 326               		.loc 1 55 12 is_stmt 0 view .LVU72
 327 000e 9157      		subi r25,113
 328               	.LVL27:
  56:quantum/process_keycode/process_tap_dance.c **** 
 329               		.loc 1 56 3 is_stmt 1 view .LVU73
  58:quantum/process_keycode/process_tap_dance.c ****     (&tap_dance_actions[last_td - QK_TAP_DANCE])->state.interrupted = true;
 330               		.loc 1 58 3 view .LVU74
  58:quantum/process_keycode/process_tap_dance.c ****     (&tap_dance_actions[last_td - QK_TAP_DANCE])->state.interrupted = true;
 331               		.loc 1 58 7 is_stmt 0 view .LVU75
 332 0010 2091 0000 		lds r18,last_td
 333 0014 3091 0000 		lds r19,last_td+1
  58:quantum/process_keycode/process_tap_dance.c ****     (&tap_dance_actions[last_td - QK_TAP_DANCE])->state.interrupted = true;
 334               		.loc 1 58 6 view .LVU76
 335 0018 2115      		cp r18,__zero_reg__
 336 001a 3105      		cpc r19,__zero_reg__
 337 001c 01F0      		breq .L23
  58:quantum/process_keycode/process_tap_dance.c ****     (&tap_dance_actions[last_td - QK_TAP_DANCE])->state.interrupted = true;
 338               		.loc 1 58 15 discriminator 1 view .LVU77
 339 001e 2017      		cp r18,r16
 340 0020 3107      		cpc r19,r17
 341 0022 01F0      		breq .L23
  59:quantum/process_keycode/process_tap_dance.c ****   }
 342               		.loc 1 59 5 is_stmt 1 view .LVU78
  59:quantum/process_keycode/process_tap_dance.c ****   }
 343               		.loc 1 59 69 is_stmt 0 view .LVU79
 344 0024 44E0      		ldi r20,4
 345               		1:
 346 0026 220F      		lsl r18
 347 0028 331F      		rol r19
 348 002a 4A95      		dec r20
 349 002c 01F4      		brne 1b
 350 002e F901      		movw r30,r18
 351 0030 E050      		subi r30,lo8(-(tap_dance_actions-4096))
 352 0032 F040      		sbci r31,hi8(-(tap_dance_actions-4096))
 353 0034 21E0      		ldi r18,lo8(1)
 354 0036 2387      		std Z+11,r18
 355               	.L23:
  62:quantum/process_keycode/process_tap_dance.c ****   case QK_TAP_DANCE ... QK_TAP_DANCE_MAX:
 356               		.loc 1 62 3 is_stmt 1 view .LVU80
 357 0038 FB01      		movw r30,r22
 358 003a 4281      		ldd r20,Z+2
 359 003c 8F3F      		cpi r24,-1
 360 003e 9105      		cpc r25,__zero_reg__
 361 0040 01F0      		breq .+4
 362 0042 00F0      		brlo .+2
 363 0044 00C0      		rjmp .L24
  64:quantum/process_keycode/process_tap_dance.c ****       highest_td = idx;
 364               		.loc 1 64 5 view .LVU81
  64:quantum/process_keycode/process_tap_dance.c ****       highest_td = idx;
 365               		.loc 1 64 22 is_stmt 0 view .LVU82
 366 0046 2091 0000 		lds r18,highest_td
 367 004a 022E      		mov __tmp_reg__,r18
 368 004c 000C      		lsl r0
 369 004e 330B      		sbc r19,r19
  64:quantum/process_keycode/process_tap_dance.c ****       highest_td = idx;
 370               		.loc 1 64 8 view .LVU83
 371 0050 2817      		cp r18,r24
 372 0052 3907      		cpc r19,r25
 373 0054 04F4      		brge .L25
  65:quantum/process_keycode/process_tap_dance.c ****     action = &tap_dance_actions[idx];
 374               		.loc 1 65 7 is_stmt 1 view .LVU84
  65:quantum/process_keycode/process_tap_dance.c ****     action = &tap_dance_actions[idx];
 375               		.loc 1 65 18 is_stmt 0 view .LVU85
 376 0056 8093 0000 		sts highest_td,r24
 377               	.L25:
  66:quantum/process_keycode/process_tap_dance.c **** 
 378               		.loc 1 66 5 is_stmt 1 view .LVU86
 379               	.LVL28:
  68:quantum/process_keycode/process_tap_dance.c ****     if (record->event.pressed) {
 380               		.loc 1 68 5 view .LVU87
  68:quantum/process_keycode/process_tap_dance.c ****     if (record->event.pressed) {
 381               		.loc 1 68 27 is_stmt 0 view .LVU88
 382 005a 7C01      		movw r14,r24
 383 005c 94E0      		ldi r25,4
 384               		1:
 385 005e EE0C      		lsl r14
 386 0060 FF1C      		rol r15
 387 0062 9A95      		dec r25
 388 0064 01F4      		brne 1b
 389 0066 E701      		movw r28,r14
 390 0068 C050      		subi r28,lo8(-(tap_dance_actions))
 391 006a D040      		sbci r29,hi8(-(tap_dance_actions))
 392               	.LVL29:
  68:quantum/process_keycode/process_tap_dance.c ****     if (record->event.pressed) {
 393               		.loc 1 68 27 view .LVU89
 394 006c 4C87      		std Y+12,r20
  69:quantum/process_keycode/process_tap_dance.c ****       action->state.keycode = keycode;
 395               		.loc 1 69 5 is_stmt 1 view .LVU90
  69:quantum/process_keycode/process_tap_dance.c ****       action->state.keycode = keycode;
 396               		.loc 1 69 8 is_stmt 0 view .LVU91
 397 006e FB01      		movw r30,r22
 398 0070 8281      		ldd r24,Z+2
 399               	.LVL30:
  69:quantum/process_keycode/process_tap_dance.c ****       action->state.keycode = keycode;
 400               		.loc 1 69 8 view .LVU92
 401 0072 8823      		tst r24
 402 0074 01F0      		breq .L27
  70:quantum/process_keycode/process_tap_dance.c ****       action->state.count++;
 403               		.loc 1 70 7 is_stmt 1 view .LVU93
  70:quantum/process_keycode/process_tap_dance.c ****       action->state.count++;
 404               		.loc 1 70 29 is_stmt 0 view .LVU94
 405 0076 1887      		std Y+8,r17
 406 0078 0F83      		std Y+7,r16
  71:quantum/process_keycode/process_tap_dance.c ****       action->state.timer = timer_read();
 407               		.loc 1 71 7 is_stmt 1 view .LVU95
  71:quantum/process_keycode/process_tap_dance.c ****       action->state.timer = timer_read();
 408               		.loc 1 71 26 is_stmt 0 view .LVU96
 409 007a 8E81      		ldd r24,Y+6
 410 007c 8F5F      		subi r24,lo8(-(1))
 411 007e 8E83      		std Y+6,r24
  72:quantum/process_keycode/process_tap_dance.c ****       process_tap_dance_action_on_each_tap (action);
 412               		.loc 1 72 7 is_stmt 1 view .LVU97
  72:quantum/process_keycode/process_tap_dance.c ****       process_tap_dance_action_on_each_tap (action);
 413               		.loc 1 72 29 is_stmt 0 view .LVU98
 414 0080 0E94 0000 		call timer_read
 415               	.LVL31:
  72:quantum/process_keycode/process_tap_dance.c ****       process_tap_dance_action_on_each_tap (action);
 416               		.loc 1 72 27 view .LVU99
 417 0084 9A87      		std Y+10,r25
 418 0086 8987      		std Y+9,r24
  73:quantum/process_keycode/process_tap_dance.c **** 
 419               		.loc 1 73 7 is_stmt 1 view .LVU100
 420               	.LVL32:
 421               	.LBB24:
 422               	.LBI24:
  36:quantum/process_keycode/process_tap_dance.c **** {
 423               		.loc 1 36 20 view .LVU101
 424               	.LBB25:
  38:quantum/process_keycode/process_tap_dance.c **** }
 425               		.loc 1 38 3 view .LVU102
 426 0088 E881      		ld r30,Y
 427 008a F981      		ldd r31,Y+1
 428               	.LVL33:
 429               	.LBB26:
 430               	.LBI26:
  27:quantum/process_keycode/process_tap_dance.c ****                                                  void *user_data,
 431               		.loc 1 27 20 view .LVU103
 432               	.LBB27:
  31:quantum/process_keycode/process_tap_dance.c ****     fn(state, user_data);
 433               		.loc 1 31 3 view .LVU104
  31:quantum/process_keycode/process_tap_dance.c ****     fn(state, user_data);
 434               		.loc 1 31 6 is_stmt 0 view .LVU105
 435 008c 3097      		sbiw r30,0
 436 008e 01F0      		breq .L28
  32:quantum/process_keycode/process_tap_dance.c ****   }
 437               		.loc 1 32 5 is_stmt 1 view .LVU106
 438 0090 6E85      		ldd r22,Y+14
 439 0092 7F85      		ldd r23,Y+15
 440 0094 C701      		movw r24,r14
 441 0096 8050      		subi r24,lo8(-(tap_dance_actions+6))
 442 0098 9040      		sbci r25,hi8(-(tap_dance_actions+6))
 443 009a 0995      		icall
 444               	.LVL34:
 445               	.L28:
  32:quantum/process_keycode/process_tap_dance.c ****   }
 446               		.loc 1 32 5 is_stmt 0 view .LVU107
 447               	.LBE27:
 448               	.LBE26:
 449               	.LBE25:
 450               	.LBE24:
  75:quantum/process_keycode/process_tap_dance.c ****         qk_tap_dance_action_t *paction = &tap_dance_actions[last_td - QK_TAP_DANCE];
 451               		.loc 1 75 7 is_stmt 1 view .LVU108
  75:quantum/process_keycode/process_tap_dance.c ****         qk_tap_dance_action_t *paction = &tap_dance_actions[last_td - QK_TAP_DANCE];
 452               		.loc 1 75 11 is_stmt 0 view .LVU109
 453 009c 8091 0000 		lds r24,last_td
 454 00a0 9091 0000 		lds r25,last_td+1
  75:quantum/process_keycode/process_tap_dance.c ****         qk_tap_dance_action_t *paction = &tap_dance_actions[last_td - QK_TAP_DANCE];
 455               		.loc 1 75 10 view .LVU110
 456 00a4 0097      		sbiw r24,0
 457 00a6 01F0      		breq .L29
  75:quantum/process_keycode/process_tap_dance.c ****         qk_tap_dance_action_t *paction = &tap_dance_actions[last_td - QK_TAP_DANCE];
 458               		.loc 1 75 19 discriminator 1 view .LVU111
 459 00a8 8017      		cp r24,r16
 460 00aa 9107      		cpc r25,r17
 461 00ac 01F0      		breq .L29
 462               	.LBB28:
  76:quantum/process_keycode/process_tap_dance.c ****         paction->state.interrupted = true;
 463               		.loc 1 76 9 is_stmt 1 view .LVU112
  76:quantum/process_keycode/process_tap_dance.c ****         paction->state.interrupted = true;
 464               		.loc 1 76 69 is_stmt 0 view .LVU113
 465 00ae 9157      		subi r25,113
 466 00b0 EC01      		movw r28,r24
 467               	.LVL35:
  76:quantum/process_keycode/process_tap_dance.c ****         paction->state.interrupted = true;
 468               		.loc 1 76 69 view .LVU114
 469 00b2 84E0      		ldi r24,4
 470               		1:
 471 00b4 CC0F      		lsl r28
 472 00b6 DD1F      		rol r29
 473 00b8 8A95      		dec r24
 474 00ba 01F4      		brne 1b
 475               	.LVL36:
  77:quantum/process_keycode/process_tap_dance.c ****         process_tap_dance_action_on_dance_finished (paction);
 476               		.loc 1 77 9 is_stmt 1 view .LVU115
  77:quantum/process_keycode/process_tap_dance.c ****         process_tap_dance_action_on_dance_finished (paction);
 477               		.loc 1 77 36 is_stmt 0 view .LVU116
 478 00bc CE01      		movw r24,r28
 479 00be 8050      		subi r24,lo8(-(tap_dance_actions))
 480 00c0 9040      		sbci r25,hi8(-(tap_dance_actions))
 481               	.LVL37:
  77:quantum/process_keycode/process_tap_dance.c ****         process_tap_dance_action_on_dance_finished (paction);
 482               		.loc 1 77 36 view .LVU117
 483 00c2 21E0      		ldi r18,lo8(1)
 484 00c4 FC01      		movw r30,r24
 485 00c6 2387      		std Z+11,r18
  78:quantum/process_keycode/process_tap_dance.c ****         reset_tap_dance (&paction->state);
 486               		.loc 1 78 9 is_stmt 1 view .LVU118
 487 00c8 0E94 0000 		call process_tap_dance_action_on_dance_finished
 488               	.LVL38:
  79:quantum/process_keycode/process_tap_dance.c ****       }
 489               		.loc 1 79 9 view .LVU119
 490 00cc CE01      		movw r24,r28
 491 00ce 8050      		subi r24,lo8(-(tap_dance_actions+6))
 492 00d0 9040      		sbci r25,hi8(-(tap_dance_actions+6))
 493 00d2 0E94 0000 		call reset_tap_dance
 494               	.LVL39:
 495               	.L29:
  79:quantum/process_keycode/process_tap_dance.c ****       }
 496               		.loc 1 79 9 is_stmt 0 view .LVU120
 497               	.LBE28:
  82:quantum/process_keycode/process_tap_dance.c ****     }
 498               		.loc 1 82 7 is_stmt 1 view .LVU121
  82:quantum/process_keycode/process_tap_dance.c ****     }
 499               		.loc 1 82 15 is_stmt 0 view .LVU122
 500 00d6 1093 0000 		sts last_td+1,r17
 501 00da 0093 0000 		sts last_td,r16
 502               	.LVL40:
 503               	.L27:
 106:quantum/process_keycode/process_tap_dance.c **** 
 504               		.loc 1 106 1 view .LVU123
 505 00de 81E0      		ldi r24,lo8(1)
 506               	/* epilogue start */
 507 00e0 DF91      		pop r29
 508 00e2 CF91      		pop r28
 509 00e4 1F91      		pop r17
 510 00e6 0F91      		pop r16
 511 00e8 FF90      		pop r15
 512 00ea EF90      		pop r14
 513 00ec 0895      		ret
 514               	.LVL41:
 515               	.L24:
  88:quantum/process_keycode/process_tap_dance.c ****       return true;
 516               		.loc 1 88 5 is_stmt 1 view .LVU124
  88:quantum/process_keycode/process_tap_dance.c ****       return true;
 517               		.loc 1 88 8 is_stmt 0 view .LVU125
 518 00ee 4423      		tst r20
 519 00f0 01F0      		breq .L27
  91:quantum/process_keycode/process_tap_dance.c ****       return true;
 520               		.loc 1 91 5 is_stmt 1 view .LVU126
  91:quantum/process_keycode/process_tap_dance.c ****       return true;
 521               		.loc 1 91 8 is_stmt 0 view .LVU127
 522 00f2 8091 0000 		lds r24,highest_td
 523               	.LVL42:
  91:quantum/process_keycode/process_tap_dance.c ****       return true;
 524               		.loc 1 91 8 view .LVU128
 525 00f6 8F3F      		cpi r24,lo8(-1)
 526 00f8 01F0      		breq .L27
 527 00fa C0E0      		ldi r28,lo8(tap_dance_actions)
 528 00fc D0E0      		ldi r29,hi8(tap_dance_actions)
 529               	.LBB29:
  94:quantum/process_keycode/process_tap_dance.c ****       action = &tap_dance_actions[i];
 530               		.loc 1 94 14 view .LVU129
 531 00fe 10E0      		ldi r17,0
 532 0100 00E0      		ldi r16,0
 533               	.LVL43:
  98:quantum/process_keycode/process_tap_dance.c ****       process_tap_dance_action_on_dance_finished (action);
 534               		.loc 1 98 33 view .LVU130
 535 0102 FF24      		clr r15
 536 0104 F394      		inc r15
 537               	.LVL44:
 538               	.L31:
  94:quantum/process_keycode/process_tap_dance.c ****       action = &tap_dance_actions[i];
 539               		.loc 1 94 23 discriminator 1 view .LVU131
 540 0106 8091 0000 		lds r24,highest_td
 541 010a 082E      		mov __tmp_reg__,r24
 542 010c 000C      		lsl r0
 543 010e 990B      		sbc r25,r25
  94:quantum/process_keycode/process_tap_dance.c ****       action = &tap_dance_actions[i];
 544               		.loc 1 94 5 discriminator 1 view .LVU132
 545 0110 8017      		cp r24,r16
 546 0112 9107      		cpc r25,r17
 547 0114 04F0      		brlt .L27
  95:quantum/process_keycode/process_tap_dance.c ****       if (action->state.count == 0)
 548               		.loc 1 95 7 is_stmt 1 view .LVU133
 549               	.LVL45:
  96:quantum/process_keycode/process_tap_dance.c ****         continue;
 550               		.loc 1 96 7 view .LVU134
  96:quantum/process_keycode/process_tap_dance.c ****         continue;
 551               		.loc 1 96 10 is_stmt 0 view .LVU135
 552 0116 8E81      		ldd r24,Y+6
 553 0118 8823      		tst r24
 554 011a 01F0      		breq .L32
  98:quantum/process_keycode/process_tap_dance.c ****       process_tap_dance_action_on_dance_finished (action);
 555               		.loc 1 98 7 is_stmt 1 view .LVU136
  98:quantum/process_keycode/process_tap_dance.c ****       process_tap_dance_action_on_dance_finished (action);
 556               		.loc 1 98 33 is_stmt 0 view .LVU137
 557 011c FB86      		std Y+11,r15
  99:quantum/process_keycode/process_tap_dance.c ****       reset_tap_dance (&action->state);
 558               		.loc 1 99 7 is_stmt 1 view .LVU138
 559 011e CE01      		movw r24,r28
 560 0120 0E94 0000 		call process_tap_dance_action_on_dance_finished
 561               	.LVL46:
 100:quantum/process_keycode/process_tap_dance.c ****     }
 562               		.loc 1 100 7 view .LVU139
 563 0124 CE01      		movw r24,r28
 564 0126 0696      		adiw r24,6
 565 0128 0E94 0000 		call reset_tap_dance
 566               	.LVL47:
 567               	.L32:
  94:quantum/process_keycode/process_tap_dance.c ****       action = &tap_dance_actions[i];
 568               		.loc 1 94 39 is_stmt 0 discriminator 2 view .LVU140
 569 012c 0F5F      		subi r16,-1
 570 012e 1F4F      		sbci r17,-1
 571               	.LVL48:
  94:quantum/process_keycode/process_tap_dance.c ****       action = &tap_dance_actions[i];
 572               		.loc 1 94 39 discriminator 2 view .LVU141
 573 0130 6096      		adiw r28,16
 574 0132 00C0      		rjmp .L31
 575               	.LBE29:
 576               		.cfi_endproc
 577               	.LFE113:
 579               		.section	.text.matrix_scan_tap_dance,"ax",@progbits
 580               	.global	matrix_scan_tap_dance
 582               	matrix_scan_tap_dance:
 583               	.LFB114:
 108:quantum/process_keycode/process_tap_dance.c ****   if (highest_td == -1)
 584               		.loc 1 108 31 is_stmt 1 view -0
 585               		.cfi_startproc
 586 0000 0F93      		push r16
 587               	.LCFI8:
 588               		.cfi_def_cfa_offset 3
 589               		.cfi_offset 16, -2
 590 0002 1F93      		push r17
 591               	.LCFI9:
 592               		.cfi_def_cfa_offset 4
 593               		.cfi_offset 17, -3
 594 0004 CF93      		push r28
 595               	.LCFI10:
 596               		.cfi_def_cfa_offset 5
 597               		.cfi_offset 28, -4
 598 0006 DF93      		push r29
 599               	.LCFI11:
 600               		.cfi_def_cfa_offset 6
 601               		.cfi_offset 29, -5
 602               	/* prologue: function */
 603               	/* frame size = 0 */
 604               	/* stack size = 4 */
 605               	.L__stack_usage = 4
 109:quantum/process_keycode/process_tap_dance.c ****     return;
 606               		.loc 1 109 3 view .LVU143
 109:quantum/process_keycode/process_tap_dance.c ****     return;
 607               		.loc 1 109 6 is_stmt 0 view .LVU144
 608 0008 8091 0000 		lds r24,highest_td
 609 000c C0E0      		ldi r28,lo8(tap_dance_actions)
 610 000e D0E0      		ldi r29,hi8(tap_dance_actions)
 611               	.LBB30:
 112:quantum/process_keycode/process_tap_dance.c ****     qk_tap_dance_action_t *action = &tap_dance_actions[i];
 612               		.loc 1 112 12 view .LVU145
 613 0010 10E0      		ldi r17,0
 614 0012 00E0      		ldi r16,0
 615               	.LBE30:
 109:quantum/process_keycode/process_tap_dance.c ****     return;
 616               		.loc 1 109 6 view .LVU146
 617 0014 8F3F      		cpi r24,lo8(-1)
 618 0016 01F4      		brne .L54
 619               	.L52:
 620               	/* epilogue start */
 120:quantum/process_keycode/process_tap_dance.c **** 
 621               		.loc 1 120 1 view .LVU147
 622 0018 DF91      		pop r29
 623 001a CF91      		pop r28
 624 001c 1F91      		pop r17
 625 001e 0F91      		pop r16
 626 0020 0895      		ret
 627               	.LVL49:
 628               	.L58:
 629               	.LBB32:
 630               	.LBB31:
 113:quantum/process_keycode/process_tap_dance.c **** 
 631               		.loc 1 113 5 is_stmt 1 view .LVU148
 115:quantum/process_keycode/process_tap_dance.c ****       process_tap_dance_action_on_dance_finished (action);
 632               		.loc 1 115 5 view .LVU149
 115:quantum/process_keycode/process_tap_dance.c ****       process_tap_dance_action_on_dance_finished (action);
 633               		.loc 1 115 8 is_stmt 0 view .LVU150
 634 0022 8E81      		ldd r24,Y+6
 635 0024 8823      		tst r24
 636 0026 01F0      		breq .L56
 115:quantum/process_keycode/process_tap_dance.c ****       process_tap_dance_action_on_dance_finished (action);
 637               		.loc 1 115 32 discriminator 1 view .LVU151
 638 0028 8985      		ldd r24,Y+9
 639 002a 9A85      		ldd r25,Y+10
 640 002c 0E94 0000 		call timer_elapsed
 641               	.LVL50:
 115:quantum/process_keycode/process_tap_dance.c ****       process_tap_dance_action_on_dance_finished (action);
 642               		.loc 1 115 29 discriminator 1 view .LVU152
 643 0030 8739      		cpi r24,-105
 644 0032 9105      		cpc r25,__zero_reg__
 645 0034 00F0      		brlo .L56
 116:quantum/process_keycode/process_tap_dance.c ****       reset_tap_dance (&action->state);
 646               		.loc 1 116 7 is_stmt 1 view .LVU153
 647 0036 CE01      		movw r24,r28
 648 0038 0E94 0000 		call process_tap_dance_action_on_dance_finished
 649               	.LVL51:
 117:quantum/process_keycode/process_tap_dance.c ****     }
 650               		.loc 1 117 7 view .LVU154
 651 003c CE01      		movw r24,r28
 652 003e 0696      		adiw r24,6
 653 0040 0E94 0000 		call reset_tap_dance
 654               	.LVL52:
 655               	.L56:
 117:quantum/process_keycode/process_tap_dance.c ****     }
 656               		.loc 1 117 7 is_stmt 0 view .LVU155
 657               	.LBE31:
 112:quantum/process_keycode/process_tap_dance.c ****     qk_tap_dance_action_t *action = &tap_dance_actions[i];
 658               		.loc 1 112 37 discriminator 2 view .LVU156
 659 0044 0F5F      		subi r16,-1
 660 0046 1F4F      		sbci r17,-1
 661               	.LVL53:
 112:quantum/process_keycode/process_tap_dance.c ****     qk_tap_dance_action_t *action = &tap_dance_actions[i];
 662               		.loc 1 112 37 discriminator 2 view .LVU157
 663 0048 6096      		adiw r28,16
 664               	.LVL54:
 665               	.L54:
 112:quantum/process_keycode/process_tap_dance.c ****     qk_tap_dance_action_t *action = &tap_dance_actions[i];
 666               		.loc 1 112 21 discriminator 1 view .LVU158
 667 004a 8091 0000 		lds r24,highest_td
 668 004e 082E      		mov __tmp_reg__,r24
 669 0050 000C      		lsl r0
 670 0052 990B      		sbc r25,r25
 112:quantum/process_keycode/process_tap_dance.c ****     qk_tap_dance_action_t *action = &tap_dance_actions[i];
 671               		.loc 1 112 3 discriminator 1 view .LVU159
 672 0054 8017      		cp r24,r16
 673 0056 9107      		cpc r25,r17
 674 0058 04F4      		brge .L58
 675 005a 00C0      		rjmp .L52
 676               	.LBE32:
 677               		.cfi_endproc
 678               	.LFE114:
 680               		.section	.data.highest_td,"aw",@progbits
 683               	highest_td:
 684 0000 FF        		.byte	-1
 685               		.section	.bss.last_td,"aw",@nobits
 688               	last_td:
 689 0000 0000      		.zero	2
 690               		.text
 691               	.Letext0:
 692               		.file 2 "/usr/local/Cellar/avr-gcc/8.1.0/avr/include/stdint.h"
 693               		.file 3 "/usr/local/Cellar/avr-gcc/8.1.0/lib/avr-gcc/8/gcc/avr/8.1.0/include/stddef.h"
 694               		.file 4 "./tmk_core/common/keyboard.h"
 695               		.file 5 "./tmk_core/common/action.h"
 696               		.file 6 "./tmk_core/protocol/lufa/LUFA-git/LUFA/Drivers/USB/Core/AVR8/../StdRequestType.h"
 697               		.file 7 "./tmk_core/protocol/lufa/LUFA-git/LUFA/Drivers/USB/Core/AVR8/../DeviceStandardReq.h"
 698               		.file 8 "./tmk_core/protocol/lufa/LUFA-git/LUFA/Drivers/USB/Core/USBTask.h"
 699               		.file 9 "./tmk_core/protocol/lufa/LUFA-git/LUFA/Drivers/USB/Core/HostStandardReq.h"
 700               		.file 10 "/usr/local/Cellar/avr-gcc/8.1.0/avr/include/stdio.h"
 701               		.file 11 "./tmk_core/common/report.h"
 702               		.file 12 "./tmk_core/common/host.h"
 703               		.file 13 "./tmk_core/common/debug.h"
 704               		.file 14 "./quantum/keycode_config.h"
 705               		.file 15 "./quantum/keymap.h"
 706               		.file 16 "./tmk_core/common/action_layer.h"
 707               		.file 17 "./tmk_core/common/timer.h"
 708               		.file 18 "./tmk_core/common/action_util.h"
 709               		.file 19 "/usr/local/Cellar/avr-gcc/8.1.0/avr/include/stdlib.h"
 710               		.file 20 "./quantum/process_keycode/process_tap_dance.h"
 711               		.file 21 "./quantum/quantum.h"
DEFINED SYMBOLS
                            *ABS*:0000000000000000 process_tap_dance.c
/var/folders/_c/44sm70yj4mq2k0mvzts6tsbc0000gn/T//ccVNDZMN.s:2      *ABS*:000000000000003e __SP_H__
/var/folders/_c/44sm70yj4mq2k0mvzts6tsbc0000gn/T//ccVNDZMN.s:3      *ABS*:000000000000003d __SP_L__
/var/folders/_c/44sm70yj4mq2k0mvzts6tsbc0000gn/T//ccVNDZMN.s:4      *ABS*:000000000000003f __SREG__
/var/folders/_c/44sm70yj4mq2k0mvzts6tsbc0000gn/T//ccVNDZMN.s:5      *ABS*:0000000000000000 __tmp_reg__
/var/folders/_c/44sm70yj4mq2k0mvzts6tsbc0000gn/T//ccVNDZMN.s:6      *ABS*:0000000000000001 __zero_reg__
/var/folders/_c/44sm70yj4mq2k0mvzts6tsbc0000gn/T//ccVNDZMN.s:12     .text.process_tap_dance_action_on_dance_finished:0000000000000000 process_tap_dance_action_on_dance_finished
/var/folders/_c/44sm70yj4mq2k0mvzts6tsbc0000gn/T//ccVNDZMN.s:82     .text.qk_tap_dance_pair_finished:0000000000000000 qk_tap_dance_pair_finished
/var/folders/_c/44sm70yj4mq2k0mvzts6tsbc0000gn/T//ccVNDZMN.s:133    .text.qk_tap_dance_pair_reset:0000000000000000 qk_tap_dance_pair_reset
/var/folders/_c/44sm70yj4mq2k0mvzts6tsbc0000gn/T//ccVNDZMN.s:184    .text.reset_tap_dance:0000000000000000 reset_tap_dance
/var/folders/_c/44sm70yj4mq2k0mvzts6tsbc0000gn/T//ccVNDZMN.s:688    .bss.last_td:0000000000000000 last_td
/var/folders/_c/44sm70yj4mq2k0mvzts6tsbc0000gn/T//ccVNDZMN.s:290    .text.process_tap_dance:0000000000000000 process_tap_dance
/var/folders/_c/44sm70yj4mq2k0mvzts6tsbc0000gn/T//ccVNDZMN.s:683    .data.highest_td:0000000000000000 highest_td
/var/folders/_c/44sm70yj4mq2k0mvzts6tsbc0000gn/T//ccVNDZMN.s:582    .text.matrix_scan_tap_dance:0000000000000000 matrix_scan_tap_dance

UNDEFINED SYMBOLS
register_code16
unregister_code16
tap_dance_actions
timer_read
timer_elapsed
__do_copy_data
__do_clear_bss
