   1               		.file	"keymap.c"
   2               	__SP_H__ = 0x3e
   3               	__SP_L__ = 0x3d
   4               	__SREG__ = 0x3f
   5               	__tmp_reg__ = 0
   6               	__zero_reg__ = 1
   7               		.text
   8               	.Ltext0:
   9               		.cfi_sections	.debug_frame
  10               		.section	.text.action_get_macro,"ax",@progbits
  11               	.global	action_get_macro
  13               	action_get_macro:
  14               	.LVL0:
  15               	.LFB124:
  16               		.file 1 "keyboards/ergodox/ez/keymaps/profet_80/keymap.c"
   1:keyboards/ergodox/ez/keymaps/profet_80/keymap.c **** #include "ergodox.h"
   2:keyboards/ergodox/ez/keymaps/profet_80/keymap.c **** #include "debug.h"
   3:keyboards/ergodox/ez/keymaps/profet_80/keymap.c **** #include "action_layer.h"
   4:keyboards/ergodox/ez/keymaps/profet_80/keymap.c **** #include "version.h"
   5:keyboards/ergodox/ez/keymaps/profet_80/keymap.c **** 
   6:keyboards/ergodox/ez/keymaps/profet_80/keymap.c **** #define BASE 0 // default layer
   7:keyboards/ergodox/ez/keymaps/profet_80/keymap.c **** #define SYMB 1 // symbols
   8:keyboards/ergodox/ez/keymaps/profet_80/keymap.c **** #define MDIA 2 // media keys
   9:keyboards/ergodox/ez/keymaps/profet_80/keymap.c **** 
  10:keyboards/ergodox/ez/keymaps/profet_80/keymap.c **** const uint16_t PROGMEM keymaps[][MATRIX_ROWS][MATRIX_COLS] = {
  11:keyboards/ergodox/ez/keymaps/profet_80/keymap.c **** /* Keymap 0: Basic layer
  12:keyboards/ergodox/ez/keymaps/profet_80/keymap.c ****  *
  13:keyboards/ergodox/ez/keymaps/profet_80/keymap.c ****  * ,--------------------------------------------------.           ,--------------------------------
  14:keyboards/ergodox/ez/keymaps/profet_80/keymap.c ****  * |   =    |   1  |   2  |   3  |   4  |   5  | LEFT |           | RIGHT|   6  |   7  |   8  |   9
  15:keyboards/ergodox/ez/keymaps/profet_80/keymap.c ****  * |--------+------+------+------+------+-------------|           |------+------+------+------+----
  16:keyboards/ergodox/ez/keymaps/profet_80/keymap.c ****  * | Del    |   Q  |   W  |   E  |   R  |   T  |  L1  |           |  L1  |   Y  |   U  |   I  |   O
  17:keyboards/ergodox/ez/keymaps/profet_80/keymap.c ****  * |--------+------+------+------+------+------|      |           |      |------+------+------+----
  18:keyboards/ergodox/ez/keymaps/profet_80/keymap.c ****  * | BkSp   |   A  |   S  |   D  |   F  |   G  |------|           |------|   H  |   J  |   K  |   L
  19:keyboards/ergodox/ez/keymaps/profet_80/keymap.c ****  * |--------+------+------+------+------+------| Hyper|           | Meh  |------+------+------+----
  20:keyboards/ergodox/ez/keymaps/profet_80/keymap.c ****  * | LShift |Z/Ctrl|   X  |   C  |   V  |   B  |      |           |      |   N  |   M  |   ,  |   .
  21:keyboards/ergodox/ez/keymaps/profet_80/keymap.c ****  * `--------+------+------+------+------+-------------'           `-------------+------+------+----
  22:keyboards/ergodox/ez/keymaps/profet_80/keymap.c ****  *   |Grv/L1|  '"  |AltShf| Left | Right|                                       |  Up  | Down |   [
  23:keyboards/ergodox/ez/keymaps/profet_80/keymap.c ****  *   `----------------------------------'                                       `------------------
  24:keyboards/ergodox/ez/keymaps/profet_80/keymap.c ****  *                                        ,-------------.       ,-------------.
  25:keyboards/ergodox/ez/keymaps/profet_80/keymap.c ****  *                                        | App  | LGui |       | Alt  |Ctrl/Esc|
  26:keyboards/ergodox/ez/keymaps/profet_80/keymap.c ****  *                                 ,------|------|------|       |------+--------+------.
  27:keyboards/ergodox/ez/keymaps/profet_80/keymap.c ****  *                                 |  1   |  2   | Home |       | PgUp |   3    |   4  |
  28:keyboards/ergodox/ez/keymaps/profet_80/keymap.c ****  *                                 |------|------|------|       |------|--------|------|
  29:keyboards/ergodox/ez/keymaps/profet_80/keymap.c ****  *                                 | Space| BkSp | End  |       | PgDn |  Tab   |Enter |
  30:keyboards/ergodox/ez/keymaps/profet_80/keymap.c ****  *                                 `--------------------'       `----------------------'
  31:keyboards/ergodox/ez/keymaps/profet_80/keymap.c ****  */
  32:keyboards/ergodox/ez/keymaps/profet_80/keymap.c **** // If it accepts an argument (i.e, is a function), it doesn't need KC_.
  33:keyboards/ergodox/ez/keymaps/profet_80/keymap.c **** // Otherwise, it needs KC_*
  34:keyboards/ergodox/ez/keymaps/profet_80/keymap.c **** [BASE] = KEYMAP_80(  // layer 0 : default
  35:keyboards/ergodox/ez/keymaps/profet_80/keymap.c ****         // left hand
  36:keyboards/ergodox/ez/keymaps/profet_80/keymap.c ****         KC_EQL,         KC_1,         KC_2,   KC_3,   KC_4,   KC_5,   KC_LEFT,
  37:keyboards/ergodox/ez/keymaps/profet_80/keymap.c ****         KC_DELT,        KC_Q,         KC_W,   KC_E,   KC_R,   KC_T,   TG(SYMB),
  38:keyboards/ergodox/ez/keymaps/profet_80/keymap.c ****         KC_BSPC,        KC_A,         KC_S,   KC_D,   KC_F,   KC_G,
  39:keyboards/ergodox/ez/keymaps/profet_80/keymap.c ****         KC_LSFT,        CTL_T(KC_Z),  KC_X,   KC_C,   KC_V,   KC_B,   ALL_T(KC_NO),
  40:keyboards/ergodox/ez/keymaps/profet_80/keymap.c ****         LT(SYMB,KC_GRV),KC_QUOT,      LALT(KC_LSFT),  KC_LEFT,KC_RGHT,
  41:keyboards/ergodox/ez/keymaps/profet_80/keymap.c ****                                               ALT_T(KC_APP),  KC_LGUI,
  42:keyboards/ergodox/ez/keymaps/profet_80/keymap.c ****                                                KC_1,  KC_2,   KC_HOME,
  43:keyboards/ergodox/ez/keymaps/profet_80/keymap.c ****                                                KC_SPC,KC_BSPC,KC_END,
  44:keyboards/ergodox/ez/keymaps/profet_80/keymap.c ****         // right hand
  45:keyboards/ergodox/ez/keymaps/profet_80/keymap.c ****              KC_RGHT,     KC_6,   KC_7,   KC_8,   KC_9,   KC_0,             KC_MINS,
  46:keyboards/ergodox/ez/keymaps/profet_80/keymap.c ****              TG(SYMB),    KC_Y,   KC_U,   KC_I,   KC_O,   KC_P,             KC_BSLS,
  47:keyboards/ergodox/ez/keymaps/profet_80/keymap.c ****                           KC_H,   KC_J,   KC_K,   KC_L,   LT(MDIA, KC_SCLN),GUI_T(KC_QUOT),
  48:keyboards/ergodox/ez/keymaps/profet_80/keymap.c ****              MEH_T(KC_NO),KC_N,   KC_M,   KC_COMM,KC_DOT, CTL_T(KC_SLSH),   KC_RSFT,
  49:keyboards/ergodox/ez/keymaps/profet_80/keymap.c ****                                   KC_UP,  KC_DOWN,KC_LBRC,KC_RBRC,          KC_FN1,
  50:keyboards/ergodox/ez/keymaps/profet_80/keymap.c ****              KC_LALT,        CTL_T(KC_ESC),
  51:keyboards/ergodox/ez/keymaps/profet_80/keymap.c ****              KC_PGUP,KC_3,   KC_4,
  52:keyboards/ergodox/ez/keymaps/profet_80/keymap.c ****              KC_PGDN,KC_TAB, KC_ENT
  53:keyboards/ergodox/ez/keymaps/profet_80/keymap.c ****     ),
  54:keyboards/ergodox/ez/keymaps/profet_80/keymap.c **** /* Keymap 1: Symbol Layer
  55:keyboards/ergodox/ez/keymaps/profet_80/keymap.c ****  *
  56:keyboards/ergodox/ez/keymaps/profet_80/keymap.c ****  * ,--------------------------------------------------.           ,--------------------------------
  57:keyboards/ergodox/ez/keymaps/profet_80/keymap.c ****  * |Version |  F1  |  F2  |  F3  |  F4  |  F5  |      |           |      |  F6  |  F7  |  F8  |  F9
  58:keyboards/ergodox/ez/keymaps/profet_80/keymap.c ****  * |--------+------+------+------+------+-------------|           |------+------+------+------+----
  59:keyboards/ergodox/ez/keymaps/profet_80/keymap.c ****  * |        |   !  |   @  |   {  |   }  |   |  |      |           |      |   Up |   7  |   8  |   9
  60:keyboards/ergodox/ez/keymaps/profet_80/keymap.c ****  * |--------+------+------+------+------+------|      |           |      |------+------+------+----
  61:keyboards/ergodox/ez/keymaps/profet_80/keymap.c ****  * |        |   #  |   $  |   (  |   )  |   `  |------|           |------| Down |   4  |   5  |   6
  62:keyboards/ergodox/ez/keymaps/profet_80/keymap.c ****  * |--------+------+------+------+------+------|      |           |      |------+------+------+----
  63:keyboards/ergodox/ez/keymaps/profet_80/keymap.c ****  * |        |   %  |   ^  |   [  |   ]  |   ~  |      |           |      |   &  |   1  |   2  |   3
  64:keyboards/ergodox/ez/keymaps/profet_80/keymap.c ****  * `--------+------+------+------+------+-------------'           `-------------+------+------+----
  65:keyboards/ergodox/ez/keymaps/profet_80/keymap.c ****  *   |      |      |      |      |      |                                       |      |    . |   0
  66:keyboards/ergodox/ez/keymaps/profet_80/keymap.c ****  *   `----------------------------------'                                       `------------------
  67:keyboards/ergodox/ez/keymaps/profet_80/keymap.c ****  *                                        ,-------------.       ,-------------.
  68:keyboards/ergodox/ez/keymaps/profet_80/keymap.c ****  *                                        |      |      |       |      |      |
  69:keyboards/ergodox/ez/keymaps/profet_80/keymap.c ****  *                                 ,------|------|------|       |------+------+------.
  70:keyboards/ergodox/ez/keymaps/profet_80/keymap.c ****  *                                 |      |      |      |       |      |      |      |
  71:keyboards/ergodox/ez/keymaps/profet_80/keymap.c ****  *                                 |------|------|------|       |------|------|------|
  72:keyboards/ergodox/ez/keymaps/profet_80/keymap.c ****  *                                 |      |      |      |       |      |      |      |
  73:keyboards/ergodox/ez/keymaps/profet_80/keymap.c ****  *                                 `--------------------'       `--------------------'
  74:keyboards/ergodox/ez/keymaps/profet_80/keymap.c ****  */
  75:keyboards/ergodox/ez/keymaps/profet_80/keymap.c **** // SYMBOLS
  76:keyboards/ergodox/ez/keymaps/profet_80/keymap.c **** [SYMB] = KEYMAP_80(
  77:keyboards/ergodox/ez/keymaps/profet_80/keymap.c ****        // left hand
  78:keyboards/ergodox/ez/keymaps/profet_80/keymap.c ****        M(0),   KC_F1,  KC_F2,  KC_F3,  KC_F4,  KC_F5,  KC_TRNS,
  79:keyboards/ergodox/ez/keymaps/profet_80/keymap.c ****        KC_TRNS,KC_EXLM,KC_AT,  KC_LCBR,KC_RCBR,KC_PIPE,KC_TRNS,
  80:keyboards/ergodox/ez/keymaps/profet_80/keymap.c ****        KC_TRNS,KC_HASH,KC_DLR, KC_LPRN,KC_RPRN,KC_GRV,
  81:keyboards/ergodox/ez/keymaps/profet_80/keymap.c ****        KC_TRNS,KC_PERC,KC_CIRC,KC_LBRC,KC_RBRC,KC_TILD,KC_TRNS,
  82:keyboards/ergodox/ez/keymaps/profet_80/keymap.c ****        KC_TRNS,KC_TRNS,KC_TRNS,KC_TRNS,KC_TRNS,
  83:keyboards/ergodox/ez/keymaps/profet_80/keymap.c ****                                        KC_TRNS,KC_TRNS,
  84:keyboards/ergodox/ez/keymaps/profet_80/keymap.c ****                                KC_TRNS,KC_TRNS,KC_TRNS,
  85:keyboards/ergodox/ez/keymaps/profet_80/keymap.c ****                                KC_TRNS,KC_TRNS,KC_TRNS,
  86:keyboards/ergodox/ez/keymaps/profet_80/keymap.c ****        // right hand
  87:keyboards/ergodox/ez/keymaps/profet_80/keymap.c ****        KC_TRNS, KC_F6,   KC_F7,  KC_F8,   KC_F9,   KC_F10,  KC_F11,
  88:keyboards/ergodox/ez/keymaps/profet_80/keymap.c ****        KC_TRNS, KC_UP,   KC_7,   KC_8,    KC_9,    KC_ASTR, KC_F12,
  89:keyboards/ergodox/ez/keymaps/profet_80/keymap.c ****                 KC_DOWN, KC_4,   KC_5,    KC_6,    KC_PLUS, KC_TRNS,
  90:keyboards/ergodox/ez/keymaps/profet_80/keymap.c ****        KC_TRNS, KC_AMPR, KC_1,   KC_2,    KC_3,    KC_BSLS, KC_TRNS,
  91:keyboards/ergodox/ez/keymaps/profet_80/keymap.c ****                          KC_TRNS,KC_DOT,  KC_0,    KC_EQL,  KC_TRNS,
  92:keyboards/ergodox/ez/keymaps/profet_80/keymap.c ****        KC_TRNS, KC_TRNS,
  93:keyboards/ergodox/ez/keymaps/profet_80/keymap.c ****        KC_TRNS, KC_TRNS, KC_TRNS,
  94:keyboards/ergodox/ez/keymaps/profet_80/keymap.c ****        KC_TRNS, KC_TRNS, KC_TRNS
  95:keyboards/ergodox/ez/keymaps/profet_80/keymap.c **** ),
  96:keyboards/ergodox/ez/keymaps/profet_80/keymap.c **** /* Keymap 2: Media and mouse keys
  97:keyboards/ergodox/ez/keymaps/profet_80/keymap.c ****  *
  98:keyboards/ergodox/ez/keymaps/profet_80/keymap.c ****  * ,--------------------------------------------------.           ,--------------------------------
  99:keyboards/ergodox/ez/keymaps/profet_80/keymap.c ****  * |        |      |      |      |      |      |      |           |      |      |      |      |    
 100:keyboards/ergodox/ez/keymaps/profet_80/keymap.c ****  * |--------+------+------+------+------+-------------|           |------+------+------+------+----
 101:keyboards/ergodox/ez/keymaps/profet_80/keymap.c ****  * |        |      |      | MsUp |      |      |      |           |      |      |      |      |    
 102:keyboards/ergodox/ez/keymaps/profet_80/keymap.c ****  * |--------+------+------+------+------+------|      |           |      |------+------+------+----
 103:keyboards/ergodox/ez/keymaps/profet_80/keymap.c ****  * |        |      |MsLeft|MsDown|MsRght|      |------|           |------|      |      |      |    
 104:keyboards/ergodox/ez/keymaps/profet_80/keymap.c ****  * |--------+------+------+------+------+------|      |           |      |------+------+------+----
 105:keyboards/ergodox/ez/keymaps/profet_80/keymap.c ****  * |        |      |      |      |      |      |      |           |      |      |      | Prev | Nex
 106:keyboards/ergodox/ez/keymaps/profet_80/keymap.c ****  * `--------+------+------+------+------+-------------'           `-------------+------+------+----
 107:keyboards/ergodox/ez/keymaps/profet_80/keymap.c ****  *   |      |      |      | Lclk | Rclk |                                       |VolUp |VolDn | Mut
 108:keyboards/ergodox/ez/keymaps/profet_80/keymap.c ****  *   `----------------------------------'                                       `------------------
 109:keyboards/ergodox/ez/keymaps/profet_80/keymap.c ****  *                                        ,-------------.       ,-------------.
 110:keyboards/ergodox/ez/keymaps/profet_80/keymap.c ****  *                                        |      |      |       |      |      |
 111:keyboards/ergodox/ez/keymaps/profet_80/keymap.c ****  *                                 ,------|------|------|       |------+------+----------.
 112:keyboards/ergodox/ez/keymaps/profet_80/keymap.c ****  *                                 |      |      |      |       |      |      |          |
 113:keyboards/ergodox/ez/keymaps/profet_80/keymap.c ****  *                                 |------|------|------|       |------|------|----------|
 114:keyboards/ergodox/ez/keymaps/profet_80/keymap.c ****  *                                 |      |      |      |       |      |      |BrwserBack|
 115:keyboards/ergodox/ez/keymaps/profet_80/keymap.c ****  *                                 `--------------------'       `------------------------'
 116:keyboards/ergodox/ez/keymaps/profet_80/keymap.c ****  */
 117:keyboards/ergodox/ez/keymaps/profet_80/keymap.c **** // MEDIA AND MOUSE
 118:keyboards/ergodox/ez/keymaps/profet_80/keymap.c **** [MDIA] = KEYMAP_80(
 119:keyboards/ergodox/ez/keymaps/profet_80/keymap.c ****        KC_TRNS, KC_TRNS, KC_TRNS, KC_TRNS, KC_TRNS, KC_TRNS, KC_TRNS,
 120:keyboards/ergodox/ez/keymaps/profet_80/keymap.c ****        KC_TRNS, KC_TRNS, KC_TRNS, KC_MS_U, KC_TRNS, KC_TRNS, KC_TRNS,
 121:keyboards/ergodox/ez/keymaps/profet_80/keymap.c ****        KC_TRNS, KC_TRNS, KC_MS_L, KC_MS_D, KC_MS_R, KC_TRNS,
 122:keyboards/ergodox/ez/keymaps/profet_80/keymap.c ****        KC_TRNS, KC_TRNS, KC_TRNS, KC_TRNS, KC_TRNS, KC_TRNS, KC_TRNS,
 123:keyboards/ergodox/ez/keymaps/profet_80/keymap.c ****        KC_TRNS, KC_TRNS, KC_TRNS, KC_BTN1, KC_BTN2,
 124:keyboards/ergodox/ez/keymaps/profet_80/keymap.c ****                                            KC_TRNS, KC_TRNS,
 125:keyboards/ergodox/ez/keymaps/profet_80/keymap.c **** 								  KC_TRNS, KC_TRNS, KC_TRNS,
 126:keyboards/ergodox/ez/keymaps/profet_80/keymap.c ****                                   KC_TRNS, KC_TRNS, KC_TRNS,
 127:keyboards/ergodox/ez/keymaps/profet_80/keymap.c ****     // right hand
 128:keyboards/ergodox/ez/keymaps/profet_80/keymap.c ****        KC_TRNS,  KC_TRNS, KC_TRNS, KC_TRNS, KC_TRNS, KC_TRNS, KC_TRNS,
 129:keyboards/ergodox/ez/keymaps/profet_80/keymap.c ****        KC_TRNS,  KC_TRNS, KC_TRNS, KC_TRNS, KC_TRNS, KC_TRNS, KC_TRNS,
 130:keyboards/ergodox/ez/keymaps/profet_80/keymap.c ****                  KC_TRNS, KC_TRNS, KC_TRNS, KC_TRNS, KC_TRNS, KC_MPLY,
 131:keyboards/ergodox/ez/keymaps/profet_80/keymap.c ****        KC_TRNS,  KC_TRNS, KC_TRNS, KC_MPRV, KC_MNXT, KC_TRNS, KC_TRNS,
 132:keyboards/ergodox/ez/keymaps/profet_80/keymap.c ****                           KC_VOLU, KC_VOLD, KC_MUTE, KC_TRNS, KC_TRNS,
 133:keyboards/ergodox/ez/keymaps/profet_80/keymap.c ****        KC_TRNS, KC_TRNS,
 134:keyboards/ergodox/ez/keymaps/profet_80/keymap.c ****        KC_TRNS, KC_TRNS, KC_TRNS,
 135:keyboards/ergodox/ez/keymaps/profet_80/keymap.c ****        KC_TRNS, KC_TRNS, KC_WBAK
 136:keyboards/ergodox/ez/keymaps/profet_80/keymap.c **** ),
 137:keyboards/ergodox/ez/keymaps/profet_80/keymap.c **** };
 138:keyboards/ergodox/ez/keymaps/profet_80/keymap.c **** 
 139:keyboards/ergodox/ez/keymaps/profet_80/keymap.c **** const uint16_t PROGMEM fn_actions[] = {
 140:keyboards/ergodox/ez/keymaps/profet_80/keymap.c ****     [1] = ACTION_LAYER_TAP_TOGGLE(SYMB)                // FN1 - Momentary Layer 1 (Symbols)
 141:keyboards/ergodox/ez/keymaps/profet_80/keymap.c **** };
 142:keyboards/ergodox/ez/keymaps/profet_80/keymap.c **** 
 143:keyboards/ergodox/ez/keymaps/profet_80/keymap.c **** const macro_t *action_get_macro(keyrecord_t *record, uint8_t id, uint8_t opt)
 144:keyboards/ergodox/ez/keymaps/profet_80/keymap.c **** {
  17               		.loc 1 144 1 view -0
  18               		.cfi_startproc
  19               	/* prologue: function */
  20               	/* frame size = 0 */
  21               	/* stack size = 0 */
  22               	.L__stack_usage = 0
 145:keyboards/ergodox/ez/keymaps/profet_80/keymap.c ****   // MACRODOWN only works in this function
 146:keyboards/ergodox/ez/keymaps/profet_80/keymap.c ****       switch(id) {
  23               		.loc 1 146 7 view .LVU1
  24 0000 6111      		cpse r22,__zero_reg__
  25 0002 00C0      		rjmp .L2
 147:keyboards/ergodox/ez/keymaps/profet_80/keymap.c ****         case 0:
 148:keyboards/ergodox/ez/keymaps/profet_80/keymap.c ****         if (record->event.pressed) {
  26               		.loc 1 148 9 view .LVU2
  27               		.loc 1 148 12 is_stmt 0 view .LVU3
  28 0004 FC01      		movw r30,r24
  29 0006 8281      		ldd r24,Z+2
  30               	.LVL1:
  31               		.loc 1 148 12 view .LVU4
  32 0008 8823      		tst r24
  33 000a 01F0      		breq .L2
 149:keyboards/ergodox/ez/keymaps/profet_80/keymap.c ****           SEND_STRING (QMK_KEYBOARD "/" QMK_KEYMAP " @ " QMK_VERSION);
  34               		.loc 1 149 11 is_stmt 1 view .LVU5
  35               	.LBB2:
  36               		.loc 1 149 11 view .LVU6
  37               		.loc 1 149 11 view .LVU7
  38               	.LBE2:
  39 000c 80E0      		ldi r24,lo8(__c.5325)
  40 000e 90E0      		ldi r25,hi8(__c.5325)
  41 0010 0E94 0000 		call send_string
  42               	.LVL2:
  43               	.L2:
 150:keyboards/ergodox/ez/keymaps/profet_80/keymap.c ****         }
 151:keyboards/ergodox/ez/keymaps/profet_80/keymap.c ****         break;
 152:keyboards/ergodox/ez/keymaps/profet_80/keymap.c ****       }
 153:keyboards/ergodox/ez/keymaps/profet_80/keymap.c ****     return MACRO_NONE;
  44               		.loc 1 153 5 view .LVU8
 154:keyboards/ergodox/ez/keymaps/profet_80/keymap.c **** };
  45               		.loc 1 154 1 is_stmt 0 view .LVU9
  46 0014 90E0      		ldi r25,0
  47 0016 80E0      		ldi r24,0
  48               	/* epilogue start */
  49 0018 0895      		ret
  50               		.cfi_endproc
  51               	.LFE124:
  53               		.section	.text.matrix_init_user,"ax",@progbits
  54               	.global	matrix_init_user
  56               	matrix_init_user:
  57               	.LFB125:
 155:keyboards/ergodox/ez/keymaps/profet_80/keymap.c **** 
 156:keyboards/ergodox/ez/keymaps/profet_80/keymap.c **** // Runs just one time when the keyboard initializes.
 157:keyboards/ergodox/ez/keymaps/profet_80/keymap.c **** void matrix_init_user(void) {
  58               		.loc 1 157 29 is_stmt 1 view -0
  59               		.cfi_startproc
  60               	/* prologue: function */
  61               	/* frame size = 0 */
  62               	/* stack size = 0 */
  63               	.L__stack_usage = 0
 158:keyboards/ergodox/ez/keymaps/profet_80/keymap.c **** 
 159:keyboards/ergodox/ez/keymaps/profet_80/keymap.c **** };
  64               		.loc 1 159 1 view .LVU11
  65               	/* epilogue start */
  66 0000 0895      		ret
  67               		.cfi_endproc
  68               	.LFE125:
  70               		.section	.text.matrix_scan_user,"ax",@progbits
  71               	.global	matrix_scan_user
  73               	matrix_scan_user:
  74               	.LFB126:
 160:keyboards/ergodox/ez/keymaps/profet_80/keymap.c **** 
 161:keyboards/ergodox/ez/keymaps/profet_80/keymap.c **** // Runs constantly in the background, in a loop.
 162:keyboards/ergodox/ez/keymaps/profet_80/keymap.c **** void matrix_scan_user(void) {
  75               		.loc 1 162 29 view -0
  76               		.cfi_startproc
  77 0000 CF93      		push r28
  78               	.LCFI0:
  79               		.cfi_def_cfa_offset 3
  80               		.cfi_offset 28, -2
  81               	/* prologue: function */
  82               	/* frame size = 0 */
  83               	/* stack size = 1 */
  84               	.L__stack_usage = 1
 163:keyboards/ergodox/ez/keymaps/profet_80/keymap.c **** 
 164:keyboards/ergodox/ez/keymaps/profet_80/keymap.c ****     uint8_t layer = biton32(layer_state);
  85               		.loc 1 164 5 view .LVU13
  86               		.loc 1 164 21 is_stmt 0 view .LVU14
  87 0002 6091 0000 		lds r22,layer_state
  88 0006 7091 0000 		lds r23,layer_state+1
  89 000a 8091 0000 		lds r24,layer_state+2
  90 000e 9091 0000 		lds r25,layer_state+3
  91 0012 0E94 0000 		call biton32
  92               	.LVL3:
  93 0016 C82F      		mov r28,r24
  94               	.LVL4:
 165:keyboards/ergodox/ez/keymaps/profet_80/keymap.c **** 
 166:keyboards/ergodox/ez/keymaps/profet_80/keymap.c ****     ergodox_board_led_off();
  95               		.loc 1 166 5 is_stmt 1 view .LVU15
  96 0018 0E94 0000 		call ergodox_board_led_off
  97               	.LVL5:
 167:keyboards/ergodox/ez/keymaps/profet_80/keymap.c ****     ergodox_right_led_1_off();
  98               		.loc 1 167 5 view .LVU16
  99 001c 0E94 0000 		call ergodox_right_led_1_off
 100               	.LVL6:
 168:keyboards/ergodox/ez/keymaps/profet_80/keymap.c ****     ergodox_right_led_2_off();
 101               		.loc 1 168 5 view .LVU17
 102 0020 0E94 0000 		call ergodox_right_led_2_off
 103               	.LVL7:
 169:keyboards/ergodox/ez/keymaps/profet_80/keymap.c ****     ergodox_right_led_3_off();
 104               		.loc 1 169 5 view .LVU18
 105 0024 0E94 0000 		call ergodox_right_led_3_off
 106               	.LVL8:
 170:keyboards/ergodox/ez/keymaps/profet_80/keymap.c ****     switch (layer) {
 107               		.loc 1 170 5 view .LVU19
 108 0028 C130      		cpi r28,lo8(1)
 109 002a 01F0      		breq .L8
 110 002c C230      		cpi r28,lo8(2)
 111 002e 01F0      		breq .L9
 112               	/* epilogue start */
 171:keyboards/ergodox/ez/keymaps/profet_80/keymap.c ****       // TODO: Make this relevant to the ErgoDox EZ.
 172:keyboards/ergodox/ez/keymaps/profet_80/keymap.c ****         case 1:
 173:keyboards/ergodox/ez/keymaps/profet_80/keymap.c ****             ergodox_right_led_1_on();
 174:keyboards/ergodox/ez/keymaps/profet_80/keymap.c ****             break;
 175:keyboards/ergodox/ez/keymaps/profet_80/keymap.c ****         case 2:
 176:keyboards/ergodox/ez/keymaps/profet_80/keymap.c ****             ergodox_right_led_2_on();
 177:keyboards/ergodox/ez/keymaps/profet_80/keymap.c ****             break;
 178:keyboards/ergodox/ez/keymaps/profet_80/keymap.c ****         default:
 179:keyboards/ergodox/ez/keymaps/profet_80/keymap.c ****             // none
 180:keyboards/ergodox/ez/keymaps/profet_80/keymap.c ****             break;
 181:keyboards/ergodox/ez/keymaps/profet_80/keymap.c ****     }
 182:keyboards/ergodox/ez/keymaps/profet_80/keymap.c **** 
 183:keyboards/ergodox/ez/keymaps/profet_80/keymap.c **** };
 113               		.loc 1 183 1 is_stmt 0 view .LVU20
 114 0030 CF91      		pop r28
 115               	.LVL9:
 116               		.loc 1 183 1 view .LVU21
 117 0032 0895      		ret
 118               	.LVL10:
 119               	.L8:
 173:keyboards/ergodox/ez/keymaps/profet_80/keymap.c ****             break;
 120               		.loc 1 173 13 is_stmt 1 view .LVU22
 121               	/* epilogue start */
 122               		.loc 1 183 1 is_stmt 0 view .LVU23
 123 0034 CF91      		pop r28
 124               	.LVL11:
 173:keyboards/ergodox/ez/keymaps/profet_80/keymap.c ****             break;
 125               		.loc 1 173 13 view .LVU24
 126 0036 0C94 0000 		jmp ergodox_right_led_1_on
 127               	.LVL12:
 128               	.L9:
 176:keyboards/ergodox/ez/keymaps/profet_80/keymap.c ****             break;
 129               		.loc 1 176 13 is_stmt 1 view .LVU25
 130               	/* epilogue start */
 131               		.loc 1 183 1 is_stmt 0 view .LVU26
 132 003a CF91      		pop r28
 133               	.LVL13:
 176:keyboards/ergodox/ez/keymaps/profet_80/keymap.c ****             break;
 134               		.loc 1 176 13 view .LVU27
 135 003c 0C94 0000 		jmp ergodox_right_led_2_on
 136               	.LVL14:
 137               		.cfi_endproc
 138               	.LFE126:
 140               		.section	.progmem.data.__c.5325,"a",@progbits
 143               	__c.5325:
 144 0000 6572 676F 		.string	"ergodox/profet_80 @ a0258c-dirty"
 144      646F 782F 
 144      7072 6F66 
 144      6574 5F38 
 144      3020 4020 
 145               	.global	fn_actions
 146               		.section	.progmem.data.fn_actions,"a",@progbits
 149               	fn_actions:
 150 0000 0000      		.zero	2
 151 0002 F0A1      		.word	-24080
 152               	.global	keymaps
 153               		.section	.progmem.data.keymaps,"a",@progbits
 156               	keymaps:
 157 0000 2E00      		.word	46
 158 0002 4C00      		.word	76
 159 0004 2A00      		.word	42
 160 0006 E100      		.word	225
 161 0008 3541      		.word	16693
 162 000a 0000      		.word	0
 163 000c 1E00      		.word	30
 164 000e 1400      		.word	20
 165 0010 0400      		.word	4
 166 0012 1D61      		.word	24861
 167 0014 3400      		.word	52
 168 0016 4D00      		.word	77
 169 0018 1F00      		.word	31
 170 001a 1A00      		.word	26
 171 001c 1600      		.word	22
 172 001e 1B00      		.word	27
 173 0020 E104      		.word	1249
 174 0022 2A00      		.word	42
 175 0024 2000      		.word	32
 176 0026 0800      		.word	8
 177 0028 0700      		.word	7
 178 002a 0600      		.word	6
 179 002c 5000      		.word	80
 180 002e 2C00      		.word	44
 181 0030 2100      		.word	33
 182 0032 1500      		.word	21
 183 0034 0900      		.word	9
 184 0036 1900      		.word	25
 185 0038 4F00      		.word	79
 186 003a 4A00      		.word	74
 187 003c 2200      		.word	34
 188 003e 1700      		.word	23
 189 0040 0A00      		.word	10
 190 0042 0500      		.word	5
 191 0044 1E00      		.word	30
 192 0046 6564      		.word	25701
 193 0048 5000      		.word	80
 194 004a 0153      		.word	21249
 195 004c 0000      		.word	0
 196 004e 006F      		.word	28416
 197 0050 1F00      		.word	31
 198 0052 E300      		.word	227
 199 0054 4F00      		.word	79
 200 0056 0153      		.word	21249
 201 0058 0000      		.word	0
 202 005a 0067      		.word	26368
 203 005c 2000      		.word	32
 204 005e E200      		.word	226
 205 0060 2300      		.word	35
 206 0062 1C00      		.word	28
 207 0064 0B00      		.word	11
 208 0066 1100      		.word	17
 209 0068 2100      		.word	33
 210 006a 2961      		.word	24873
 211 006c 2400      		.word	36
 212 006e 1800      		.word	24
 213 0070 0D00      		.word	13
 214 0072 1000      		.word	16
 215 0074 5200      		.word	82
 216 0076 4B00      		.word	75
 217 0078 2500      		.word	37
 218 007a 0C00      		.word	12
 219 007c 0E00      		.word	14
 220 007e 3600      		.word	54
 221 0080 5100      		.word	81
 222 0082 2800      		.word	40
 223 0084 2600      		.word	38
 224 0086 1200      		.word	18
 225 0088 0F00      		.word	15
 226 008a 3700      		.word	55
 227 008c 2F00      		.word	47
 228 008e 2B00      		.word	43
 229 0090 2700      		.word	39
 230 0092 1300      		.word	19
 231 0094 3342      		.word	16947
 232 0096 3861      		.word	24888
 233 0098 3000      		.word	48
 234 009a 4E00      		.word	78
 235 009c 2D00      		.word	45
 236 009e 3100      		.word	49
 237 00a0 3468      		.word	26676
 238 00a2 E500      		.word	229
 239 00a4 C100      		.word	193
 240 00a6 0000      		.word	0
 241 00a8 0030      		.word	12288
 242 00aa 0100      		.word	1
 243 00ac 0100      		.word	1
 244 00ae 0100      		.word	1
 245 00b0 0100      		.word	1
 246 00b2 0000      		.word	0
 247 00b4 3A00      		.word	58
 248 00b6 1E02      		.word	542
 249 00b8 2002      		.word	544
 250 00ba 2202      		.word	546
 251 00bc 0100      		.word	1
 252 00be 0100      		.word	1
 253 00c0 3B00      		.word	59
 254 00c2 1F02      		.word	543
 255 00c4 2102      		.word	545
 256 00c6 2302      		.word	547
 257 00c8 0100      		.word	1
 258 00ca 0100      		.word	1
 259 00cc 3C00      		.word	60
 260 00ce 2F02      		.word	559
 261 00d0 2602      		.word	550
 262 00d2 2F00      		.word	47
 263 00d4 0100      		.word	1
 264 00d6 0100      		.word	1
 265 00d8 3D00      		.word	61
 266 00da 3002      		.word	560
 267 00dc 2702      		.word	551
 268 00de 3000      		.word	48
 269 00e0 0100      		.word	1
 270 00e2 0100      		.word	1
 271 00e4 3E00      		.word	62
 272 00e6 3102      		.word	561
 273 00e8 3500      		.word	53
 274 00ea 3502      		.word	565
 275 00ec 0100      		.word	1
 276 00ee 0100      		.word	1
 277 00f0 0100      		.word	1
 278 00f2 0100      		.word	1
 279 00f4 0000      		.word	0
 280 00f6 0100      		.word	1
 281 00f8 0100      		.word	1
 282 00fa 0100      		.word	1
 283 00fc 0100      		.word	1
 284 00fe 0100      		.word	1
 285 0100 0000      		.word	0
 286 0102 0100      		.word	1
 287 0104 0100      		.word	1
 288 0106 0100      		.word	1
 289 0108 3F00      		.word	63
 290 010a 5200      		.word	82
 291 010c 5100      		.word	81
 292 010e 2402      		.word	548
 293 0110 0100      		.word	1
 294 0112 0100      		.word	1
 295 0114 4000      		.word	64
 296 0116 2400      		.word	36
 297 0118 2100      		.word	33
 298 011a 1E00      		.word	30
 299 011c 0100      		.word	1
 300 011e 0100      		.word	1
 301 0120 4100      		.word	65
 302 0122 2500      		.word	37
 303 0124 2200      		.word	34
 304 0126 1F00      		.word	31
 305 0128 3700      		.word	55
 306 012a 0100      		.word	1
 307 012c 4200      		.word	66
 308 012e 2600      		.word	38
 309 0130 2300      		.word	35
 310 0132 2000      		.word	32
 311 0134 2700      		.word	39
 312 0136 0100      		.word	1
 313 0138 4300      		.word	67
 314 013a 2502      		.word	549
 315 013c 2E02      		.word	558
 316 013e 3100      		.word	49
 317 0140 2E00      		.word	46
 318 0142 0100      		.word	1
 319 0144 4400      		.word	68
 320 0146 4500      		.word	69
 321 0148 0100      		.word	1
 322 014a 0100      		.word	1
 323 014c 0100      		.word	1
 324 014e 0000      		.word	0
 325 0150 0100      		.word	1
 326 0152 0100      		.word	1
 327 0154 0100      		.word	1
 328 0156 0100      		.word	1
 329 0158 0100      		.word	1
 330 015a 0000      		.word	0
 331 015c 0100      		.word	1
 332 015e 0100      		.word	1
 333 0160 0100      		.word	1
 334 0162 0100      		.word	1
 335 0164 0100      		.word	1
 336 0166 0100      		.word	1
 337 0168 0100      		.word	1
 338 016a 0100      		.word	1
 339 016c F200      		.word	242
 340 016e 0100      		.word	1
 341 0170 0100      		.word	1
 342 0172 0100      		.word	1
 343 0174 0100      		.word	1
 344 0176 F000      		.word	240
 345 0178 F100      		.word	241
 346 017a 0100      		.word	1
 347 017c F400      		.word	244
 348 017e 0100      		.word	1
 349 0180 0100      		.word	1
 350 0182 0100      		.word	1
 351 0184 F300      		.word	243
 352 0186 0100      		.word	1
 353 0188 F500      		.word	245
 354 018a 0100      		.word	1
 355 018c 0100      		.word	1
 356 018e 0100      		.word	1
 357 0190 0100      		.word	1
 358 0192 0100      		.word	1
 359 0194 0100      		.word	1
 360 0196 0100      		.word	1
 361 0198 0100      		.word	1
 362 019a 0100      		.word	1
 363 019c 0000      		.word	0
 364 019e 0100      		.word	1
 365 01a0 0100      		.word	1
 366 01a2 0100      		.word	1
 367 01a4 0100      		.word	1
 368 01a6 0100      		.word	1
 369 01a8 0000      		.word	0
 370 01aa 0100      		.word	1
 371 01ac 0100      		.word	1
 372 01ae 0100      		.word	1
 373 01b0 0100      		.word	1
 374 01b2 0100      		.word	1
 375 01b4 0100      		.word	1
 376 01b6 0100      		.word	1
 377 01b8 0100      		.word	1
 378 01ba 0100      		.word	1
 379 01bc 0100      		.word	1
 380 01be 0100      		.word	1
 381 01c0 0100      		.word	1
 382 01c2 0100      		.word	1
 383 01c4 A900      		.word	169
 384 01c6 0100      		.word	1
 385 01c8 0100      		.word	1
 386 01ca 0100      		.word	1
 387 01cc 0100      		.word	1
 388 01ce AC00      		.word	172
 389 01d0 AA00      		.word	170
 390 01d2 B600      		.word	182
 391 01d4 0100      		.word	1
 392 01d6 0100      		.word	1
 393 01d8 0100      		.word	1
 394 01da AB00      		.word	171
 395 01dc A800      		.word	168
 396 01de 0100      		.word	1
 397 01e0 0100      		.word	1
 398 01e2 0100      		.word	1
 399 01e4 0100      		.word	1
 400 01e6 0100      		.word	1
 401 01e8 0100      		.word	1
 402 01ea 0100      		.word	1
 403 01ec 0100      		.word	1
 404 01ee 0100      		.word	1
 405 01f0 AE00      		.word	174
 406 01f2 0100      		.word	1
 407 01f4 0100      		.word	1
 408 01f6 0000      		.word	0
 409               		.text
 410               	.Letext0:
 411               		.file 2 "/usr/local/Cellar/avr-gcc/8.1.0/avr/include/stdint.h"
 412               		.file 3 "/usr/local/Cellar/avr-gcc/8.1.0/lib/avr-gcc/8/gcc/avr/8.1.0/include/stddef.h"
 413               		.file 4 "./tmk_core/common/keyboard.h"
 414               		.file 5 "./tmk_core/common/keycode.h"
 415               		.file 6 "./tmk_core/common/action_code.h"
 416               		.file 7 "./tmk_core/common/action_macro.h"
 417               		.file 8 "./tmk_core/common/action.h"
 418               		.file 9 "./tmk_core/protocol/lufa/LUFA-git/LUFA/Drivers/USB/Core/AVR8/../StdRequestType.h"
 419               		.file 10 "./tmk_core/protocol/lufa/LUFA-git/LUFA/Drivers/USB/Core/AVR8/../DeviceStandardReq.h"
 420               		.file 11 "./tmk_core/protocol/lufa/LUFA-git/LUFA/Drivers/USB/Core/USBTask.h"
 421               		.file 12 "./tmk_core/protocol/lufa/LUFA-git/LUFA/Drivers/USB/Core/HostStandardReq.h"
 422               		.file 13 "/usr/local/Cellar/avr-gcc/8.1.0/avr/include/stdio.h"
 423               		.file 14 "./tmk_core/common/report.h"
 424               		.file 15 "./tmk_core/common/host.h"
 425               		.file 16 "./tmk_core/common/debug.h"
 426               		.file 17 "./quantum/keycode_config.h"
 427               		.file 18 "./quantum/keymap.h"
 428               		.file 19 "./tmk_core/common/action_layer.h"
 429               		.file 20 "./tmk_core/common/timer.h"
 430               		.file 21 "./tmk_core/common/action_util.h"
 431               		.file 22 "/usr/local/Cellar/avr-gcc/8.1.0/avr/include/stdlib.h"
 432               		.file 23 "keyboards/ergodox/ez/ez.h"
 433               		.file 24 "./tmk_core/common/util.h"
 434               		.file 25 "./quantum/quantum.h"
DEFINED SYMBOLS
                            *ABS*:0000000000000000 keymap.c
/var/folders/_c/44sm70yj4mq2k0mvzts6tsbc0000gn/T//cceZTwTV.s:2      *ABS*:000000000000003e __SP_H__
/var/folders/_c/44sm70yj4mq2k0mvzts6tsbc0000gn/T//cceZTwTV.s:3      *ABS*:000000000000003d __SP_L__
/var/folders/_c/44sm70yj4mq2k0mvzts6tsbc0000gn/T//cceZTwTV.s:4      *ABS*:000000000000003f __SREG__
/var/folders/_c/44sm70yj4mq2k0mvzts6tsbc0000gn/T//cceZTwTV.s:5      *ABS*:0000000000000000 __tmp_reg__
/var/folders/_c/44sm70yj4mq2k0mvzts6tsbc0000gn/T//cceZTwTV.s:6      *ABS*:0000000000000001 __zero_reg__
/var/folders/_c/44sm70yj4mq2k0mvzts6tsbc0000gn/T//cceZTwTV.s:13     .text.action_get_macro:0000000000000000 action_get_macro
/var/folders/_c/44sm70yj4mq2k0mvzts6tsbc0000gn/T//cceZTwTV.s:143    .progmem.data.__c.5325:0000000000000000 __c.5325
/var/folders/_c/44sm70yj4mq2k0mvzts6tsbc0000gn/T//cceZTwTV.s:56     .text.matrix_init_user:0000000000000000 matrix_init_user
/var/folders/_c/44sm70yj4mq2k0mvzts6tsbc0000gn/T//cceZTwTV.s:73     .text.matrix_scan_user:0000000000000000 matrix_scan_user
/var/folders/_c/44sm70yj4mq2k0mvzts6tsbc0000gn/T//cceZTwTV.s:149    .progmem.data.fn_actions:0000000000000000 fn_actions
/var/folders/_c/44sm70yj4mq2k0mvzts6tsbc0000gn/T//cceZTwTV.s:156    .progmem.data.keymaps:0000000000000000 keymaps

UNDEFINED SYMBOLS
send_string
layer_state
biton32
ergodox_board_led_off
ergodox_right_led_1_off
ergodox_right_led_2_off
ergodox_right_led_3_off
ergodox_right_led_1_on
ergodox_right_led_2_on
