   1               		.file	"suspend.c"
   2               	__SP_H__ = 0x3e
   3               	__SP_L__ = 0x3d
   4               	__SREG__ = 0x3f
   5               	__tmp_reg__ = 0
   6               	__zero_reg__ = 1
   7               		.text
   8               	.Ltext0:
   9               		.cfi_sections	.debug_frame
  10               		.section	.text.suspend_idle,"ax",@progbits
  11               	.global	suspend_idle
  13               	suspend_idle:
  14               	.LVL0:
  15               	.LFB108:
  16               		.file 1 "./tmk_core/common/avr/suspend.c"
   1:./tmk_core/common/avr/suspend.c **** #include <stdbool.h>
   2:./tmk_core/common/avr/suspend.c **** #include <avr/sleep.h>
   3:./tmk_core/common/avr/suspend.c **** #include <avr/wdt.h>
   4:./tmk_core/common/avr/suspend.c **** #include <avr/interrupt.h>
   5:./tmk_core/common/avr/suspend.c **** #include "matrix.h"
   6:./tmk_core/common/avr/suspend.c **** #include "action.h"
   7:./tmk_core/common/avr/suspend.c **** #include "backlight.h"
   8:./tmk_core/common/avr/suspend.c **** #include "suspend_avr.h"
   9:./tmk_core/common/avr/suspend.c **** #include "suspend.h"
  10:./tmk_core/common/avr/suspend.c **** #include "timer.h"
  11:./tmk_core/common/avr/suspend.c **** #include "led.h"
  12:./tmk_core/common/avr/suspend.c **** 
  13:./tmk_core/common/avr/suspend.c **** #ifdef PROTOCOL_LUFA
  14:./tmk_core/common/avr/suspend.c **** 	#include "lufa.h"
  15:./tmk_core/common/avr/suspend.c **** #endif
  16:./tmk_core/common/avr/suspend.c **** 
  17:./tmk_core/common/avr/suspend.c **** #ifdef AUDIO_ENABLE
  18:./tmk_core/common/avr/suspend.c ****     #include "audio.h"
  19:./tmk_core/common/avr/suspend.c **** #endif /* AUDIO_ENABLE */
  20:./tmk_core/common/avr/suspend.c **** 
  21:./tmk_core/common/avr/suspend.c **** 
  22:./tmk_core/common/avr/suspend.c **** 
  23:./tmk_core/common/avr/suspend.c **** #define wdt_intr_enable(value)   \
  24:./tmk_core/common/avr/suspend.c **** __asm__ __volatile__ (  \
  25:./tmk_core/common/avr/suspend.c ****     "in __tmp_reg__,__SREG__" "\n\t"    \
  26:./tmk_core/common/avr/suspend.c ****     "cli" "\n\t"    \
  27:./tmk_core/common/avr/suspend.c ****     "wdr" "\n\t"    \
  28:./tmk_core/common/avr/suspend.c ****     "sts %0,%1" "\n\t"  \
  29:./tmk_core/common/avr/suspend.c ****     "out __SREG__,__tmp_reg__" "\n\t"   \
  30:./tmk_core/common/avr/suspend.c ****     "sts %0,%2" "\n\t" \
  31:./tmk_core/common/avr/suspend.c ****     : /* no outputs */  \
  32:./tmk_core/common/avr/suspend.c ****     : "M" (_SFR_MEM_ADDR(_WD_CONTROL_REG)), \
  33:./tmk_core/common/avr/suspend.c ****     "r" (_BV(_WD_CHANGE_BIT) | _BV(WDE)), \
  34:./tmk_core/common/avr/suspend.c ****     "r" ((uint8_t) ((value & 0x08 ? _WD_PS3_MASK : 0x00) | \
  35:./tmk_core/common/avr/suspend.c ****         _BV(WDIE) | (value & 0x07)) ) \
  36:./tmk_core/common/avr/suspend.c ****     : "r0"  \
  37:./tmk_core/common/avr/suspend.c **** )
  38:./tmk_core/common/avr/suspend.c **** 
  39:./tmk_core/common/avr/suspend.c **** 
  40:./tmk_core/common/avr/suspend.c **** void suspend_idle(uint8_t time)
  41:./tmk_core/common/avr/suspend.c **** {
  17               		.loc 1 41 1 view -0
  18               		.cfi_startproc
  19               	/* prologue: function */
  20               	/* frame size = 0 */
  21               	/* stack size = 0 */
  22               	.L__stack_usage = 0
  42:./tmk_core/common/avr/suspend.c ****     cli();
  23               		.loc 1 42 5 view .LVU1
  24               	/* #APP */
  25               	 ;  42 "./tmk_core/common/avr/suspend.c" 1
  26 0000 F894      		cli
  27               	 ;  0 "" 2
  43:./tmk_core/common/avr/suspend.c ****     set_sleep_mode(SLEEP_MODE_IDLE);
  28               		.loc 1 43 5 view .LVU2
  29               		.loc 1 43 5 view .LVU3
  30               	/* #NOAPP */
  31 0002 83B7      		in r24,0x33
  32               	.LVL1:
  33               		.loc 1 43 5 is_stmt 0 view .LVU4
  34 0004 817F      		andi r24,lo8(-15)
  35 0006 83BF      		out 0x33,r24
  44:./tmk_core/common/avr/suspend.c ****     sleep_enable();
  36               		.loc 1 44 5 is_stmt 1 view .LVU5
  37               		.loc 1 44 5 view .LVU6
  38 0008 83B7      		in r24,0x33
  39 000a 8160      		ori r24,lo8(1)
  40 000c 83BF      		out 0x33,r24
  45:./tmk_core/common/avr/suspend.c ****     sei();
  41               		.loc 1 45 5 view .LVU7
  42               	/* #APP */
  43               	 ;  45 "./tmk_core/common/avr/suspend.c" 1
  44 000e 7894      		sei
  45               	 ;  0 "" 2
  46:./tmk_core/common/avr/suspend.c ****     sleep_cpu();
  46               		.loc 1 46 5 view .LVU8
  47               		.loc 1 46 5 view .LVU9
  48               	 ;  46 "./tmk_core/common/avr/suspend.c" 1
  49 0010 8895      		sleep
  50               		
  51               	 ;  0 "" 2
  47:./tmk_core/common/avr/suspend.c ****     sleep_disable();
  52               		.loc 1 47 5 view .LVU10
  53               		.loc 1 47 5 view .LVU11
  54               	/* #NOAPP */
  55 0012 83B7      		in r24,0x33
  56 0014 8E7F      		andi r24,lo8(-2)
  57 0016 83BF      		out 0x33,r24
  58               	/* epilogue start */
  48:./tmk_core/common/avr/suspend.c **** }
  59               		.loc 1 48 1 is_stmt 0 view .LVU12
  60 0018 0895      		ret
  61               		.cfi_endproc
  62               	.LFE108:
  64               		.section	.text.suspend_power_down,"ax",@progbits
  65               	.global	suspend_power_down
  67               	suspend_power_down:
  68               	.LFB110:
  49:./tmk_core/common/avr/suspend.c **** 
  50:./tmk_core/common/avr/suspend.c **** /* Power down MCU with watchdog timer
  51:./tmk_core/common/avr/suspend.c ****  * wdto: watchdog timer timeout defined in <avr/wdt.h>
  52:./tmk_core/common/avr/suspend.c ****  *          WDTO_15MS
  53:./tmk_core/common/avr/suspend.c ****  *          WDTO_30MS
  54:./tmk_core/common/avr/suspend.c ****  *          WDTO_60MS
  55:./tmk_core/common/avr/suspend.c ****  *          WDTO_120MS
  56:./tmk_core/common/avr/suspend.c ****  *          WDTO_250MS
  57:./tmk_core/common/avr/suspend.c ****  *          WDTO_500MS
  58:./tmk_core/common/avr/suspend.c ****  *          WDTO_1S
  59:./tmk_core/common/avr/suspend.c ****  *          WDTO_2S
  60:./tmk_core/common/avr/suspend.c ****  *          WDTO_4S
  61:./tmk_core/common/avr/suspend.c ****  *          WDTO_8S
  62:./tmk_core/common/avr/suspend.c ****  */
  63:./tmk_core/common/avr/suspend.c **** static uint8_t wdt_timeout = 0;
  64:./tmk_core/common/avr/suspend.c **** static void power_down(uint8_t wdto)
  65:./tmk_core/common/avr/suspend.c **** {
  66:./tmk_core/common/avr/suspend.c **** #ifdef PROTOCOL_LUFA
  67:./tmk_core/common/avr/suspend.c ****     if (USB_DeviceState == DEVICE_STATE_Configured) return;
  68:./tmk_core/common/avr/suspend.c **** #endif
  69:./tmk_core/common/avr/suspend.c ****     wdt_timeout = wdto;
  70:./tmk_core/common/avr/suspend.c **** 
  71:./tmk_core/common/avr/suspend.c ****     // Watchdog Interrupt Mode
  72:./tmk_core/common/avr/suspend.c ****     wdt_intr_enable(wdto);
  73:./tmk_core/common/avr/suspend.c **** 
  74:./tmk_core/common/avr/suspend.c **** #ifdef BACKLIGHT_ENABLE
  75:./tmk_core/common/avr/suspend.c **** 	backlight_set(0);
  76:./tmk_core/common/avr/suspend.c **** #endif
  77:./tmk_core/common/avr/suspend.c **** 
  78:./tmk_core/common/avr/suspend.c **** 	// Turn off LED indicators
  79:./tmk_core/common/avr/suspend.c **** 	led_set(0);
  80:./tmk_core/common/avr/suspend.c **** 
  81:./tmk_core/common/avr/suspend.c **** 	#ifdef AUDIO_ENABLE
  82:./tmk_core/common/avr/suspend.c ****         // This sometimes disables the start-up noise, so it's been disabled
  83:./tmk_core/common/avr/suspend.c **** 		// stop_all_notes();
  84:./tmk_core/common/avr/suspend.c **** 	#endif /* AUDIO_ENABLE */
  85:./tmk_core/common/avr/suspend.c **** 
  86:./tmk_core/common/avr/suspend.c ****     // TODO: more power saving
  87:./tmk_core/common/avr/suspend.c ****     // See PicoPower application note
  88:./tmk_core/common/avr/suspend.c ****     // - I/O port input with pullup
  89:./tmk_core/common/avr/suspend.c ****     // - prescale clock
  90:./tmk_core/common/avr/suspend.c ****     // - BOD disable
  91:./tmk_core/common/avr/suspend.c ****     // - Power Reduction Register PRR
  92:./tmk_core/common/avr/suspend.c ****     set_sleep_mode(SLEEP_MODE_PWR_DOWN);
  93:./tmk_core/common/avr/suspend.c ****     sleep_enable();
  94:./tmk_core/common/avr/suspend.c ****     sei();
  95:./tmk_core/common/avr/suspend.c ****     sleep_cpu();
  96:./tmk_core/common/avr/suspend.c ****     sleep_disable();
  97:./tmk_core/common/avr/suspend.c **** 
  98:./tmk_core/common/avr/suspend.c ****     // Disable watchdog after sleep
  99:./tmk_core/common/avr/suspend.c ****     wdt_disable();
 100:./tmk_core/common/avr/suspend.c **** }
 101:./tmk_core/common/avr/suspend.c **** 
 102:./tmk_core/common/avr/suspend.c **** void suspend_power_down(void)
 103:./tmk_core/common/avr/suspend.c **** {
  69               		.loc 1 103 1 is_stmt 1 view -0
  70               		.cfi_startproc
  71               	/* prologue: function */
  72               	/* frame size = 0 */
  73               	/* stack size = 0 */
  74               	.L__stack_usage = 0
 104:./tmk_core/common/avr/suspend.c ****     power_down(WDTO_15MS);
  75               		.loc 1 104 5 view .LVU14
  76               	.LBB11:
  77               	.LBI11:
  64:./tmk_core/common/avr/suspend.c **** {
  78               		.loc 1 64 13 view .LVU15
  79               	.LVL2:
  80               	.LBB12:
  67:./tmk_core/common/avr/suspend.c **** #endif
  81               		.loc 1 67 5 view .LVU16
  67:./tmk_core/common/avr/suspend.c **** #endif
  82               		.loc 1 67 25 is_stmt 0 view .LVU17
  83 0000 8091 0000 		lds r24,USB_DeviceState
  67:./tmk_core/common/avr/suspend.c **** #endif
  84               		.loc 1 67 8 view .LVU18
  85 0004 8430      		cpi r24,lo8(4)
  86 0006 01F0      		breq .L2
  69:./tmk_core/common/avr/suspend.c **** 
  87               		.loc 1 69 5 is_stmt 1 view .LVU19
  69:./tmk_core/common/avr/suspend.c **** 
  88               		.loc 1 69 17 is_stmt 0 view .LVU20
  89 0008 1092 0000 		sts wdt_timeout,__zero_reg__
  72:./tmk_core/common/avr/suspend.c **** 
  90               		.loc 1 72 5 is_stmt 1 view .LVU21
  91 000c 88E1      		ldi r24,lo8(24)
  92 000e 90E0      		ldi r25,0
  93 0010 20E4      		ldi r18,lo8(64)
  94               	/* #APP */
  95               	 ;  72 "./tmk_core/common/avr/suspend.c" 1
  96 0012 0FB6      		in __tmp_reg__,__SREG__
  97 0014 F894      		cli
  98 0016 A895      		wdr
  99 0018 8093 6000 		sts 96,r24
 100 001c 0FBE      		out __SREG__,__tmp_reg__
 101 001e 2093 6000 		sts 96,r18
 102               		
 103               	 ;  0 "" 2
  79:./tmk_core/common/avr/suspend.c **** 
 104               		.loc 1 79 2 view .LVU22
 105               	/* #NOAPP */
 106 0022 80E0      		ldi r24,0
 107 0024 0E94 0000 		call led_set
 108               	.LVL3:
  92:./tmk_core/common/avr/suspend.c ****     sleep_enable();
 109               		.loc 1 92 5 view .LVU23
  92:./tmk_core/common/avr/suspend.c ****     sleep_enable();
 110               		.loc 1 92 5 view .LVU24
 111 0028 83B7      		in r24,0x33
 112 002a 817F      		andi r24,lo8(-15)
 113 002c 8460      		ori r24,lo8(4)
 114 002e 83BF      		out 0x33,r24
  93:./tmk_core/common/avr/suspend.c ****     sei();
 115               		.loc 1 93 5 view .LVU25
  93:./tmk_core/common/avr/suspend.c ****     sei();
 116               		.loc 1 93 5 view .LVU26
 117 0030 83B7      		in r24,0x33
 118 0032 8160      		ori r24,lo8(1)
 119 0034 83BF      		out 0x33,r24
  94:./tmk_core/common/avr/suspend.c ****     sleep_cpu();
 120               		.loc 1 94 5 view .LVU27
 121               	/* #APP */
 122               	 ;  94 "./tmk_core/common/avr/suspend.c" 1
 123 0036 7894      		sei
 124               	 ;  0 "" 2
  95:./tmk_core/common/avr/suspend.c ****     sleep_disable();
 125               		.loc 1 95 5 view .LVU28
  95:./tmk_core/common/avr/suspend.c ****     sleep_disable();
 126               		.loc 1 95 5 view .LVU29
 127               	 ;  95 "./tmk_core/common/avr/suspend.c" 1
 128 0038 8895      		sleep
 129               		
 130               	 ;  0 "" 2
  96:./tmk_core/common/avr/suspend.c **** 
 131               		.loc 1 96 5 view .LVU30
  96:./tmk_core/common/avr/suspend.c **** 
 132               		.loc 1 96 5 view .LVU31
 133               	/* #NOAPP */
 134 003a 83B7      		in r24,0x33
 135 003c 8E7F      		andi r24,lo8(-2)
 136 003e 83BF      		out 0x33,r24
  99:./tmk_core/common/avr/suspend.c **** }
 137               		.loc 1 99 5 view .LVU32
 138               	.LBB13:
 139               	.LBI13:
 140               		.file 2 "/usr/local/Cellar/avr-gcc/8.1.0/avr/include/avr/wdt.h"
   1:/usr/local/Cellar/avr-gcc/8.1.0/avr/include/avr/wdt.h **** /* Copyright (c) 2002, 2004 Marek Michalkiewicz
   2:/usr/local/Cellar/avr-gcc/8.1.0/avr/include/avr/wdt.h ****    Copyright (c) 2005, 2006, 2007 Eric B. Weddington
   3:/usr/local/Cellar/avr-gcc/8.1.0/avr/include/avr/wdt.h ****    All rights reserved.
   4:/usr/local/Cellar/avr-gcc/8.1.0/avr/include/avr/wdt.h **** 
   5:/usr/local/Cellar/avr-gcc/8.1.0/avr/include/avr/wdt.h ****    Redistribution and use in source and binary forms, with or without
   6:/usr/local/Cellar/avr-gcc/8.1.0/avr/include/avr/wdt.h ****    modification, are permitted provided that the following conditions are met:
   7:/usr/local/Cellar/avr-gcc/8.1.0/avr/include/avr/wdt.h **** 
   8:/usr/local/Cellar/avr-gcc/8.1.0/avr/include/avr/wdt.h ****    * Redistributions of source code must retain the above copyright
   9:/usr/local/Cellar/avr-gcc/8.1.0/avr/include/avr/wdt.h ****      notice, this list of conditions and the following disclaimer.
  10:/usr/local/Cellar/avr-gcc/8.1.0/avr/include/avr/wdt.h **** 
  11:/usr/local/Cellar/avr-gcc/8.1.0/avr/include/avr/wdt.h ****    * Redistributions in binary form must reproduce the above copyright
  12:/usr/local/Cellar/avr-gcc/8.1.0/avr/include/avr/wdt.h ****      notice, this list of conditions and the following disclaimer in
  13:/usr/local/Cellar/avr-gcc/8.1.0/avr/include/avr/wdt.h ****      the documentation and/or other materials provided with the
  14:/usr/local/Cellar/avr-gcc/8.1.0/avr/include/avr/wdt.h ****      distribution.
  15:/usr/local/Cellar/avr-gcc/8.1.0/avr/include/avr/wdt.h **** 
  16:/usr/local/Cellar/avr-gcc/8.1.0/avr/include/avr/wdt.h ****    * Neither the name of the copyright holders nor the names of
  17:/usr/local/Cellar/avr-gcc/8.1.0/avr/include/avr/wdt.h ****      contributors may be used to endorse or promote products derived
  18:/usr/local/Cellar/avr-gcc/8.1.0/avr/include/avr/wdt.h ****      from this software without specific prior written permission.
  19:/usr/local/Cellar/avr-gcc/8.1.0/avr/include/avr/wdt.h **** 
  20:/usr/local/Cellar/avr-gcc/8.1.0/avr/include/avr/wdt.h ****   THIS SOFTWARE IS PROVIDED BY THE COPYRIGHT HOLDERS AND CONTRIBUTORS "AS IS"
  21:/usr/local/Cellar/avr-gcc/8.1.0/avr/include/avr/wdt.h ****   AND ANY EXPRESS OR IMPLIED WARRANTIES, INCLUDING, BUT NOT LIMITED TO, THE
  22:/usr/local/Cellar/avr-gcc/8.1.0/avr/include/avr/wdt.h ****   IMPLIED WARRANTIES OF MERCHANTABILITY AND FITNESS FOR A PARTICULAR PURPOSE
  23:/usr/local/Cellar/avr-gcc/8.1.0/avr/include/avr/wdt.h ****   ARE DISCLAIMED. IN NO EVENT SHALL THE COPYRIGHT OWNER OR CONTRIBUTORS BE
  24:/usr/local/Cellar/avr-gcc/8.1.0/avr/include/avr/wdt.h ****   LIABLE FOR ANY DIRECT, INDIRECT, INCIDENTAL, SPECIAL, EXEMPLARY, OR
  25:/usr/local/Cellar/avr-gcc/8.1.0/avr/include/avr/wdt.h ****   CONSEQUENTIAL DAMAGES (INCLUDING, BUT NOT LIMITED TO, PROCUREMENT OF
  26:/usr/local/Cellar/avr-gcc/8.1.0/avr/include/avr/wdt.h ****   SUBSTITUTE GOODS OR SERVICES; LOSS OF USE, DATA, OR PROFITS; OR BUSINESS
  27:/usr/local/Cellar/avr-gcc/8.1.0/avr/include/avr/wdt.h ****   INTERRUPTION) HOWEVER CAUSED AND ON ANY THEORY OF LIABILITY, WHETHER IN
  28:/usr/local/Cellar/avr-gcc/8.1.0/avr/include/avr/wdt.h ****   CONTRACT, STRICT LIABILITY, OR TORT (INCLUDING NEGLIGENCE OR OTHERWISE)
  29:/usr/local/Cellar/avr-gcc/8.1.0/avr/include/avr/wdt.h ****   ARISING IN ANY WAY OUT OF THE USE OF THIS SOFTWARE, EVEN IF ADVISED OF THE
  30:/usr/local/Cellar/avr-gcc/8.1.0/avr/include/avr/wdt.h ****   POSSIBILITY OF SUCH DAMAGE. */
  31:/usr/local/Cellar/avr-gcc/8.1.0/avr/include/avr/wdt.h **** 
  32:/usr/local/Cellar/avr-gcc/8.1.0/avr/include/avr/wdt.h **** /* $Id: wdt.h 2503 2016-02-07 22:59:47Z joerg_wunsch $ */
  33:/usr/local/Cellar/avr-gcc/8.1.0/avr/include/avr/wdt.h **** 
  34:/usr/local/Cellar/avr-gcc/8.1.0/avr/include/avr/wdt.h **** /*
  35:/usr/local/Cellar/avr-gcc/8.1.0/avr/include/avr/wdt.h ****    avr/wdt.h - macros for AVR watchdog timer
  36:/usr/local/Cellar/avr-gcc/8.1.0/avr/include/avr/wdt.h ****  */
  37:/usr/local/Cellar/avr-gcc/8.1.0/avr/include/avr/wdt.h **** 
  38:/usr/local/Cellar/avr-gcc/8.1.0/avr/include/avr/wdt.h **** #ifndef _AVR_WDT_H_
  39:/usr/local/Cellar/avr-gcc/8.1.0/avr/include/avr/wdt.h **** #define _AVR_WDT_H_
  40:/usr/local/Cellar/avr-gcc/8.1.0/avr/include/avr/wdt.h **** 
  41:/usr/local/Cellar/avr-gcc/8.1.0/avr/include/avr/wdt.h **** #include <avr/io.h>
  42:/usr/local/Cellar/avr-gcc/8.1.0/avr/include/avr/wdt.h **** #include <stdint.h>
  43:/usr/local/Cellar/avr-gcc/8.1.0/avr/include/avr/wdt.h **** 
  44:/usr/local/Cellar/avr-gcc/8.1.0/avr/include/avr/wdt.h **** /** \file */
  45:/usr/local/Cellar/avr-gcc/8.1.0/avr/include/avr/wdt.h **** /** \defgroup avr_watchdog <avr/wdt.h>: Watchdog timer handling
  46:/usr/local/Cellar/avr-gcc/8.1.0/avr/include/avr/wdt.h ****     \code #include <avr/wdt.h> \endcode
  47:/usr/local/Cellar/avr-gcc/8.1.0/avr/include/avr/wdt.h **** 
  48:/usr/local/Cellar/avr-gcc/8.1.0/avr/include/avr/wdt.h ****     This header file declares the interface to some inline macros
  49:/usr/local/Cellar/avr-gcc/8.1.0/avr/include/avr/wdt.h ****     handling the watchdog timer present in many AVR devices.  In order
  50:/usr/local/Cellar/avr-gcc/8.1.0/avr/include/avr/wdt.h ****     to prevent the watchdog timer configuration from being
  51:/usr/local/Cellar/avr-gcc/8.1.0/avr/include/avr/wdt.h ****     accidentally altered by a crashing application, a special timed
  52:/usr/local/Cellar/avr-gcc/8.1.0/avr/include/avr/wdt.h ****     sequence is required in order to change it.  The macros within
  53:/usr/local/Cellar/avr-gcc/8.1.0/avr/include/avr/wdt.h ****     this header file handle the required sequence automatically
  54:/usr/local/Cellar/avr-gcc/8.1.0/avr/include/avr/wdt.h ****     before changing any value.  Interrupts will be disabled during
  55:/usr/local/Cellar/avr-gcc/8.1.0/avr/include/avr/wdt.h ****     the manipulation.
  56:/usr/local/Cellar/avr-gcc/8.1.0/avr/include/avr/wdt.h **** 
  57:/usr/local/Cellar/avr-gcc/8.1.0/avr/include/avr/wdt.h ****     \note Depending on the fuse configuration of the particular
  58:/usr/local/Cellar/avr-gcc/8.1.0/avr/include/avr/wdt.h ****     device, further restrictions might apply, in particular it might
  59:/usr/local/Cellar/avr-gcc/8.1.0/avr/include/avr/wdt.h ****     be disallowed to turn off the watchdog timer.
  60:/usr/local/Cellar/avr-gcc/8.1.0/avr/include/avr/wdt.h **** 
  61:/usr/local/Cellar/avr-gcc/8.1.0/avr/include/avr/wdt.h ****     Note that for newer devices (ATmega88 and newer, effectively any
  62:/usr/local/Cellar/avr-gcc/8.1.0/avr/include/avr/wdt.h ****     AVR that has the option to also generate interrupts), the watchdog
  63:/usr/local/Cellar/avr-gcc/8.1.0/avr/include/avr/wdt.h ****     timer remains active even after a system reset (except a power-on
  64:/usr/local/Cellar/avr-gcc/8.1.0/avr/include/avr/wdt.h ****     condition), using the fastest prescaler value (approximately 15
  65:/usr/local/Cellar/avr-gcc/8.1.0/avr/include/avr/wdt.h ****     ms).  It is therefore required to turn off the watchdog early
  66:/usr/local/Cellar/avr-gcc/8.1.0/avr/include/avr/wdt.h ****     during program startup, the datasheet recommends a sequence like
  67:/usr/local/Cellar/avr-gcc/8.1.0/avr/include/avr/wdt.h ****     the following:
  68:/usr/local/Cellar/avr-gcc/8.1.0/avr/include/avr/wdt.h **** 
  69:/usr/local/Cellar/avr-gcc/8.1.0/avr/include/avr/wdt.h ****     \code
  70:/usr/local/Cellar/avr-gcc/8.1.0/avr/include/avr/wdt.h ****     #include <stdint.h>
  71:/usr/local/Cellar/avr-gcc/8.1.0/avr/include/avr/wdt.h ****     #include <avr/wdt.h>
  72:/usr/local/Cellar/avr-gcc/8.1.0/avr/include/avr/wdt.h **** 
  73:/usr/local/Cellar/avr-gcc/8.1.0/avr/include/avr/wdt.h ****     uint8_t mcusr_mirror __attribute__ ((section (".noinit")));
  74:/usr/local/Cellar/avr-gcc/8.1.0/avr/include/avr/wdt.h **** 
  75:/usr/local/Cellar/avr-gcc/8.1.0/avr/include/avr/wdt.h ****     void get_mcusr(void) \
  76:/usr/local/Cellar/avr-gcc/8.1.0/avr/include/avr/wdt.h ****       __attribute__((naked)) \
  77:/usr/local/Cellar/avr-gcc/8.1.0/avr/include/avr/wdt.h ****       __attribute__((section(".init3")));
  78:/usr/local/Cellar/avr-gcc/8.1.0/avr/include/avr/wdt.h ****     void get_mcusr(void)
  79:/usr/local/Cellar/avr-gcc/8.1.0/avr/include/avr/wdt.h ****     {
  80:/usr/local/Cellar/avr-gcc/8.1.0/avr/include/avr/wdt.h ****       mcusr_mirror = MCUSR;
  81:/usr/local/Cellar/avr-gcc/8.1.0/avr/include/avr/wdt.h ****       MCUSR = 0;
  82:/usr/local/Cellar/avr-gcc/8.1.0/avr/include/avr/wdt.h ****       wdt_disable();
  83:/usr/local/Cellar/avr-gcc/8.1.0/avr/include/avr/wdt.h ****     }
  84:/usr/local/Cellar/avr-gcc/8.1.0/avr/include/avr/wdt.h ****     \endcode
  85:/usr/local/Cellar/avr-gcc/8.1.0/avr/include/avr/wdt.h **** 
  86:/usr/local/Cellar/avr-gcc/8.1.0/avr/include/avr/wdt.h ****     Saving the value of MCUSR in \c mcusr_mirror is only needed if the
  87:/usr/local/Cellar/avr-gcc/8.1.0/avr/include/avr/wdt.h ****     application later wants to examine the reset source, but in particular, 
  88:/usr/local/Cellar/avr-gcc/8.1.0/avr/include/avr/wdt.h ****     clearing the watchdog reset flag before disabling the
  89:/usr/local/Cellar/avr-gcc/8.1.0/avr/include/avr/wdt.h ****     watchdog is required, according to the datasheet.
  90:/usr/local/Cellar/avr-gcc/8.1.0/avr/include/avr/wdt.h **** */
  91:/usr/local/Cellar/avr-gcc/8.1.0/avr/include/avr/wdt.h **** 
  92:/usr/local/Cellar/avr-gcc/8.1.0/avr/include/avr/wdt.h **** /**
  93:/usr/local/Cellar/avr-gcc/8.1.0/avr/include/avr/wdt.h ****    \ingroup avr_watchdog
  94:/usr/local/Cellar/avr-gcc/8.1.0/avr/include/avr/wdt.h ****    Reset the watchdog timer.  When the watchdog timer is enabled,
  95:/usr/local/Cellar/avr-gcc/8.1.0/avr/include/avr/wdt.h ****    a call to this instruction is required before the timer expires,
  96:/usr/local/Cellar/avr-gcc/8.1.0/avr/include/avr/wdt.h ****    otherwise a watchdog-initiated device reset will occur. 
  97:/usr/local/Cellar/avr-gcc/8.1.0/avr/include/avr/wdt.h **** */
  98:/usr/local/Cellar/avr-gcc/8.1.0/avr/include/avr/wdt.h **** 
  99:/usr/local/Cellar/avr-gcc/8.1.0/avr/include/avr/wdt.h **** #define wdt_reset() __asm__ __volatile__ ("wdr")
 100:/usr/local/Cellar/avr-gcc/8.1.0/avr/include/avr/wdt.h **** 
 101:/usr/local/Cellar/avr-gcc/8.1.0/avr/include/avr/wdt.h **** #ifndef __DOXYGEN__
 102:/usr/local/Cellar/avr-gcc/8.1.0/avr/include/avr/wdt.h **** 
 103:/usr/local/Cellar/avr-gcc/8.1.0/avr/include/avr/wdt.h **** #if defined(WDP3)
 104:/usr/local/Cellar/avr-gcc/8.1.0/avr/include/avr/wdt.h **** # define _WD_PS3_MASK       _BV(WDP3)
 105:/usr/local/Cellar/avr-gcc/8.1.0/avr/include/avr/wdt.h **** #else
 106:/usr/local/Cellar/avr-gcc/8.1.0/avr/include/avr/wdt.h **** # define _WD_PS3_MASK       0x00
 107:/usr/local/Cellar/avr-gcc/8.1.0/avr/include/avr/wdt.h **** #endif
 108:/usr/local/Cellar/avr-gcc/8.1.0/avr/include/avr/wdt.h **** 
 109:/usr/local/Cellar/avr-gcc/8.1.0/avr/include/avr/wdt.h **** #if defined(WDTCSR)
 110:/usr/local/Cellar/avr-gcc/8.1.0/avr/include/avr/wdt.h **** #  define _WD_CONTROL_REG     WDTCSR
 111:/usr/local/Cellar/avr-gcc/8.1.0/avr/include/avr/wdt.h **** #elif defined(WDTCR)
 112:/usr/local/Cellar/avr-gcc/8.1.0/avr/include/avr/wdt.h **** #  define _WD_CONTROL_REG     WDTCR
 113:/usr/local/Cellar/avr-gcc/8.1.0/avr/include/avr/wdt.h **** #else
 114:/usr/local/Cellar/avr-gcc/8.1.0/avr/include/avr/wdt.h **** #  define _WD_CONTROL_REG     WDT
 115:/usr/local/Cellar/avr-gcc/8.1.0/avr/include/avr/wdt.h **** #endif
 116:/usr/local/Cellar/avr-gcc/8.1.0/avr/include/avr/wdt.h **** 
 117:/usr/local/Cellar/avr-gcc/8.1.0/avr/include/avr/wdt.h **** #if defined(WDTOE)
 118:/usr/local/Cellar/avr-gcc/8.1.0/avr/include/avr/wdt.h **** #define _WD_CHANGE_BIT      WDTOE
 119:/usr/local/Cellar/avr-gcc/8.1.0/avr/include/avr/wdt.h **** #else
 120:/usr/local/Cellar/avr-gcc/8.1.0/avr/include/avr/wdt.h **** #define _WD_CHANGE_BIT      WDCE
 121:/usr/local/Cellar/avr-gcc/8.1.0/avr/include/avr/wdt.h **** #endif
 122:/usr/local/Cellar/avr-gcc/8.1.0/avr/include/avr/wdt.h **** 
 123:/usr/local/Cellar/avr-gcc/8.1.0/avr/include/avr/wdt.h **** #endif	/* !__DOXYGEN__ */
 124:/usr/local/Cellar/avr-gcc/8.1.0/avr/include/avr/wdt.h **** 
 125:/usr/local/Cellar/avr-gcc/8.1.0/avr/include/avr/wdt.h **** 
 126:/usr/local/Cellar/avr-gcc/8.1.0/avr/include/avr/wdt.h **** /**
 127:/usr/local/Cellar/avr-gcc/8.1.0/avr/include/avr/wdt.h ****    \ingroup avr_watchdog
 128:/usr/local/Cellar/avr-gcc/8.1.0/avr/include/avr/wdt.h ****    Enable the watchdog timer, configuring it for expiry after
 129:/usr/local/Cellar/avr-gcc/8.1.0/avr/include/avr/wdt.h ****    \c timeout (which is a combination of the \c WDP0 through
 130:/usr/local/Cellar/avr-gcc/8.1.0/avr/include/avr/wdt.h ****    \c WDP2 bits to write into the \c WDTCR register; For those devices 
 131:/usr/local/Cellar/avr-gcc/8.1.0/avr/include/avr/wdt.h ****    that have a \c WDTCSR register, it uses the combination of the \c WDP0 
 132:/usr/local/Cellar/avr-gcc/8.1.0/avr/include/avr/wdt.h ****    through \c WDP3 bits).
 133:/usr/local/Cellar/avr-gcc/8.1.0/avr/include/avr/wdt.h **** 
 134:/usr/local/Cellar/avr-gcc/8.1.0/avr/include/avr/wdt.h ****    See also the symbolic constants \c WDTO_15MS et al.
 135:/usr/local/Cellar/avr-gcc/8.1.0/avr/include/avr/wdt.h **** */
 136:/usr/local/Cellar/avr-gcc/8.1.0/avr/include/avr/wdt.h **** 
 137:/usr/local/Cellar/avr-gcc/8.1.0/avr/include/avr/wdt.h **** 
 138:/usr/local/Cellar/avr-gcc/8.1.0/avr/include/avr/wdt.h **** #if defined(__AVR_XMEGA__)
 139:/usr/local/Cellar/avr-gcc/8.1.0/avr/include/avr/wdt.h **** 
 140:/usr/local/Cellar/avr-gcc/8.1.0/avr/include/avr/wdt.h **** /*
 141:/usr/local/Cellar/avr-gcc/8.1.0/avr/include/avr/wdt.h ****    wdt_enable(timeout) for xmega devices
 142:/usr/local/Cellar/avr-gcc/8.1.0/avr/include/avr/wdt.h **** ** write signature (CCP_IOREG_gc) that enables change of protected I/O
 143:/usr/local/Cellar/avr-gcc/8.1.0/avr/include/avr/wdt.h ****    registers to the CCP register
 144:/usr/local/Cellar/avr-gcc/8.1.0/avr/include/avr/wdt.h **** ** At the same time,
 145:/usr/local/Cellar/avr-gcc/8.1.0/avr/include/avr/wdt.h ****    1) set WDT change enable (WDT_CEN_bm)
 146:/usr/local/Cellar/avr-gcc/8.1.0/avr/include/avr/wdt.h ****    2) enable WDT (WDT_ENABLE_bm)
 147:/usr/local/Cellar/avr-gcc/8.1.0/avr/include/avr/wdt.h ****    3) set timeout (timeout)
 148:/usr/local/Cellar/avr-gcc/8.1.0/avr/include/avr/wdt.h **** ** Synchronization starts when ENABLE bit of WDT is set. So, wait till it
 149:/usr/local/Cellar/avr-gcc/8.1.0/avr/include/avr/wdt.h ****    finishes (SYNCBUSY of STATUS register is automatically cleared after the
 150:/usr/local/Cellar/avr-gcc/8.1.0/avr/include/avr/wdt.h ****    sync is finished).
 151:/usr/local/Cellar/avr-gcc/8.1.0/avr/include/avr/wdt.h **** */
 152:/usr/local/Cellar/avr-gcc/8.1.0/avr/include/avr/wdt.h **** #define wdt_enable(timeout) \
 153:/usr/local/Cellar/avr-gcc/8.1.0/avr/include/avr/wdt.h **** do { \
 154:/usr/local/Cellar/avr-gcc/8.1.0/avr/include/avr/wdt.h **** uint8_t temp; \
 155:/usr/local/Cellar/avr-gcc/8.1.0/avr/include/avr/wdt.h **** __asm__ __volatile__ (         \
 156:/usr/local/Cellar/avr-gcc/8.1.0/avr/include/avr/wdt.h ****     "in __tmp_reg__, %[rampd]"              "\n\t" \
 157:/usr/local/Cellar/avr-gcc/8.1.0/avr/include/avr/wdt.h ****     "out %[rampd], __zero_reg__"            "\n\t" \
 158:/usr/local/Cellar/avr-gcc/8.1.0/avr/include/avr/wdt.h ****     "out %[ccp_reg], %[ioreg_cen_mask]"     "\n\t" \
 159:/usr/local/Cellar/avr-gcc/8.1.0/avr/include/avr/wdt.h ****     "sts %[wdt_reg], %[wdt_enable_timeout]" "\n\t" \
 160:/usr/local/Cellar/avr-gcc/8.1.0/avr/include/avr/wdt.h ****     "1:lds %[tmp], %[wdt_status_reg]"       "\n\t" \
 161:/usr/local/Cellar/avr-gcc/8.1.0/avr/include/avr/wdt.h ****     "sbrc %[tmp], %[wdt_syncbusy_bit]"      "\n\t" \
 162:/usr/local/Cellar/avr-gcc/8.1.0/avr/include/avr/wdt.h ****     "rjmp 1b"                               "\n\t" \
 163:/usr/local/Cellar/avr-gcc/8.1.0/avr/include/avr/wdt.h ****     "out %[rampd], __tmp_reg__"             "\n\t" \
 164:/usr/local/Cellar/avr-gcc/8.1.0/avr/include/avr/wdt.h ****     : [tmp]                "=r" (temp) \
 165:/usr/local/Cellar/avr-gcc/8.1.0/avr/include/avr/wdt.h ****     : [rampd]              "I" (_SFR_IO_ADDR(RAMPD)),      \
 166:/usr/local/Cellar/avr-gcc/8.1.0/avr/include/avr/wdt.h ****       [ccp_reg]            "I" (_SFR_IO_ADDR(CCP)),        \
 167:/usr/local/Cellar/avr-gcc/8.1.0/avr/include/avr/wdt.h ****       [ioreg_cen_mask]     "r" ((uint8_t)CCP_IOREG_gc),     \
 168:/usr/local/Cellar/avr-gcc/8.1.0/avr/include/avr/wdt.h ****       [wdt_reg]            "n" (_SFR_MEM_ADDR(WDT_CTRL)),   \
 169:/usr/local/Cellar/avr-gcc/8.1.0/avr/include/avr/wdt.h ****       [wdt_enable_timeout] "r" ((uint8_t)(WDT_CEN_bm | WDT_ENABLE_bm | timeout)), \
 170:/usr/local/Cellar/avr-gcc/8.1.0/avr/include/avr/wdt.h ****       [wdt_status_reg]     "n" (_SFR_MEM_ADDR(WDT_STATUS)), \
 171:/usr/local/Cellar/avr-gcc/8.1.0/avr/include/avr/wdt.h ****       [wdt_syncbusy_bit]   "I" (WDT_SYNCBUSY_bm)            \
 172:/usr/local/Cellar/avr-gcc/8.1.0/avr/include/avr/wdt.h ****     : "r0" \
 173:/usr/local/Cellar/avr-gcc/8.1.0/avr/include/avr/wdt.h **** ); \
 174:/usr/local/Cellar/avr-gcc/8.1.0/avr/include/avr/wdt.h **** } while(0)
 175:/usr/local/Cellar/avr-gcc/8.1.0/avr/include/avr/wdt.h **** 
 176:/usr/local/Cellar/avr-gcc/8.1.0/avr/include/avr/wdt.h **** #define wdt_disable() \
 177:/usr/local/Cellar/avr-gcc/8.1.0/avr/include/avr/wdt.h **** __asm__ __volatile__ (  \
 178:/usr/local/Cellar/avr-gcc/8.1.0/avr/include/avr/wdt.h ****     "in __tmp_reg__, %[rampd]"          "\n\t" \
 179:/usr/local/Cellar/avr-gcc/8.1.0/avr/include/avr/wdt.h ****     "out %[rampd], __zero_reg__"        "\n\t" \
 180:/usr/local/Cellar/avr-gcc/8.1.0/avr/include/avr/wdt.h ****     "out %[ccp_reg], %[ioreg_cen_mask]" "\n\t" \
 181:/usr/local/Cellar/avr-gcc/8.1.0/avr/include/avr/wdt.h ****     "sts %[wdt_reg], %[disable_mask]"   "\n\t" \
 182:/usr/local/Cellar/avr-gcc/8.1.0/avr/include/avr/wdt.h ****     "out %[rampd], __tmp_reg__"         "\n\t" \
 183:/usr/local/Cellar/avr-gcc/8.1.0/avr/include/avr/wdt.h ****     : \
 184:/usr/local/Cellar/avr-gcc/8.1.0/avr/include/avr/wdt.h ****     : [rampd]             "I" (_SFR_IO_ADDR(RAMPD)),    \
 185:/usr/local/Cellar/avr-gcc/8.1.0/avr/include/avr/wdt.h ****       [ccp_reg]           "I" (_SFR_IO_ADDR(CCP)),      \
 186:/usr/local/Cellar/avr-gcc/8.1.0/avr/include/avr/wdt.h ****       [ioreg_cen_mask]    "r" ((uint8_t)CCP_IOREG_gc),   \
 187:/usr/local/Cellar/avr-gcc/8.1.0/avr/include/avr/wdt.h ****       [wdt_reg]           "n" (_SFR_MEM_ADDR(WDT_CTRL)), \
 188:/usr/local/Cellar/avr-gcc/8.1.0/avr/include/avr/wdt.h ****       [disable_mask]      "r" ((uint8_t)((~WDT_ENABLE_bm) | WDT_CEN_bm)) \
 189:/usr/local/Cellar/avr-gcc/8.1.0/avr/include/avr/wdt.h ****     : "r0" \
 190:/usr/local/Cellar/avr-gcc/8.1.0/avr/include/avr/wdt.h **** );
 191:/usr/local/Cellar/avr-gcc/8.1.0/avr/include/avr/wdt.h **** 
 192:/usr/local/Cellar/avr-gcc/8.1.0/avr/include/avr/wdt.h **** #elif defined(__AVR_TINY__)
 193:/usr/local/Cellar/avr-gcc/8.1.0/avr/include/avr/wdt.h **** 
 194:/usr/local/Cellar/avr-gcc/8.1.0/avr/include/avr/wdt.h **** #define wdt_enable(value) \
 195:/usr/local/Cellar/avr-gcc/8.1.0/avr/include/avr/wdt.h **** __asm__ __volatile__ ( \
 196:/usr/local/Cellar/avr-gcc/8.1.0/avr/include/avr/wdt.h ****     "in __tmp_reg__,__SREG__" "\n\t"  \
 197:/usr/local/Cellar/avr-gcc/8.1.0/avr/include/avr/wdt.h ****     "cli" "\n\t"  \
 198:/usr/local/Cellar/avr-gcc/8.1.0/avr/include/avr/wdt.h ****     "wdr" "\n\t"  \
 199:/usr/local/Cellar/avr-gcc/8.1.0/avr/include/avr/wdt.h ****     "out %[CCPADDRESS],%[SIGNATURE]" "\n\t"  \
 200:/usr/local/Cellar/avr-gcc/8.1.0/avr/include/avr/wdt.h ****     "out %[WDTREG],%[WDVALUE]" "\n\t"  \
 201:/usr/local/Cellar/avr-gcc/8.1.0/avr/include/avr/wdt.h ****     "out __SREG__,__tmp_reg__" "\n\t"  \
 202:/usr/local/Cellar/avr-gcc/8.1.0/avr/include/avr/wdt.h ****     : /* no outputs */  \
 203:/usr/local/Cellar/avr-gcc/8.1.0/avr/include/avr/wdt.h ****     : [CCPADDRESS] "I" (_SFR_IO_ADDR(CCP)),  \
 204:/usr/local/Cellar/avr-gcc/8.1.0/avr/include/avr/wdt.h ****       [SIGNATURE] "r" ((uint8_t)0xD8), \
 205:/usr/local/Cellar/avr-gcc/8.1.0/avr/include/avr/wdt.h ****       [WDTREG] "I" (_SFR_IO_ADDR(_WD_CONTROL_REG)), \
 206:/usr/local/Cellar/avr-gcc/8.1.0/avr/include/avr/wdt.h ****       [WDVALUE] "r" ((uint8_t)((value & 0x08 ? _WD_PS3_MASK : 0x00) \
 207:/usr/local/Cellar/avr-gcc/8.1.0/avr/include/avr/wdt.h ****       | _BV(WDE) | (value & 0x07) )) \
 208:/usr/local/Cellar/avr-gcc/8.1.0/avr/include/avr/wdt.h ****     : "r16" \
 209:/usr/local/Cellar/avr-gcc/8.1.0/avr/include/avr/wdt.h **** )
 210:/usr/local/Cellar/avr-gcc/8.1.0/avr/include/avr/wdt.h **** 
 211:/usr/local/Cellar/avr-gcc/8.1.0/avr/include/avr/wdt.h **** #define wdt_disable() \
 212:/usr/local/Cellar/avr-gcc/8.1.0/avr/include/avr/wdt.h **** do { \
 213:/usr/local/Cellar/avr-gcc/8.1.0/avr/include/avr/wdt.h **** uint8_t temp_wd; \
 214:/usr/local/Cellar/avr-gcc/8.1.0/avr/include/avr/wdt.h **** __asm__ __volatile__ ( \
 215:/usr/local/Cellar/avr-gcc/8.1.0/avr/include/avr/wdt.h ****     "in __tmp_reg__,__SREG__" "\n\t"  \
 216:/usr/local/Cellar/avr-gcc/8.1.0/avr/include/avr/wdt.h ****     "cli" "\n\t"  \
 217:/usr/local/Cellar/avr-gcc/8.1.0/avr/include/avr/wdt.h ****     "wdr" "\n\t"  \
 218:/usr/local/Cellar/avr-gcc/8.1.0/avr/include/avr/wdt.h ****     "out %[CCPADDRESS],%[SIGNATURE]" "\n\t"  \
 219:/usr/local/Cellar/avr-gcc/8.1.0/avr/include/avr/wdt.h ****     "in  %[TEMP_WD],%[WDTREG]" "\n\t" \
 220:/usr/local/Cellar/avr-gcc/8.1.0/avr/include/avr/wdt.h ****     "cbr %[TEMP_WD],%[WDVALUE]" "\n\t" \
 221:/usr/local/Cellar/avr-gcc/8.1.0/avr/include/avr/wdt.h ****     "out %[WDTREG],%[TEMP_WD]" "\n\t" \
 222:/usr/local/Cellar/avr-gcc/8.1.0/avr/include/avr/wdt.h ****     "out __SREG__,__tmp_reg__" "\n\t" \
 223:/usr/local/Cellar/avr-gcc/8.1.0/avr/include/avr/wdt.h ****     : /*no output */ \
 224:/usr/local/Cellar/avr-gcc/8.1.0/avr/include/avr/wdt.h ****     : [CCPADDRESS] "I" (_SFR_IO_ADDR(CCP)), \
 225:/usr/local/Cellar/avr-gcc/8.1.0/avr/include/avr/wdt.h ****       [SIGNATURE] "r" ((uint8_t)0xD8), \
 226:/usr/local/Cellar/avr-gcc/8.1.0/avr/include/avr/wdt.h ****       [WDTREG] "I" (_SFR_IO_ADDR(_WD_CONTROL_REG)), \
 227:/usr/local/Cellar/avr-gcc/8.1.0/avr/include/avr/wdt.h ****       [TEMP_WD] "d" (temp_wd), \
 228:/usr/local/Cellar/avr-gcc/8.1.0/avr/include/avr/wdt.h ****       [WDVALUE] "n" (1 << WDE) \
 229:/usr/local/Cellar/avr-gcc/8.1.0/avr/include/avr/wdt.h ****     : "r16" \
 230:/usr/local/Cellar/avr-gcc/8.1.0/avr/include/avr/wdt.h **** ); \
 231:/usr/local/Cellar/avr-gcc/8.1.0/avr/include/avr/wdt.h **** }while(0)
 232:/usr/local/Cellar/avr-gcc/8.1.0/avr/include/avr/wdt.h **** 
 233:/usr/local/Cellar/avr-gcc/8.1.0/avr/include/avr/wdt.h **** #elif defined(CCP)
 234:/usr/local/Cellar/avr-gcc/8.1.0/avr/include/avr/wdt.h **** 
 235:/usr/local/Cellar/avr-gcc/8.1.0/avr/include/avr/wdt.h **** static __inline__
 236:/usr/local/Cellar/avr-gcc/8.1.0/avr/include/avr/wdt.h **** __attribute__ ((__always_inline__))
 237:/usr/local/Cellar/avr-gcc/8.1.0/avr/include/avr/wdt.h **** void wdt_enable (const uint8_t value)
 238:/usr/local/Cellar/avr-gcc/8.1.0/avr/include/avr/wdt.h **** {
 239:/usr/local/Cellar/avr-gcc/8.1.0/avr/include/avr/wdt.h **** 	if (!_SFR_IO_REG_P (CCP) && !_SFR_IO_REG_P (_WD_CONTROL_REG))
 240:/usr/local/Cellar/avr-gcc/8.1.0/avr/include/avr/wdt.h **** 	{
 241:/usr/local/Cellar/avr-gcc/8.1.0/avr/include/avr/wdt.h **** 		__asm__ __volatile__ (
 242:/usr/local/Cellar/avr-gcc/8.1.0/avr/include/avr/wdt.h **** 			"in __tmp_reg__,__SREG__" "\n\t"
 243:/usr/local/Cellar/avr-gcc/8.1.0/avr/include/avr/wdt.h **** 			"cli" "\n\t"
 244:/usr/local/Cellar/avr-gcc/8.1.0/avr/include/avr/wdt.h **** 			"wdr" "\n\t"
 245:/usr/local/Cellar/avr-gcc/8.1.0/avr/include/avr/wdt.h **** 			"sts %[CCPADDRESS],%[SIGNATURE]" "\n\t"
 246:/usr/local/Cellar/avr-gcc/8.1.0/avr/include/avr/wdt.h **** 			"sts %[WDTREG],%[WDVALUE]" "\n\t"
 247:/usr/local/Cellar/avr-gcc/8.1.0/avr/include/avr/wdt.h **** 			"out __SREG__,__tmp_reg__" "\n\t"
 248:/usr/local/Cellar/avr-gcc/8.1.0/avr/include/avr/wdt.h **** 			: /* no outputs */
 249:/usr/local/Cellar/avr-gcc/8.1.0/avr/include/avr/wdt.h **** 			: [CCPADDRESS] "n" (_SFR_MEM_ADDR(CCP)),
 250:/usr/local/Cellar/avr-gcc/8.1.0/avr/include/avr/wdt.h **** 			[SIGNATURE] "r" ((uint8_t)0xD8),
 251:/usr/local/Cellar/avr-gcc/8.1.0/avr/include/avr/wdt.h **** 			[WDTREG] "n" (_SFR_MEM_ADDR(_WD_CONTROL_REG)),
 252:/usr/local/Cellar/avr-gcc/8.1.0/avr/include/avr/wdt.h **** 			[WDVALUE] "r" ((uint8_t)((value & 0x08 ? _WD_PS3_MASK : 0x00)
 253:/usr/local/Cellar/avr-gcc/8.1.0/avr/include/avr/wdt.h **** 				| _BV(WDE) | (value & 0x07) ))
 254:/usr/local/Cellar/avr-gcc/8.1.0/avr/include/avr/wdt.h **** 			: "r0"
 255:/usr/local/Cellar/avr-gcc/8.1.0/avr/include/avr/wdt.h **** 			);
 256:/usr/local/Cellar/avr-gcc/8.1.0/avr/include/avr/wdt.h **** 	}
 257:/usr/local/Cellar/avr-gcc/8.1.0/avr/include/avr/wdt.h **** 	else if (!_SFR_IO_REG_P (CCP) && _SFR_IO_REG_P (_WD_CONTROL_REG))
 258:/usr/local/Cellar/avr-gcc/8.1.0/avr/include/avr/wdt.h **** 	{
 259:/usr/local/Cellar/avr-gcc/8.1.0/avr/include/avr/wdt.h **** 		__asm__ __volatile__ (
 260:/usr/local/Cellar/avr-gcc/8.1.0/avr/include/avr/wdt.h **** 			"in __tmp_reg__,__SREG__" "\n\t"
 261:/usr/local/Cellar/avr-gcc/8.1.0/avr/include/avr/wdt.h **** 			"cli" "\n\t"
 262:/usr/local/Cellar/avr-gcc/8.1.0/avr/include/avr/wdt.h **** 			"wdr" "\n\t"
 263:/usr/local/Cellar/avr-gcc/8.1.0/avr/include/avr/wdt.h **** 			"sts %[CCPADDRESS],%[SIGNATURE]" "\n\t"
 264:/usr/local/Cellar/avr-gcc/8.1.0/avr/include/avr/wdt.h **** 			"out %[WDTREG],%[WDVALUE]" "\n\t"
 265:/usr/local/Cellar/avr-gcc/8.1.0/avr/include/avr/wdt.h **** 			"out __SREG__,__tmp_reg__" "\n\t"
 266:/usr/local/Cellar/avr-gcc/8.1.0/avr/include/avr/wdt.h **** 			: /* no outputs */
 267:/usr/local/Cellar/avr-gcc/8.1.0/avr/include/avr/wdt.h **** 			: [CCPADDRESS] "n" (_SFR_MEM_ADDR(CCP)),
 268:/usr/local/Cellar/avr-gcc/8.1.0/avr/include/avr/wdt.h **** 			[SIGNATURE] "r" ((uint8_t)0xD8),
 269:/usr/local/Cellar/avr-gcc/8.1.0/avr/include/avr/wdt.h **** 			[WDTREG] "I" (_SFR_IO_ADDR(_WD_CONTROL_REG)),
 270:/usr/local/Cellar/avr-gcc/8.1.0/avr/include/avr/wdt.h **** 			[WDVALUE] "r" ((uint8_t)((value & 0x08 ? _WD_PS3_MASK : 0x00)
 271:/usr/local/Cellar/avr-gcc/8.1.0/avr/include/avr/wdt.h **** 				| _BV(WDE) | (value & 0x07) ))
 272:/usr/local/Cellar/avr-gcc/8.1.0/avr/include/avr/wdt.h **** 			: "r0"
 273:/usr/local/Cellar/avr-gcc/8.1.0/avr/include/avr/wdt.h **** 			);
 274:/usr/local/Cellar/avr-gcc/8.1.0/avr/include/avr/wdt.h **** 	}
 275:/usr/local/Cellar/avr-gcc/8.1.0/avr/include/avr/wdt.h **** 	else if (_SFR_IO_REG_P (CCP) && !_SFR_IO_REG_P (_WD_CONTROL_REG))
 276:/usr/local/Cellar/avr-gcc/8.1.0/avr/include/avr/wdt.h **** 	{
 277:/usr/local/Cellar/avr-gcc/8.1.0/avr/include/avr/wdt.h **** 		__asm__ __volatile__ (
 278:/usr/local/Cellar/avr-gcc/8.1.0/avr/include/avr/wdt.h **** 			"in __tmp_reg__,__SREG__" "\n\t"
 279:/usr/local/Cellar/avr-gcc/8.1.0/avr/include/avr/wdt.h **** 			"cli" "\n\t"
 280:/usr/local/Cellar/avr-gcc/8.1.0/avr/include/avr/wdt.h **** 			"wdr" "\n\t"
 281:/usr/local/Cellar/avr-gcc/8.1.0/avr/include/avr/wdt.h **** 			"out %[CCPADDRESS],%[SIGNATURE]" "\n\t"
 282:/usr/local/Cellar/avr-gcc/8.1.0/avr/include/avr/wdt.h **** 			"sts %[WDTREG],%[WDVALUE]" "\n\t"
 283:/usr/local/Cellar/avr-gcc/8.1.0/avr/include/avr/wdt.h **** 			"out __SREG__,__tmp_reg__" "\n\t"
 284:/usr/local/Cellar/avr-gcc/8.1.0/avr/include/avr/wdt.h **** 			: /* no outputs */
 285:/usr/local/Cellar/avr-gcc/8.1.0/avr/include/avr/wdt.h **** 			: [CCPADDRESS] "I" (_SFR_IO_ADDR(CCP)),
 286:/usr/local/Cellar/avr-gcc/8.1.0/avr/include/avr/wdt.h **** 			[SIGNATURE] "r" ((uint8_t)0xD8),
 287:/usr/local/Cellar/avr-gcc/8.1.0/avr/include/avr/wdt.h **** 			[WDTREG] "n" (_SFR_MEM_ADDR(_WD_CONTROL_REG)),
 288:/usr/local/Cellar/avr-gcc/8.1.0/avr/include/avr/wdt.h **** 			[WDVALUE] "r" ((uint8_t)((value & 0x08 ? _WD_PS3_MASK : 0x00)
 289:/usr/local/Cellar/avr-gcc/8.1.0/avr/include/avr/wdt.h **** 				| _BV(WDE) | (value & 0x07) ))
 290:/usr/local/Cellar/avr-gcc/8.1.0/avr/include/avr/wdt.h **** 			: "r0"
 291:/usr/local/Cellar/avr-gcc/8.1.0/avr/include/avr/wdt.h **** 			);
 292:/usr/local/Cellar/avr-gcc/8.1.0/avr/include/avr/wdt.h **** 	}
 293:/usr/local/Cellar/avr-gcc/8.1.0/avr/include/avr/wdt.h **** 	else
 294:/usr/local/Cellar/avr-gcc/8.1.0/avr/include/avr/wdt.h ****  	{
 295:/usr/local/Cellar/avr-gcc/8.1.0/avr/include/avr/wdt.h **** 		__asm__ __volatile__ (
 296:/usr/local/Cellar/avr-gcc/8.1.0/avr/include/avr/wdt.h **** 			"in __tmp_reg__,__SREG__" "\n\t"
 297:/usr/local/Cellar/avr-gcc/8.1.0/avr/include/avr/wdt.h **** 			"cli" "\n\t"
 298:/usr/local/Cellar/avr-gcc/8.1.0/avr/include/avr/wdt.h **** 			"wdr" "\n\t"
 299:/usr/local/Cellar/avr-gcc/8.1.0/avr/include/avr/wdt.h **** 			"out %[CCPADDRESS],%[SIGNATURE]" "\n\t"
 300:/usr/local/Cellar/avr-gcc/8.1.0/avr/include/avr/wdt.h **** 			"out %[WDTREG],%[WDVALUE]" "\n\t"
 301:/usr/local/Cellar/avr-gcc/8.1.0/avr/include/avr/wdt.h **** 			"out __SREG__,__tmp_reg__" "\n\t"
 302:/usr/local/Cellar/avr-gcc/8.1.0/avr/include/avr/wdt.h **** 			: /* no outputs */
 303:/usr/local/Cellar/avr-gcc/8.1.0/avr/include/avr/wdt.h **** 			: [CCPADDRESS] "I" (_SFR_IO_ADDR(CCP)),
 304:/usr/local/Cellar/avr-gcc/8.1.0/avr/include/avr/wdt.h **** 			[SIGNATURE] "r" ((uint8_t)0xD8),
 305:/usr/local/Cellar/avr-gcc/8.1.0/avr/include/avr/wdt.h **** 			[WDTREG] "I" (_SFR_IO_ADDR(_WD_CONTROL_REG)),
 306:/usr/local/Cellar/avr-gcc/8.1.0/avr/include/avr/wdt.h **** 			[WDVALUE] "r" ((uint8_t)((value & 0x08 ? _WD_PS3_MASK : 0x00)
 307:/usr/local/Cellar/avr-gcc/8.1.0/avr/include/avr/wdt.h **** 				| _BV(WDE) | (value & 0x07) ))
 308:/usr/local/Cellar/avr-gcc/8.1.0/avr/include/avr/wdt.h **** 			: "r0"
 309:/usr/local/Cellar/avr-gcc/8.1.0/avr/include/avr/wdt.h **** 			);
 310:/usr/local/Cellar/avr-gcc/8.1.0/avr/include/avr/wdt.h **** 	}
 311:/usr/local/Cellar/avr-gcc/8.1.0/avr/include/avr/wdt.h **** }
 312:/usr/local/Cellar/avr-gcc/8.1.0/avr/include/avr/wdt.h **** 
 313:/usr/local/Cellar/avr-gcc/8.1.0/avr/include/avr/wdt.h **** static __inline__
 314:/usr/local/Cellar/avr-gcc/8.1.0/avr/include/avr/wdt.h **** __attribute__ ((__always_inline__))
 315:/usr/local/Cellar/avr-gcc/8.1.0/avr/include/avr/wdt.h **** void wdt_disable (void)
 316:/usr/local/Cellar/avr-gcc/8.1.0/avr/include/avr/wdt.h **** {
 317:/usr/local/Cellar/avr-gcc/8.1.0/avr/include/avr/wdt.h **** 	if (!_SFR_IO_REG_P (CCP) && !_SFR_IO_REG_P(_WD_CONTROL_REG))
 318:/usr/local/Cellar/avr-gcc/8.1.0/avr/include/avr/wdt.h **** 	{
 319:/usr/local/Cellar/avr-gcc/8.1.0/avr/include/avr/wdt.h ****         uint8_t temp_wd;
 320:/usr/local/Cellar/avr-gcc/8.1.0/avr/include/avr/wdt.h ****         __asm__ __volatile__ (
 321:/usr/local/Cellar/avr-gcc/8.1.0/avr/include/avr/wdt.h **** 				"in __tmp_reg__,__SREG__" "\n\t"
 322:/usr/local/Cellar/avr-gcc/8.1.0/avr/include/avr/wdt.h **** 				"cli" "\n\t"
 323:/usr/local/Cellar/avr-gcc/8.1.0/avr/include/avr/wdt.h **** 				"wdr" "\n\t"
 324:/usr/local/Cellar/avr-gcc/8.1.0/avr/include/avr/wdt.h **** 				"sts %[CCPADDRESS],%[SIGNATURE]" "\n\t"
 325:/usr/local/Cellar/avr-gcc/8.1.0/avr/include/avr/wdt.h **** 				"lds %[TEMP_WD],%[WDTREG]" "\n\t"
 326:/usr/local/Cellar/avr-gcc/8.1.0/avr/include/avr/wdt.h **** 				"cbr %[TEMP_WD],%[WDVALUE]" "\n\t"
 327:/usr/local/Cellar/avr-gcc/8.1.0/avr/include/avr/wdt.h **** 				"sts %[WDTREG],%[TEMP_WD]" "\n\t"
 328:/usr/local/Cellar/avr-gcc/8.1.0/avr/include/avr/wdt.h **** 				"out __SREG__,__tmp_reg__" "\n\t"
 329:/usr/local/Cellar/avr-gcc/8.1.0/avr/include/avr/wdt.h **** 				: /*no output */
 330:/usr/local/Cellar/avr-gcc/8.1.0/avr/include/avr/wdt.h **** 				: [CCPADDRESS] "n" (_SFR_MEM_ADDR(CCP)),
 331:/usr/local/Cellar/avr-gcc/8.1.0/avr/include/avr/wdt.h **** 				[SIGNATURE] "r" ((uint8_t)0xD8),
 332:/usr/local/Cellar/avr-gcc/8.1.0/avr/include/avr/wdt.h **** 				[WDTREG] "n" (_SFR_MEM_ADDR(_WD_CONTROL_REG)),
 333:/usr/local/Cellar/avr-gcc/8.1.0/avr/include/avr/wdt.h **** 				[TEMP_WD] "d" (temp_wd),
 334:/usr/local/Cellar/avr-gcc/8.1.0/avr/include/avr/wdt.h **** 				[WDVALUE] "n" (1 << WDE)
 335:/usr/local/Cellar/avr-gcc/8.1.0/avr/include/avr/wdt.h **** 				: "r0"
 336:/usr/local/Cellar/avr-gcc/8.1.0/avr/include/avr/wdt.h **** 				);
 337:/usr/local/Cellar/avr-gcc/8.1.0/avr/include/avr/wdt.h **** 	}
 338:/usr/local/Cellar/avr-gcc/8.1.0/avr/include/avr/wdt.h **** 	else if (!_SFR_IO_REG_P (CCP) && _SFR_IO_REG_P(_WD_CONTROL_REG))
 339:/usr/local/Cellar/avr-gcc/8.1.0/avr/include/avr/wdt.h **** 	{
 340:/usr/local/Cellar/avr-gcc/8.1.0/avr/include/avr/wdt.h ****         uint8_t temp_wd;
 341:/usr/local/Cellar/avr-gcc/8.1.0/avr/include/avr/wdt.h ****         __asm__ __volatile__ (
 342:/usr/local/Cellar/avr-gcc/8.1.0/avr/include/avr/wdt.h **** 				"in __tmp_reg__,__SREG__" "\n\t"
 343:/usr/local/Cellar/avr-gcc/8.1.0/avr/include/avr/wdt.h **** 				"cli" "\n\t"
 344:/usr/local/Cellar/avr-gcc/8.1.0/avr/include/avr/wdt.h **** 				"wdr" "\n\t"
 345:/usr/local/Cellar/avr-gcc/8.1.0/avr/include/avr/wdt.h **** 				"sts %[CCPADDRESS],%[SIGNATURE]" "\n\t"
 346:/usr/local/Cellar/avr-gcc/8.1.0/avr/include/avr/wdt.h **** 				"in %[TEMP_WD],%[WDTREG]" "\n\t"
 347:/usr/local/Cellar/avr-gcc/8.1.0/avr/include/avr/wdt.h **** 				"cbr %[TEMP_WD],%[WDVALUE]" "\n\t"
 348:/usr/local/Cellar/avr-gcc/8.1.0/avr/include/avr/wdt.h **** 				"out %[WDTREG],%[TEMP_WD]" "\n\t"
 349:/usr/local/Cellar/avr-gcc/8.1.0/avr/include/avr/wdt.h **** 				"out __SREG__,__tmp_reg__" "\n\t"
 350:/usr/local/Cellar/avr-gcc/8.1.0/avr/include/avr/wdt.h **** 				: /*no output */
 351:/usr/local/Cellar/avr-gcc/8.1.0/avr/include/avr/wdt.h **** 				: [CCPADDRESS] "n" (_SFR_MEM_ADDR(CCP)),
 352:/usr/local/Cellar/avr-gcc/8.1.0/avr/include/avr/wdt.h **** 				[SIGNATURE] "r" ((uint8_t)0xD8),
 353:/usr/local/Cellar/avr-gcc/8.1.0/avr/include/avr/wdt.h **** 				[WDTREG] "I" (_SFR_IO_ADDR(_WD_CONTROL_REG)),
 354:/usr/local/Cellar/avr-gcc/8.1.0/avr/include/avr/wdt.h **** 				[TEMP_WD] "d" (temp_wd),
 355:/usr/local/Cellar/avr-gcc/8.1.0/avr/include/avr/wdt.h **** 				[WDVALUE] "n" (1 << WDE)
 356:/usr/local/Cellar/avr-gcc/8.1.0/avr/include/avr/wdt.h **** 				: "r0"
 357:/usr/local/Cellar/avr-gcc/8.1.0/avr/include/avr/wdt.h **** 				);
 358:/usr/local/Cellar/avr-gcc/8.1.0/avr/include/avr/wdt.h **** 	}
 359:/usr/local/Cellar/avr-gcc/8.1.0/avr/include/avr/wdt.h **** 	else if (_SFR_IO_REG_P (CCP) && !_SFR_IO_REG_P(_WD_CONTROL_REG))
 360:/usr/local/Cellar/avr-gcc/8.1.0/avr/include/avr/wdt.h **** 	{
 361:/usr/local/Cellar/avr-gcc/8.1.0/avr/include/avr/wdt.h ****         uint8_t temp_wd;
 362:/usr/local/Cellar/avr-gcc/8.1.0/avr/include/avr/wdt.h ****         __asm__ __volatile__ (
 363:/usr/local/Cellar/avr-gcc/8.1.0/avr/include/avr/wdt.h **** 				"in __tmp_reg__,__SREG__" "\n\t"
 364:/usr/local/Cellar/avr-gcc/8.1.0/avr/include/avr/wdt.h **** 				"cli" "\n\t"
 365:/usr/local/Cellar/avr-gcc/8.1.0/avr/include/avr/wdt.h **** 				"wdr" "\n\t"
 366:/usr/local/Cellar/avr-gcc/8.1.0/avr/include/avr/wdt.h **** 				"out %[CCPADDRESS],%[SIGNATURE]" "\n\t"
 367:/usr/local/Cellar/avr-gcc/8.1.0/avr/include/avr/wdt.h **** 				"lds %[TEMP_WD],%[WDTREG]" "\n\t"
 368:/usr/local/Cellar/avr-gcc/8.1.0/avr/include/avr/wdt.h **** 				"cbr %[TEMP_WD],%[WDVALUE]" "\n\t"
 369:/usr/local/Cellar/avr-gcc/8.1.0/avr/include/avr/wdt.h **** 				"sts %[WDTREG],%[TEMP_WD]" "\n\t"
 370:/usr/local/Cellar/avr-gcc/8.1.0/avr/include/avr/wdt.h **** 				"out __SREG__,__tmp_reg__" "\n\t"
 371:/usr/local/Cellar/avr-gcc/8.1.0/avr/include/avr/wdt.h **** 				: /*no output */
 372:/usr/local/Cellar/avr-gcc/8.1.0/avr/include/avr/wdt.h **** 				: [CCPADDRESS] "I" (_SFR_IO_ADDR(CCP)),
 373:/usr/local/Cellar/avr-gcc/8.1.0/avr/include/avr/wdt.h **** 				[SIGNATURE] "r" ((uint8_t)0xD8),
 374:/usr/local/Cellar/avr-gcc/8.1.0/avr/include/avr/wdt.h **** 				[WDTREG] "n" (_SFR_MEM_ADDR(_WD_CONTROL_REG)),
 375:/usr/local/Cellar/avr-gcc/8.1.0/avr/include/avr/wdt.h **** 				[TEMP_WD] "d" (temp_wd),
 376:/usr/local/Cellar/avr-gcc/8.1.0/avr/include/avr/wdt.h **** 				[WDVALUE] "n" (1 << WDE)
 377:/usr/local/Cellar/avr-gcc/8.1.0/avr/include/avr/wdt.h **** 				: "r0"
 378:/usr/local/Cellar/avr-gcc/8.1.0/avr/include/avr/wdt.h **** 				);
 379:/usr/local/Cellar/avr-gcc/8.1.0/avr/include/avr/wdt.h **** 	}
 380:/usr/local/Cellar/avr-gcc/8.1.0/avr/include/avr/wdt.h **** 	else
 381:/usr/local/Cellar/avr-gcc/8.1.0/avr/include/avr/wdt.h **** 	{
 382:/usr/local/Cellar/avr-gcc/8.1.0/avr/include/avr/wdt.h ****         uint8_t temp_wd;
 383:/usr/local/Cellar/avr-gcc/8.1.0/avr/include/avr/wdt.h ****         __asm__ __volatile__ (
 384:/usr/local/Cellar/avr-gcc/8.1.0/avr/include/avr/wdt.h **** 				"in __tmp_reg__,__SREG__" "\n\t"
 385:/usr/local/Cellar/avr-gcc/8.1.0/avr/include/avr/wdt.h **** 				"cli" "\n\t"
 386:/usr/local/Cellar/avr-gcc/8.1.0/avr/include/avr/wdt.h **** 				"wdr" "\n\t"
 387:/usr/local/Cellar/avr-gcc/8.1.0/avr/include/avr/wdt.h **** 				"out %[CCPADDRESS],%[SIGNATURE]" "\n\t"
 388:/usr/local/Cellar/avr-gcc/8.1.0/avr/include/avr/wdt.h **** 				"in %[TEMP_WD],%[WDTREG]" "\n\t"
 389:/usr/local/Cellar/avr-gcc/8.1.0/avr/include/avr/wdt.h **** 				"cbr %[TEMP_WD],%[WDVALUE]" "\n\t"
 390:/usr/local/Cellar/avr-gcc/8.1.0/avr/include/avr/wdt.h **** 				"out %[WDTREG],%[TEMP_WD]" "\n\t"
 391:/usr/local/Cellar/avr-gcc/8.1.0/avr/include/avr/wdt.h **** 				"out __SREG__,__tmp_reg__" "\n\t"
 392:/usr/local/Cellar/avr-gcc/8.1.0/avr/include/avr/wdt.h **** 				: /*no output */
 393:/usr/local/Cellar/avr-gcc/8.1.0/avr/include/avr/wdt.h **** 				: [CCPADDRESS] "I" (_SFR_IO_ADDR(CCP)),
 394:/usr/local/Cellar/avr-gcc/8.1.0/avr/include/avr/wdt.h **** 				[SIGNATURE] "r" ((uint8_t)0xD8),
 395:/usr/local/Cellar/avr-gcc/8.1.0/avr/include/avr/wdt.h **** 				[WDTREG] "I" (_SFR_IO_ADDR(_WD_CONTROL_REG)),
 396:/usr/local/Cellar/avr-gcc/8.1.0/avr/include/avr/wdt.h **** 				[TEMP_WD] "d" (temp_wd),
 397:/usr/local/Cellar/avr-gcc/8.1.0/avr/include/avr/wdt.h **** 				[WDVALUE] "n" (1 << WDE)
 398:/usr/local/Cellar/avr-gcc/8.1.0/avr/include/avr/wdt.h **** 				: "r0"
 399:/usr/local/Cellar/avr-gcc/8.1.0/avr/include/avr/wdt.h **** 				);
 400:/usr/local/Cellar/avr-gcc/8.1.0/avr/include/avr/wdt.h **** 	}
 401:/usr/local/Cellar/avr-gcc/8.1.0/avr/include/avr/wdt.h **** }
 402:/usr/local/Cellar/avr-gcc/8.1.0/avr/include/avr/wdt.h **** 
 403:/usr/local/Cellar/avr-gcc/8.1.0/avr/include/avr/wdt.h **** #else
 404:/usr/local/Cellar/avr-gcc/8.1.0/avr/include/avr/wdt.h **** 
 405:/usr/local/Cellar/avr-gcc/8.1.0/avr/include/avr/wdt.h **** static __inline__
 406:/usr/local/Cellar/avr-gcc/8.1.0/avr/include/avr/wdt.h **** __attribute__ ((__always_inline__))
 407:/usr/local/Cellar/avr-gcc/8.1.0/avr/include/avr/wdt.h **** void wdt_enable (const uint8_t value)
 408:/usr/local/Cellar/avr-gcc/8.1.0/avr/include/avr/wdt.h **** {
 409:/usr/local/Cellar/avr-gcc/8.1.0/avr/include/avr/wdt.h **** 	if (_SFR_IO_REG_P (_WD_CONTROL_REG))
 410:/usr/local/Cellar/avr-gcc/8.1.0/avr/include/avr/wdt.h **** 	{
 411:/usr/local/Cellar/avr-gcc/8.1.0/avr/include/avr/wdt.h **** 		__asm__ __volatile__ (
 412:/usr/local/Cellar/avr-gcc/8.1.0/avr/include/avr/wdt.h **** 				"in __tmp_reg__,__SREG__" "\n\t"
 413:/usr/local/Cellar/avr-gcc/8.1.0/avr/include/avr/wdt.h **** 				"cli" "\n\t"
 414:/usr/local/Cellar/avr-gcc/8.1.0/avr/include/avr/wdt.h **** 				"wdr" "\n\t"
 415:/usr/local/Cellar/avr-gcc/8.1.0/avr/include/avr/wdt.h **** 				"out %0, %1" "\n\t"
 416:/usr/local/Cellar/avr-gcc/8.1.0/avr/include/avr/wdt.h **** 				"out __SREG__,__tmp_reg__" "\n\t"
 417:/usr/local/Cellar/avr-gcc/8.1.0/avr/include/avr/wdt.h **** 				"out %0, %2" "\n \t"
 418:/usr/local/Cellar/avr-gcc/8.1.0/avr/include/avr/wdt.h **** 				: /* no outputs */
 419:/usr/local/Cellar/avr-gcc/8.1.0/avr/include/avr/wdt.h **** 				: "I" (_SFR_IO_ADDR(_WD_CONTROL_REG)),
 420:/usr/local/Cellar/avr-gcc/8.1.0/avr/include/avr/wdt.h **** 				"r" ((uint8_t)(_BV(_WD_CHANGE_BIT) | _BV(WDE))),
 421:/usr/local/Cellar/avr-gcc/8.1.0/avr/include/avr/wdt.h **** 				"r" ((uint8_t) ((value & 0x08 ? _WD_PS3_MASK : 0x00) |
 422:/usr/local/Cellar/avr-gcc/8.1.0/avr/include/avr/wdt.h **** 						_BV(WDE) | (value & 0x07)) )
 423:/usr/local/Cellar/avr-gcc/8.1.0/avr/include/avr/wdt.h **** 				: "r0"
 424:/usr/local/Cellar/avr-gcc/8.1.0/avr/include/avr/wdt.h **** 		);
 425:/usr/local/Cellar/avr-gcc/8.1.0/avr/include/avr/wdt.h **** 	}
 426:/usr/local/Cellar/avr-gcc/8.1.0/avr/include/avr/wdt.h **** 	else
 427:/usr/local/Cellar/avr-gcc/8.1.0/avr/include/avr/wdt.h **** 	{
 428:/usr/local/Cellar/avr-gcc/8.1.0/avr/include/avr/wdt.h **** 		__asm__ __volatile__ (
 429:/usr/local/Cellar/avr-gcc/8.1.0/avr/include/avr/wdt.h **** 				"in __tmp_reg__,__SREG__" "\n\t"
 430:/usr/local/Cellar/avr-gcc/8.1.0/avr/include/avr/wdt.h **** 				"cli" "\n\t"
 431:/usr/local/Cellar/avr-gcc/8.1.0/avr/include/avr/wdt.h **** 				"wdr" "\n\t"
 432:/usr/local/Cellar/avr-gcc/8.1.0/avr/include/avr/wdt.h **** 				"sts %0, %1" "\n\t"
 433:/usr/local/Cellar/avr-gcc/8.1.0/avr/include/avr/wdt.h **** 				"out __SREG__,__tmp_reg__" "\n\t"
 434:/usr/local/Cellar/avr-gcc/8.1.0/avr/include/avr/wdt.h **** 				"sts %0, %2" "\n \t"
 435:/usr/local/Cellar/avr-gcc/8.1.0/avr/include/avr/wdt.h **** 				: /* no outputs */
 436:/usr/local/Cellar/avr-gcc/8.1.0/avr/include/avr/wdt.h **** 				: "n" (_SFR_MEM_ADDR(_WD_CONTROL_REG)),
 437:/usr/local/Cellar/avr-gcc/8.1.0/avr/include/avr/wdt.h **** 				"r" ((uint8_t)(_BV(_WD_CHANGE_BIT) | _BV(WDE))),
 438:/usr/local/Cellar/avr-gcc/8.1.0/avr/include/avr/wdt.h **** 				"r" ((uint8_t) ((value & 0x08 ? _WD_PS3_MASK : 0x00) |
 439:/usr/local/Cellar/avr-gcc/8.1.0/avr/include/avr/wdt.h **** 						_BV(WDE) | (value & 0x07)) )
 440:/usr/local/Cellar/avr-gcc/8.1.0/avr/include/avr/wdt.h **** 				: "r0"
 441:/usr/local/Cellar/avr-gcc/8.1.0/avr/include/avr/wdt.h **** 		);
 442:/usr/local/Cellar/avr-gcc/8.1.0/avr/include/avr/wdt.h **** 	}
 443:/usr/local/Cellar/avr-gcc/8.1.0/avr/include/avr/wdt.h **** }
 444:/usr/local/Cellar/avr-gcc/8.1.0/avr/include/avr/wdt.h **** 
 445:/usr/local/Cellar/avr-gcc/8.1.0/avr/include/avr/wdt.h **** static __inline__
 446:/usr/local/Cellar/avr-gcc/8.1.0/avr/include/avr/wdt.h **** __attribute__ ((__always_inline__))
 447:/usr/local/Cellar/avr-gcc/8.1.0/avr/include/avr/wdt.h **** void wdt_disable (void)
 141               		.loc 2 447 6 view .LVU33
 142               	.LBE13:
 143               	.LBE12:
 144               	.LBE11:
 448:/usr/local/Cellar/avr-gcc/8.1.0/avr/include/avr/wdt.h **** {
 449:/usr/local/Cellar/avr-gcc/8.1.0/avr/include/avr/wdt.h **** 	if (_SFR_IO_REG_P (_WD_CONTROL_REG))
 145               		.loc 2 449 2 view .LVU34
 146               	.LBB17:
 147               	.LBB16:
 148               	.LBB15:
 149               	.LBB14:
 450:/usr/local/Cellar/avr-gcc/8.1.0/avr/include/avr/wdt.h **** 	{
 451:/usr/local/Cellar/avr-gcc/8.1.0/avr/include/avr/wdt.h ****         uint8_t register temp_reg;
 452:/usr/local/Cellar/avr-gcc/8.1.0/avr/include/avr/wdt.h **** 		__asm__ __volatile__ (
 453:/usr/local/Cellar/avr-gcc/8.1.0/avr/include/avr/wdt.h **** 				"in __tmp_reg__,__SREG__"    "\n\t"
 454:/usr/local/Cellar/avr-gcc/8.1.0/avr/include/avr/wdt.h **** 				"cli"                        "\n\t"
 455:/usr/local/Cellar/avr-gcc/8.1.0/avr/include/avr/wdt.h **** 				"wdr"                        "\n\t"
 456:/usr/local/Cellar/avr-gcc/8.1.0/avr/include/avr/wdt.h **** 				"in  %[TEMPREG],%[WDTREG]"   "\n\t"
 457:/usr/local/Cellar/avr-gcc/8.1.0/avr/include/avr/wdt.h **** 				"ori %[TEMPREG],%[WDCE_WDE]" "\n\t"
 458:/usr/local/Cellar/avr-gcc/8.1.0/avr/include/avr/wdt.h **** 				"out %[WDTREG],%[TEMPREG]"   "\n\t"
 459:/usr/local/Cellar/avr-gcc/8.1.0/avr/include/avr/wdt.h **** 				"out %[WDTREG],__zero_reg__" "\n\t"
 460:/usr/local/Cellar/avr-gcc/8.1.0/avr/include/avr/wdt.h **** 				"out __SREG__,__tmp_reg__"   "\n\t"
 461:/usr/local/Cellar/avr-gcc/8.1.0/avr/include/avr/wdt.h **** 				: [TEMPREG] "=d" (temp_reg)
 462:/usr/local/Cellar/avr-gcc/8.1.0/avr/include/avr/wdt.h **** 				: [WDTREG]  "I"  (_SFR_IO_ADDR(_WD_CONTROL_REG)),
 463:/usr/local/Cellar/avr-gcc/8.1.0/avr/include/avr/wdt.h **** 				[WDCE_WDE]  "n"  ((uint8_t)(_BV(_WD_CHANGE_BIT) | _BV(WDE)))
 464:/usr/local/Cellar/avr-gcc/8.1.0/avr/include/avr/wdt.h **** 				: "r0"
 465:/usr/local/Cellar/avr-gcc/8.1.0/avr/include/avr/wdt.h **** 		);
 466:/usr/local/Cellar/avr-gcc/8.1.0/avr/include/avr/wdt.h **** 	}
 467:/usr/local/Cellar/avr-gcc/8.1.0/avr/include/avr/wdt.h **** 	else
 468:/usr/local/Cellar/avr-gcc/8.1.0/avr/include/avr/wdt.h **** 	{
 469:/usr/local/Cellar/avr-gcc/8.1.0/avr/include/avr/wdt.h ****         uint8_t register temp_reg;
 150               		.loc 2 469 9 view .LVU35
 470:/usr/local/Cellar/avr-gcc/8.1.0/avr/include/avr/wdt.h **** 		__asm__ __volatile__ (
 151               		.loc 2 470 3 view .LVU36
 152               	/* #APP */
 153               	 ;  470 "/usr/local/Cellar/avr-gcc/8.1.0/avr/include/avr/wdt.h" 1
 154 0040 0FB6      		in __tmp_reg__,__SREG__
 155 0042 F894      		cli
 156 0044 A895      		wdr
 157 0046 8091 6000 		lds r24,96
 158 004a 8861      		ori r24,24
 159 004c 8093 6000 		sts 96,r24
 160 0050 1092 6000 		sts 96,__zero_reg__
 161 0054 0FBE      		out __SREG__,__tmp_reg__
 162               		
 163               	 ;  0 "" 2
 164               	.LVL4:
 165               	/* #NOAPP */
 166               	.L2:
 167               	/* epilogue start */
 168               		.loc 2 470 3 is_stmt 0 view .LVU37
 169               	.LBE14:
 170               	.LBE15:
 171               	.LBE16:
 172               	.LBE17:
 105:./tmk_core/common/avr/suspend.c **** }
 173               		.loc 1 105 1 view .LVU38
 174 0056 0895      		ret
 175               		.cfi_endproc
 176               	.LFE110:
 178               		.section	.text.matrix_power_up,"ax",@progbits
 179               		.weak	matrix_power_up
 181               	matrix_power_up:
 182               	.LFB111:
 106:./tmk_core/common/avr/suspend.c **** 
 107:./tmk_core/common/avr/suspend.c **** __attribute__ ((weak)) void matrix_power_up(void) {}
 183               		.loc 1 107 51 is_stmt 1 view -0
 184               		.cfi_startproc
 185               	/* prologue: function */
 186               	/* frame size = 0 */
 187               	/* stack size = 0 */
 188               	.L__stack_usage = 0
 189               		.loc 1 107 52 view .LVU40
 190               	/* epilogue start */
 191               		.loc 1 107 1 is_stmt 0 view .LVU41
 192 0000 0895      		ret
 193               		.cfi_endproc
 194               	.LFE111:
 196               		.set	matrix_power_up.localalias.0,matrix_power_up
 197               		.section	.text.matrix_power_down,"ax",@progbits
 198               		.weak	matrix_power_down
 200               	matrix_power_down:
 201               	.LFB117:
 202               		.cfi_startproc
 203               	/* prologue: function */
 204               	/* frame size = 0 */
 205               	/* stack size = 0 */
 206               	.L__stack_usage = 0
 207               	/* epilogue start */
 208 0000 0895      		ret
 209               		.cfi_endproc
 210               	.LFE117:
 212               		.section	.text.suspend_wakeup_condition,"ax",@progbits
 213               	.global	suspend_wakeup_condition
 215               	suspend_wakeup_condition:
 216               	.LFB113:
 108:./tmk_core/common/avr/suspend.c **** __attribute__ ((weak)) void matrix_power_down(void) {}
 109:./tmk_core/common/avr/suspend.c **** bool suspend_wakeup_condition(void)
 110:./tmk_core/common/avr/suspend.c **** {
 217               		.loc 1 110 1 is_stmt 1 view -0
 218               		.cfi_startproc
 219               		.loc 1 110 1 is_stmt 0 view .LVU43
 220 0000 CF93      		push r28
 221               	.LCFI0:
 222               		.cfi_def_cfa_offset 3
 223               		.cfi_offset 28, -2
 224               	/* prologue: function */
 225               	/* frame size = 0 */
 226               	/* stack size = 1 */
 227               	.L__stack_usage = 1
 111:./tmk_core/common/avr/suspend.c **** #ifdef BACKLIGHT_ENABLE
 112:./tmk_core/common/avr/suspend.c ****     backlight_set(0);
 113:./tmk_core/common/avr/suspend.c **** #endif
 114:./tmk_core/common/avr/suspend.c ****     matrix_power_up();
 228               		.loc 1 114 5 is_stmt 1 view .LVU44
 229 0002 0E94 0000 		call matrix_power_up
 230               	.LVL5:
 115:./tmk_core/common/avr/suspend.c ****     matrix_scan();
 231               		.loc 1 115 5 view .LVU45
 232 0006 0E94 0000 		call matrix_scan
 233               	.LVL6:
 116:./tmk_core/common/avr/suspend.c ****     matrix_power_down();
 234               		.loc 1 116 5 view .LVU46
 235 000a 0E94 0000 		call matrix_power_down
 236               	.LVL7:
 117:./tmk_core/common/avr/suspend.c ****     for (uint8_t r = 0; r < MATRIX_ROWS; r++) {
 237               		.loc 1 117 5 view .LVU47
 238               	.LBB18:
 239               		.loc 1 117 10 view .LVU48
 240               		.loc 1 117 18 is_stmt 0 view .LVU49
 241 000e C0E0      		ldi r28,0
 242               	.LVL8:
 243               	.L11:
 118:./tmk_core/common/avr/suspend.c ****         if (matrix_get_row(r)) return true;
 244               		.loc 1 118 9 is_stmt 1 view .LVU50
 245               		.loc 1 118 13 is_stmt 0 view .LVU51
 246 0010 8C2F      		mov r24,r28
 247 0012 0E94 0000 		call matrix_get_row
 248               	.LVL9:
 249               		.loc 1 118 12 view .LVU52
 250 0016 8111      		cpse r24,__zero_reg__
 251 0018 00C0      		rjmp .L12
 117:./tmk_core/common/avr/suspend.c ****     for (uint8_t r = 0; r < MATRIX_ROWS; r++) {
 252               		.loc 1 117 43 discriminator 2 view .LVU53
 253 001a CF5F      		subi r28,lo8(-(1))
 254               	.LVL10:
 117:./tmk_core/common/avr/suspend.c ****     for (uint8_t r = 0; r < MATRIX_ROWS; r++) {
 255               		.loc 1 117 5 discriminator 2 view .LVU54
 256 001c CE30      		cpi r28,lo8(14)
 257 001e 01F4      		brne .L11
 258               	.L9:
 259               	/* epilogue start */
 117:./tmk_core/common/avr/suspend.c ****     for (uint8_t r = 0; r < MATRIX_ROWS; r++) {
 260               		.loc 1 117 5 discriminator 2 view .LVU55
 261               	.LBE18:
 119:./tmk_core/common/avr/suspend.c ****     }
 120:./tmk_core/common/avr/suspend.c ****      return false;
 121:./tmk_core/common/avr/suspend.c **** }
 262               		.loc 1 121 1 view .LVU56
 263 0020 CF91      		pop r28
 264               	.LVL11:
 265               		.loc 1 121 1 view .LVU57
 266 0022 0895      		ret
 267               	.LVL12:
 268               	.L12:
 269               	.LBB19:
 118:./tmk_core/common/avr/suspend.c ****         if (matrix_get_row(r)) return true;
 270               		.loc 1 118 39 view .LVU58
 271 0024 81E0      		ldi r24,lo8(1)
 272 0026 00C0      		rjmp .L9
 273               	.LBE19:
 274               		.cfi_endproc
 275               	.LFE113:
 277               		.section	.text.suspend_wakeup_init,"ax",@progbits
 278               	.global	suspend_wakeup_init
 280               	suspend_wakeup_init:
 281               	.LFB114:
 122:./tmk_core/common/avr/suspend.c **** 
 123:./tmk_core/common/avr/suspend.c **** // run immediately after wakeup
 124:./tmk_core/common/avr/suspend.c **** void suspend_wakeup_init(void)
 125:./tmk_core/common/avr/suspend.c **** {
 282               		.loc 1 125 1 is_stmt 1 view -0
 283               		.cfi_startproc
 284               	/* prologue: function */
 285               	/* frame size = 0 */
 286               	/* stack size = 0 */
 287               	.L__stack_usage = 0
 126:./tmk_core/common/avr/suspend.c ****     // clear keyboard state
 127:./tmk_core/common/avr/suspend.c ****     clear_keyboard();
 288               		.loc 1 127 5 view .LVU60
 289 0000 0E94 0000 		call clear_keyboard
 290               	.LVL13:
 128:./tmk_core/common/avr/suspend.c **** #ifdef BACKLIGHT_ENABLE
 129:./tmk_core/common/avr/suspend.c ****     backlight_set(0);
 130:./tmk_core/common/avr/suspend.c ****     backlight_init();
 131:./tmk_core/common/avr/suspend.c **** #endif
 132:./tmk_core/common/avr/suspend.c **** led_set(host_keyboard_leds());
 291               		.loc 1 132 1 view .LVU61
 292 0004 0E94 0000 		call host_keyboard_leds
 293               	.LVL14:
 294 0008 0C94 0000 		jmp led_set
 295               	.LVL15:
 296               		.cfi_endproc
 297               	.LFE114:
 299               		.section	.text.__vector_12,"ax",@progbits
 300               	.global	__vector_12
 302               	__vector_12:
 303               	.LFB115:
 133:./tmk_core/common/avr/suspend.c **** }
 134:./tmk_core/common/avr/suspend.c **** 
 135:./tmk_core/common/avr/suspend.c **** #ifndef NO_SUSPEND_POWER_DOWN
 136:./tmk_core/common/avr/suspend.c **** /* watchdog timeout */
 137:./tmk_core/common/avr/suspend.c **** ISR(WDT_vect)
 138:./tmk_core/common/avr/suspend.c **** {
 304               		.loc 1 138 1 view -0
 305               		.cfi_startproc
 306 0000 1F92 1FB6 		__gcc_isr 1
 306      1F92 1124 
 306      8F93 
 307 000a 9F93      		push r25
 308               	.LCFI1:
 309               		.cfi_def_cfa_offset 3
 310               		.cfi_offset 25, -2
 311 000c AF93      		push r26
 312               	.LCFI2:
 313               		.cfi_def_cfa_offset 4
 314               		.cfi_offset 26, -3
 315 000e BF93      		push r27
 316               	.LCFI3:
 317               		.cfi_def_cfa_offset 5
 318               		.cfi_offset 27, -4
 319               	/* prologue: Signal */
 320               	/* frame size = 0 */
 321               	/* stack size = 3...7 */
 322               	.L__stack_usage = 3 + __gcc_isr.n_pushed
 139:./tmk_core/common/avr/suspend.c ****     // compensate timer for sleep
 140:./tmk_core/common/avr/suspend.c ****     switch (wdt_timeout) {
 323               		.loc 1 140 5 view .LVU63
 324 0010 8091 0000 		lds r24,wdt_timeout
 325 0014 8111      		cpse r24,__zero_reg__
 326 0016 00C0      		rjmp .L15
 141:./tmk_core/common/avr/suspend.c ****         case WDTO_15MS:
 142:./tmk_core/common/avr/suspend.c ****             timer_count += 15 + 2;  // WDTO_15MS + 2(from observation)
 327               		.loc 1 142 13 view .LVU64
 328               		.loc 1 142 25 is_stmt 0 view .LVU65
 329 0018 8091 0000 		lds r24,timer_count
 330 001c 9091 0000 		lds r25,timer_count+1
 331 0020 A091 0000 		lds r26,timer_count+2
 332 0024 B091 0000 		lds r27,timer_count+3
 333 0028 4196      		adiw r24,17
 334 002a A11D      		adc r26,__zero_reg__
 335 002c B11D      		adc r27,__zero_reg__
 336 002e 8093 0000 		sts timer_count,r24
 337 0032 9093 0000 		sts timer_count+1,r25
 338 0036 A093 0000 		sts timer_count+2,r26
 339 003a B093 0000 		sts timer_count+3,r27
 143:./tmk_core/common/avr/suspend.c ****             break;
 340               		.loc 1 143 13 is_stmt 1 view .LVU66
 144:./tmk_core/common/avr/suspend.c ****         default:
 145:./tmk_core/common/avr/suspend.c ****             ;
 341               		.loc 1 145 13 view .LVU67
 342               	.L15:
 343               	/* epilogue start */
 146:./tmk_core/common/avr/suspend.c ****     }
 147:./tmk_core/common/avr/suspend.c **** }
 344               		.loc 1 147 1 is_stmt 0 view .LVU68
 345 003e BF91      		pop r27
 346 0040 AF91      		pop r26
 347 0042 9F91      		pop r25
 348 0044 8F91 1F90 		__gcc_isr 2
 348      1FBE 1F90 
 349 004c 1895      		reti
 350               		__gcc_isr 0,r24
 351               		.cfi_endproc
 352               	.LFE115:
 354               		.section	.bss.wdt_timeout,"aw",@nobits
 357               	wdt_timeout:
 358 0000 00        		.zero	1
 359               		.text
 360               	.Letext0:
 361               		.file 3 "/usr/local/Cellar/avr-gcc/8.1.0/avr/include/stdint.h"
 362               		.file 4 "./tmk_core/common/keyboard.h"
 363               		.file 5 "./tmk_core/common/action.h"
 364               		.file 6 "./tmk_core/common/timer.h"
 365               		.file 7 "./tmk_core/protocol/lufa/LUFA-git/LUFA/Drivers/USB/Core/AVR8/../StdRequestType.h"
 366               		.file 8 "./tmk_core/protocol/lufa/LUFA-git/LUFA/Drivers/USB/Core/AVR8/../DeviceStandardReq.h"
 367               		.file 9 "./tmk_core/protocol/lufa/LUFA-git/LUFA/Drivers/USB/Core/USBTask.h"
 368               		.file 10 "./tmk_core/protocol/lufa/LUFA-git/LUFA/Drivers/USB/Core/HostStandardReq.h"
 369               		.file 11 "/usr/local/Cellar/avr-gcc/8.1.0/avr/include/stdio.h"
 370               		.file 12 "./tmk_core/common/report.h"
 371               		.file 13 "./tmk_core/common/host_driver.h"
 372               		.file 14 "./tmk_core/common/host.h"
 373               		.file 15 "./tmk_core/protocol/lufa/lufa.h"
 374               		.file 16 "./tmk_core/common/led.h"
 375               		.file 17 "./tmk_core/common/matrix.h"
 376               		.file 18 "./tmk_core/protocol/lufa/LUFA-git/LUFA/Drivers/USB/Core/AVR8/../Device.h"
DEFINED SYMBOLS
                            *ABS*:0000000000000000 suspend.c
/var/folders/_c/44sm70yj4mq2k0mvzts6tsbc0000gn/T//cc8PBlr4.s:2      *ABS*:000000000000003e __SP_H__
/var/folders/_c/44sm70yj4mq2k0mvzts6tsbc0000gn/T//cc8PBlr4.s:3      *ABS*:000000000000003d __SP_L__
/var/folders/_c/44sm70yj4mq2k0mvzts6tsbc0000gn/T//cc8PBlr4.s:4      *ABS*:000000000000003f __SREG__
/var/folders/_c/44sm70yj4mq2k0mvzts6tsbc0000gn/T//cc8PBlr4.s:5      *ABS*:0000000000000000 __tmp_reg__
/var/folders/_c/44sm70yj4mq2k0mvzts6tsbc0000gn/T//cc8PBlr4.s:6      *ABS*:0000000000000001 __zero_reg__
/var/folders/_c/44sm70yj4mq2k0mvzts6tsbc0000gn/T//cc8PBlr4.s:13     .text.suspend_idle:0000000000000000 suspend_idle
/var/folders/_c/44sm70yj4mq2k0mvzts6tsbc0000gn/T//cc8PBlr4.s:67     .text.suspend_power_down:0000000000000000 suspend_power_down
/var/folders/_c/44sm70yj4mq2k0mvzts6tsbc0000gn/T//cc8PBlr4.s:357    .bss.wdt_timeout:0000000000000000 wdt_timeout
/var/folders/_c/44sm70yj4mq2k0mvzts6tsbc0000gn/T//cc8PBlr4.s:181    .text.matrix_power_up:0000000000000000 matrix_power_up
/var/folders/_c/44sm70yj4mq2k0mvzts6tsbc0000gn/T//cc8PBlr4.s:181    .text.matrix_power_up:0000000000000000 matrix_power_up.localalias.0
/var/folders/_c/44sm70yj4mq2k0mvzts6tsbc0000gn/T//cc8PBlr4.s:200    .text.matrix_power_down:0000000000000000 matrix_power_down
/var/folders/_c/44sm70yj4mq2k0mvzts6tsbc0000gn/T//cc8PBlr4.s:215    .text.suspend_wakeup_condition:0000000000000000 suspend_wakeup_condition
/var/folders/_c/44sm70yj4mq2k0mvzts6tsbc0000gn/T//cc8PBlr4.s:280    .text.suspend_wakeup_init:0000000000000000 suspend_wakeup_init
/var/folders/_c/44sm70yj4mq2k0mvzts6tsbc0000gn/T//cc8PBlr4.s:302    .text.__vector_12:0000000000000000 __vector_12
                            *ABS*:0000000000000003 __gcc_isr.n_pushed.001

UNDEFINED SYMBOLS
USB_DeviceState
led_set
matrix_scan
matrix_get_row
clear_keyboard
host_keyboard_leds
timer_count
__do_clear_bss
